<testsuites id="" name="" tests="142" failures="116" skipped="21" errors="0" time="305.064483">
<testsuite name="admin/assignment-board-comprehensive.spec.ts" timestamp="2025-09-17T23:26:21.514Z" hostname="chromium-admin" tests="13" failures="13" skipped="0" time="405.439" errors="0">
<testcase name="Assignment Board - Comprehensive Testing › Drag and Drop Functionality › should successfully drag participant to room" classname="admin/assignment-board-comprehensive.spec.ts" time="30.379">
<failure message="assignment-board-comprehensive.spec.ts:23:9 should successfully drag participant to room" type="FAILURE">
<![CDATA[  [chromium-admin] › admin/assignment-board-comprehensive.spec.ts:23:9 › Assignment Board - Comprehensive Testing › Drag and Drop Functionality › should successfully drag participant to room 

    TimeoutError: page.fill: Timeout 10000ms exceeded.
    Call log:
      - waiting for locator('[data-testid="email-input"]')


      10 |     // Login as admin
      11 |     await page.goto('/login');
    > 12 |     await page.fill('[data-testid="email-input"]', 'admin@heiwa.house');
         |                ^
      13 |     await page.fill('[data-testid="password-input"]', 'admin123456');
      14 |     await page.click('[data-testid="login-button"]');
      15 |     await page.waitForURL('**/admin');
        at /Users/lukatenbosch/Downloads/heiwahouse/wavecampdashboard/tests/admin/assignment-board-comprehensive.spec.ts:12:16

    attachment #1: screenshot (image/png) ──────────────────────────────────────────────────────────
    results/admin-assignment-board-com-82cc8-ly-drag-participant-to-room-chromium-admin/test-failed-1.png
    ────────────────────────────────────────────────────────────────────────────────────────────────

    attachment #2: video (video/webm) ──────────────────────────────────────────────────────────────
    results/admin-assignment-board-com-82cc8-ly-drag-participant-to-room-chromium-admin/video.webm
    ────────────────────────────────────────────────────────────────────────────────────────────────

    Error Context: results/admin-assignment-board-com-82cc8-ly-drag-participant-to-room-chromium-admin/error-context.md

    Retry #1 ───────────────────────────────────────────────────────────────────────────────────────

    TimeoutError: page.fill: Timeout 10000ms exceeded.
    Call log:
      - waiting for locator('[data-testid="email-input"]')


      10 |     // Login as admin
      11 |     await page.goto('/login');
    > 12 |     await page.fill('[data-testid="email-input"]', 'admin@heiwa.house');
         |                ^
      13 |     await page.fill('[data-testid="password-input"]', 'admin123456');
      14 |     await page.click('[data-testid="login-button"]');
      15 |     await page.waitForURL('**/admin');
        at /Users/lukatenbosch/Downloads/heiwahouse/wavecampdashboard/tests/admin/assignment-board-comprehensive.spec.ts:12:16

    attachment #1: screenshot (image/png) ──────────────────────────────────────────────────────────
    results/admin-assignment-board-com-82cc8-ly-drag-participant-to-room-chromium-admin-retry1/test-failed-1.png
    ────────────────────────────────────────────────────────────────────────────────────────────────

    attachment #2: video (video/webm) ──────────────────────────────────────────────────────────────
    results/admin-assignment-board-com-82cc8-ly-drag-participant-to-room-chromium-admin-retry1/video.webm
    ────────────────────────────────────────────────────────────────────────────────────────────────

    Error Context: results/admin-assignment-board-com-82cc8-ly-drag-participant-to-room-chromium-admin-retry1/error-context.md

    attachment #4: trace (application/zip) ─────────────────────────────────────────────────────────
    results/admin-assignment-board-com-82cc8-ly-drag-participant-to-room-chromium-admin-retry1/trace.zip
    Usage:

        npx playwright show-trace results/admin-assignment-board-com-82cc8-ly-drag-participant-to-room-chromium-admin-retry1/trace.zip

    ────────────────────────────────────────────────────────────────────────────────────────────────
]]>
</failure>
<system-out>
<![CDATA[
[[ATTACHMENT|../tests/results/admin-assignment-board-com-82cc8-ly-drag-participant-to-room-chromium-admin/test-failed-1.png]]

[[ATTACHMENT|../tests/results/admin-assignment-board-com-82cc8-ly-drag-participant-to-room-chromium-admin/video.webm]]

[[ATTACHMENT|../tests/results/admin-assignment-board-com-82cc8-ly-drag-participant-to-room-chromium-admin/error-context.md]]

[[ATTACHMENT|../tests/results/admin-assignment-board-com-82cc8-ly-drag-participant-to-room-chromium-admin-retry1/test-failed-1.png]]

[[ATTACHMENT|../tests/results/admin-assignment-board-com-82cc8-ly-drag-participant-to-room-chromium-admin-retry1/video.webm]]

[[ATTACHMENT|../tests/results/admin-assignment-board-com-82cc8-ly-drag-participant-to-room-chromium-admin-retry1/error-context.md]]

[[ATTACHMENT|../tests/results/admin-assignment-board-com-82cc8-ly-drag-participant-to-room-chromium-admin-retry1/trace.zip]]
]]>
</system-out>
</testcase>
<testcase name="Assignment Board - Comprehensive Testing › Drag and Drop Functionality › should allow dragging participant back to unassigned" classname="admin/assignment-board-comprehensive.spec.ts" time="30.613">
<failure message="assignment-board-comprehensive.spec.ts:54:9 should allow dragging participant back to unassigned" type="FAILURE">
<![CDATA[  [chromium-admin] › admin/assignment-board-comprehensive.spec.ts:54:9 › Assignment Board - Comprehensive Testing › Drag and Drop Functionality › should allow dragging participant back to unassigned 

    TimeoutError: page.fill: Timeout 10000ms exceeded.
    Call log:
      - waiting for locator('[data-testid="email-input"]')


      10 |     // Login as admin
      11 |     await page.goto('/login');
    > 12 |     await page.fill('[data-testid="email-input"]', 'admin@heiwa.house');
         |                ^
      13 |     await page.fill('[data-testid="password-input"]', 'admin123456');
      14 |     await page.click('[data-testid="login-button"]');
      15 |     await page.waitForURL('**/admin');
        at /Users/lukatenbosch/Downloads/heiwahouse/wavecampdashboard/tests/admin/assignment-board-comprehensive.spec.ts:12:16

    attachment #1: screenshot (image/png) ──────────────────────────────────────────────────────────
    results/admin-assignment-board-com-83fdd-ticipant-back-to-unassigned-chromium-admin/test-failed-1.png
    ────────────────────────────────────────────────────────────────────────────────────────────────

    attachment #2: video (video/webm) ──────────────────────────────────────────────────────────────
    results/admin-assignment-board-com-83fdd-ticipant-back-to-unassigned-chromium-admin/video.webm
    ────────────────────────────────────────────────────────────────────────────────────────────────

    Error Context: results/admin-assignment-board-com-83fdd-ticipant-back-to-unassigned-chromium-admin/error-context.md

    Retry #1 ───────────────────────────────────────────────────────────────────────────────────────

    TimeoutError: page.fill: Timeout 10000ms exceeded.
    Call log:
      - waiting for locator('[data-testid="email-input"]')


      10 |     // Login as admin
      11 |     await page.goto('/login');
    > 12 |     await page.fill('[data-testid="email-input"]', 'admin@heiwa.house');
         |                ^
      13 |     await page.fill('[data-testid="password-input"]', 'admin123456');
      14 |     await page.click('[data-testid="login-button"]');
      15 |     await page.waitForURL('**/admin');
        at /Users/lukatenbosch/Downloads/heiwahouse/wavecampdashboard/tests/admin/assignment-board-comprehensive.spec.ts:12:16

    attachment #1: screenshot (image/png) ──────────────────────────────────────────────────────────
    results/admin-assignment-board-com-83fdd-ticipant-back-to-unassigned-chromium-admin-retry1/test-failed-1.png
    ────────────────────────────────────────────────────────────────────────────────────────────────

    attachment #2: video (video/webm) ──────────────────────────────────────────────────────────────
    results/admin-assignment-board-com-83fdd-ticipant-back-to-unassigned-chromium-admin-retry1/video.webm
    ────────────────────────────────────────────────────────────────────────────────────────────────

    Error Context: results/admin-assignment-board-com-83fdd-ticipant-back-to-unassigned-chromium-admin-retry1/error-context.md

    attachment #4: trace (application/zip) ─────────────────────────────────────────────────────────
    results/admin-assignment-board-com-83fdd-ticipant-back-to-unassigned-chromium-admin-retry1/trace.zip
    Usage:

        npx playwright show-trace results/admin-assignment-board-com-83fdd-ticipant-back-to-unassigned-chromium-admin-retry1/trace.zip

    ────────────────────────────────────────────────────────────────────────────────────────────────
]]>
</failure>
<system-out>
<![CDATA[
[[ATTACHMENT|../tests/results/admin-assignment-board-com-83fdd-ticipant-back-to-unassigned-chromium-admin/test-failed-1.png]]

[[ATTACHMENT|../tests/results/admin-assignment-board-com-83fdd-ticipant-back-to-unassigned-chromium-admin/video.webm]]

[[ATTACHMENT|../tests/results/admin-assignment-board-com-83fdd-ticipant-back-to-unassigned-chromium-admin/error-context.md]]

[[ATTACHMENT|../tests/results/admin-assignment-board-com-83fdd-ticipant-back-to-unassigned-chromium-admin-retry1/test-failed-1.png]]

[[ATTACHMENT|../tests/results/admin-assignment-board-com-83fdd-ticipant-back-to-unassigned-chromium-admin-retry1/video.webm]]

[[ATTACHMENT|../tests/results/admin-assignment-board-com-83fdd-ticipant-back-to-unassigned-chromium-admin-retry1/error-context.md]]

[[ATTACHMENT|../tests/results/admin-assignment-board-com-83fdd-ticipant-back-to-unassigned-chromium-admin-retry1/trace.zip]]
]]>
</system-out>
</testcase>
<testcase name="Assignment Board - Comprehensive Testing › Drag and Drop Functionality › should allow moving participant between rooms" classname="admin/assignment-board-comprehensive.spec.ts" time="30.436">
<failure message="assignment-board-comprehensive.spec.ts:80:9 should allow moving participant between rooms" type="FAILURE">
<![CDATA[  [chromium-admin] › admin/assignment-board-comprehensive.spec.ts:80:9 › Assignment Board - Comprehensive Testing › Drag and Drop Functionality › should allow moving participant between rooms 

    TimeoutError: page.fill: Timeout 10000ms exceeded.
    Call log:
      - waiting for locator('[data-testid="email-input"]')


      10 |     // Login as admin
      11 |     await page.goto('/login');
    > 12 |     await page.fill('[data-testid="email-input"]', 'admin@heiwa.house');
         |                ^
      13 |     await page.fill('[data-testid="password-input"]', 'admin123456');
      14 |     await page.click('[data-testid="login-button"]');
      15 |     await page.waitForURL('**/admin');
        at /Users/lukatenbosch/Downloads/heiwahouse/wavecampdashboard/tests/admin/assignment-board-comprehensive.spec.ts:12:16

    attachment #1: screenshot (image/png) ──────────────────────────────────────────────────────────
    results/admin-assignment-board-com-b1e0a-g-participant-between-rooms-chromium-admin/test-failed-1.png
    ────────────────────────────────────────────────────────────────────────────────────────────────

    attachment #2: video (video/webm) ──────────────────────────────────────────────────────────────
    results/admin-assignment-board-com-b1e0a-g-participant-between-rooms-chromium-admin/video.webm
    ────────────────────────────────────────────────────────────────────────────────────────────────

    Error Context: results/admin-assignment-board-com-b1e0a-g-participant-between-rooms-chromium-admin/error-context.md

    Retry #1 ───────────────────────────────────────────────────────────────────────────────────────

    TimeoutError: page.fill: Timeout 10000ms exceeded.
    Call log:
      - waiting for locator('[data-testid="email-input"]')


      10 |     // Login as admin
      11 |     await page.goto('/login');
    > 12 |     await page.fill('[data-testid="email-input"]', 'admin@heiwa.house');
         |                ^
      13 |     await page.fill('[data-testid="password-input"]', 'admin123456');
      14 |     await page.click('[data-testid="login-button"]');
      15 |     await page.waitForURL('**/admin');
        at /Users/lukatenbosch/Downloads/heiwahouse/wavecampdashboard/tests/admin/assignment-board-comprehensive.spec.ts:12:16

    attachment #1: screenshot (image/png) ──────────────────────────────────────────────────────────
    results/admin-assignment-board-com-b1e0a-g-participant-between-rooms-chromium-admin-retry1/test-failed-1.png
    ────────────────────────────────────────────────────────────────────────────────────────────────

    attachment #2: video (video/webm) ──────────────────────────────────────────────────────────────
    results/admin-assignment-board-com-b1e0a-g-participant-between-rooms-chromium-admin-retry1/video.webm
    ────────────────────────────────────────────────────────────────────────────────────────────────

    Error Context: results/admin-assignment-board-com-b1e0a-g-participant-between-rooms-chromium-admin-retry1/error-context.md

    attachment #4: trace (application/zip) ─────────────────────────────────────────────────────────
    results/admin-assignment-board-com-b1e0a-g-participant-between-rooms-chromium-admin-retry1/trace.zip
    Usage:

        npx playwright show-trace results/admin-assignment-board-com-b1e0a-g-participant-between-rooms-chromium-admin-retry1/trace.zip

    ────────────────────────────────────────────────────────────────────────────────────────────────
]]>
</failure>
<system-out>
<![CDATA[
[[ATTACHMENT|../tests/results/admin-assignment-board-com-b1e0a-g-participant-between-rooms-chromium-admin/test-failed-1.png]]

[[ATTACHMENT|../tests/results/admin-assignment-board-com-b1e0a-g-participant-between-rooms-chromium-admin/video.webm]]

[[ATTACHMENT|../tests/results/admin-assignment-board-com-b1e0a-g-participant-between-rooms-chromium-admin/error-context.md]]

[[ATTACHMENT|../tests/results/admin-assignment-board-com-b1e0a-g-participant-between-rooms-chromium-admin-retry1/test-failed-1.png]]

[[ATTACHMENT|../tests/results/admin-assignment-board-com-b1e0a-g-participant-between-rooms-chromium-admin-retry1/video.webm]]

[[ATTACHMENT|../tests/results/admin-assignment-board-com-b1e0a-g-participant-between-rooms-chromium-admin-retry1/error-context.md]]

[[ATTACHMENT|../tests/results/admin-assignment-board-com-b1e0a-g-participant-between-rooms-chromium-admin-retry1/trace.zip]]
]]>
</system-out>
</testcase>
<testcase name="Assignment Board - Comprehensive Testing › Drag and Drop Functionality › should prevent exceeding room capacity" classname="admin/assignment-board-comprehensive.spec.ts" time="30.662">
<failure message="assignment-board-comprehensive.spec.ts:107:9 should prevent exceeding room capacity" type="FAILURE">
<![CDATA[  [chromium-admin] › admin/assignment-board-comprehensive.spec.ts:107:9 › Assignment Board - Comprehensive Testing › Drag and Drop Functionality › should prevent exceeding room capacity 

    TimeoutError: page.fill: Timeout 10000ms exceeded.
    Call log:
      - waiting for locator('[data-testid="email-input"]')


      10 |     // Login as admin
      11 |     await page.goto('/login');
    > 12 |     await page.fill('[data-testid="email-input"]', 'admin@heiwa.house');
         |                ^
      13 |     await page.fill('[data-testid="password-input"]', 'admin123456');
      14 |     await page.click('[data-testid="login-button"]');
      15 |     await page.waitForURL('**/admin');
        at /Users/lukatenbosch/Downloads/heiwahouse/wavecampdashboard/tests/admin/assignment-board-comprehensive.spec.ts:12:16

    attachment #1: screenshot (image/png) ──────────────────────────────────────────────────────────
    results/admin-assignment-board-com-734b1-ent-exceeding-room-capacity-chromium-admin/test-failed-1.png
    ────────────────────────────────────────────────────────────────────────────────────────────────

    attachment #2: video (video/webm) ──────────────────────────────────────────────────────────────
    results/admin-assignment-board-com-734b1-ent-exceeding-room-capacity-chromium-admin/video.webm
    ────────────────────────────────────────────────────────────────────────────────────────────────

    Error Context: results/admin-assignment-board-com-734b1-ent-exceeding-room-capacity-chromium-admin/error-context.md

    Retry #1 ───────────────────────────────────────────────────────────────────────────────────────

    TimeoutError: page.fill: Timeout 10000ms exceeded.
    Call log:
      - waiting for locator('[data-testid="email-input"]')


      10 |     // Login as admin
      11 |     await page.goto('/login');
    > 12 |     await page.fill('[data-testid="email-input"]', 'admin@heiwa.house');
         |                ^
      13 |     await page.fill('[data-testid="password-input"]', 'admin123456');
      14 |     await page.click('[data-testid="login-button"]');
      15 |     await page.waitForURL('**/admin');
        at /Users/lukatenbosch/Downloads/heiwahouse/wavecampdashboard/tests/admin/assignment-board-comprehensive.spec.ts:12:16

    attachment #1: screenshot (image/png) ──────────────────────────────────────────────────────────
    results/admin-assignment-board-com-734b1-ent-exceeding-room-capacity-chromium-admin-retry1/test-failed-1.png
    ────────────────────────────────────────────────────────────────────────────────────────────────

    attachment #2: video (video/webm) ──────────────────────────────────────────────────────────────
    results/admin-assignment-board-com-734b1-ent-exceeding-room-capacity-chromium-admin-retry1/video.webm
    ────────────────────────────────────────────────────────────────────────────────────────────────

    Error Context: results/admin-assignment-board-com-734b1-ent-exceeding-room-capacity-chromium-admin-retry1/error-context.md

    attachment #4: trace (application/zip) ─────────────────────────────────────────────────────────
    results/admin-assignment-board-com-734b1-ent-exceeding-room-capacity-chromium-admin-retry1/trace.zip
    Usage:

        npx playwright show-trace results/admin-assignment-board-com-734b1-ent-exceeding-room-capacity-chromium-admin-retry1/trace.zip

    ────────────────────────────────────────────────────────────────────────────────────────────────
]]>
</failure>
<system-out>
<![CDATA[
[[ATTACHMENT|../tests/results/admin-assignment-board-com-734b1-ent-exceeding-room-capacity-chromium-admin/test-failed-1.png]]

[[ATTACHMENT|../tests/results/admin-assignment-board-com-734b1-ent-exceeding-room-capacity-chromium-admin/video.webm]]

[[ATTACHMENT|../tests/results/admin-assignment-board-com-734b1-ent-exceeding-room-capacity-chromium-admin/error-context.md]]

[[ATTACHMENT|../tests/results/admin-assignment-board-com-734b1-ent-exceeding-room-capacity-chromium-admin-retry1/test-failed-1.png]]

[[ATTACHMENT|../tests/results/admin-assignment-board-com-734b1-ent-exceeding-room-capacity-chromium-admin-retry1/video.webm]]

[[ATTACHMENT|../tests/results/admin-assignment-board-com-734b1-ent-exceeding-room-capacity-chromium-admin-retry1/error-context.md]]

[[ATTACHMENT|../tests/results/admin-assignment-board-com-734b1-ent-exceeding-room-capacity-chromium-admin-retry1/trace.zip]]
]]>
</system-out>
</testcase>
<testcase name="Assignment Board - Comprehensive Testing › Visual Feedback and UX › should show visual feedback during drag operations" classname="admin/assignment-board-comprehensive.spec.ts" time="30.606">
<failure message="assignment-board-comprehensive.spec.ts:139:9 should show visual feedback during drag operations" type="FAILURE">
<![CDATA[  [chromium-admin] › admin/assignment-board-comprehensive.spec.ts:139:9 › Assignment Board - Comprehensive Testing › Visual Feedback and UX › should show visual feedback during drag operations 

    TimeoutError: page.fill: Timeout 10000ms exceeded.
    Call log:
      - waiting for locator('[data-testid="email-input"]')


      10 |     // Login as admin
      11 |     await page.goto('/login');
    > 12 |     await page.fill('[data-testid="email-input"]', 'admin@heiwa.house');
         |                ^
      13 |     await page.fill('[data-testid="password-input"]', 'admin123456');
      14 |     await page.click('[data-testid="login-button"]');
      15 |     await page.waitForURL('**/admin');
        at /Users/lukatenbosch/Downloads/heiwahouse/wavecampdashboard/tests/admin/assignment-board-comprehensive.spec.ts:12:16

    attachment #1: screenshot (image/png) ──────────────────────────────────────────────────────────
    results/admin-assignment-board-com-e612a-back-during-drag-operations-chromium-admin/test-failed-1.png
    ────────────────────────────────────────────────────────────────────────────────────────────────

    attachment #2: video (video/webm) ──────────────────────────────────────────────────────────────
    results/admin-assignment-board-com-e612a-back-during-drag-operations-chromium-admin/video.webm
    ────────────────────────────────────────────────────────────────────────────────────────────────

    Error Context: results/admin-assignment-board-com-e612a-back-during-drag-operations-chromium-admin/error-context.md

    Retry #1 ───────────────────────────────────────────────────────────────────────────────────────

    TimeoutError: page.fill: Timeout 10000ms exceeded.
    Call log:
      - waiting for locator('[data-testid="email-input"]')


      10 |     // Login as admin
      11 |     await page.goto('/login');
    > 12 |     await page.fill('[data-testid="email-input"]', 'admin@heiwa.house');
         |                ^
      13 |     await page.fill('[data-testid="password-input"]', 'admin123456');
      14 |     await page.click('[data-testid="login-button"]');
      15 |     await page.waitForURL('**/admin');
        at /Users/lukatenbosch/Downloads/heiwahouse/wavecampdashboard/tests/admin/assignment-board-comprehensive.spec.ts:12:16

    attachment #1: screenshot (image/png) ──────────────────────────────────────────────────────────
    results/admin-assignment-board-com-e612a-back-during-drag-operations-chromium-admin-retry1/test-failed-1.png
    ────────────────────────────────────────────────────────────────────────────────────────────────

    attachment #2: video (video/webm) ──────────────────────────────────────────────────────────────
    results/admin-assignment-board-com-e612a-back-during-drag-operations-chromium-admin-retry1/video.webm
    ────────────────────────────────────────────────────────────────────────────────────────────────

    Error Context: results/admin-assignment-board-com-e612a-back-during-drag-operations-chromium-admin-retry1/error-context.md

    attachment #4: trace (application/zip) ─────────────────────────────────────────────────────────
    results/admin-assignment-board-com-e612a-back-during-drag-operations-chromium-admin-retry1/trace.zip
    Usage:

        npx playwright show-trace results/admin-assignment-board-com-e612a-back-during-drag-operations-chromium-admin-retry1/trace.zip

    ────────────────────────────────────────────────────────────────────────────────────────────────
]]>
</failure>
<system-out>
<![CDATA[
[[ATTACHMENT|../tests/results/admin-assignment-board-com-e612a-back-during-drag-operations-chromium-admin/test-failed-1.png]]

[[ATTACHMENT|../tests/results/admin-assignment-board-com-e612a-back-during-drag-operations-chromium-admin/video.webm]]

[[ATTACHMENT|../tests/results/admin-assignment-board-com-e612a-back-during-drag-operations-chromium-admin/error-context.md]]

[[ATTACHMENT|../tests/results/admin-assignment-board-com-e612a-back-during-drag-operations-chromium-admin-retry1/test-failed-1.png]]

[[ATTACHMENT|../tests/results/admin-assignment-board-com-e612a-back-during-drag-operations-chromium-admin-retry1/video.webm]]

[[ATTACHMENT|../tests/results/admin-assignment-board-com-e612a-back-during-drag-operations-chromium-admin-retry1/error-context.md]]

[[ATTACHMENT|../tests/results/admin-assignment-board-com-e612a-back-during-drag-operations-chromium-admin-retry1/trace.zip]]
]]>
</system-out>
</testcase>
<testcase name="Assignment Board - Comprehensive Testing › Visual Feedback and UX › should update occupancy statistics in real-time" classname="admin/assignment-board-comprehensive.spec.ts" time="30.447">
<failure message="assignment-board-comprehensive.spec.ts:164:9 should update occupancy statistics in real-time" type="FAILURE">
<![CDATA[  [chromium-admin] › admin/assignment-board-comprehensive.spec.ts:164:9 › Assignment Board - Comprehensive Testing › Visual Feedback and UX › should update occupancy statistics in real-time 

    TimeoutError: page.fill: Timeout 10000ms exceeded.
    Call log:
      - waiting for locator('[data-testid="email-input"]')


      10 |     // Login as admin
      11 |     await page.goto('/login');
    > 12 |     await page.fill('[data-testid="email-input"]', 'admin@heiwa.house');
         |                ^
      13 |     await page.fill('[data-testid="password-input"]', 'admin123456');
      14 |     await page.click('[data-testid="login-button"]');
      15 |     await page.waitForURL('**/admin');
        at /Users/lukatenbosch/Downloads/heiwahouse/wavecampdashboard/tests/admin/assignment-board-comprehensive.spec.ts:12:16

    attachment #1: screenshot (image/png) ──────────────────────────────────────────────────────────
    results/admin-assignment-board-com-dfe40-ncy-statistics-in-real-time-chromium-admin/test-failed-1.png
    ────────────────────────────────────────────────────────────────────────────────────────────────

    attachment #2: video (video/webm) ──────────────────────────────────────────────────────────────
    results/admin-assignment-board-com-dfe40-ncy-statistics-in-real-time-chromium-admin/video.webm
    ────────────────────────────────────────────────────────────────────────────────────────────────

    Error Context: results/admin-assignment-board-com-dfe40-ncy-statistics-in-real-time-chromium-admin/error-context.md

    Retry #1 ───────────────────────────────────────────────────────────────────────────────────────

    TimeoutError: page.fill: Timeout 10000ms exceeded.
    Call log:
      - waiting for locator('[data-testid="email-input"]')


      10 |     // Login as admin
      11 |     await page.goto('/login');
    > 12 |     await page.fill('[data-testid="email-input"]', 'admin@heiwa.house');
         |                ^
      13 |     await page.fill('[data-testid="password-input"]', 'admin123456');
      14 |     await page.click('[data-testid="login-button"]');
      15 |     await page.waitForURL('**/admin');
        at /Users/lukatenbosch/Downloads/heiwahouse/wavecampdashboard/tests/admin/assignment-board-comprehensive.spec.ts:12:16

    attachment #1: screenshot (image/png) ──────────────────────────────────────────────────────────
    results/admin-assignment-board-com-dfe40-ncy-statistics-in-real-time-chromium-admin-retry1/test-failed-1.png
    ────────────────────────────────────────────────────────────────────────────────────────────────

    attachment #2: video (video/webm) ──────────────────────────────────────────────────────────────
    results/admin-assignment-board-com-dfe40-ncy-statistics-in-real-time-chromium-admin-retry1/video.webm
    ────────────────────────────────────────────────────────────────────────────────────────────────

    Error Context: results/admin-assignment-board-com-dfe40-ncy-statistics-in-real-time-chromium-admin-retry1/error-context.md

    attachment #4: trace (application/zip) ─────────────────────────────────────────────────────────
    results/admin-assignment-board-com-dfe40-ncy-statistics-in-real-time-chromium-admin-retry1/trace.zip
    Usage:

        npx playwright show-trace results/admin-assignment-board-com-dfe40-ncy-statistics-in-real-time-chromium-admin-retry1/trace.zip

    ────────────────────────────────────────────────────────────────────────────────────────────────
]]>
</failure>
<system-out>
<![CDATA[
[[ATTACHMENT|../tests/results/admin-assignment-board-com-dfe40-ncy-statistics-in-real-time-chromium-admin/test-failed-1.png]]

[[ATTACHMENT|../tests/results/admin-assignment-board-com-dfe40-ncy-statistics-in-real-time-chromium-admin/video.webm]]

[[ATTACHMENT|../tests/results/admin-assignment-board-com-dfe40-ncy-statistics-in-real-time-chromium-admin/error-context.md]]

[[ATTACHMENT|../tests/results/admin-assignment-board-com-dfe40-ncy-statistics-in-real-time-chromium-admin-retry1/test-failed-1.png]]

[[ATTACHMENT|../tests/results/admin-assignment-board-com-dfe40-ncy-statistics-in-real-time-chromium-admin-retry1/video.webm]]

[[ATTACHMENT|../tests/results/admin-assignment-board-com-dfe40-ncy-statistics-in-real-time-chromium-admin-retry1/error-context.md]]

[[ATTACHMENT|../tests/results/admin-assignment-board-com-dfe40-ncy-statistics-in-real-time-chromium-admin-retry1/trace.zip]]
]]>
</system-out>
</testcase>
<testcase name="Assignment Board - Comprehensive Testing › Visual Feedback and UX › should show correct room assignment statistics" classname="admin/assignment-board-comprehensive.spec.ts" time="30.727">
<failure message="assignment-board-comprehensive.spec.ts:183:9 should show correct room assignment statistics" type="FAILURE">
<![CDATA[  [chromium-admin] › admin/assignment-board-comprehensive.spec.ts:183:9 › Assignment Board - Comprehensive Testing › Visual Feedback and UX › should show correct room assignment statistics 

    TimeoutError: page.fill: Timeout 10000ms exceeded.
    Call log:
      - waiting for locator('[data-testid="email-input"]')


      10 |     // Login as admin
      11 |     await page.goto('/login');
    > 12 |     await page.fill('[data-testid="email-input"]', 'admin@heiwa.house');
         |                ^
      13 |     await page.fill('[data-testid="password-input"]', 'admin123456');
      14 |     await page.click('[data-testid="login-button"]');
      15 |     await page.waitForURL('**/admin');
        at /Users/lukatenbosch/Downloads/heiwahouse/wavecampdashboard/tests/admin/assignment-board-comprehensive.spec.ts:12:16

    attachment #1: screenshot (image/png) ──────────────────────────────────────────────────────────
    results/admin-assignment-board-com-8a7e6--room-assignment-statistics-chromium-admin/test-failed-1.png
    ────────────────────────────────────────────────────────────────────────────────────────────────

    attachment #2: video (video/webm) ──────────────────────────────────────────────────────────────
    results/admin-assignment-board-com-8a7e6--room-assignment-statistics-chromium-admin/video.webm
    ────────────────────────────────────────────────────────────────────────────────────────────────

    Error Context: results/admin-assignment-board-com-8a7e6--room-assignment-statistics-chromium-admin/error-context.md

    Retry #1 ───────────────────────────────────────────────────────────────────────────────────────

    TimeoutError: page.fill: Timeout 10000ms exceeded.
    Call log:
      - waiting for locator('[data-testid="email-input"]')


      10 |     // Login as admin
      11 |     await page.goto('/login');
    > 12 |     await page.fill('[data-testid="email-input"]', 'admin@heiwa.house');
         |                ^
      13 |     await page.fill('[data-testid="password-input"]', 'admin123456');
      14 |     await page.click('[data-testid="login-button"]');
      15 |     await page.waitForURL('**/admin');
        at /Users/lukatenbosch/Downloads/heiwahouse/wavecampdashboard/tests/admin/assignment-board-comprehensive.spec.ts:12:16

    attachment #1: screenshot (image/png) ──────────────────────────────────────────────────────────
    results/admin-assignment-board-com-8a7e6--room-assignment-statistics-chromium-admin-retry1/test-failed-1.png
    ────────────────────────────────────────────────────────────────────────────────────────────────

    attachment #2: video (video/webm) ──────────────────────────────────────────────────────────────
    results/admin-assignment-board-com-8a7e6--room-assignment-statistics-chromium-admin-retry1/video.webm
    ────────────────────────────────────────────────────────────────────────────────────────────────

    Error Context: results/admin-assignment-board-com-8a7e6--room-assignment-statistics-chromium-admin-retry1/error-context.md

    attachment #4: trace (application/zip) ─────────────────────────────────────────────────────────
    results/admin-assignment-board-com-8a7e6--room-assignment-statistics-chromium-admin-retry1/trace.zip
    Usage:

        npx playwright show-trace results/admin-assignment-board-com-8a7e6--room-assignment-statistics-chromium-admin-retry1/trace.zip

    ────────────────────────────────────────────────────────────────────────────────────────────────
]]>
</failure>
<system-out>
<![CDATA[
[[ATTACHMENT|../tests/results/admin-assignment-board-com-8a7e6--room-assignment-statistics-chromium-admin/test-failed-1.png]]

[[ATTACHMENT|../tests/results/admin-assignment-board-com-8a7e6--room-assignment-statistics-chromium-admin/video.webm]]

[[ATTACHMENT|../tests/results/admin-assignment-board-com-8a7e6--room-assignment-statistics-chromium-admin/error-context.md]]

[[ATTACHMENT|../tests/results/admin-assignment-board-com-8a7e6--room-assignment-statistics-chromium-admin-retry1/test-failed-1.png]]

[[ATTACHMENT|../tests/results/admin-assignment-board-com-8a7e6--room-assignment-statistics-chromium-admin-retry1/video.webm]]

[[ATTACHMENT|../tests/results/admin-assignment-board-com-8a7e6--room-assignment-statistics-chromium-admin-retry1/error-context.md]]

[[ATTACHMENT|../tests/results/admin-assignment-board-com-8a7e6--room-assignment-statistics-chromium-admin-retry1/trace.zip]]
]]>
</system-out>
</testcase>
<testcase name="Assignment Board - Comprehensive Testing › Save and Persistence › should save assignments and persist after refresh" classname="admin/assignment-board-comprehensive.spec.ts" time="29.722">
<failure message="assignment-board-comprehensive.spec.ts:208:9 should save assignments and persist after refresh" type="FAILURE">
<![CDATA[  [chromium-admin] › admin/assignment-board-comprehensive.spec.ts:208:9 › Assignment Board - Comprehensive Testing › Save and Persistence › should save assignments and persist after refresh 

    TimeoutError: page.fill: Timeout 10000ms exceeded.
    Call log:
      - waiting for locator('[data-testid="email-input"]')


      10 |     // Login as admin
      11 |     await page.goto('/login');
    > 12 |     await page.fill('[data-testid="email-input"]', 'admin@heiwa.house');
         |                ^
      13 |     await page.fill('[data-testid="password-input"]', 'admin123456');
      14 |     await page.click('[data-testid="login-button"]');
      15 |     await page.waitForURL('**/admin');
        at /Users/lukatenbosch/Downloads/heiwahouse/wavecampdashboard/tests/admin/assignment-board-comprehensive.spec.ts:12:16

    attachment #1: screenshot (image/png) ──────────────────────────────────────────────────────────
    results/admin-assignment-board-com-1a2c2-s-and-persist-after-refresh-chromium-admin/test-failed-1.png
    ────────────────────────────────────────────────────────────────────────────────────────────────

    attachment #2: video (video/webm) ──────────────────────────────────────────────────────────────
    results/admin-assignment-board-com-1a2c2-s-and-persist-after-refresh-chromium-admin/video.webm
    ────────────────────────────────────────────────────────────────────────────────────────────────

    Error Context: results/admin-assignment-board-com-1a2c2-s-and-persist-after-refresh-chromium-admin/error-context.md

    Retry #1 ───────────────────────────────────────────────────────────────────────────────────────

    TimeoutError: page.fill: Timeout 10000ms exceeded.
    Call log:
      - waiting for locator('[data-testid="email-input"]')


      10 |     // Login as admin
      11 |     await page.goto('/login');
    > 12 |     await page.fill('[data-testid="email-input"]', 'admin@heiwa.house');
         |                ^
      13 |     await page.fill('[data-testid="password-input"]', 'admin123456');
      14 |     await page.click('[data-testid="login-button"]');
      15 |     await page.waitForURL('**/admin');
        at /Users/lukatenbosch/Downloads/heiwahouse/wavecampdashboard/tests/admin/assignment-board-comprehensive.spec.ts:12:16

    attachment #1: screenshot (image/png) ──────────────────────────────────────────────────────────
    results/admin-assignment-board-com-1a2c2-s-and-persist-after-refresh-chromium-admin-retry1/test-failed-1.png
    ────────────────────────────────────────────────────────────────────────────────────────────────

    attachment #2: video (video/webm) ──────────────────────────────────────────────────────────────
    results/admin-assignment-board-com-1a2c2-s-and-persist-after-refresh-chromium-admin-retry1/video.webm
    ────────────────────────────────────────────────────────────────────────────────────────────────

    Error Context: results/admin-assignment-board-com-1a2c2-s-and-persist-after-refresh-chromium-admin-retry1/error-context.md

    attachment #4: trace (application/zip) ─────────────────────────────────────────────────────────
    results/admin-assignment-board-com-1a2c2-s-and-persist-after-refresh-chromium-admin-retry1/trace.zip
    Usage:

        npx playwright show-trace results/admin-assignment-board-com-1a2c2-s-and-persist-after-refresh-chromium-admin-retry1/trace.zip

    ────────────────────────────────────────────────────────────────────────────────────────────────
]]>
</failure>
<system-out>
<![CDATA[
[[ATTACHMENT|../tests/results/admin-assignment-board-com-1a2c2-s-and-persist-after-refresh-chromium-admin/test-failed-1.png]]

[[ATTACHMENT|../tests/results/admin-assignment-board-com-1a2c2-s-and-persist-after-refresh-chromium-admin/video.webm]]

[[ATTACHMENT|../tests/results/admin-assignment-board-com-1a2c2-s-and-persist-after-refresh-chromium-admin/error-context.md]]

[[ATTACHMENT|../tests/results/admin-assignment-board-com-1a2c2-s-and-persist-after-refresh-chromium-admin-retry1/test-failed-1.png]]

[[ATTACHMENT|../tests/results/admin-assignment-board-com-1a2c2-s-and-persist-after-refresh-chromium-admin-retry1/video.webm]]

[[ATTACHMENT|../tests/results/admin-assignment-board-com-1a2c2-s-and-persist-after-refresh-chromium-admin-retry1/error-context.md]]

[[ATTACHMENT|../tests/results/admin-assignment-board-com-1a2c2-s-and-persist-after-refresh-chromium-admin-retry1/trace.zip]]
]]>
</system-out>
</testcase>
<testcase name="Assignment Board - Comprehensive Testing › Save and Persistence › should handle save errors gracefully" classname="admin/assignment-board-comprehensive.spec.ts" time="32.367">
<failure message="assignment-board-comprehensive.spec.ts:237:9 should handle save errors gracefully" type="FAILURE">
<![CDATA[  [chromium-admin] › admin/assignment-board-comprehensive.spec.ts:237:9 › Assignment Board - Comprehensive Testing › Save and Persistence › should handle save errors gracefully 

    TimeoutError: page.fill: Timeout 10000ms exceeded.
    Call log:
      - waiting for locator('[data-testid="email-input"]')


      10 |     // Login as admin
      11 |     await page.goto('/login');
    > 12 |     await page.fill('[data-testid="email-input"]', 'admin@heiwa.house');
         |                ^
      13 |     await page.fill('[data-testid="password-input"]', 'admin123456');
      14 |     await page.click('[data-testid="login-button"]');
      15 |     await page.waitForURL('**/admin');
        at /Users/lukatenbosch/Downloads/heiwahouse/wavecampdashboard/tests/admin/assignment-board-comprehensive.spec.ts:12:16

    attachment #1: screenshot (image/png) ──────────────────────────────────────────────────────────
    results/admin-assignment-board-com-1ae57-ndle-save-errors-gracefully-chromium-admin/test-failed-1.png
    ────────────────────────────────────────────────────────────────────────────────────────────────

    attachment #2: video (video/webm) ──────────────────────────────────────────────────────────────
    results/admin-assignment-board-com-1ae57-ndle-save-errors-gracefully-chromium-admin/video.webm
    ────────────────────────────────────────────────────────────────────────────────────────────────

    Error Context: results/admin-assignment-board-com-1ae57-ndle-save-errors-gracefully-chromium-admin/error-context.md

    Retry #1 ───────────────────────────────────────────────────────────────────────────────────────

    TimeoutError: page.fill: Timeout 10000ms exceeded.
    Call log:
      - waiting for locator('[data-testid="email-input"]')


      10 |     // Login as admin
      11 |     await page.goto('/login');
    > 12 |     await page.fill('[data-testid="email-input"]', 'admin@heiwa.house');
         |                ^
      13 |     await page.fill('[data-testid="password-input"]', 'admin123456');
      14 |     await page.click('[data-testid="login-button"]');
      15 |     await page.waitForURL('**/admin');
        at /Users/lukatenbosch/Downloads/heiwahouse/wavecampdashboard/tests/admin/assignment-board-comprehensive.spec.ts:12:16

    attachment #1: screenshot (image/png) ──────────────────────────────────────────────────────────
    results/admin-assignment-board-com-1ae57-ndle-save-errors-gracefully-chromium-admin-retry1/test-failed-1.png
    ────────────────────────────────────────────────────────────────────────────────────────────────

    attachment #2: video (video/webm) ──────────────────────────────────────────────────────────────
    results/admin-assignment-board-com-1ae57-ndle-save-errors-gracefully-chromium-admin-retry1/video.webm
    ────────────────────────────────────────────────────────────────────────────────────────────────

    Error Context: results/admin-assignment-board-com-1ae57-ndle-save-errors-gracefully-chromium-admin-retry1/error-context.md

    attachment #4: trace (application/zip) ─────────────────────────────────────────────────────────
    results/admin-assignment-board-com-1ae57-ndle-save-errors-gracefully-chromium-admin-retry1/trace.zip
    Usage:

        npx playwright show-trace results/admin-assignment-board-com-1ae57-ndle-save-errors-gracefully-chromium-admin-retry1/trace.zip

    ────────────────────────────────────────────────────────────────────────────────────────────────
]]>
</failure>
<system-out>
<![CDATA[
[[ATTACHMENT|../tests/results/admin-assignment-board-com-1ae57-ndle-save-errors-gracefully-chromium-admin/test-failed-1.png]]

[[ATTACHMENT|../tests/results/admin-assignment-board-com-1ae57-ndle-save-errors-gracefully-chromium-admin/video.webm]]

[[ATTACHMENT|../tests/results/admin-assignment-board-com-1ae57-ndle-save-errors-gracefully-chromium-admin/error-context.md]]

[[ATTACHMENT|../tests/results/admin-assignment-board-com-1ae57-ndle-save-errors-gracefully-chromium-admin-retry1/test-failed-1.png]]

[[ATTACHMENT|../tests/results/admin-assignment-board-com-1ae57-ndle-save-errors-gracefully-chromium-admin-retry1/video.webm]]

[[ATTACHMENT|../tests/results/admin-assignment-board-com-1ae57-ndle-save-errors-gracefully-chromium-admin-retry1/error-context.md]]

[[ATTACHMENT|../tests/results/admin-assignment-board-com-1ae57-ndle-save-errors-gracefully-chromium-admin-retry1/trace.zip]]
]]>
</system-out>
</testcase>
<testcase name="Assignment Board - Comprehensive Testing › Week Selection and Data Loading › should load different week data when selection changes" classname="admin/assignment-board-comprehensive.spec.ts" time="32.318">
<failure message="assignment-board-comprehensive.spec.ts:258:9 should load different week data when selection changes" type="FAILURE">
<![CDATA[  [chromium-admin] › admin/assignment-board-comprehensive.spec.ts:258:9 › Assignment Board - Comprehensive Testing › Week Selection and Data Loading › should load different week data when selection changes 

    TimeoutError: page.fill: Timeout 10000ms exceeded.
    Call log:
      - waiting for locator('[data-testid="email-input"]')


      10 |     // Login as admin
      11 |     await page.goto('/login');
    > 12 |     await page.fill('[data-testid="email-input"]', 'admin@heiwa.house');
         |                ^
      13 |     await page.fill('[data-testid="password-input"]', 'admin123456');
      14 |     await page.click('[data-testid="login-button"]');
      15 |     await page.waitForURL('**/admin');
        at /Users/lukatenbosch/Downloads/heiwahouse/wavecampdashboard/tests/admin/assignment-board-comprehensive.spec.ts:12:16

    attachment #1: screenshot (image/png) ──────────────────────────────────────────────────────────
    results/admin-assignment-board-com-a8d99-data-when-selection-changes-chromium-admin/test-failed-1.png
    ────────────────────────────────────────────────────────────────────────────────────────────────

    attachment #2: video (video/webm) ──────────────────────────────────────────────────────────────
    results/admin-assignment-board-com-a8d99-data-when-selection-changes-chromium-admin/video.webm
    ────────────────────────────────────────────────────────────────────────────────────────────────

    Error Context: results/admin-assignment-board-com-a8d99-data-when-selection-changes-chromium-admin/error-context.md

    Retry #1 ───────────────────────────────────────────────────────────────────────────────────────

    TimeoutError: page.fill: Timeout 10000ms exceeded.
    Call log:
      - waiting for locator('[data-testid="email-input"]')


      10 |     // Login as admin
      11 |     await page.goto('/login');
    > 12 |     await page.fill('[data-testid="email-input"]', 'admin@heiwa.house');
         |                ^
      13 |     await page.fill('[data-testid="password-input"]', 'admin123456');
      14 |     await page.click('[data-testid="login-button"]');
      15 |     await page.waitForURL('**/admin');
        at /Users/lukatenbosch/Downloads/heiwahouse/wavecampdashboard/tests/admin/assignment-board-comprehensive.spec.ts:12:16

    attachment #1: screenshot (image/png) ──────────────────────────────────────────────────────────
    results/admin-assignment-board-com-a8d99-data-when-selection-changes-chromium-admin-retry1/test-failed-1.png
    ────────────────────────────────────────────────────────────────────────────────────────────────

    attachment #2: video (video/webm) ──────────────────────────────────────────────────────────────
    results/admin-assignment-board-com-a8d99-data-when-selection-changes-chromium-admin-retry1/video.webm
    ────────────────────────────────────────────────────────────────────────────────────────────────

    Error Context: results/admin-assignment-board-com-a8d99-data-when-selection-changes-chromium-admin-retry1/error-context.md

    attachment #4: trace (application/zip) ─────────────────────────────────────────────────────────
    results/admin-assignment-board-com-a8d99-data-when-selection-changes-chromium-admin-retry1/trace.zip
    Usage:

        npx playwright show-trace results/admin-assignment-board-com-a8d99-data-when-selection-changes-chromium-admin-retry1/trace.zip

    ────────────────────────────────────────────────────────────────────────────────────────────────
]]>
</failure>
<system-out>
<![CDATA[
[[ATTACHMENT|../tests/results/admin-assignment-board-com-a8d99-data-when-selection-changes-chromium-admin/test-failed-1.png]]

[[ATTACHMENT|../tests/results/admin-assignment-board-com-a8d99-data-when-selection-changes-chromium-admin/video.webm]]

[[ATTACHMENT|../tests/results/admin-assignment-board-com-a8d99-data-when-selection-changes-chromium-admin/error-context.md]]

[[ATTACHMENT|../tests/results/admin-assignment-board-com-a8d99-data-when-selection-changes-chromium-admin-retry1/test-failed-1.png]]

[[ATTACHMENT|../tests/results/admin-assignment-board-com-a8d99-data-when-selection-changes-chromium-admin-retry1/video.webm]]

[[ATTACHMENT|../tests/results/admin-assignment-board-com-a8d99-data-when-selection-changes-chromium-admin-retry1/error-context.md]]

[[ATTACHMENT|../tests/results/admin-assignment-board-com-a8d99-data-when-selection-changes-chromium-admin-retry1/trace.zip]]
]]>
</system-out>
</testcase>
<testcase name="Assignment Board - Comprehensive Testing › Week Selection and Data Loading › should handle weeks with no participants" classname="admin/assignment-board-comprehensive.spec.ts" time="32.385">
<failure message="assignment-board-comprehensive.spec.ts:279:9 should handle weeks with no participants" type="FAILURE">
<![CDATA[  [chromium-admin] › admin/assignment-board-comprehensive.spec.ts:279:9 › Assignment Board - Comprehensive Testing › Week Selection and Data Loading › should handle weeks with no participants 

    TimeoutError: page.fill: Timeout 10000ms exceeded.
    Call log:
      - waiting for locator('[data-testid="email-input"]')


      10 |     // Login as admin
      11 |     await page.goto('/login');
    > 12 |     await page.fill('[data-testid="email-input"]', 'admin@heiwa.house');
         |                ^
      13 |     await page.fill('[data-testid="password-input"]', 'admin123456');
      14 |     await page.click('[data-testid="login-button"]');
      15 |     await page.waitForURL('**/admin');
        at /Users/lukatenbosch/Downloads/heiwahouse/wavecampdashboard/tests/admin/assignment-board-comprehensive.spec.ts:12:16

    attachment #1: screenshot (image/png) ──────────────────────────────────────────────────────────
    results/admin-assignment-board-com-e8737--weeks-with-no-participants-chromium-admin/test-failed-1.png
    ────────────────────────────────────────────────────────────────────────────────────────────────

    attachment #2: video (video/webm) ──────────────────────────────────────────────────────────────
    results/admin-assignment-board-com-e8737--weeks-with-no-participants-chromium-admin/video.webm
    ────────────────────────────────────────────────────────────────────────────────────────────────

    Error Context: results/admin-assignment-board-com-e8737--weeks-with-no-participants-chromium-admin/error-context.md

    Retry #1 ───────────────────────────────────────────────────────────────────────────────────────

    TimeoutError: page.fill: Timeout 10000ms exceeded.
    Call log:
      - waiting for locator('[data-testid="email-input"]')


      10 |     // Login as admin
      11 |     await page.goto('/login');
    > 12 |     await page.fill('[data-testid="email-input"]', 'admin@heiwa.house');
         |                ^
      13 |     await page.fill('[data-testid="password-input"]', 'admin123456');
      14 |     await page.click('[data-testid="login-button"]');
      15 |     await page.waitForURL('**/admin');
        at /Users/lukatenbosch/Downloads/heiwahouse/wavecampdashboard/tests/admin/assignment-board-comprehensive.spec.ts:12:16

    attachment #1: screenshot (image/png) ──────────────────────────────────────────────────────────
    results/admin-assignment-board-com-e8737--weeks-with-no-participants-chromium-admin-retry1/test-failed-1.png
    ────────────────────────────────────────────────────────────────────────────────────────────────

    attachment #2: video (video/webm) ──────────────────────────────────────────────────────────────
    results/admin-assignment-board-com-e8737--weeks-with-no-participants-chromium-admin-retry1/video.webm
    ────────────────────────────────────────────────────────────────────────────────────────────────

    Error Context: results/admin-assignment-board-com-e8737--weeks-with-no-participants-chromium-admin-retry1/error-context.md

    attachment #4: trace (application/zip) ─────────────────────────────────────────────────────────
    results/admin-assignment-board-com-e8737--weeks-with-no-participants-chromium-admin-retry1/trace.zip
    Usage:

        npx playwright show-trace results/admin-assignment-board-com-e8737--weeks-with-no-participants-chromium-admin-retry1/trace.zip

    ────────────────────────────────────────────────────────────────────────────────────────────────
]]>
</failure>
<system-out>
<![CDATA[
[[ATTACHMENT|../tests/results/admin-assignment-board-com-e8737--weeks-with-no-participants-chromium-admin/test-failed-1.png]]

[[ATTACHMENT|../tests/results/admin-assignment-board-com-e8737--weeks-with-no-participants-chromium-admin/video.webm]]

[[ATTACHMENT|../tests/results/admin-assignment-board-com-e8737--weeks-with-no-participants-chromium-admin/error-context.md]]

[[ATTACHMENT|../tests/results/admin-assignment-board-com-e8737--weeks-with-no-participants-chromium-admin-retry1/test-failed-1.png]]

[[ATTACHMENT|../tests/results/admin-assignment-board-com-e8737--weeks-with-no-participants-chromium-admin-retry1/video.webm]]

[[ATTACHMENT|../tests/results/admin-assignment-board-com-e8737--weeks-with-no-participants-chromium-admin-retry1/error-context.md]]

[[ATTACHMENT|../tests/results/admin-assignment-board-com-e8737--weeks-with-no-participants-chromium-admin-retry1/trace.zip]]
]]>
</system-out>
</testcase>
<testcase name="Assignment Board - Comprehensive Testing › Accessibility and Keyboard Navigation › should support keyboard navigation" classname="admin/assignment-board-comprehensive.spec.ts" time="32.3">
<failure message="assignment-board-comprehensive.spec.ts:296:9 should support keyboard navigation" type="FAILURE">
<![CDATA[  [chromium-admin] › admin/assignment-board-comprehensive.spec.ts:296:9 › Assignment Board - Comprehensive Testing › Accessibility and Keyboard Navigation › should support keyboard navigation 

    TimeoutError: page.fill: Timeout 10000ms exceeded.
    Call log:
      - waiting for locator('[data-testid="email-input"]')


      10 |     // Login as admin
      11 |     await page.goto('/login');
    > 12 |     await page.fill('[data-testid="email-input"]', 'admin@heiwa.house');
         |                ^
      13 |     await page.fill('[data-testid="password-input"]', 'admin123456');
      14 |     await page.click('[data-testid="login-button"]');
      15 |     await page.waitForURL('**/admin');
        at /Users/lukatenbosch/Downloads/heiwahouse/wavecampdashboard/tests/admin/assignment-board-comprehensive.spec.ts:12:16

    attachment #1: screenshot (image/png) ──────────────────────────────────────────────────────────
    results/admin-assignment-board-com-2545e-support-keyboard-navigation-chromium-admin/test-failed-1.png
    ────────────────────────────────────────────────────────────────────────────────────────────────

    attachment #2: video (video/webm) ──────────────────────────────────────────────────────────────
    results/admin-assignment-board-com-2545e-support-keyboard-navigation-chromium-admin/video.webm
    ────────────────────────────────────────────────────────────────────────────────────────────────

    Error Context: results/admin-assignment-board-com-2545e-support-keyboard-navigation-chromium-admin/error-context.md

    Retry #1 ───────────────────────────────────────────────────────────────────────────────────────

    TimeoutError: page.fill: Timeout 10000ms exceeded.
    Call log:
      - waiting for locator('[data-testid="email-input"]')


      10 |     // Login as admin
      11 |     await page.goto('/login');
    > 12 |     await page.fill('[data-testid="email-input"]', 'admin@heiwa.house');
         |                ^
      13 |     await page.fill('[data-testid="password-input"]', 'admin123456');
      14 |     await page.click('[data-testid="login-button"]');
      15 |     await page.waitForURL('**/admin');
        at /Users/lukatenbosch/Downloads/heiwahouse/wavecampdashboard/tests/admin/assignment-board-comprehensive.spec.ts:12:16

    attachment #1: screenshot (image/png) ──────────────────────────────────────────────────────────
    results/admin-assignment-board-com-2545e-support-keyboard-navigation-chromium-admin-retry1/test-failed-1.png
    ────────────────────────────────────────────────────────────────────────────────────────────────

    attachment #2: video (video/webm) ──────────────────────────────────────────────────────────────
    results/admin-assignment-board-com-2545e-support-keyboard-navigation-chromium-admin-retry1/video.webm
    ────────────────────────────────────────────────────────────────────────────────────────────────

    Error Context: results/admin-assignment-board-com-2545e-support-keyboard-navigation-chromium-admin-retry1/error-context.md

    attachment #4: trace (application/zip) ─────────────────────────────────────────────────────────
    results/admin-assignment-board-com-2545e-support-keyboard-navigation-chromium-admin-retry1/trace.zip
    Usage:

        npx playwright show-trace results/admin-assignment-board-com-2545e-support-keyboard-navigation-chromium-admin-retry1/trace.zip

    ────────────────────────────────────────────────────────────────────────────────────────────────
]]>
</failure>
<system-out>
<![CDATA[
[[ATTACHMENT|../tests/results/admin-assignment-board-com-2545e-support-keyboard-navigation-chromium-admin/test-failed-1.png]]

[[ATTACHMENT|../tests/results/admin-assignment-board-com-2545e-support-keyboard-navigation-chromium-admin/video.webm]]

[[ATTACHMENT|../tests/results/admin-assignment-board-com-2545e-support-keyboard-navigation-chromium-admin/error-context.md]]

[[ATTACHMENT|../tests/results/admin-assignment-board-com-2545e-support-keyboard-navigation-chromium-admin-retry1/test-failed-1.png]]

[[ATTACHMENT|../tests/results/admin-assignment-board-com-2545e-support-keyboard-navigation-chromium-admin-retry1/video.webm]]

[[ATTACHMENT|../tests/results/admin-assignment-board-com-2545e-support-keyboard-navigation-chromium-admin-retry1/error-context.md]]

[[ATTACHMENT|../tests/results/admin-assignment-board-com-2545e-support-keyboard-navigation-chromium-admin-retry1/trace.zip]]
]]>
</system-out>
</testcase>
<testcase name="Assignment Board - Comprehensive Testing › Accessibility and Keyboard Navigation › should have proper ARIA labels" classname="admin/assignment-board-comprehensive.spec.ts" time="32.477">
<failure message="assignment-board-comprehensive.spec.ts:314:9 should have proper ARIA labels" type="FAILURE">
<![CDATA[  [chromium-admin] › admin/assignment-board-comprehensive.spec.ts:314:9 › Assignment Board - Comprehensive Testing › Accessibility and Keyboard Navigation › should have proper ARIA labels 

    TimeoutError: page.fill: Timeout 10000ms exceeded.
    Call log:
      - waiting for locator('[data-testid="email-input"]')


      10 |     // Login as admin
      11 |     await page.goto('/login');
    > 12 |     await page.fill('[data-testid="email-input"]', 'admin@heiwa.house');
         |                ^
      13 |     await page.fill('[data-testid="password-input"]', 'admin123456');
      14 |     await page.click('[data-testid="login-button"]');
      15 |     await page.waitForURL('**/admin');
        at /Users/lukatenbosch/Downloads/heiwahouse/wavecampdashboard/tests/admin/assignment-board-comprehensive.spec.ts:12:16

    attachment #1: screenshot (image/png) ──────────────────────────────────────────────────────────
    results/admin-assignment-board-com-53187-uld-have-proper-ARIA-labels-chromium-admin/test-failed-1.png
    ────────────────────────────────────────────────────────────────────────────────────────────────

    attachment #2: video (video/webm) ──────────────────────────────────────────────────────────────
    results/admin-assignment-board-com-53187-uld-have-proper-ARIA-labels-chromium-admin/video.webm
    ────────────────────────────────────────────────────────────────────────────────────────────────

    Error Context: results/admin-assignment-board-com-53187-uld-have-proper-ARIA-labels-chromium-admin/error-context.md

    Retry #1 ───────────────────────────────────────────────────────────────────────────────────────

    TimeoutError: page.fill: Timeout 10000ms exceeded.
    Call log:
      - waiting for locator('[data-testid="email-input"]')


      10 |     // Login as admin
      11 |     await page.goto('/login');
    > 12 |     await page.fill('[data-testid="email-input"]', 'admin@heiwa.house');
         |                ^
      13 |     await page.fill('[data-testid="password-input"]', 'admin123456');
      14 |     await page.click('[data-testid="login-button"]');
      15 |     await page.waitForURL('**/admin');
        at /Users/lukatenbosch/Downloads/heiwahouse/wavecampdashboard/tests/admin/assignment-board-comprehensive.spec.ts:12:16

    attachment #1: screenshot (image/png) ──────────────────────────────────────────────────────────
    results/admin-assignment-board-com-53187-uld-have-proper-ARIA-labels-chromium-admin-retry1/test-failed-1.png
    ────────────────────────────────────────────────────────────────────────────────────────────────

    attachment #2: video (video/webm) ──────────────────────────────────────────────────────────────
    results/admin-assignment-board-com-53187-uld-have-proper-ARIA-labels-chromium-admin-retry1/video.webm
    ────────────────────────────────────────────────────────────────────────────────────────────────

    Error Context: results/admin-assignment-board-com-53187-uld-have-proper-ARIA-labels-chromium-admin-retry1/error-context.md

    attachment #4: trace (application/zip) ─────────────────────────────────────────────────────────
    results/admin-assignment-board-com-53187-uld-have-proper-ARIA-labels-chromium-admin-retry1/trace.zip
    Usage:

        npx playwright show-trace results/admin-assignment-board-com-53187-uld-have-proper-ARIA-labels-chromium-admin-retry1/trace.zip

    ────────────────────────────────────────────────────────────────────────────────────────────────
]]>
</failure>
<system-out>
<![CDATA[
[[ATTACHMENT|../tests/results/admin-assignment-board-com-53187-uld-have-proper-ARIA-labels-chromium-admin/test-failed-1.png]]

[[ATTACHMENT|../tests/results/admin-assignment-board-com-53187-uld-have-proper-ARIA-labels-chromium-admin/video.webm]]

[[ATTACHMENT|../tests/results/admin-assignment-board-com-53187-uld-have-proper-ARIA-labels-chromium-admin/error-context.md]]

[[ATTACHMENT|../tests/results/admin-assignment-board-com-53187-uld-have-proper-ARIA-labels-chromium-admin-retry1/test-failed-1.png]]

[[ATTACHMENT|../tests/results/admin-assignment-board-com-53187-uld-have-proper-ARIA-labels-chromium-admin-retry1/video.webm]]

[[ATTACHMENT|../tests/results/admin-assignment-board-com-53187-uld-have-proper-ARIA-labels-chromium-admin-retry1/error-context.md]]

[[ATTACHMENT|../tests/results/admin-assignment-board-com-53187-uld-have-proper-ARIA-labels-chromium-admin-retry1/trace.zip]]
]]>
</system-out>
</testcase>
</testsuite>
<testsuite name="admin/assignment-board.spec.ts" timestamp="2025-09-17T23:26:21.514Z" hostname="chromium-admin" tests="10" failures="10" skipped="0" time="220.518" errors="0">
<testcase name="Admin Assignment Board (ASSIGN-001) › should load assignment board with participants and rooms" classname="admin/assignment-board.spec.ts" time="23.411">
<failure message="assignment-board.spec.ts:25:7 should load assignment board with participants and rooms" type="FAILURE">
<![CDATA[  [chromium-admin] › admin/assignment-board.spec.ts:25:7 › Admin Assignment Board (ASSIGN-001) › should load assignment board with participants and rooms 

    Error: expect(locator).toHaveText(expected) failed

    Locator: locator('[data-testid="assignments-title"]')
    Expected string: "Room Assignments"
    Received: <element(s) not found>
    Timeout: 5000ms

    Call log:
      - Expect "toHaveText" with timeout 5000ms
      - waiting for locator('[data-testid="assignments-title"]')


      33 |
      34 |     // Verify page loads with title
    > 35 |     await expect(page.locator('[data-testid="assignments-title"]')).toHaveText('Room Assignments')
         |                                                                     ^
      36 |
      37 |     // Verify week selector is present
      38 |     await expect(page.locator('select, [role="combobox"]')).toBeVisible()
        at /Users/lukatenbosch/Downloads/heiwahouse/wavecampdashboard/tests/admin/assignment-board.spec.ts:35:69

    attachment #1: screenshot (image/png) ──────────────────────────────────────────────────────────
    results/admin-assignment-board-Adm-c28b5-with-participants-and-rooms-chromium-admin/test-failed-1.png
    ────────────────────────────────────────────────────────────────────────────────────────────────

    attachment #2: video (video/webm) ──────────────────────────────────────────────────────────────
    results/admin-assignment-board-Adm-c28b5-with-participants-and-rooms-chromium-admin/video.webm
    ────────────────────────────────────────────────────────────────────────────────────────────────

    Error Context: results/admin-assignment-board-Adm-c28b5-with-participants-and-rooms-chromium-admin/error-context.md

    Retry #1 ───────────────────────────────────────────────────────────────────────────────────────

    Error: expect(locator).toHaveText(expected) failed

    Locator: locator('[data-testid="assignments-title"]')
    Expected string: "Room Assignments"
    Received: <element(s) not found>
    Timeout: 5000ms

    Call log:
      - Expect "toHaveText" with timeout 5000ms
      - waiting for locator('[data-testid="assignments-title"]')


      33 |
      34 |     // Verify page loads with title
    > 35 |     await expect(page.locator('[data-testid="assignments-title"]')).toHaveText('Room Assignments')
         |                                                                     ^
      36 |
      37 |     // Verify week selector is present
      38 |     await expect(page.locator('select, [role="combobox"]')).toBeVisible()
        at /Users/lukatenbosch/Downloads/heiwahouse/wavecampdashboard/tests/admin/assignment-board.spec.ts:35:69

    attachment #1: screenshot (image/png) ──────────────────────────────────────────────────────────
    results/admin-assignment-board-Adm-c28b5-with-participants-and-rooms-chromium-admin-retry1/test-failed-1.png
    ────────────────────────────────────────────────────────────────────────────────────────────────

    attachment #2: video (video/webm) ──────────────────────────────────────────────────────────────
    results/admin-assignment-board-Adm-c28b5-with-participants-and-rooms-chromium-admin-retry1/video.webm
    ────────────────────────────────────────────────────────────────────────────────────────────────

    Error Context: results/admin-assignment-board-Adm-c28b5-with-participants-and-rooms-chromium-admin-retry1/error-context.md

    attachment #4: trace (application/zip) ─────────────────────────────────────────────────────────
    results/admin-assignment-board-Adm-c28b5-with-participants-and-rooms-chromium-admin-retry1/trace.zip
    Usage:

        npx playwright show-trace results/admin-assignment-board-Adm-c28b5-with-participants-and-rooms-chromium-admin-retry1/trace.zip

    ────────────────────────────────────────────────────────────────────────────────────────────────
]]>
</failure>
<system-out>
<![CDATA[
[[ATTACHMENT|../tests/results/admin-assignment-board-Adm-c28b5-with-participants-and-rooms-chromium-admin/test-failed-1.png]]

[[ATTACHMENT|../tests/results/admin-assignment-board-Adm-c28b5-with-participants-and-rooms-chromium-admin/video.webm]]

[[ATTACHMENT|../tests/results/admin-assignment-board-Adm-c28b5-with-participants-and-rooms-chromium-admin/error-context.md]]

[[ATTACHMENT|../tests/results/admin-assignment-board-Adm-c28b5-with-participants-and-rooms-chromium-admin-retry1/test-failed-1.png]]

[[ATTACHMENT|../tests/results/admin-assignment-board-Adm-c28b5-with-participants-and-rooms-chromium-admin-retry1/video.webm]]

[[ATTACHMENT|../tests/results/admin-assignment-board-Adm-c28b5-with-participants-and-rooms-chromium-admin-retry1/error-context.md]]

[[ATTACHMENT|../tests/results/admin-assignment-board-Adm-c28b5-with-participants-and-rooms-chromium-admin-retry1/trace.zip]]
]]>
</system-out>
</testcase>
<testcase name="Admin Assignment Board (ASSIGN-001) › should allow week selection and update data accordingly" classname="admin/assignment-board.spec.ts" time="29.15">
<failure message="assignment-board.spec.ts:53:7 should allow week selection and update data accordingly" type="FAILURE">
<![CDATA[  [chromium-admin] › admin/assignment-board.spec.ts:53:7 › Admin Assignment Board (ASSIGN-001) › should allow week selection and update data accordingly 

    TimeoutError: locator.click: Timeout 10000ms exceeded.
    Call log:
      - waiting for locator('button').filter({ hasText: 'March 15-22, 2024' }).first()


      61 |     // Select different week
      62 |     const weekSelector = page.locator('button').filter({ hasText: 'March 15-22, 2024' }).first()
    > 63 |     await weekSelector.click()
         |                        ^
      64 |
      65 |     // Wait for data to update
      66 |     await page.waitForTimeout(1000)
        at /Users/lukatenbosch/Downloads/heiwahouse/wavecampdashboard/tests/admin/assignment-board.spec.ts:63:24

    attachment #1: screenshot (image/png) ──────────────────────────────────────────────────────────
    results/admin-assignment-board-Adm-c477e-and-update-data-accordingly-chromium-admin/test-failed-1.png
    ────────────────────────────────────────────────────────────────────────────────────────────────

    attachment #2: video (video/webm) ──────────────────────────────────────────────────────────────
    results/admin-assignment-board-Adm-c477e-and-update-data-accordingly-chromium-admin/video.webm
    ────────────────────────────────────────────────────────────────────────────────────────────────

    Error Context: results/admin-assignment-board-Adm-c477e-and-update-data-accordingly-chromium-admin/error-context.md

    Retry #1 ───────────────────────────────────────────────────────────────────────────────────────

    TimeoutError: locator.click: Timeout 10000ms exceeded.
    Call log:
      - waiting for locator('button').filter({ hasText: 'March 15-22, 2024' }).first()


      61 |     // Select different week
      62 |     const weekSelector = page.locator('button').filter({ hasText: 'March 15-22, 2024' }).first()
    > 63 |     await weekSelector.click()
         |                        ^
      64 |
      65 |     // Wait for data to update
      66 |     await page.waitForTimeout(1000)
        at /Users/lukatenbosch/Downloads/heiwahouse/wavecampdashboard/tests/admin/assignment-board.spec.ts:63:24

    attachment #1: screenshot (image/png) ──────────────────────────────────────────────────────────
    results/admin-assignment-board-Adm-c477e-and-update-data-accordingly-chromium-admin-retry1/test-failed-1.png
    ────────────────────────────────────────────────────────────────────────────────────────────────

    attachment #2: video (video/webm) ──────────────────────────────────────────────────────────────
    results/admin-assignment-board-Adm-c477e-and-update-data-accordingly-chromium-admin-retry1/video.webm
    ────────────────────────────────────────────────────────────────────────────────────────────────

    Error Context: results/admin-assignment-board-Adm-c477e-and-update-data-accordingly-chromium-admin-retry1/error-context.md

    attachment #4: trace (application/zip) ─────────────────────────────────────────────────────────
    results/admin-assignment-board-Adm-c477e-and-update-data-accordingly-chromium-admin-retry1/trace.zip
    Usage:

        npx playwright show-trace results/admin-assignment-board-Adm-c477e-and-update-data-accordingly-chromium-admin-retry1/trace.zip

    ────────────────────────────────────────────────────────────────────────────────────────────────
]]>
</failure>
<system-out>
<![CDATA[
[[ATTACHMENT|../tests/results/admin-assignment-board-Adm-c477e-and-update-data-accordingly-chromium-admin/test-failed-1.png]]

[[ATTACHMENT|../tests/results/admin-assignment-board-Adm-c477e-and-update-data-accordingly-chromium-admin/video.webm]]

[[ATTACHMENT|../tests/results/admin-assignment-board-Adm-c477e-and-update-data-accordingly-chromium-admin/error-context.md]]

[[ATTACHMENT|../tests/results/admin-assignment-board-Adm-c477e-and-update-data-accordingly-chromium-admin-retry1/test-failed-1.png]]

[[ATTACHMENT|../tests/results/admin-assignment-board-Adm-c477e-and-update-data-accordingly-chromium-admin-retry1/video.webm]]

[[ATTACHMENT|../tests/results/admin-assignment-board-Adm-c477e-and-update-data-accordingly-chromium-admin-retry1/error-context.md]]

[[ATTACHMENT|../tests/results/admin-assignment-board-Adm-c477e-and-update-data-accordingly-chromium-admin-retry1/trace.zip]]
]]>
</system-out>
</testcase>
<testcase name="Admin Assignment Board (ASSIGN-001) › should display participant information correctly" classname="admin/assignment-board.spec.ts" time="19.492">
<failure message="assignment-board.spec.ts:73:7 should display participant information correctly" type="FAILURE">
<![CDATA[  [chromium-admin] › admin/assignment-board.spec.ts:73:7 › Admin Assignment Board (ASSIGN-001) › should display participant information correctly 

    Error: expect(locator).toBeVisible() failed

    Locator:  locator('[data-testid^="participant-card-"]').first()
    Expected: visible
    Received: <element(s) not found>
    Timeout:  5000ms

    Call log:
      - Expect "toBeVisible" with timeout 5000ms
      - waiting for locator('[data-testid^="participant-card-"]').first()


      80 |
      81 |     // Verify participants are loaded using data-testid (check that at least one exists)
    > 82 |     await expect(page.locator('[data-testid^="participant-card-"]').first()).toBeVisible()
         |                                                                              ^
      83 |
      84 |     // Verify participant details are displayed
      85 |     await expect(page.locator('[data-testid^="participant-card-"] .badge, [data-testid^="participant-card-"] [class*="badge"]')).toBeVisible()
        at /Users/lukatenbosch/Downloads/heiwahouse/wavecampdashboard/tests/admin/assignment-board.spec.ts:82:78

    attachment #1: screenshot (image/png) ──────────────────────────────────────────────────────────
    results/admin-assignment-board-Adm-4982b-ipant-information-correctly-chromium-admin/test-failed-1.png
    ────────────────────────────────────────────────────────────────────────────────────────────────

    attachment #2: video (video/webm) ──────────────────────────────────────────────────────────────
    results/admin-assignment-board-Adm-4982b-ipant-information-correctly-chromium-admin/video.webm
    ────────────────────────────────────────────────────────────────────────────────────────────────

    Error Context: results/admin-assignment-board-Adm-4982b-ipant-information-correctly-chromium-admin/error-context.md

    Retry #1 ───────────────────────────────────────────────────────────────────────────────────────

    Error: expect(locator).toBeVisible() failed

    Locator:  locator('[data-testid^="participant-card-"]').first()
    Expected: visible
    Received: <element(s) not found>
    Timeout:  5000ms

    Call log:
      - Expect "toBeVisible" with timeout 5000ms
      - waiting for locator('[data-testid^="participant-card-"]').first()


      80 |
      81 |     // Verify participants are loaded using data-testid (check that at least one exists)
    > 82 |     await expect(page.locator('[data-testid^="participant-card-"]').first()).toBeVisible()
         |                                                                              ^
      83 |
      84 |     // Verify participant details are displayed
      85 |     await expect(page.locator('[data-testid^="participant-card-"] .badge, [data-testid^="participant-card-"] [class*="badge"]')).toBeVisible()
        at /Users/lukatenbosch/Downloads/heiwahouse/wavecampdashboard/tests/admin/assignment-board.spec.ts:82:78

    attachment #1: screenshot (image/png) ──────────────────────────────────────────────────────────
    results/admin-assignment-board-Adm-4982b-ipant-information-correctly-chromium-admin-retry1/test-failed-1.png
    ────────────────────────────────────────────────────────────────────────────────────────────────

    attachment #2: video (video/webm) ──────────────────────────────────────────────────────────────
    results/admin-assignment-board-Adm-4982b-ipant-information-correctly-chromium-admin-retry1/video.webm
    ────────────────────────────────────────────────────────────────────────────────────────────────

    Error Context: results/admin-assignment-board-Adm-4982b-ipant-information-correctly-chromium-admin-retry1/error-context.md

    attachment #4: trace (application/zip) ─────────────────────────────────────────────────────────
    results/admin-assignment-board-Adm-4982b-ipant-information-correctly-chromium-admin-retry1/trace.zip
    Usage:

        npx playwright show-trace results/admin-assignment-board-Adm-4982b-ipant-information-correctly-chromium-admin-retry1/trace.zip

    ────────────────────────────────────────────────────────────────────────────────────────────────
]]>
</failure>
<system-out>
<![CDATA[
[[ATTACHMENT|../tests/results/admin-assignment-board-Adm-4982b-ipant-information-correctly-chromium-admin/test-failed-1.png]]

[[ATTACHMENT|../tests/results/admin-assignment-board-Adm-4982b-ipant-information-correctly-chromium-admin/video.webm]]

[[ATTACHMENT|../tests/results/admin-assignment-board-Adm-4982b-ipant-information-correctly-chromium-admin/error-context.md]]

[[ATTACHMENT|../tests/results/admin-assignment-board-Adm-4982b-ipant-information-correctly-chromium-admin-retry1/test-failed-1.png]]

[[ATTACHMENT|../tests/results/admin-assignment-board-Adm-4982b-ipant-information-correctly-chromium-admin-retry1/video.webm]]

[[ATTACHMENT|../tests/results/admin-assignment-board-Adm-4982b-ipant-information-correctly-chromium-admin-retry1/error-context.md]]

[[ATTACHMENT|../tests/results/admin-assignment-board-Adm-4982b-ipant-information-correctly-chromium-admin-retry1/trace.zip]]
]]>
</system-out>
</testcase>
<testcase name="Admin Assignment Board (ASSIGN-001) › should display room information and capacity" classname="admin/assignment-board.spec.ts" time="20.069">
<failure message="assignment-board.spec.ts:88:7 should display room information and capacity" type="FAILURE">
<![CDATA[  [chromium-admin] › admin/assignment-board.spec.ts:88:7 › Admin Assignment Board (ASSIGN-001) › should display room information and capacity 

    Error: expect(locator).toBeVisible() failed

    Locator:  locator('[data-testid^="room-zone-"]').first()
    Expected: visible
    Received: <element(s) not found>
    Timeout:  5000ms

    Call log:
      - Expect "toBeVisible" with timeout 5000ms
      - waiting for locator('[data-testid^="room-zone-"]').first()


       95 |
       96 |     // Verify room zones are present using data-testid (check that at least one exists)
    >  97 |     await expect(page.locator('[data-testid^="room-zone-"]').first()).toBeVisible()
          |                                                                       ^
       98 |
       99 |     // Verify room badges and capacity indicators are displayed
      100 |     await expect(page.locator('[data-testid^="room-zone-"] .badge, [data-testid^="room-zone-"] [class*="badge"]')).toBeVisible()
        at /Users/lukatenbosch/Downloads/heiwahouse/wavecampdashboard/tests/admin/assignment-board.spec.ts:97:71

    attachment #1: screenshot (image/png) ──────────────────────────────────────────────────────────
    results/admin-assignment-board-Adm-f88bc-om-information-and-capacity-chromium-admin/test-failed-1.png
    ────────────────────────────────────────────────────────────────────────────────────────────────

    attachment #2: video (video/webm) ──────────────────────────────────────────────────────────────
    results/admin-assignment-board-Adm-f88bc-om-information-and-capacity-chromium-admin/video.webm
    ────────────────────────────────────────────────────────────────────────────────────────────────

    Error Context: results/admin-assignment-board-Adm-f88bc-om-information-and-capacity-chromium-admin/error-context.md

    Retry #1 ───────────────────────────────────────────────────────────────────────────────────────

    Error: expect(locator).toBeVisible() failed

    Locator:  locator('[data-testid^="room-zone-"]').first()
    Expected: visible
    Received: <element(s) not found>
    Timeout:  5000ms

    Call log:
      - Expect "toBeVisible" with timeout 5000ms
      - waiting for locator('[data-testid^="room-zone-"]').first()


       95 |
       96 |     // Verify room zones are present using data-testid (check that at least one exists)
    >  97 |     await expect(page.locator('[data-testid^="room-zone-"]').first()).toBeVisible()
          |                                                                       ^
       98 |
       99 |     // Verify room badges and capacity indicators are displayed
      100 |     await expect(page.locator('[data-testid^="room-zone-"] .badge, [data-testid^="room-zone-"] [class*="badge"]')).toBeVisible()
        at /Users/lukatenbosch/Downloads/heiwahouse/wavecampdashboard/tests/admin/assignment-board.spec.ts:97:71

    attachment #1: screenshot (image/png) ──────────────────────────────────────────────────────────
    results/admin-assignment-board-Adm-f88bc-om-information-and-capacity-chromium-admin-retry1/test-failed-1.png
    ────────────────────────────────────────────────────────────────────────────────────────────────

    attachment #2: video (video/webm) ──────────────────────────────────────────────────────────────
    results/admin-assignment-board-Adm-f88bc-om-information-and-capacity-chromium-admin-retry1/video.webm
    ────────────────────────────────────────────────────────────────────────────────────────────────

    Error Context: results/admin-assignment-board-Adm-f88bc-om-information-and-capacity-chromium-admin-retry1/error-context.md

    attachment #4: trace (application/zip) ─────────────────────────────────────────────────────────
    results/admin-assignment-board-Adm-f88bc-om-information-and-capacity-chromium-admin-retry1/trace.zip
    Usage:

        npx playwright show-trace results/admin-assignment-board-Adm-f88bc-om-information-and-capacity-chromium-admin-retry1/trace.zip

    ────────────────────────────────────────────────────────────────────────────────────────────────
]]>
</failure>
<system-out>
<![CDATA[
[[ATTACHMENT|../tests/results/admin-assignment-board-Adm-f88bc-om-information-and-capacity-chromium-admin/test-failed-1.png]]

[[ATTACHMENT|../tests/results/admin-assignment-board-Adm-f88bc-om-information-and-capacity-chromium-admin/video.webm]]

[[ATTACHMENT|../tests/results/admin-assignment-board-Adm-f88bc-om-information-and-capacity-chromium-admin/error-context.md]]

[[ATTACHMENT|../tests/results/admin-assignment-board-Adm-f88bc-om-information-and-capacity-chromium-admin-retry1/test-failed-1.png]]

[[ATTACHMENT|../tests/results/admin-assignment-board-Adm-f88bc-om-information-and-capacity-chromium-admin-retry1/video.webm]]

[[ATTACHMENT|../tests/results/admin-assignment-board-Adm-f88bc-om-information-and-capacity-chromium-admin-retry1/error-context.md]]

[[ATTACHMENT|../tests/results/admin-assignment-board-Adm-f88bc-om-information-and-capacity-chromium-admin-retry1/trace.zip]]
]]>
</system-out>
</testcase>
<testcase name="Admin Assignment Board (ASSIGN-001) › should show occupancy statistics" classname="admin/assignment-board.spec.ts" time="19.065">
<failure message="assignment-board.spec.ts:104:7 should show occupancy statistics" type="FAILURE">
<![CDATA[  [chromium-admin] › admin/assignment-board.spec.ts:104:7 › Admin Assignment Board (ASSIGN-001) › should show occupancy statistics 

    Error: expect(locator).toBeVisible() failed

    Locator:  locator('[data-testid="unassigned-participants-card"]')
    Expected: visible
    Received: <element(s) not found>
    Timeout:  5000ms

    Call log:
      - Expect "toBeVisible" with timeout 5000ms
      - waiting for locator('[data-testid="unassigned-participants-card"]')


      111 |
      112 |     // Verify assignment board stats using more specific selectors
    > 113 |     await expect(page.locator('[data-testid="unassigned-participants-card"]')).toBeVisible()
          |                                                                                ^
      114 |
      115 |     // Verify stats are displayed (using class-based selectors instead of text)
      116 |     await expect(page.locator('.stats-card, [data-testid*="stats"], .grid .card')).toBeVisible()
        at /Users/lukatenbosch/Downloads/heiwahouse/wavecampdashboard/tests/admin/assignment-board.spec.ts:113:80

    attachment #1: screenshot (image/png) ──────────────────────────────────────────────────────────
    results/admin-assignment-board-Adm-35c29-d-show-occupancy-statistics-chromium-admin/test-failed-1.png
    ────────────────────────────────────────────────────────────────────────────────────────────────

    attachment #2: video (video/webm) ──────────────────────────────────────────────────────────────
    results/admin-assignment-board-Adm-35c29-d-show-occupancy-statistics-chromium-admin/video.webm
    ────────────────────────────────────────────────────────────────────────────────────────────────

    Error Context: results/admin-assignment-board-Adm-35c29-d-show-occupancy-statistics-chromium-admin/error-context.md

    Retry #1 ───────────────────────────────────────────────────────────────────────────────────────

    Error: expect(locator).toBeVisible() failed

    Locator:  locator('[data-testid="unassigned-participants-card"]')
    Expected: visible
    Received: <element(s) not found>
    Timeout:  5000ms

    Call log:
      - Expect "toBeVisible" with timeout 5000ms
      - waiting for locator('[data-testid="unassigned-participants-card"]')


      111 |
      112 |     // Verify assignment board stats using more specific selectors
    > 113 |     await expect(page.locator('[data-testid="unassigned-participants-card"]')).toBeVisible()
          |                                                                                ^
      114 |
      115 |     // Verify stats are displayed (using class-based selectors instead of text)
      116 |     await expect(page.locator('.stats-card, [data-testid*="stats"], .grid .card')).toBeVisible()
        at /Users/lukatenbosch/Downloads/heiwahouse/wavecampdashboard/tests/admin/assignment-board.spec.ts:113:80

    attachment #1: screenshot (image/png) ──────────────────────────────────────────────────────────
    results/admin-assignment-board-Adm-35c29-d-show-occupancy-statistics-chromium-admin-retry1/test-failed-1.png
    ────────────────────────────────────────────────────────────────────────────────────────────────

    attachment #2: video (video/webm) ──────────────────────────────────────────────────────────────
    results/admin-assignment-board-Adm-35c29-d-show-occupancy-statistics-chromium-admin-retry1/video.webm
    ────────────────────────────────────────────────────────────────────────────────────────────────

    Error Context: results/admin-assignment-board-Adm-35c29-d-show-occupancy-statistics-chromium-admin-retry1/error-context.md

    attachment #4: trace (application/zip) ─────────────────────────────────────────────────────────
    results/admin-assignment-board-Adm-35c29-d-show-occupancy-statistics-chromium-admin-retry1/trace.zip
    Usage:

        npx playwright show-trace results/admin-assignment-board-Adm-35c29-d-show-occupancy-statistics-chromium-admin-retry1/trace.zip

    ────────────────────────────────────────────────────────────────────────────────────────────────
]]>
</failure>
<system-out>
<![CDATA[
[[ATTACHMENT|../tests/results/admin-assignment-board-Adm-35c29-d-show-occupancy-statistics-chromium-admin/test-failed-1.png]]

[[ATTACHMENT|../tests/results/admin-assignment-board-Adm-35c29-d-show-occupancy-statistics-chromium-admin/video.webm]]

[[ATTACHMENT|../tests/results/admin-assignment-board-Adm-35c29-d-show-occupancy-statistics-chromium-admin/error-context.md]]

[[ATTACHMENT|../tests/results/admin-assignment-board-Adm-35c29-d-show-occupancy-statistics-chromium-admin-retry1/test-failed-1.png]]

[[ATTACHMENT|../tests/results/admin-assignment-board-Adm-35c29-d-show-occupancy-statistics-chromium-admin-retry1/video.webm]]

[[ATTACHMENT|../tests/results/admin-assignment-board-Adm-35c29-d-show-occupancy-statistics-chromium-admin-retry1/error-context.md]]

[[ATTACHMENT|../tests/results/admin-assignment-board-Adm-35c29-d-show-occupancy-statistics-chromium-admin-retry1/trace.zip]]
]]>
</system-out>
</testcase>
<testcase name="Admin Assignment Board (ASSIGN-001) › should allow saving assignments" classname="admin/assignment-board.spec.ts" time="19.724">
<failure message="assignment-board.spec.ts:119:7 should allow saving assignments" type="FAILURE">
<![CDATA[  [chromium-admin] › admin/assignment-board.spec.ts:119:7 › Admin Assignment Board (ASSIGN-001) › should allow saving assignments 

    Error: expect(locator).toBeVisible() failed

    Locator:  locator('[data-testid="save-assignments-button"]')
    Expected: visible
    Received: <element(s) not found>
    Timeout:  5000ms

    Call log:
      - Expect "toBeVisible" with timeout 5000ms
      - waiting for locator('[data-testid="save-assignments-button"]')


      127 |     // Verify save button is present and initially enabled
      128 |     const saveButton = page.locator('[data-testid="save-assignments-button"]')
    > 129 |     await expect(saveButton).toBeVisible()
          |                              ^
      130 |     await expect(saveButton).toBeEnabled()
      131 |
      132 |     // Click save button
        at /Users/lukatenbosch/Downloads/heiwahouse/wavecampdashboard/tests/admin/assignment-board.spec.ts:129:30

    attachment #1: screenshot (image/png) ──────────────────────────────────────────────────────────
    results/admin-assignment-board-Adm-4704b-ld-allow-saving-assignments-chromium-admin/test-failed-1.png
    ────────────────────────────────────────────────────────────────────────────────────────────────

    attachment #2: video (video/webm) ──────────────────────────────────────────────────────────────
    results/admin-assignment-board-Adm-4704b-ld-allow-saving-assignments-chromium-admin/video.webm
    ────────────────────────────────────────────────────────────────────────────────────────────────

    Error Context: results/admin-assignment-board-Adm-4704b-ld-allow-saving-assignments-chromium-admin/error-context.md

    Retry #1 ───────────────────────────────────────────────────────────────────────────────────────

    Error: expect(locator).toBeVisible() failed

    Locator:  locator('[data-testid="save-assignments-button"]')
    Expected: visible
    Received: <element(s) not found>
    Timeout:  5000ms

    Call log:
      - Expect "toBeVisible" with timeout 5000ms
      - waiting for locator('[data-testid="save-assignments-button"]')


      127 |     // Verify save button is present and initially enabled
      128 |     const saveButton = page.locator('[data-testid="save-assignments-button"]')
    > 129 |     await expect(saveButton).toBeVisible()
          |                              ^
      130 |     await expect(saveButton).toBeEnabled()
      131 |
      132 |     // Click save button
        at /Users/lukatenbosch/Downloads/heiwahouse/wavecampdashboard/tests/admin/assignment-board.spec.ts:129:30

    attachment #1: screenshot (image/png) ──────────────────────────────────────────────────────────
    results/admin-assignment-board-Adm-4704b-ld-allow-saving-assignments-chromium-admin-retry1/test-failed-1.png
    ────────────────────────────────────────────────────────────────────────────────────────────────

    attachment #2: video (video/webm) ──────────────────────────────────────────────────────────────
    results/admin-assignment-board-Adm-4704b-ld-allow-saving-assignments-chromium-admin-retry1/video.webm
    ────────────────────────────────────────────────────────────────────────────────────────────────

    Error Context: results/admin-assignment-board-Adm-4704b-ld-allow-saving-assignments-chromium-admin-retry1/error-context.md

    attachment #4: trace (application/zip) ─────────────────────────────────────────────────────────
    results/admin-assignment-board-Adm-4704b-ld-allow-saving-assignments-chromium-admin-retry1/trace.zip
    Usage:

        npx playwright show-trace results/admin-assignment-board-Adm-4704b-ld-allow-saving-assignments-chromium-admin-retry1/trace.zip

    ────────────────────────────────────────────────────────────────────────────────────────────────
]]>
</failure>
<system-out>
<![CDATA[
[[ATTACHMENT|../tests/results/admin-assignment-board-Adm-4704b-ld-allow-saving-assignments-chromium-admin/test-failed-1.png]]

[[ATTACHMENT|../tests/results/admin-assignment-board-Adm-4704b-ld-allow-saving-assignments-chromium-admin/video.webm]]

[[ATTACHMENT|../tests/results/admin-assignment-board-Adm-4704b-ld-allow-saving-assignments-chromium-admin/error-context.md]]

[[ATTACHMENT|../tests/results/admin-assignment-board-Adm-4704b-ld-allow-saving-assignments-chromium-admin-retry1/test-failed-1.png]]

[[ATTACHMENT|../tests/results/admin-assignment-board-Adm-4704b-ld-allow-saving-assignments-chromium-admin-retry1/video.webm]]

[[ATTACHMENT|../tests/results/admin-assignment-board-Adm-4704b-ld-allow-saving-assignments-chromium-admin-retry1/error-context.md]]

[[ATTACHMENT|../tests/results/admin-assignment-board-Adm-4704b-ld-allow-saving-assignments-chromium-admin-retry1/trace.zip]]
]]>
</system-out>
</testcase>
<testcase name="Admin Assignment Board (ASSIGN-001) › should handle drag and drop functionality" classname="admin/assignment-board.spec.ts" time="20.851">
<failure message="assignment-board.spec.ts:145:7 should handle drag and drop functionality" type="FAILURE">
<![CDATA[  [chromium-admin] › admin/assignment-board.spec.ts:145:7 › Admin Assignment Board (ASSIGN-001) › should handle drag and drop functionality 

    Error: expect(locator).toBeVisible() failed

    Locator:  locator('[data-testid="unassigned-participants-card"]')
    Expected: visible
    Received: <element(s) not found>
    Timeout:  5000ms

    Call log:
      - Expect "toBeVisible" with timeout 5000ms
      - waiting for locator('[data-testid="unassigned-participants-card"]')


      156 |
      157 |     // Verify drag and drop zones are present using data-testid
    > 158 |     await expect(page.locator('[data-testid="unassigned-participants-card"]')).toBeVisible()
          |                                                                                ^
      159 |
      160 |     // Verify participants are draggable using data-testid
      161 |     const participantCard = page.locator('[data-testid^="participant-card-"]').first()
        at /Users/lukatenbosch/Downloads/heiwahouse/wavecampdashboard/tests/admin/assignment-board.spec.ts:158:80

    attachment #1: screenshot (image/png) ──────────────────────────────────────────────────────────
    results/admin-assignment-board-Adm-cde97-drag-and-drop-functionality-chromium-admin/test-failed-1.png
    ────────────────────────────────────────────────────────────────────────────────────────────────

    attachment #2: video (video/webm) ──────────────────────────────────────────────────────────────
    results/admin-assignment-board-Adm-cde97-drag-and-drop-functionality-chromium-admin/video.webm
    ────────────────────────────────────────────────────────────────────────────────────────────────

    Error Context: results/admin-assignment-board-Adm-cde97-drag-and-drop-functionality-chromium-admin/error-context.md

    Retry #1 ───────────────────────────────────────────────────────────────────────────────────────

    Error: expect(locator).toBeVisible() failed

    Locator:  locator('[data-testid="unassigned-participants-card"]')
    Expected: visible
    Received: <element(s) not found>
    Timeout:  5000ms

    Call log:
      - Expect "toBeVisible" with timeout 5000ms
      - waiting for locator('[data-testid="unassigned-participants-card"]')


      156 |
      157 |     // Verify drag and drop zones are present using data-testid
    > 158 |     await expect(page.locator('[data-testid="unassigned-participants-card"]')).toBeVisible()
          |                                                                                ^
      159 |
      160 |     // Verify participants are draggable using data-testid
      161 |     const participantCard = page.locator('[data-testid^="participant-card-"]').first()
        at /Users/lukatenbosch/Downloads/heiwahouse/wavecampdashboard/tests/admin/assignment-board.spec.ts:158:80

    attachment #1: screenshot (image/png) ──────────────────────────────────────────────────────────
    results/admin-assignment-board-Adm-cde97-drag-and-drop-functionality-chromium-admin-retry1/test-failed-1.png
    ────────────────────────────────────────────────────────────────────────────────────────────────

    attachment #2: video (video/webm) ──────────────────────────────────────────────────────────────
    results/admin-assignment-board-Adm-cde97-drag-and-drop-functionality-chromium-admin-retry1/video.webm
    ────────────────────────────────────────────────────────────────────────────────────────────────

    Error Context: results/admin-assignment-board-Adm-cde97-drag-and-drop-functionality-chromium-admin-retry1/error-context.md

    attachment #4: trace (application/zip) ─────────────────────────────────────────────────────────
    results/admin-assignment-board-Adm-cde97-drag-and-drop-functionality-chromium-admin-retry1/trace.zip
    Usage:

        npx playwright show-trace results/admin-assignment-board-Adm-cde97-drag-and-drop-functionality-chromium-admin-retry1/trace.zip

    ────────────────────────────────────────────────────────────────────────────────────────────────
]]>
</failure>
<system-out>
<![CDATA[
[[ATTACHMENT|../tests/results/admin-assignment-board-Adm-cde97-drag-and-drop-functionality-chromium-admin/test-failed-1.png]]

[[ATTACHMENT|../tests/results/admin-assignment-board-Adm-cde97-drag-and-drop-functionality-chromium-admin/video.webm]]

[[ATTACHMENT|../tests/results/admin-assignment-board-Adm-cde97-drag-and-drop-functionality-chromium-admin/error-context.md]]

[[ATTACHMENT|../tests/results/admin-assignment-board-Adm-cde97-drag-and-drop-functionality-chromium-admin-retry1/test-failed-1.png]]

[[ATTACHMENT|../tests/results/admin-assignment-board-Adm-cde97-drag-and-drop-functionality-chromium-admin-retry1/video.webm]]

[[ATTACHMENT|../tests/results/admin-assignment-board-Adm-cde97-drag-and-drop-functionality-chromium-admin-retry1/error-context.md]]

[[ATTACHMENT|../tests/results/admin-assignment-board-Adm-cde97-drag-and-drop-functionality-chromium-admin-retry1/trace.zip]]
]]>
</system-out>
</testcase>
<testcase name="Admin Assignment Board (ASSIGN-001) › should validate room capacity constraints" classname="admin/assignment-board.spec.ts" time="20.901">
<failure message="assignment-board.spec.ts:168:7 should validate room capacity constraints" type="FAILURE">
<![CDATA[  [chromium-admin] › admin/assignment-board.spec.ts:168:7 › Admin Assignment Board (ASSIGN-001) › should validate room capacity constraints 

    Error: expect(locator).toBeVisible() failed

    Locator:  locator('[data-testid^="room-zone-"] [class*="capacity"], [data-testid^="room-zone-"] [class*="occupancy"]')
    Expected: visible
    Received: <element(s) not found>
    Timeout:  5000ms

    Call log:
      - Expect "toBeVisible" with timeout 5000ms
      - waiting for locator('[data-testid^="room-zone-"] [class*="capacity"], [data-testid^="room-zone-"] [class*="occupancy"]')


      175 |
      176 |     // Verify room capacity indicators are displayed
    > 177 |     await expect(page.locator('[data-testid^="room-zone-"] [class*="capacity"], [data-testid^="room-zone-"] [class*="occupancy"]')).toBeVisible()
          |                                                                                                                                     ^
      178 |
      179 |     // Test that over-capacity warnings would appear (this would require actual drag-drop)
      180 |     // For now, we verify the capacity display logic is working
        at /Users/lukatenbosch/Downloads/heiwahouse/wavecampdashboard/tests/admin/assignment-board.spec.ts:177:133

    attachment #1: screenshot (image/png) ──────────────────────────────────────────────────────────
    results/admin-assignment-board-Adm-60eed-e-room-capacity-constraints-chromium-admin/test-failed-1.png
    ────────────────────────────────────────────────────────────────────────────────────────────────

    attachment #2: video (video/webm) ──────────────────────────────────────────────────────────────
    results/admin-assignment-board-Adm-60eed-e-room-capacity-constraints-chromium-admin/video.webm
    ────────────────────────────────────────────────────────────────────────────────────────────────

    Error Context: results/admin-assignment-board-Adm-60eed-e-room-capacity-constraints-chromium-admin/error-context.md

    Retry #1 ───────────────────────────────────────────────────────────────────────────────────────

    Error: expect(locator).toBeVisible() failed

    Locator:  locator('[data-testid^="room-zone-"] [class*="capacity"], [data-testid^="room-zone-"] [class*="occupancy"]')
    Expected: visible
    Received: <element(s) not found>
    Timeout:  5000ms

    Call log:
      - Expect "toBeVisible" with timeout 5000ms
      - waiting for locator('[data-testid^="room-zone-"] [class*="capacity"], [data-testid^="room-zone-"] [class*="occupancy"]')


      175 |
      176 |     // Verify room capacity indicators are displayed
    > 177 |     await expect(page.locator('[data-testid^="room-zone-"] [class*="capacity"], [data-testid^="room-zone-"] [class*="occupancy"]')).toBeVisible()
          |                                                                                                                                     ^
      178 |
      179 |     // Test that over-capacity warnings would appear (this would require actual drag-drop)
      180 |     // For now, we verify the capacity display logic is working
        at /Users/lukatenbosch/Downloads/heiwahouse/wavecampdashboard/tests/admin/assignment-board.spec.ts:177:133

    attachment #1: screenshot (image/png) ──────────────────────────────────────────────────────────
    results/admin-assignment-board-Adm-60eed-e-room-capacity-constraints-chromium-admin-retry1/test-failed-1.png
    ────────────────────────────────────────────────────────────────────────────────────────────────

    attachment #2: video (video/webm) ──────────────────────────────────────────────────────────────
    results/admin-assignment-board-Adm-60eed-e-room-capacity-constraints-chromium-admin-retry1/video.webm
    ────────────────────────────────────────────────────────────────────────────────────────────────

    Error Context: results/admin-assignment-board-Adm-60eed-e-room-capacity-constraints-chromium-admin-retry1/error-context.md

    attachment #4: trace (application/zip) ─────────────────────────────────────────────────────────
    results/admin-assignment-board-Adm-60eed-e-room-capacity-constraints-chromium-admin-retry1/trace.zip
    Usage:

        npx playwright show-trace results/admin-assignment-board-Adm-60eed-e-room-capacity-constraints-chromium-admin-retry1/trace.zip

    ────────────────────────────────────────────────────────────────────────────────────────────────
]]>
</failure>
<system-out>
<![CDATA[
[[ATTACHMENT|../tests/results/admin-assignment-board-Adm-60eed-e-room-capacity-constraints-chromium-admin/test-failed-1.png]]

[[ATTACHMENT|../tests/results/admin-assignment-board-Adm-60eed-e-room-capacity-constraints-chromium-admin/video.webm]]

[[ATTACHMENT|../tests/results/admin-assignment-board-Adm-60eed-e-room-capacity-constraints-chromium-admin/error-context.md]]

[[ATTACHMENT|../tests/results/admin-assignment-board-Adm-60eed-e-room-capacity-constraints-chromium-admin-retry1/test-failed-1.png]]

[[ATTACHMENT|../tests/results/admin-assignment-board-Adm-60eed-e-room-capacity-constraints-chromium-admin-retry1/video.webm]]

[[ATTACHMENT|../tests/results/admin-assignment-board-Adm-60eed-e-room-capacity-constraints-chromium-admin-retry1/error-context.md]]

[[ATTACHMENT|../tests/results/admin-assignment-board-Adm-60eed-e-room-capacity-constraints-chromium-admin-retry1/trace.zip]]
]]>
</system-out>
</testcase>
<testcase name="Admin Assignment Board (ASSIGN-001) › should show assignment progress and completion status" classname="admin/assignment-board.spec.ts" time="23.402">
<failure message="assignment-board.spec.ts:185:7 should show assignment progress and completion status" type="FAILURE">
<![CDATA[  [chromium-admin] › admin/assignment-board.spec.ts:185:7 › Admin Assignment Board (ASSIGN-001) › should show assignment progress and completion status 

    Error: expect(locator).toBeVisible() failed

    Locator:  locator('[data-testid^="room-zone-"] .progress, [data-testid^="room-zone-"] [class*="progress"]')
    Expected: visible
    Received: <element(s) not found>
    Timeout:  5000ms

    Call log:
      - Expect "toBeVisible" with timeout 5000ms
      - waiting for locator('[data-testid^="room-zone-"] .progress, [data-testid^="room-zone-"] [class*="progress"]')


      192 |
      193 |     // Verify progress indicators are present
    > 194 |     await expect(page.locator('[data-testid^="room-zone-"] .progress, [data-testid^="room-zone-"] [class*="progress"]')).toBeVisible()
          |                                                                                                                          ^
      195 |
      196 |     // Verify unassigned participants section is visible
      197 |     await expect(page.locator('[data-testid="unassigned-participants-card"]')).toBeVisible()
        at /Users/lukatenbosch/Downloads/heiwahouse/wavecampdashboard/tests/admin/assignment-board.spec.ts:194:122

    attachment #1: screenshot (image/png) ──────────────────────────────────────────────────────────
    results/admin-assignment-board-Adm-efdeb-gress-and-completion-status-chromium-admin/test-failed-1.png
    ────────────────────────────────────────────────────────────────────────────────────────────────

    attachment #2: video (video/webm) ──────────────────────────────────────────────────────────────
    results/admin-assignment-board-Adm-efdeb-gress-and-completion-status-chromium-admin/video.webm
    ────────────────────────────────────────────────────────────────────────────────────────────────

    Error Context: results/admin-assignment-board-Adm-efdeb-gress-and-completion-status-chromium-admin/error-context.md

    Retry #1 ───────────────────────────────────────────────────────────────────────────────────────

    Error: expect(locator).toBeVisible() failed

    Locator:  locator('[data-testid^="room-zone-"] .progress, [data-testid^="room-zone-"] [class*="progress"]')
    Expected: visible
    Received: <element(s) not found>
    Timeout:  5000ms

    Call log:
      - Expect "toBeVisible" with timeout 5000ms
      - waiting for locator('[data-testid^="room-zone-"] .progress, [data-testid^="room-zone-"] [class*="progress"]')


      192 |
      193 |     // Verify progress indicators are present
    > 194 |     await expect(page.locator('[data-testid^="room-zone-"] .progress, [data-testid^="room-zone-"] [class*="progress"]')).toBeVisible()
          |                                                                                                                          ^
      195 |
      196 |     // Verify unassigned participants section is visible
      197 |     await expect(page.locator('[data-testid="unassigned-participants-card"]')).toBeVisible()
        at /Users/lukatenbosch/Downloads/heiwahouse/wavecampdashboard/tests/admin/assignment-board.spec.ts:194:122

    attachment #1: screenshot (image/png) ──────────────────────────────────────────────────────────
    results/admin-assignment-board-Adm-efdeb-gress-and-completion-status-chromium-admin-retry1/test-failed-1.png
    ────────────────────────────────────────────────────────────────────────────────────────────────

    attachment #2: video (video/webm) ──────────────────────────────────────────────────────────────
    results/admin-assignment-board-Adm-efdeb-gress-and-completion-status-chromium-admin-retry1/video.webm
    ────────────────────────────────────────────────────────────────────────────────────────────────

    Error Context: results/admin-assignment-board-Adm-efdeb-gress-and-completion-status-chromium-admin-retry1/error-context.md

    attachment #4: trace (application/zip) ─────────────────────────────────────────────────────────
    results/admin-assignment-board-Adm-efdeb-gress-and-completion-status-chromium-admin-retry1/trace.zip
    Usage:

        npx playwright show-trace results/admin-assignment-board-Adm-efdeb-gress-and-completion-status-chromium-admin-retry1/trace.zip

    ────────────────────────────────────────────────────────────────────────────────────────────────
]]>
</failure>
<system-out>
<![CDATA[
[[ATTACHMENT|../tests/results/admin-assignment-board-Adm-efdeb-gress-and-completion-status-chromium-admin/test-failed-1.png]]

[[ATTACHMENT|../tests/results/admin-assignment-board-Adm-efdeb-gress-and-completion-status-chromium-admin/video.webm]]

[[ATTACHMENT|../tests/results/admin-assignment-board-Adm-efdeb-gress-and-completion-status-chromium-admin/error-context.md]]

[[ATTACHMENT|../tests/results/admin-assignment-board-Adm-efdeb-gress-and-completion-status-chromium-admin-retry1/test-failed-1.png]]

[[ATTACHMENT|../tests/results/admin-assignment-board-Adm-efdeb-gress-and-completion-status-chromium-admin-retry1/video.webm]]

[[ATTACHMENT|../tests/results/admin-assignment-board-Adm-efdeb-gress-and-completion-status-chromium-admin-retry1/error-context.md]]

[[ATTACHMENT|../tests/results/admin-assignment-board-Adm-efdeb-gress-and-completion-status-chromium-admin-retry1/trace.zip]]
]]>
</system-out>
</testcase>
<testcase name="Admin Assignment Board (ASSIGN-001) › should handle refresh functionality" classname="admin/assignment-board.spec.ts" time="24.453">
<failure message="assignment-board.spec.ts:205:7 should handle refresh functionality" type="FAILURE">
<![CDATA[  [chromium-admin] › admin/assignment-board.spec.ts:205:7 › Admin Assignment Board (ASSIGN-001) › should handle refresh functionality 

    Error: expect(locator).toBeVisible() failed

    Locator:  locator('button').filter({ hasText: 'Refresh' })
    Expected: visible
    Received: <element(s) not found>
    Timeout:  5000ms

    Call log:
      - Expect "toBeVisible" with timeout 5000ms
      - waiting for locator('button').filter({ hasText: 'Refresh' })


      213 |     // Verify refresh button exists
      214 |     const refreshButton = page.locator('button', { hasText: 'Refresh' })
    > 215 |     await expect(refreshButton).toBeVisible()
          |                                 ^
      216 |
      217 |     // Click refresh button
      218 |     await refreshButton.click()
        at /Users/lukatenbosch/Downloads/heiwahouse/wavecampdashboard/tests/admin/assignment-board.spec.ts:215:33

    attachment #1: screenshot (image/png) ──────────────────────────────────────────────────────────
    results/admin-assignment-board-Adm-1af28-andle-refresh-functionality-chromium-admin/test-failed-1.png
    ────────────────────────────────────────────────────────────────────────────────────────────────

    attachment #2: video (video/webm) ──────────────────────────────────────────────────────────────
    results/admin-assignment-board-Adm-1af28-andle-refresh-functionality-chromium-admin/video.webm
    ────────────────────────────────────────────────────────────────────────────────────────────────

    Error Context: results/admin-assignment-board-Adm-1af28-andle-refresh-functionality-chromium-admin/error-context.md

    Retry #1 ───────────────────────────────────────────────────────────────────────────────────────

    Error: expect(locator).toBeVisible() failed

    Locator:  locator('button').filter({ hasText: 'Refresh' })
    Expected: visible
    Received: <element(s) not found>
    Timeout:  5000ms

    Call log:
      - Expect "toBeVisible" with timeout 5000ms
      - waiting for locator('button').filter({ hasText: 'Refresh' })


      213 |     // Verify refresh button exists
      214 |     const refreshButton = page.locator('button', { hasText: 'Refresh' })
    > 215 |     await expect(refreshButton).toBeVisible()
          |                                 ^
      216 |
      217 |     // Click refresh button
      218 |     await refreshButton.click()
        at /Users/lukatenbosch/Downloads/heiwahouse/wavecampdashboard/tests/admin/assignment-board.spec.ts:215:33

    attachment #1: screenshot (image/png) ──────────────────────────────────────────────────────────
    results/admin-assignment-board-Adm-1af28-andle-refresh-functionality-chromium-admin-retry1/test-failed-1.png
    ────────────────────────────────────────────────────────────────────────────────────────────────

    attachment #2: video (video/webm) ──────────────────────────────────────────────────────────────
    results/admin-assignment-board-Adm-1af28-andle-refresh-functionality-chromium-admin-retry1/video.webm
    ────────────────────────────────────────────────────────────────────────────────────────────────

    Error Context: results/admin-assignment-board-Adm-1af28-andle-refresh-functionality-chromium-admin-retry1/error-context.md

    attachment #4: trace (application/zip) ─────────────────────────────────────────────────────────
    results/admin-assignment-board-Adm-1af28-andle-refresh-functionality-chromium-admin-retry1/trace.zip
    Usage:

        npx playwright show-trace results/admin-assignment-board-Adm-1af28-andle-refresh-functionality-chromium-admin-retry1/trace.zip

    ────────────────────────────────────────────────────────────────────────────────────────────────
]]>
</failure>
<system-out>
<![CDATA[
[[ATTACHMENT|../tests/results/admin-assignment-board-Adm-1af28-andle-refresh-functionality-chromium-admin/test-failed-1.png]]

[[ATTACHMENT|../tests/results/admin-assignment-board-Adm-1af28-andle-refresh-functionality-chromium-admin/video.webm]]

[[ATTACHMENT|../tests/results/admin-assignment-board-Adm-1af28-andle-refresh-functionality-chromium-admin/error-context.md]]

[[ATTACHMENT|../tests/results/admin-assignment-board-Adm-1af28-andle-refresh-functionality-chromium-admin-retry1/test-failed-1.png]]

[[ATTACHMENT|../tests/results/admin-assignment-board-Adm-1af28-andle-refresh-functionality-chromium-admin-retry1/video.webm]]

[[ATTACHMENT|../tests/results/admin-assignment-board-Adm-1af28-andle-refresh-functionality-chromium-admin-retry1/error-context.md]]

[[ATTACHMENT|../tests/results/admin-assignment-board-Adm-1af28-andle-refresh-functionality-chromium-admin-retry1/trace.zip]]
]]>
</system-out>
</testcase>
</testsuite>
<testsuite name="admin/dashboard.spec.ts" timestamp="2025-09-17T23:26:21.514Z" hostname="chromium-admin" tests="7" failures="6" skipped="0" time="125.249" errors="0">
<testcase name="Admin Dashboard › should load dashboard with key metrics" classname="admin/dashboard.spec.ts" time="21.818">
<failure message="dashboard.spec.ts:5:7 should load dashboard with key metrics" type="FAILURE">
<![CDATA[  [chromium-admin] › admin/dashboard.spec.ts:5:7 › Admin Dashboard › should load dashboard with key metrics 

    Error: expect(locator).toBeVisible() failed

    Locator:  locator('[data-testid="admin-dashboard-title"]')
    Expected: visible
    Received: <element(s) not found>
    Timeout:  5000ms

    Call log:
      - Expect "toBeVisible" with timeout 5000ms
      - waiting for locator('[data-testid="admin-dashboard-title"]')


      17 |
      18 |     // Check if main dashboard elements are present
    > 19 |     await expect(page.locator('[data-testid="admin-dashboard-title"]')).toBeVisible()
         |                                                                         ^
      20 |
      21 |     // Verify key metric cards are displayed using data-testid selectors
      22 |     await expect(page.locator('[data-testid="total-clients-metric"]')).toBeVisible()
        at /Users/lukatenbosch/Downloads/heiwahouse/wavecampdashboard/tests/admin/dashboard.spec.ts:19:73

    attachment #1: screenshot (image/png) ──────────────────────────────────────────────────────────
    results/admin-dashboard-Admin-Dash-29280--dashboard-with-key-metrics-chromium-admin/test-failed-1.png
    ────────────────────────────────────────────────────────────────────────────────────────────────

    attachment #2: video (video/webm) ──────────────────────────────────────────────────────────────
    results/admin-dashboard-Admin-Dash-29280--dashboard-with-key-metrics-chromium-admin/video.webm
    ────────────────────────────────────────────────────────────────────────────────────────────────

    Error Context: results/admin-dashboard-Admin-Dash-29280--dashboard-with-key-metrics-chromium-admin/error-context.md

    Retry #1 ───────────────────────────────────────────────────────────────────────────────────────

    Error: expect(locator).toBeVisible() failed

    Locator:  locator('[data-testid="admin-dashboard-title"]')
    Expected: visible
    Received: <element(s) not found>
    Timeout:  5000ms

    Call log:
      - Expect "toBeVisible" with timeout 5000ms
      - waiting for locator('[data-testid="admin-dashboard-title"]')


      17 |
      18 |     // Check if main dashboard elements are present
    > 19 |     await expect(page.locator('[data-testid="admin-dashboard-title"]')).toBeVisible()
         |                                                                         ^
      20 |
      21 |     // Verify key metric cards are displayed using data-testid selectors
      22 |     await expect(page.locator('[data-testid="total-clients-metric"]')).toBeVisible()
        at /Users/lukatenbosch/Downloads/heiwahouse/wavecampdashboard/tests/admin/dashboard.spec.ts:19:73

    attachment #1: screenshot (image/png) ──────────────────────────────────────────────────────────
    results/admin-dashboard-Admin-Dash-29280--dashboard-with-key-metrics-chromium-admin-retry1/test-failed-1.png
    ────────────────────────────────────────────────────────────────────────────────────────────────

    attachment #2: video (video/webm) ──────────────────────────────────────────────────────────────
    results/admin-dashboard-Admin-Dash-29280--dashboard-with-key-metrics-chromium-admin-retry1/video.webm
    ────────────────────────────────────────────────────────────────────────────────────────────────

    Error Context: results/admin-dashboard-Admin-Dash-29280--dashboard-with-key-metrics-chromium-admin-retry1/error-context.md

    attachment #4: trace (application/zip) ─────────────────────────────────────────────────────────
    results/admin-dashboard-Admin-Dash-29280--dashboard-with-key-metrics-chromium-admin-retry1/trace.zip
    Usage:

        npx playwright show-trace results/admin-dashboard-Admin-Dash-29280--dashboard-with-key-metrics-chromium-admin-retry1/trace.zip

    ────────────────────────────────────────────────────────────────────────────────────────────────
]]>
</failure>
<system-out>
<![CDATA[
[[ATTACHMENT|../tests/results/admin-dashboard-Admin-Dash-29280--dashboard-with-key-metrics-chromium-admin/test-failed-1.png]]

[[ATTACHMENT|../tests/results/admin-dashboard-Admin-Dash-29280--dashboard-with-key-metrics-chromium-admin/video.webm]]

[[ATTACHMENT|../tests/results/admin-dashboard-Admin-Dash-29280--dashboard-with-key-metrics-chromium-admin/error-context.md]]

[[ATTACHMENT|../tests/results/admin-dashboard-Admin-Dash-29280--dashboard-with-key-metrics-chromium-admin-retry1/test-failed-1.png]]

[[ATTACHMENT|../tests/results/admin-dashboard-Admin-Dash-29280--dashboard-with-key-metrics-chromium-admin-retry1/video.webm]]

[[ATTACHMENT|../tests/results/admin-dashboard-Admin-Dash-29280--dashboard-with-key-metrics-chromium-admin-retry1/error-context.md]]

[[ATTACHMENT|../tests/results/admin-dashboard-Admin-Dash-29280--dashboard-with-key-metrics-chromium-admin-retry1/trace.zip]]
]]>
</system-out>
</testcase>
<testcase name="Admin Dashboard › should navigate to analytics dashboard" classname="admin/dashboard.spec.ts" time="22.649">
<failure message="dashboard.spec.ts:45:7 should navigate to analytics dashboard" type="FAILURE">
<![CDATA[  [chromium-admin] › admin/dashboard.spec.ts:45:7 › Admin Dashboard › should navigate to analytics dashboard 

    Error: expect(locator).toBeVisible() failed

    Locator:  locator('[data-testid="admin-dashboard-title"]')
    Expected: visible
    Received: <element(s) not found>
    Timeout:  5000ms

    Call log:
      - Expect "toBeVisible" with timeout 5000ms
      - waiting for locator('[data-testid="admin-dashboard-title"]')


      52 |
      53 |     // Check if main dashboard elements are present first
    > 54 |     await expect(page.locator('[data-testid="admin-dashboard-title"]')).toBeVisible()
         |                                                                         ^
      55 |
      56 |     // Click on Analytics button using data-testid
      57 |     await page.locator('[data-testid="view-analytics-button"]').click()
        at /Users/lukatenbosch/Downloads/heiwahouse/wavecampdashboard/tests/admin/dashboard.spec.ts:54:73

    attachment #1: screenshot (image/png) ──────────────────────────────────────────────────────────
    results/admin-dashboard-Admin-Dash-914d3-gate-to-analytics-dashboard-chromium-admin/test-failed-1.png
    ────────────────────────────────────────────────────────────────────────────────────────────────

    attachment #2: video (video/webm) ──────────────────────────────────────────────────────────────
    results/admin-dashboard-Admin-Dash-914d3-gate-to-analytics-dashboard-chromium-admin/video.webm
    ────────────────────────────────────────────────────────────────────────────────────────────────

    Error Context: results/admin-dashboard-Admin-Dash-914d3-gate-to-analytics-dashboard-chromium-admin/error-context.md

    Retry #1 ───────────────────────────────────────────────────────────────────────────────────────

    Error: expect(locator).toBeVisible() failed

    Locator:  locator('[data-testid="admin-dashboard-title"]')
    Expected: visible
    Received: <element(s) not found>
    Timeout:  5000ms

    Call log:
      - Expect "toBeVisible" with timeout 5000ms
      - waiting for locator('[data-testid="admin-dashboard-title"]')


      52 |
      53 |     // Check if main dashboard elements are present first
    > 54 |     await expect(page.locator('[data-testid="admin-dashboard-title"]')).toBeVisible()
         |                                                                         ^
      55 |
      56 |     // Click on Analytics button using data-testid
      57 |     await page.locator('[data-testid="view-analytics-button"]').click()
        at /Users/lukatenbosch/Downloads/heiwahouse/wavecampdashboard/tests/admin/dashboard.spec.ts:54:73

    attachment #1: screenshot (image/png) ──────────────────────────────────────────────────────────
    results/admin-dashboard-Admin-Dash-914d3-gate-to-analytics-dashboard-chromium-admin-retry1/test-failed-1.png
    ────────────────────────────────────────────────────────────────────────────────────────────────

    attachment #2: video (video/webm) ──────────────────────────────────────────────────────────────
    results/admin-dashboard-Admin-Dash-914d3-gate-to-analytics-dashboard-chromium-admin-retry1/video.webm
    ────────────────────────────────────────────────────────────────────────────────────────────────

    Error Context: results/admin-dashboard-Admin-Dash-914d3-gate-to-analytics-dashboard-chromium-admin-retry1/error-context.md

    attachment #4: trace (application/zip) ─────────────────────────────────────────────────────────
    results/admin-dashboard-Admin-Dash-914d3-gate-to-analytics-dashboard-chromium-admin-retry1/trace.zip
    Usage:

        npx playwright show-trace results/admin-dashboard-Admin-Dash-914d3-gate-to-analytics-dashboard-chromium-admin-retry1/trace.zip

    ────────────────────────────────────────────────────────────────────────────────────────────────
]]>
</failure>
<system-out>
<![CDATA[
[[ATTACHMENT|../tests/results/admin-dashboard-Admin-Dash-914d3-gate-to-analytics-dashboard-chromium-admin/test-failed-1.png]]

[[ATTACHMENT|../tests/results/admin-dashboard-Admin-Dash-914d3-gate-to-analytics-dashboard-chromium-admin/video.webm]]

[[ATTACHMENT|../tests/results/admin-dashboard-Admin-Dash-914d3-gate-to-analytics-dashboard-chromium-admin/error-context.md]]

[[ATTACHMENT|../tests/results/admin-dashboard-Admin-Dash-914d3-gate-to-analytics-dashboard-chromium-admin-retry1/test-failed-1.png]]

[[ATTACHMENT|../tests/results/admin-dashboard-Admin-Dash-914d3-gate-to-analytics-dashboard-chromium-admin-retry1/video.webm]]

[[ATTACHMENT|../tests/results/admin-dashboard-Admin-Dash-914d3-gate-to-analytics-dashboard-chromium-admin-retry1/error-context.md]]

[[ATTACHMENT|../tests/results/admin-dashboard-Admin-Dash-914d3-gate-to-analytics-dashboard-chromium-admin-retry1/trace.zip]]
]]>
</system-out>
</testcase>
<testcase name="Admin Dashboard › should display system health metrics" classname="admin/dashboard.spec.ts" time="5.36">
</testcase>
<testcase name="Admin Dashboard › should navigate to bookings management" classname="admin/dashboard.spec.ts" time="20.154">
<failure message="dashboard.spec.ts:82:7 should navigate to bookings management" type="FAILURE">
<![CDATA[  [chromium-admin] › admin/dashboard.spec.ts:82:7 › Admin Dashboard › should navigate to bookings management 

    Error: expect(locator).toBeVisible() failed

    Locator:  locator('[data-testid="admin-dashboard-title"]')
    Expected: visible
    Received: <element(s) not found>
    Timeout:  5000ms

    Call log:
      - Expect "toBeVisible" with timeout 5000ms
      - waiting for locator('[data-testid="admin-dashboard-title"]')


      86 |     await page.goto('/admin')
      87 |     await page.waitForLoadState('networkidle')
    > 88 |     await expect(page.locator('[data-testid="admin-dashboard-title"]')).toBeVisible()
         |                                                                         ^
      89 |
      90 |     // Click on Manage Bookings button using data-testid for specificity
      91 |     await page.locator('[data-testid="manage-bookings-button"]').click()
        at /Users/lukatenbosch/Downloads/heiwahouse/wavecampdashboard/tests/admin/dashboard.spec.ts:88:73

    attachment #1: screenshot (image/png) ──────────────────────────────────────────────────────────
    results/admin-dashboard-Admin-Dash-83a80-gate-to-bookings-management-chromium-admin/test-failed-1.png
    ────────────────────────────────────────────────────────────────────────────────────────────────

    attachment #2: video (video/webm) ──────────────────────────────────────────────────────────────
    results/admin-dashboard-Admin-Dash-83a80-gate-to-bookings-management-chromium-admin/video.webm
    ────────────────────────────────────────────────────────────────────────────────────────────────

    Error Context: results/admin-dashboard-Admin-Dash-83a80-gate-to-bookings-management-chromium-admin/error-context.md

    Retry #1 ───────────────────────────────────────────────────────────────────────────────────────

    Error: expect(locator).toBeVisible() failed

    Locator:  locator('[data-testid="admin-dashboard-title"]')
    Expected: visible
    Received: <element(s) not found>
    Timeout:  5000ms

    Call log:
      - Expect "toBeVisible" with timeout 5000ms
      - waiting for locator('[data-testid="admin-dashboard-title"]')


      86 |     await page.goto('/admin')
      87 |     await page.waitForLoadState('networkidle')
    > 88 |     await expect(page.locator('[data-testid="admin-dashboard-title"]')).toBeVisible()
         |                                                                         ^
      89 |
      90 |     // Click on Manage Bookings button using data-testid for specificity
      91 |     await page.locator('[data-testid="manage-bookings-button"]').click()
        at /Users/lukatenbosch/Downloads/heiwahouse/wavecampdashboard/tests/admin/dashboard.spec.ts:88:73

    attachment #1: screenshot (image/png) ──────────────────────────────────────────────────────────
    results/admin-dashboard-Admin-Dash-83a80-gate-to-bookings-management-chromium-admin-retry1/test-failed-1.png
    ────────────────────────────────────────────────────────────────────────────────────────────────

    attachment #2: video (video/webm) ──────────────────────────────────────────────────────────────
    results/admin-dashboard-Admin-Dash-83a80-gate-to-bookings-management-chromium-admin-retry1/video.webm
    ────────────────────────────────────────────────────────────────────────────────────────────────

    Error Context: results/admin-dashboard-Admin-Dash-83a80-gate-to-bookings-management-chromium-admin-retry1/error-context.md

    attachment #4: trace (application/zip) ─────────────────────────────────────────────────────────
    results/admin-dashboard-Admin-Dash-83a80-gate-to-bookings-management-chromium-admin-retry1/trace.zip
    Usage:

        npx playwright show-trace results/admin-dashboard-Admin-Dash-83a80-gate-to-bookings-management-chromium-admin-retry1/trace.zip

    ────────────────────────────────────────────────────────────────────────────────────────────────
]]>
</failure>
<system-out>
<![CDATA[
[[ATTACHMENT|../tests/results/admin-dashboard-Admin-Dash-83a80-gate-to-bookings-management-chromium-admin/test-failed-1.png]]

[[ATTACHMENT|../tests/results/admin-dashboard-Admin-Dash-83a80-gate-to-bookings-management-chromium-admin/video.webm]]

[[ATTACHMENT|../tests/results/admin-dashboard-Admin-Dash-83a80-gate-to-bookings-management-chromium-admin/error-context.md]]

[[ATTACHMENT|../tests/results/admin-dashboard-Admin-Dash-83a80-gate-to-bookings-management-chromium-admin-retry1/test-failed-1.png]]

[[ATTACHMENT|../tests/results/admin-dashboard-Admin-Dash-83a80-gate-to-bookings-management-chromium-admin-retry1/video.webm]]

[[ATTACHMENT|../tests/results/admin-dashboard-Admin-Dash-83a80-gate-to-bookings-management-chromium-admin-retry1/error-context.md]]

[[ATTACHMENT|../tests/results/admin-dashboard-Admin-Dash-83a80-gate-to-bookings-management-chromium-admin-retry1/trace.zip]]
]]>
</system-out>
</testcase>
<testcase name="Admin Dashboard › should navigate to clients management" classname="admin/dashboard.spec.ts" time="19.837">
<failure message="dashboard.spec.ts:99:7 should navigate to clients management" type="FAILURE">
<![CDATA[  [chromium-admin] › admin/dashboard.spec.ts:99:7 › Admin Dashboard › should navigate to clients management 

    Error: expect(locator).toBeVisible() failed

    Locator:  locator('[data-testid="admin-dashboard-title"]')
    Expected: visible
    Received: <element(s) not found>
    Timeout:  5000ms

    Call log:
      - Expect "toBeVisible" with timeout 5000ms
      - waiting for locator('[data-testid="admin-dashboard-title"]')


      103 |     await page.goto('/admin')
      104 |     await page.waitForLoadState('networkidle')
    > 105 |     await expect(page.locator('[data-testid="admin-dashboard-title"]')).toBeVisible()
          |                                                                         ^
      106 |
      107 |     // Click on Manage Clients button using data-testid for specificity
      108 |     await page.locator('[data-testid="manage-clients-button"]').click()
        at /Users/lukatenbosch/Downloads/heiwahouse/wavecampdashboard/tests/admin/dashboard.spec.ts:105:73

    attachment #1: screenshot (image/png) ──────────────────────────────────────────────────────────
    results/admin-dashboard-Admin-Dash-1e3e7-igate-to-clients-management-chromium-admin/test-failed-1.png
    ────────────────────────────────────────────────────────────────────────────────────────────────

    attachment #2: video (video/webm) ──────────────────────────────────────────────────────────────
    results/admin-dashboard-Admin-Dash-1e3e7-igate-to-clients-management-chromium-admin/video.webm
    ────────────────────────────────────────────────────────────────────────────────────────────────

    Error Context: results/admin-dashboard-Admin-Dash-1e3e7-igate-to-clients-management-chromium-admin/error-context.md

    Retry #1 ───────────────────────────────────────────────────────────────────────────────────────

    Error: expect(locator).toBeVisible() failed

    Locator:  locator('[data-testid="admin-dashboard-title"]')
    Expected: visible
    Received: <element(s) not found>
    Timeout:  5000ms

    Call log:
      - Expect "toBeVisible" with timeout 5000ms
      - waiting for locator('[data-testid="admin-dashboard-title"]')


      103 |     await page.goto('/admin')
      104 |     await page.waitForLoadState('networkidle')
    > 105 |     await expect(page.locator('[data-testid="admin-dashboard-title"]')).toBeVisible()
          |                                                                         ^
      106 |
      107 |     // Click on Manage Clients button using data-testid for specificity
      108 |     await page.locator('[data-testid="manage-clients-button"]').click()
        at /Users/lukatenbosch/Downloads/heiwahouse/wavecampdashboard/tests/admin/dashboard.spec.ts:105:73

    attachment #1: screenshot (image/png) ──────────────────────────────────────────────────────────
    results/admin-dashboard-Admin-Dash-1e3e7-igate-to-clients-management-chromium-admin-retry1/test-failed-1.png
    ────────────────────────────────────────────────────────────────────────────────────────────────

    attachment #2: video (video/webm) ──────────────────────────────────────────────────────────────
    results/admin-dashboard-Admin-Dash-1e3e7-igate-to-clients-management-chromium-admin-retry1/video.webm
    ────────────────────────────────────────────────────────────────────────────────────────────────

    Error Context: results/admin-dashboard-Admin-Dash-1e3e7-igate-to-clients-management-chromium-admin-retry1/error-context.md

    attachment #4: trace (application/zip) ─────────────────────────────────────────────────────────
    results/admin-dashboard-Admin-Dash-1e3e7-igate-to-clients-management-chromium-admin-retry1/trace.zip
    Usage:

        npx playwright show-trace results/admin-dashboard-Admin-Dash-1e3e7-igate-to-clients-management-chromium-admin-retry1/trace.zip

    ────────────────────────────────────────────────────────────────────────────────────────────────
]]>
</failure>
<system-out>
<![CDATA[
[[ATTACHMENT|../tests/results/admin-dashboard-Admin-Dash-1e3e7-igate-to-clients-management-chromium-admin/test-failed-1.png]]

[[ATTACHMENT|../tests/results/admin-dashboard-Admin-Dash-1e3e7-igate-to-clients-management-chromium-admin/video.webm]]

[[ATTACHMENT|../tests/results/admin-dashboard-Admin-Dash-1e3e7-igate-to-clients-management-chromium-admin/error-context.md]]

[[ATTACHMENT|../tests/results/admin-dashboard-Admin-Dash-1e3e7-igate-to-clients-management-chromium-admin-retry1/test-failed-1.png]]

[[ATTACHMENT|../tests/results/admin-dashboard-Admin-Dash-1e3e7-igate-to-clients-management-chromium-admin-retry1/video.webm]]

[[ATTACHMENT|../tests/results/admin-dashboard-Admin-Dash-1e3e7-igate-to-clients-management-chromium-admin-retry1/error-context.md]]

[[ATTACHMENT|../tests/results/admin-dashboard-Admin-Dash-1e3e7-igate-to-clients-management-chromium-admin-retry1/trace.zip]]
]]>
</system-out>
</testcase>
<testcase name="Admin Dashboard › should navigate to rooms management" classname="admin/dashboard.spec.ts" time="15.803">
<failure message="dashboard.spec.ts:116:7 should navigate to rooms management" type="FAILURE">
<![CDATA[  [chromium-admin] › admin/dashboard.spec.ts:116:7 › Admin Dashboard › should navigate to rooms management 

    Error: expect(locator).toBeVisible() failed

    Locator:  locator('[data-testid="admin-dashboard-title"]')
    Expected: visible
    Received: <element(s) not found>
    Timeout:  5000ms

    Call log:
      - Expect "toBeVisible" with timeout 5000ms
      - waiting for locator('[data-testid="admin-dashboard-title"]')


      120 |     await page.goto('/admin')
      121 |     await page.waitForLoadState('networkidle')
    > 122 |     await expect(page.locator('[data-testid="admin-dashboard-title"]')).toBeVisible()
          |                                                                         ^
      123 |
      124 |     // Click on Manage Rooms button using data-testid for specificity
      125 |     await page.locator('[data-testid="manage-rooms-button"]').click()
        at /Users/lukatenbosch/Downloads/heiwahouse/wavecampdashboard/tests/admin/dashboard.spec.ts:122:73

    attachment #1: screenshot (image/png) ──────────────────────────────────────────────────────────
    results/admin-dashboard-Admin-Dash-441c6-avigate-to-rooms-management-chromium-admin/test-failed-1.png
    ────────────────────────────────────────────────────────────────────────────────────────────────

    attachment #2: video (video/webm) ──────────────────────────────────────────────────────────────
    results/admin-dashboard-Admin-Dash-441c6-avigate-to-rooms-management-chromium-admin/video.webm
    ────────────────────────────────────────────────────────────────────────────────────────────────

    Error Context: results/admin-dashboard-Admin-Dash-441c6-avigate-to-rooms-management-chromium-admin/error-context.md

    Retry #1 ───────────────────────────────────────────────────────────────────────────────────────

    Error: expect(locator).toBeVisible() failed

    Locator:  locator('[data-testid="admin-dashboard-title"]')
    Expected: visible
    Received: <element(s) not found>
    Timeout:  5000ms

    Call log:
      - Expect "toBeVisible" with timeout 5000ms
      - waiting for locator('[data-testid="admin-dashboard-title"]')


      120 |     await page.goto('/admin')
      121 |     await page.waitForLoadState('networkidle')
    > 122 |     await expect(page.locator('[data-testid="admin-dashboard-title"]')).toBeVisible()
          |                                                                         ^
      123 |
      124 |     // Click on Manage Rooms button using data-testid for specificity
      125 |     await page.locator('[data-testid="manage-rooms-button"]').click()
        at /Users/lukatenbosch/Downloads/heiwahouse/wavecampdashboard/tests/admin/dashboard.spec.ts:122:73

    attachment #1: screenshot (image/png) ──────────────────────────────────────────────────────────
    results/admin-dashboard-Admin-Dash-441c6-avigate-to-rooms-management-chromium-admin-retry1/test-failed-1.png
    ────────────────────────────────────────────────────────────────────────────────────────────────

    attachment #2: video (video/webm) ──────────────────────────────────────────────────────────────
    results/admin-dashboard-Admin-Dash-441c6-avigate-to-rooms-management-chromium-admin-retry1/video.webm
    ────────────────────────────────────────────────────────────────────────────────────────────────

    Error Context: results/admin-dashboard-Admin-Dash-441c6-avigate-to-rooms-management-chromium-admin-retry1/error-context.md

    attachment #4: trace (application/zip) ─────────────────────────────────────────────────────────
    results/admin-dashboard-Admin-Dash-441c6-avigate-to-rooms-management-chromium-admin-retry1/trace.zip
    Usage:

        npx playwright show-trace results/admin-dashboard-Admin-Dash-441c6-avigate-to-rooms-management-chromium-admin-retry1/trace.zip

    ────────────────────────────────────────────────────────────────────────────────────────────────
]]>
</failure>
<system-out>
<![CDATA[
[[ATTACHMENT|../tests/results/admin-dashboard-Admin-Dash-441c6-avigate-to-rooms-management-chromium-admin/test-failed-1.png]]

[[ATTACHMENT|../tests/results/admin-dashboard-Admin-Dash-441c6-avigate-to-rooms-management-chromium-admin/video.webm]]

[[ATTACHMENT|../tests/results/admin-dashboard-Admin-Dash-441c6-avigate-to-rooms-management-chromium-admin/error-context.md]]

[[ATTACHMENT|../tests/results/admin-dashboard-Admin-Dash-441c6-avigate-to-rooms-management-chromium-admin-retry1/test-failed-1.png]]

[[ATTACHMENT|../tests/results/admin-dashboard-Admin-Dash-441c6-avigate-to-rooms-management-chromium-admin-retry1/video.webm]]

[[ATTACHMENT|../tests/results/admin-dashboard-Admin-Dash-441c6-avigate-to-rooms-management-chromium-admin-retry1/error-context.md]]

[[ATTACHMENT|../tests/results/admin-dashboard-Admin-Dash-441c6-avigate-to-rooms-management-chromium-admin-retry1/trace.zip]]
]]>
</system-out>
</testcase>
<testcase name="Admin Dashboard › should navigate to surf camps management" classname="admin/dashboard.spec.ts" time="19.628">
<failure message="dashboard.spec.ts:133:7 should navigate to surf camps management" type="FAILURE">
<![CDATA[  [chromium-admin] › admin/dashboard.spec.ts:133:7 › Admin Dashboard › should navigate to surf camps management 

    Error: expect(locator).toBeVisible() failed

    Locator:  locator('[data-testid="admin-dashboard-title"]')
    Expected: visible
    Received: <element(s) not found>
    Timeout:  5000ms

    Call log:
      - Expect "toBeVisible" with timeout 5000ms
      - waiting for locator('[data-testid="admin-dashboard-title"]')


      137 |     await page.goto('/admin')
      138 |     await page.waitForLoadState('networkidle')
    > 139 |     await expect(page.locator('[data-testid="admin-dashboard-title"]')).toBeVisible()
          |                                                                         ^
      140 |
      141 |     // Click on Manage Surf Camps button using data-testid for specificity
      142 |     await page.locator('[data-testid="manage-surf-camps-button"]').click()
        at /Users/lukatenbosch/Downloads/heiwahouse/wavecampdashboard/tests/admin/dashboard.spec.ts:139:73

    attachment #1: screenshot (image/png) ──────────────────────────────────────────────────────────
    results/admin-dashboard-Admin-Dash-15537-te-to-surf-camps-management-chromium-admin/test-failed-1.png
    ────────────────────────────────────────────────────────────────────────────────────────────────

    attachment #2: video (video/webm) ──────────────────────────────────────────────────────────────
    results/admin-dashboard-Admin-Dash-15537-te-to-surf-camps-management-chromium-admin/video.webm
    ────────────────────────────────────────────────────────────────────────────────────────────────

    Error Context: results/admin-dashboard-Admin-Dash-15537-te-to-surf-camps-management-chromium-admin/error-context.md

    Retry #1 ───────────────────────────────────────────────────────────────────────────────────────

    Error: expect(locator).toBeVisible() failed

    Locator:  locator('[data-testid="admin-dashboard-title"]')
    Expected: visible
    Received: <element(s) not found>
    Timeout:  5000ms

    Call log:
      - Expect "toBeVisible" with timeout 5000ms
      - waiting for locator('[data-testid="admin-dashboard-title"]')


      137 |     await page.goto('/admin')
      138 |     await page.waitForLoadState('networkidle')
    > 139 |     await expect(page.locator('[data-testid="admin-dashboard-title"]')).toBeVisible()
          |                                                                         ^
      140 |
      141 |     // Click on Manage Surf Camps button using data-testid for specificity
      142 |     await page.locator('[data-testid="manage-surf-camps-button"]').click()
        at /Users/lukatenbosch/Downloads/heiwahouse/wavecampdashboard/tests/admin/dashboard.spec.ts:139:73

    attachment #1: screenshot (image/png) ──────────────────────────────────────────────────────────
    results/admin-dashboard-Admin-Dash-15537-te-to-surf-camps-management-chromium-admin-retry1/test-failed-1.png
    ────────────────────────────────────────────────────────────────────────────────────────────────

    attachment #2: video (video/webm) ──────────────────────────────────────────────────────────────
    results/admin-dashboard-Admin-Dash-15537-te-to-surf-camps-management-chromium-admin-retry1/video.webm
    ────────────────────────────────────────────────────────────────────────────────────────────────

    Error Context: results/admin-dashboard-Admin-Dash-15537-te-to-surf-camps-management-chromium-admin-retry1/error-context.md

    attachment #4: trace (application/zip) ─────────────────────────────────────────────────────────
    results/admin-dashboard-Admin-Dash-15537-te-to-surf-camps-management-chromium-admin-retry1/trace.zip
    Usage:

        npx playwright show-trace results/admin-dashboard-Admin-Dash-15537-te-to-surf-camps-management-chromium-admin-retry1/trace.zip

    ────────────────────────────────────────────────────────────────────────────────────────────────
]]>
</failure>
<system-out>
<![CDATA[
[[ATTACHMENT|../tests/results/admin-dashboard-Admin-Dash-15537-te-to-surf-camps-management-chromium-admin/test-failed-1.png]]

[[ATTACHMENT|../tests/results/admin-dashboard-Admin-Dash-15537-te-to-surf-camps-management-chromium-admin/video.webm]]

[[ATTACHMENT|../tests/results/admin-dashboard-Admin-Dash-15537-te-to-surf-camps-management-chromium-admin/error-context.md]]

[[ATTACHMENT|../tests/results/admin-dashboard-Admin-Dash-15537-te-to-surf-camps-management-chromium-admin-retry1/test-failed-1.png]]

[[ATTACHMENT|../tests/results/admin-dashboard-Admin-Dash-15537-te-to-surf-camps-management-chromium-admin-retry1/video.webm]]

[[ATTACHMENT|../tests/results/admin-dashboard-Admin-Dash-15537-te-to-surf-camps-management-chromium-admin-retry1/error-context.md]]

[[ATTACHMENT|../tests/results/admin-dashboard-Admin-Dash-15537-te-to-surf-camps-management-chromium-admin-retry1/trace.zip]]
]]>
</system-out>
</testcase>
</testsuite>
<testsuite name="auth.spec.ts" timestamp="2025-09-17T23:26:21.514Z" hostname="chromium-admin" tests="15" failures="12" skipped="0" time="265.938" errors="0">
<testcase name="Whitelist Authentication (AUTH-001) › should allow whitelisted admin email to login" classname="auth.spec.ts" time="28.296">
<failure message="auth.spec.ts:155:7 should allow whitelisted admin email to login" type="FAILURE">
<![CDATA[  [chromium-admin] › auth.spec.ts:155:7 › Whitelist Authentication (AUTH-001) › should allow whitelisted admin email to login 

    Error: expect(locator).toBeVisible() failed

    Locator:  locator('[data-testid="admin-dashboard-title"]')
    Expected: visible
    Received: <element(s) not found>
    Timeout:  5000ms

    Call log:
      - Expect "toBeVisible" with timeout 5000ms
      - waiting for locator('[data-testid="admin-dashboard-title"]')


      171 |
      172 |     // Should successfully access admin dashboard
    > 173 |     await expect(page.locator('[data-testid="admin-dashboard-title"]')).toBeVisible();
          |                                                                         ^
      174 |   });
      175 |
      176 |   test('should reject non-whitelisted email login', async ({ page }) => {
        at /Users/lukatenbosch/Downloads/heiwahouse/wavecampdashboard/tests/auth.spec.ts:173:73

    attachment #1: screenshot (image/png) ──────────────────────────────────────────────────────────
    results/auth-Whitelist-Authenticat-0da50-listed-admin-email-to-login-chromium-admin/test-failed-1.png
    ────────────────────────────────────────────────────────────────────────────────────────────────

    attachment #2: video (video/webm) ──────────────────────────────────────────────────────────────
    results/auth-Whitelist-Authenticat-0da50-listed-admin-email-to-login-chromium-admin/video.webm
    ────────────────────────────────────────────────────────────────────────────────────────────────

    Error Context: results/auth-Whitelist-Authenticat-0da50-listed-admin-email-to-login-chromium-admin/error-context.md

    Retry #1 ───────────────────────────────────────────────────────────────────────────────────────

    Error: page.goto: net::ERR_ABORTED at http://localhost:3005/admin
    Call log:
      - navigating to "http://localhost:3005/admin", waiting until "load"


      167 |
      168 |     // Simulate login process
    > 169 |     await page.goto('/admin');
          |                ^
      170 |     await page.waitForLoadState('networkidle');
      171 |
      172 |     // Should successfully access admin dashboard
        at /Users/lukatenbosch/Downloads/heiwahouse/wavecampdashboard/tests/auth.spec.ts:169:16

    attachment #1: screenshot (image/png) ──────────────────────────────────────────────────────────
    results/auth-Whitelist-Authenticat-0da50-listed-admin-email-to-login-chromium-admin-retry1/test-failed-1.png
    ────────────────────────────────────────────────────────────────────────────────────────────────

    attachment #2: video (video/webm) ──────────────────────────────────────────────────────────────
    results/auth-Whitelist-Authenticat-0da50-listed-admin-email-to-login-chromium-admin-retry1/video.webm
    ────────────────────────────────────────────────────────────────────────────────────────────────

    Error Context: results/auth-Whitelist-Authenticat-0da50-listed-admin-email-to-login-chromium-admin-retry1/error-context.md

    attachment #4: trace (application/zip) ─────────────────────────────────────────────────────────
    results/auth-Whitelist-Authenticat-0da50-listed-admin-email-to-login-chromium-admin-retry1/trace.zip
    Usage:

        npx playwright show-trace results/auth-Whitelist-Authenticat-0da50-listed-admin-email-to-login-chromium-admin-retry1/trace.zip

    ────────────────────────────────────────────────────────────────────────────────────────────────
]]>
</failure>
<system-out>
<![CDATA[
[[ATTACHMENT|../tests/results/auth-Whitelist-Authenticat-0da50-listed-admin-email-to-login-chromium-admin/test-failed-1.png]]

[[ATTACHMENT|../tests/results/auth-Whitelist-Authenticat-0da50-listed-admin-email-to-login-chromium-admin/video.webm]]

[[ATTACHMENT|../tests/results/auth-Whitelist-Authenticat-0da50-listed-admin-email-to-login-chromium-admin/error-context.md]]

[[ATTACHMENT|../tests/results/auth-Whitelist-Authenticat-0da50-listed-admin-email-to-login-chromium-admin-retry1/test-failed-1.png]]

[[ATTACHMENT|../tests/results/auth-Whitelist-Authenticat-0da50-listed-admin-email-to-login-chromium-admin-retry1/video.webm]]

[[ATTACHMENT|../tests/results/auth-Whitelist-Authenticat-0da50-listed-admin-email-to-login-chromium-admin-retry1/error-context.md]]

[[ATTACHMENT|../tests/results/auth-Whitelist-Authenticat-0da50-listed-admin-email-to-login-chromium-admin-retry1/trace.zip]]
]]>
</system-out>
</testcase>
<testcase name="Whitelist Authentication (AUTH-001) › should reject non-whitelisted email login" classname="auth.spec.ts" time="12.517">
</testcase>
<testcase name="Whitelist Authentication (AUTH-001) › should persist session across page reloads" classname="auth.spec.ts" time="37.594">
<failure message="auth.spec.ts:203:7 should persist session across page reloads" type="FAILURE">
<![CDATA[  [chromium-admin] › auth.spec.ts:203:7 › Whitelist Authentication (AUTH-001) › should persist session across page reloads 

    Error: expect(locator).toBeVisible() failed

    Locator:  locator('main')
    Expected: visible
    Received: <element(s) not found>
    Timeout:  5000ms

    Call log:
      - Expect "toBeVisible" with timeout 5000ms
      - waiting for locator('main')


      215 |
      216 |     // Verify initial access
    > 217 |     await expect(page.locator('main')).toBeVisible();
          |                                        ^
      218 |
      219 |     // Reload page
      220 |     await page.reload();
        at /Users/lukatenbosch/Downloads/heiwahouse/wavecampdashboard/tests/auth.spec.ts:217:40

    attachment #1: screenshot (image/png) ──────────────────────────────────────────────────────────
    results/auth-Whitelist-Authenticat-649cb-session-across-page-reloads-chromium-admin/test-failed-1.png
    ────────────────────────────────────────────────────────────────────────────────────────────────

    attachment #2: video (video/webm) ──────────────────────────────────────────────────────────────
    results/auth-Whitelist-Authenticat-649cb-session-across-page-reloads-chromium-admin/video.webm
    ────────────────────────────────────────────────────────────────────────────────────────────────

    Error Context: results/auth-Whitelist-Authenticat-649cb-session-across-page-reloads-chromium-admin/error-context.md

    Retry #1 ───────────────────────────────────────────────────────────────────────────────────────

    Error: expect(locator).toBeVisible() failed

    Locator:  locator('main')
    Expected: visible
    Received: <element(s) not found>
    Timeout:  5000ms

    Call log:
      - Expect "toBeVisible" with timeout 5000ms
      - waiting for locator('main')


      215 |
      216 |     // Verify initial access
    > 217 |     await expect(page.locator('main')).toBeVisible();
          |                                        ^
      218 |
      219 |     // Reload page
      220 |     await page.reload();
        at /Users/lukatenbosch/Downloads/heiwahouse/wavecampdashboard/tests/auth.spec.ts:217:40

    attachment #1: screenshot (image/png) ──────────────────────────────────────────────────────────
    results/auth-Whitelist-Authenticat-649cb-session-across-page-reloads-chromium-admin-retry1/test-failed-1.png
    ────────────────────────────────────────────────────────────────────────────────────────────────

    attachment #2: video (video/webm) ──────────────────────────────────────────────────────────────
    results/auth-Whitelist-Authenticat-649cb-session-across-page-reloads-chromium-admin-retry1/video.webm
    ────────────────────────────────────────────────────────────────────────────────────────────────

    Error Context: results/auth-Whitelist-Authenticat-649cb-session-across-page-reloads-chromium-admin-retry1/error-context.md

    attachment #4: trace (application/zip) ─────────────────────────────────────────────────────────
    results/auth-Whitelist-Authenticat-649cb-session-across-page-reloads-chromium-admin-retry1/trace.zip
    Usage:

        npx playwright show-trace results/auth-Whitelist-Authenticat-649cb-session-across-page-reloads-chromium-admin-retry1/trace.zip

    ────────────────────────────────────────────────────────────────────────────────────────────────
]]>
</failure>
<system-out>
<![CDATA[
[[ATTACHMENT|../tests/results/auth-Whitelist-Authenticat-649cb-session-across-page-reloads-chromium-admin/test-failed-1.png]]

[[ATTACHMENT|../tests/results/auth-Whitelist-Authenticat-649cb-session-across-page-reloads-chromium-admin/video.webm]]

[[ATTACHMENT|../tests/results/auth-Whitelist-Authenticat-649cb-session-across-page-reloads-chromium-admin/error-context.md]]

[[ATTACHMENT|../tests/results/auth-Whitelist-Authenticat-649cb-session-across-page-reloads-chromium-admin-retry1/test-failed-1.png]]

[[ATTACHMENT|../tests/results/auth-Whitelist-Authenticat-649cb-session-across-page-reloads-chromium-admin-retry1/video.webm]]

[[ATTACHMENT|../tests/results/auth-Whitelist-Authenticat-649cb-session-across-page-reloads-chromium-admin-retry1/error-context.md]]

[[ATTACHMENT|../tests/results/auth-Whitelist-Authenticat-649cb-session-across-page-reloads-chromium-admin-retry1/trace.zip]]
]]>
</system-out>
</testcase>
<testcase name="Whitelist Authentication (AUTH-001) › should redirect to dashboard after successful login" classname="auth.spec.ts" time="13.764">
<failure message="auth.spec.ts:228:7 should redirect to dashboard after successful login" type="FAILURE">
<![CDATA[  [chromium-admin] › auth.spec.ts:228:7 › Whitelist Authentication (AUTH-001) › should redirect to dashboard after successful login 

    Error: expect(received).toContain(expected) // indexOf

    Expected substring: "/admin"
    Received string:    "http://localhost:3005/login"

      242 |
      243 |     // Should redirect to admin dashboard
    > 244 |     expect(page.url()).toContain('/admin');
          |                        ^
      245 |   });
      246 |
      247 |   test('should handle logout functionality', async ({ page }) => {
        at /Users/lukatenbosch/Downloads/heiwahouse/wavecampdashboard/tests/auth.spec.ts:244:24

    attachment #1: screenshot (image/png) ──────────────────────────────────────────────────────────
    results/auth-Whitelist-Authenticat-3f8ef-oard-after-successful-login-chromium-admin/test-failed-1.png
    ────────────────────────────────────────────────────────────────────────────────────────────────

    attachment #2: video (video/webm) ──────────────────────────────────────────────────────────────
    results/auth-Whitelist-Authenticat-3f8ef-oard-after-successful-login-chromium-admin/video.webm
    ────────────────────────────────────────────────────────────────────────────────────────────────

    Error Context: results/auth-Whitelist-Authenticat-3f8ef-oard-after-successful-login-chromium-admin/error-context.md

    Retry #1 ───────────────────────────────────────────────────────────────────────────────────────

    Error: expect(received).toContain(expected) // indexOf

    Expected substring: "/admin"
    Received string:    "http://localhost:3005/login"

      242 |
      243 |     // Should redirect to admin dashboard
    > 244 |     expect(page.url()).toContain('/admin');
          |                        ^
      245 |   });
      246 |
      247 |   test('should handle logout functionality', async ({ page }) => {
        at /Users/lukatenbosch/Downloads/heiwahouse/wavecampdashboard/tests/auth.spec.ts:244:24

    attachment #1: screenshot (image/png) ──────────────────────────────────────────────────────────
    results/auth-Whitelist-Authenticat-3f8ef-oard-after-successful-login-chromium-admin-retry1/test-failed-1.png
    ────────────────────────────────────────────────────────────────────────────────────────────────

    attachment #2: video (video/webm) ──────────────────────────────────────────────────────────────
    results/auth-Whitelist-Authenticat-3f8ef-oard-after-successful-login-chromium-admin-retry1/video.webm
    ────────────────────────────────────────────────────────────────────────────────────────────────

    Error Context: results/auth-Whitelist-Authenticat-3f8ef-oard-after-successful-login-chromium-admin-retry1/error-context.md

    attachment #4: trace (application/zip) ─────────────────────────────────────────────────────────
    results/auth-Whitelist-Authenticat-3f8ef-oard-after-successful-login-chromium-admin-retry1/trace.zip
    Usage:

        npx playwright show-trace results/auth-Whitelist-Authenticat-3f8ef-oard-after-successful-login-chromium-admin-retry1/trace.zip

    ────────────────────────────────────────────────────────────────────────────────────────────────
]]>
</failure>
<system-out>
<![CDATA[
[[ATTACHMENT|../tests/results/auth-Whitelist-Authenticat-3f8ef-oard-after-successful-login-chromium-admin/test-failed-1.png]]

[[ATTACHMENT|../tests/results/auth-Whitelist-Authenticat-3f8ef-oard-after-successful-login-chromium-admin/video.webm]]

[[ATTACHMENT|../tests/results/auth-Whitelist-Authenticat-3f8ef-oard-after-successful-login-chromium-admin/error-context.md]]

[[ATTACHMENT|../tests/results/auth-Whitelist-Authenticat-3f8ef-oard-after-successful-login-chromium-admin-retry1/test-failed-1.png]]

[[ATTACHMENT|../tests/results/auth-Whitelist-Authenticat-3f8ef-oard-after-successful-login-chromium-admin-retry1/video.webm]]

[[ATTACHMENT|../tests/results/auth-Whitelist-Authenticat-3f8ef-oard-after-successful-login-chromium-admin-retry1/error-context.md]]

[[ATTACHMENT|../tests/results/auth-Whitelist-Authenticat-3f8ef-oard-after-successful-login-chromium-admin-retry1/trace.zip]]
]]>
</system-out>
</testcase>
<testcase name="Whitelist Authentication (AUTH-001) › should handle logout functionality" classname="auth.spec.ts" time="14.196">
<failure message="auth.spec.ts:247:7 should handle logout functionality" type="FAILURE">
<![CDATA[  [chromium-admin] › auth.spec.ts:247:7 › Whitelist Authentication (AUTH-001) › should handle logout functionality 

    Error: page.evaluate: TypeError: window.logout is not a function
        at eval (eval at evaluate (:291:30), <anonymous>:2:14)
        at UtilityScript.evaluate (<anonymous>:293:16)
        at UtilityScript.<anonymous> (<anonymous>:1:44)
        at eval (eval at evaluate (:291:30), <anonymous>:2:14)
        at UtilityScript.evaluate (<anonymous>:293:16)
        at UtilityScript.<anonymous> (<anonymous>:1:44)
        at /Users/lukatenbosch/Downloads/heiwahouse/wavecampdashboard/tests/auth.spec.ts:270:16

    attachment #1: screenshot (image/png) ──────────────────────────────────────────────────────────
    results/auth-Whitelist-Authenticat-db793-handle-logout-functionality-chromium-admin/test-failed-1.png
    ────────────────────────────────────────────────────────────────────────────────────────────────

    attachment #2: video (video/webm) ──────────────────────────────────────────────────────────────
    results/auth-Whitelist-Authenticat-db793-handle-logout-functionality-chromium-admin/video.webm
    ────────────────────────────────────────────────────────────────────────────────────────────────

    Error Context: results/auth-Whitelist-Authenticat-db793-handle-logout-functionality-chromium-admin/error-context.md

    Retry #1 ───────────────────────────────────────────────────────────────────────────────────────

    Error: page.evaluate: TypeError: window.logout is not a function
        at eval (eval at evaluate (:291:30), <anonymous>:2:14)
        at UtilityScript.evaluate (<anonymous>:293:16)
        at UtilityScript.<anonymous> (<anonymous>:1:44)
        at eval (eval at evaluate (:291:30), <anonymous>:2:14)
        at UtilityScript.evaluate (<anonymous>:293:16)
        at UtilityScript.<anonymous> (<anonymous>:1:44)
        at /Users/lukatenbosch/Downloads/heiwahouse/wavecampdashboard/tests/auth.spec.ts:270:16

    attachment #1: screenshot (image/png) ──────────────────────────────────────────────────────────
    results/auth-Whitelist-Authenticat-db793-handle-logout-functionality-chromium-admin-retry1/test-failed-1.png
    ────────────────────────────────────────────────────────────────────────────────────────────────

    attachment #2: video (video/webm) ──────────────────────────────────────────────────────────────
    results/auth-Whitelist-Authenticat-db793-handle-logout-functionality-chromium-admin-retry1/video.webm
    ────────────────────────────────────────────────────────────────────────────────────────────────

    Error Context: results/auth-Whitelist-Authenticat-db793-handle-logout-functionality-chromium-admin-retry1/error-context.md

    attachment #4: trace (application/zip) ─────────────────────────────────────────────────────────
    results/auth-Whitelist-Authenticat-db793-handle-logout-functionality-chromium-admin-retry1/trace.zip
    Usage:

        npx playwright show-trace results/auth-Whitelist-Authenticat-db793-handle-logout-functionality-chromium-admin-retry1/trace.zip

    ────────────────────────────────────────────────────────────────────────────────────────────────
]]>
</failure>
<system-out>
<![CDATA[
[[ATTACHMENT|../tests/results/auth-Whitelist-Authenticat-db793-handle-logout-functionality-chromium-admin/test-failed-1.png]]

[[ATTACHMENT|../tests/results/auth-Whitelist-Authenticat-db793-handle-logout-functionality-chromium-admin/video.webm]]

[[ATTACHMENT|../tests/results/auth-Whitelist-Authenticat-db793-handle-logout-functionality-chromium-admin/error-context.md]]

[[ATTACHMENT|../tests/results/auth-Whitelist-Authenticat-db793-handle-logout-functionality-chromium-admin-retry1/test-failed-1.png]]

[[ATTACHMENT|../tests/results/auth-Whitelist-Authenticat-db793-handle-logout-functionality-chromium-admin-retry1/video.webm]]

[[ATTACHMENT|../tests/results/auth-Whitelist-Authenticat-db793-handle-logout-functionality-chromium-admin-retry1/error-context.md]]

[[ATTACHMENT|../tests/results/auth-Whitelist-Authenticat-db793-handle-logout-functionality-chromium-admin-retry1/trace.zip]]
]]>
</system-out>
</testcase>
<testcase name="Authentication and Security (AUTH-002, AUTH-004) › should redirect unauthenticated users from protected admin routes" classname="auth.spec.ts" time="51.498">
<failure message="auth.spec.ts:282:7 should redirect unauthenticated users from protected admin routes" type="FAILURE">
<![CDATA[  [chromium-admin] › auth.spec.ts:282:7 › Authentication and Security (AUTH-002, AUTH-004) › should redirect unauthenticated users from protected admin routes 

    Error: page.goto: net::ERR_ABORTED at http://localhost:3005/admin/rooms
    Call log:
      - navigating to "http://localhost:3005/admin/rooms", waiting until "load"


      297 |
      298 |     for (const route of adminRoutes) {
    > 299 |       await page.goto(route);
          |                  ^
      300 |       
      301 |       // Should redirect to login or show unauthorized
      302 |       await page.waitForTimeout(1000);
        at /Users/lukatenbosch/Downloads/heiwahouse/wavecampdashboard/tests/auth.spec.ts:299:18

    attachment #1: screenshot (image/png) ──────────────────────────────────────────────────────────
    results/auth-Authentication-and-Se-dc22d-from-protected-admin-routes-chromium-admin/test-failed-1.png
    ────────────────────────────────────────────────────────────────────────────────────────────────

    attachment #2: video (video/webm) ──────────────────────────────────────────────────────────────
    results/auth-Authentication-and-Se-dc22d-from-protected-admin-routes-chromium-admin/video.webm
    ────────────────────────────────────────────────────────────────────────────────────────────────

    Error Context: results/auth-Authentication-and-Se-dc22d-from-protected-admin-routes-chromium-admin/error-context.md

    Retry #1 ───────────────────────────────────────────────────────────────────────────────────────

    Error: expect(received).toBeTruthy()

    Received: false

      309 |                                     await page.locator('text=access denied').isVisible();
      310 |       
    > 311 |       expect(isRedirected || hasUnauthorizedMessage).toBeTruthy();
          |                                                      ^
      312 |     }
      313 |   });
      314 |
        at /Users/lukatenbosch/Downloads/heiwahouse/wavecampdashboard/tests/auth.spec.ts:311:54

    attachment #1: screenshot (image/png) ──────────────────────────────────────────────────────────
    results/auth-Authentication-and-Se-dc22d-from-protected-admin-routes-chromium-admin-retry1/test-failed-1.png
    ────────────────────────────────────────────────────────────────────────────────────────────────

    attachment #2: video (video/webm) ──────────────────────────────────────────────────────────────
    results/auth-Authentication-and-Se-dc22d-from-protected-admin-routes-chromium-admin-retry1/video.webm
    ────────────────────────────────────────────────────────────────────────────────────────────────

    Error Context: results/auth-Authentication-and-Se-dc22d-from-protected-admin-routes-chromium-admin-retry1/error-context.md

    attachment #4: trace (application/zip) ─────────────────────────────────────────────────────────
    results/auth-Authentication-and-Se-dc22d-from-protected-admin-routes-chromium-admin-retry1/trace.zip
    Usage:

        npx playwright show-trace results/auth-Authentication-and-Se-dc22d-from-protected-admin-routes-chromium-admin-retry1/trace.zip

    ────────────────────────────────────────────────────────────────────────────────────────────────
]]>
</failure>
<system-out>
<![CDATA[
[[ATTACHMENT|../tests/results/auth-Authentication-and-Se-dc22d-from-protected-admin-routes-chromium-admin/test-failed-1.png]]

[[ATTACHMENT|../tests/results/auth-Authentication-and-Se-dc22d-from-protected-admin-routes-chromium-admin/video.webm]]

[[ATTACHMENT|../tests/results/auth-Authentication-and-Se-dc22d-from-protected-admin-routes-chromium-admin/error-context.md]]

[[ATTACHMENT|../tests/results/auth-Authentication-and-Se-dc22d-from-protected-admin-routes-chromium-admin-retry1/test-failed-1.png]]

[[ATTACHMENT|../tests/results/auth-Authentication-and-Se-dc22d-from-protected-admin-routes-chromium-admin-retry1/video.webm]]

[[ATTACHMENT|../tests/results/auth-Authentication-and-Se-dc22d-from-protected-admin-routes-chromium-admin-retry1/error-context.md]]

[[ATTACHMENT|../tests/results/auth-Authentication-and-Se-dc22d-from-protected-admin-routes-chromium-admin-retry1/trace.zip]]
]]>
</system-out>
</testcase>
<testcase name="Authentication and Security (AUTH-002, AUTH-004) › should allow authenticated admin access to admin routes" classname="auth.spec.ts" time="25.445">
<failure message="auth.spec.ts:315:7 should allow authenticated admin access to admin routes" type="FAILURE">
<![CDATA[  [chromium-admin] › auth.spec.ts:315:7 › Authentication and Security (AUTH-002, AUTH-004) › should allow authenticated admin access to admin routes 

    Error: expect(locator).toBeVisible() failed

    Locator:  locator('text=Bookings')
    Expected: visible
    Received: <element(s) not found>
    Timeout:  5000ms

    Call log:
      - Expect "toBeVisible" with timeout 5000ms
      - waiting for locator('text=Bookings')


      331 |       
      332 |       // Should successfully load the page
    > 333 |       await expect(page.locator(`text=${route.title}`)).toBeVisible();
          |                                                         ^
      334 |     }
      335 |   });
      336 |
        at /Users/lukatenbosch/Downloads/heiwahouse/wavecampdashboard/tests/auth.spec.ts:333:57

    attachment #1: screenshot (image/png) ──────────────────────────────────────────────────────────
    results/auth-Authentication-and-Se-565ce-dmin-access-to-admin-routes-chromium-admin/test-failed-1.png
    ────────────────────────────────────────────────────────────────────────────────────────────────

    attachment #2: video (video/webm) ──────────────────────────────────────────────────────────────
    results/auth-Authentication-and-Se-565ce-dmin-access-to-admin-routes-chromium-admin/video.webm
    ────────────────────────────────────────────────────────────────────────────────────────────────

    Error Context: results/auth-Authentication-and-Se-565ce-dmin-access-to-admin-routes-chromium-admin/error-context.md

    Retry #1 ───────────────────────────────────────────────────────────────────────────────────────

    Error: expect(locator).toBeVisible() failed

    Locator:  locator('text=Bookings')
    Expected: visible
    Received: <element(s) not found>
    Timeout:  5000ms

    Call log:
      - Expect "toBeVisible" with timeout 5000ms
      - waiting for locator('text=Bookings')


      331 |       
      332 |       // Should successfully load the page
    > 333 |       await expect(page.locator(`text=${route.title}`)).toBeVisible();
          |                                                         ^
      334 |     }
      335 |   });
      336 |
        at /Users/lukatenbosch/Downloads/heiwahouse/wavecampdashboard/tests/auth.spec.ts:333:57

    attachment #1: screenshot (image/png) ──────────────────────────────────────────────────────────
    results/auth-Authentication-and-Se-565ce-dmin-access-to-admin-routes-chromium-admin-retry1/test-failed-1.png
    ────────────────────────────────────────────────────────────────────────────────────────────────

    attachment #2: video (video/webm) ──────────────────────────────────────────────────────────────
    results/auth-Authentication-and-Se-565ce-dmin-access-to-admin-routes-chromium-admin-retry1/video.webm
    ────────────────────────────────────────────────────────────────────────────────────────────────

    Error Context: results/auth-Authentication-and-Se-565ce-dmin-access-to-admin-routes-chromium-admin-retry1/error-context.md

    attachment #4: trace (application/zip) ─────────────────────────────────────────────────────────
    results/auth-Authentication-and-Se-565ce-dmin-access-to-admin-routes-chromium-admin-retry1/trace.zip
    Usage:

        npx playwright show-trace results/auth-Authentication-and-Se-565ce-dmin-access-to-admin-routes-chromium-admin-retry1/trace.zip

    ────────────────────────────────────────────────────────────────────────────────────────────────
]]>
</failure>
<system-out>
<![CDATA[
[[ATTACHMENT|../tests/results/auth-Authentication-and-Se-565ce-dmin-access-to-admin-routes-chromium-admin/test-failed-1.png]]

[[ATTACHMENT|../tests/results/auth-Authentication-and-Se-565ce-dmin-access-to-admin-routes-chromium-admin/video.webm]]

[[ATTACHMENT|../tests/results/auth-Authentication-and-Se-565ce-dmin-access-to-admin-routes-chromium-admin/error-context.md]]

[[ATTACHMENT|../tests/results/auth-Authentication-and-Se-565ce-dmin-access-to-admin-routes-chromium-admin-retry1/test-failed-1.png]]

[[ATTACHMENT|../tests/results/auth-Authentication-and-Se-565ce-dmin-access-to-admin-routes-chromium-admin-retry1/video.webm]]

[[ATTACHMENT|../tests/results/auth-Authentication-and-Se-565ce-dmin-access-to-admin-routes-chromium-admin-retry1/error-context.md]]

[[ATTACHMENT|../tests/results/auth-Authentication-and-Se-565ce-dmin-access-to-admin-routes-chromium-admin-retry1/trace.zip]]
]]>
</system-out>
</testcase>
<testcase name="Authentication and Security (AUTH-002, AUTH-004) › should deny client access to admin routes" classname="auth.spec.ts" time="1.683">
</testcase>
<testcase name="Authentication and Security (AUTH-002, AUTH-004) › should allow client access to client portal" classname="auth.spec.ts" time="19.667">
<failure message="auth.spec.ts:356:7 should allow client access to client portal" type="FAILURE">
<![CDATA[  [chromium-admin] › auth.spec.ts:356:7 › Authentication and Security (AUTH-002, AUTH-004) › should allow client access to client portal 

    Error: expect.toBeVisible: Error: strict mode violation: locator('text=Welcome') resolved to 2 elements:
        1) <span class="text-sm text-gray-600">Welcome back!</span> aka getByText('Welcome back!')
        2) <h3 class="font-semibold tracking-tight text-gray-900 text-2xl">Welcome to Heiwa House</h3> aka getByRole('heading', { name: 'Welcome to Heiwa House' })

    Call log:
      - Expect "toBeVisible" with timeout 5000ms
      - waiting for locator('text=Welcome')


      364 |     
      365 |     // Should successfully load client portal
    > 366 |     await expect(page.locator('text=Welcome')).toBeVisible();
          |                                                ^
      367 |   });
      368 |
      369 |   test('should enforce RLS policies for client data access', async ({ page }) => {
        at /Users/lukatenbosch/Downloads/heiwahouse/wavecampdashboard/tests/auth.spec.ts:366:48

    attachment #1: screenshot (image/png) ──────────────────────────────────────────────────────────
    results/auth-Authentication-and-Se-4bbdc-ent-access-to-client-portal-chromium-admin/test-failed-1.png
    ────────────────────────────────────────────────────────────────────────────────────────────────

    attachment #2: video (video/webm) ──────────────────────────────────────────────────────────────
    results/auth-Authentication-and-Se-4bbdc-ent-access-to-client-portal-chromium-admin/video.webm
    ────────────────────────────────────────────────────────────────────────────────────────────────

    Error Context: results/auth-Authentication-and-Se-4bbdc-ent-access-to-client-portal-chromium-admin/error-context.md

    Retry #1 ───────────────────────────────────────────────────────────────────────────────────────

    Error: expect.toBeVisible: Error: strict mode violation: locator('text=Welcome') resolved to 2 elements:
        1) <span class="text-sm text-gray-600">Welcome back!</span> aka getByText('Welcome back!')
        2) <h3 class="font-semibold tracking-tight text-gray-900 text-2xl">Welcome to Heiwa House</h3> aka getByRole('heading', { name: 'Welcome to Heiwa House' })

    Call log:
      - Expect "toBeVisible" with timeout 5000ms
      - waiting for locator('text=Welcome')


      364 |     
      365 |     // Should successfully load client portal
    > 366 |     await expect(page.locator('text=Welcome')).toBeVisible();
          |                                                ^
      367 |   });
      368 |
      369 |   test('should enforce RLS policies for client data access', async ({ page }) => {
        at /Users/lukatenbosch/Downloads/heiwahouse/wavecampdashboard/tests/auth.spec.ts:366:48

    attachment #1: screenshot (image/png) ──────────────────────────────────────────────────────────
    results/auth-Authentication-and-Se-4bbdc-ent-access-to-client-portal-chromium-admin-retry1/test-failed-1.png
    ────────────────────────────────────────────────────────────────────────────────────────────────

    attachment #2: video (video/webm) ──────────────────────────────────────────────────────────────
    results/auth-Authentication-and-Se-4bbdc-ent-access-to-client-portal-chromium-admin-retry1/video.webm
    ────────────────────────────────────────────────────────────────────────────────────────────────

    Error Context: results/auth-Authentication-and-Se-4bbdc-ent-access-to-client-portal-chromium-admin-retry1/error-context.md

    attachment #4: trace (application/zip) ─────────────────────────────────────────────────────────
    results/auth-Authentication-and-Se-4bbdc-ent-access-to-client-portal-chromium-admin-retry1/trace.zip
    Usage:

        npx playwright show-trace results/auth-Authentication-and-Se-4bbdc-ent-access-to-client-portal-chromium-admin-retry1/trace.zip

    ────────────────────────────────────────────────────────────────────────────────────────────────
]]>
</failure>
<system-out>
<![CDATA[
[[ATTACHMENT|../tests/results/auth-Authentication-and-Se-4bbdc-ent-access-to-client-portal-chromium-admin/test-failed-1.png]]

[[ATTACHMENT|../tests/results/auth-Authentication-and-Se-4bbdc-ent-access-to-client-portal-chromium-admin/video.webm]]

[[ATTACHMENT|../tests/results/auth-Authentication-and-Se-4bbdc-ent-access-to-client-portal-chromium-admin/error-context.md]]

[[ATTACHMENT|../tests/results/auth-Authentication-and-Se-4bbdc-ent-access-to-client-portal-chromium-admin-retry1/test-failed-1.png]]

[[ATTACHMENT|../tests/results/auth-Authentication-and-Se-4bbdc-ent-access-to-client-portal-chromium-admin-retry1/video.webm]]

[[ATTACHMENT|../tests/results/auth-Authentication-and-Se-4bbdc-ent-access-to-client-portal-chromium-admin-retry1/error-context.md]]

[[ATTACHMENT|../tests/results/auth-Authentication-and-Se-4bbdc-ent-access-to-client-portal-chromium-admin-retry1/trace.zip]]
]]>
</system-out>
</testcase>
<testcase name="Authentication and Security (AUTH-002, AUTH-004) › should enforce RLS policies for client data access" classname="auth.spec.ts" time="13.835">
</testcase>
<testcase name="Authentication and Security (AUTH-002, AUTH-004) › should enforce admin-only API endpoints" classname="auth.spec.ts" time="11.52">
<failure message="auth.spec.ts:406:7 should enforce admin-only API endpoints" type="FAILURE">
<![CDATA[  [chromium-admin] › auth.spec.ts:406:7 › Authentication and Security (AUTH-002, AUTH-004) › should enforce admin-only API endpoints 

    Error: page.evaluate: Execution context was destroyed, most likely because of a navigation

      413 |     
      414 |     // Test GDPR endpoints require admin auth
    > 415 |     const unauthenticatedResponse = await page.evaluate(async () => {
          |                                                ^
      416 |       const response = await fetch('/api/gdpr/export', {
      417 |         method: 'POST',
      418 |         headers: { 'Content-Type': 'application/json' },
        at /Users/lukatenbosch/Downloads/heiwahouse/wavecampdashboard/tests/auth.spec.ts:415:48

    attachment #1: screenshot (image/png) ──────────────────────────────────────────────────────────
    results/auth-Authentication-and-Se-93407-ce-admin-only-API-endpoints-chromium-admin/test-failed-1.png
    ────────────────────────────────────────────────────────────────────────────────────────────────

    attachment #2: video (video/webm) ──────────────────────────────────────────────────────────────
    results/auth-Authentication-and-Se-93407-ce-admin-only-API-endpoints-chromium-admin/video.webm
    ────────────────────────────────────────────────────────────────────────────────────────────────

    Error Context: results/auth-Authentication-and-Se-93407-ce-admin-only-API-endpoints-chromium-admin/error-context.md

    Retry #1 ───────────────────────────────────────────────────────────────────────────────────────

    Error: page.evaluate: Execution context was destroyed, most likely because of a navigation

      413 |     
      414 |     // Test GDPR endpoints require admin auth
    > 415 |     const unauthenticatedResponse = await page.evaluate(async () => {
          |                                                ^
      416 |       const response = await fetch('/api/gdpr/export', {
      417 |         method: 'POST',
      418 |         headers: { 'Content-Type': 'application/json' },
        at /Users/lukatenbosch/Downloads/heiwahouse/wavecampdashboard/tests/auth.spec.ts:415:48

    attachment #1: screenshot (image/png) ──────────────────────────────────────────────────────────
    results/auth-Authentication-and-Se-93407-ce-admin-only-API-endpoints-chromium-admin-retry1/test-failed-1.png
    ────────────────────────────────────────────────────────────────────────────────────────────────

    attachment #2: video (video/webm) ──────────────────────────────────────────────────────────────
    results/auth-Authentication-and-Se-93407-ce-admin-only-API-endpoints-chromium-admin-retry1/video.webm
    ────────────────────────────────────────────────────────────────────────────────────────────────

    Error Context: results/auth-Authentication-and-Se-93407-ce-admin-only-API-endpoints-chromium-admin-retry1/error-context.md

    attachment #4: trace (application/zip) ─────────────────────────────────────────────────────────
    results/auth-Authentication-and-Se-93407-ce-admin-only-API-endpoints-chromium-admin-retry1/trace.zip
    Usage:

        npx playwright show-trace results/auth-Authentication-and-Se-93407-ce-admin-only-API-endpoints-chromium-admin-retry1/trace.zip

    ────────────────────────────────────────────────────────────────────────────────────────────────
]]>
</failure>
<system-out>
<![CDATA[
[[ATTACHMENT|../tests/results/auth-Authentication-and-Se-93407-ce-admin-only-API-endpoints-chromium-admin/test-failed-1.png]]

[[ATTACHMENT|../tests/results/auth-Authentication-and-Se-93407-ce-admin-only-API-endpoints-chromium-admin/video.webm]]

[[ATTACHMENT|../tests/results/auth-Authentication-and-Se-93407-ce-admin-only-API-endpoints-chromium-admin/error-context.md]]

[[ATTACHMENT|../tests/results/auth-Authentication-and-Se-93407-ce-admin-only-API-endpoints-chromium-admin-retry1/test-failed-1.png]]

[[ATTACHMENT|../tests/results/auth-Authentication-and-Se-93407-ce-admin-only-API-endpoints-chromium-admin-retry1/video.webm]]

[[ATTACHMENT|../tests/results/auth-Authentication-and-Se-93407-ce-admin-only-API-endpoints-chromium-admin-retry1/error-context.md]]

[[ATTACHMENT|../tests/results/auth-Authentication-and-Se-93407-ce-admin-only-API-endpoints-chromium-admin-retry1/trace.zip]]
]]>
</system-out>
</testcase>
<testcase name="Authentication and Security (AUTH-002, AUTH-004) › should log GDPR actions in consent_logs table" classname="auth.spec.ts" time="7.98">
<failure message="auth.spec.ts:471:7 should log GDPR actions in consent_logs table" type="FAILURE">
<![CDATA[  [chromium-admin] › auth.spec.ts:471:7 › Authentication and Security (AUTH-002, AUTH-004) › should log GDPR actions in consent_logs table 

    Error: expect(received).toHaveLength(expected)

    Expected length: 1
    Received length: 0
    Received array:  []

      518 |     // Verify consent log was created
      519 |     const consentLogs = await page.evaluate(() => (window as any).__consentLogs);
    > 520 |     expect(consentLogs).toHaveLength(1);
          |                         ^
      521 |     expect(consentLogs[0].action).toBe('data_export');
      522 |     expect(consentLogs[0].user_id).toBe('client_123');
      523 |   });
        at /Users/lukatenbosch/Downloads/heiwahouse/wavecampdashboard/tests/auth.spec.ts:520:25

    attachment #1: screenshot (image/png) ──────────────────────────────────────────────────────────
    results/auth-Authentication-and-Se-a1f1e-tions-in-consent-logs-table-chromium-admin/test-failed-1.png
    ────────────────────────────────────────────────────────────────────────────────────────────────

    attachment #2: video (video/webm) ──────────────────────────────────────────────────────────────
    results/auth-Authentication-and-Se-a1f1e-tions-in-consent-logs-table-chromium-admin/video.webm
    ────────────────────────────────────────────────────────────────────────────────────────────────

    Error Context: results/auth-Authentication-and-Se-a1f1e-tions-in-consent-logs-table-chromium-admin/error-context.md

    Retry #1 ───────────────────────────────────────────────────────────────────────────────────────

    Error: expect(received).toHaveLength(expected)

    Expected length: 1
    Received length: 0
    Received array:  []

      518 |     // Verify consent log was created
      519 |     const consentLogs = await page.evaluate(() => (window as any).__consentLogs);
    > 520 |     expect(consentLogs).toHaveLength(1);
          |                         ^
      521 |     expect(consentLogs[0].action).toBe('data_export');
      522 |     expect(consentLogs[0].user_id).toBe('client_123');
      523 |   });
        at /Users/lukatenbosch/Downloads/heiwahouse/wavecampdashboard/tests/auth.spec.ts:520:25

    attachment #1: screenshot (image/png) ──────────────────────────────────────────────────────────
    results/auth-Authentication-and-Se-a1f1e-tions-in-consent-logs-table-chromium-admin-retry1/test-failed-1.png
    ────────────────────────────────────────────────────────────────────────────────────────────────

    attachment #2: video (video/webm) ──────────────────────────────────────────────────────────────
    results/auth-Authentication-and-Se-a1f1e-tions-in-consent-logs-table-chromium-admin-retry1/video.webm
    ────────────────────────────────────────────────────────────────────────────────────────────────

    Error Context: results/auth-Authentication-and-Se-a1f1e-tions-in-consent-logs-table-chromium-admin-retry1/error-context.md

    attachment #4: trace (application/zip) ─────────────────────────────────────────────────────────
    results/auth-Authentication-and-Se-a1f1e-tions-in-consent-logs-table-chromium-admin-retry1/trace.zip
    Usage:

        npx playwright show-trace results/auth-Authentication-and-Se-a1f1e-tions-in-consent-logs-table-chromium-admin-retry1/trace.zip

    ────────────────────────────────────────────────────────────────────────────────────────────────
]]>
</failure>
<system-out>
<![CDATA[
[[ATTACHMENT|../tests/results/auth-Authentication-and-Se-a1f1e-tions-in-consent-logs-table-chromium-admin/test-failed-1.png]]

[[ATTACHMENT|../tests/results/auth-Authentication-and-Se-a1f1e-tions-in-consent-logs-table-chromium-admin/video.webm]]

[[ATTACHMENT|../tests/results/auth-Authentication-and-Se-a1f1e-tions-in-consent-logs-table-chromium-admin/error-context.md]]

[[ATTACHMENT|../tests/results/auth-Authentication-and-Se-a1f1e-tions-in-consent-logs-table-chromium-admin-retry1/test-failed-1.png]]

[[ATTACHMENT|../tests/results/auth-Authentication-and-Se-a1f1e-tions-in-consent-logs-table-chromium-admin-retry1/video.webm]]

[[ATTACHMENT|../tests/results/auth-Authentication-and-Se-a1f1e-tions-in-consent-logs-table-chromium-admin-retry1/error-context.md]]

[[ATTACHMENT|../tests/results/auth-Authentication-and-Se-a1f1e-tions-in-consent-logs-table-chromium-admin-retry1/trace.zip]]
]]>
</system-out>
</testcase>
<testcase name="Authentication and Security (AUTH-002, AUTH-004) › should handle session expiration gracefully" classname="auth.spec.ts" time="8.247">
<failure message="auth.spec.ts:525:7 should handle session expiration gracefully" type="FAILURE">
<![CDATA[  [chromium-admin] › auth.spec.ts:525:7 › Authentication and Security (AUTH-002, AUTH-004) › should handle session expiration gracefully 

    Error: expect(received).toBeTruthy()

    Received: false

      555 |                                     await page.locator('text=please log in').isVisible();
      556 |     
    > 557 |     expect(hasSessionExpiredMessage).toBeTruthy();
          |                                      ^
      558 |   });
      559 |
      560 |   test('should validate JWT tokens properly', async ({ page }) => {
        at /Users/lukatenbosch/Downloads/heiwahouse/wavecampdashboard/tests/auth.spec.ts:557:38

    attachment #1: screenshot (image/png) ──────────────────────────────────────────────────────────
    results/auth-Authentication-and-Se-a82c6-ssion-expiration-gracefully-chromium-admin/test-failed-1.png
    ────────────────────────────────────────────────────────────────────────────────────────────────

    attachment #2: video (video/webm) ──────────────────────────────────────────────────────────────
    results/auth-Authentication-and-Se-a82c6-ssion-expiration-gracefully-chromium-admin/video.webm
    ────────────────────────────────────────────────────────────────────────────────────────────────

    Error Context: results/auth-Authentication-and-Se-a82c6-ssion-expiration-gracefully-chromium-admin/error-context.md

    Retry #1 ───────────────────────────────────────────────────────────────────────────────────────

    Error: expect(received).toBeTruthy()

    Received: false

      555 |                                     await page.locator('text=please log in').isVisible();
      556 |     
    > 557 |     expect(hasSessionExpiredMessage).toBeTruthy();
          |                                      ^
      558 |   });
      559 |
      560 |   test('should validate JWT tokens properly', async ({ page }) => {
        at /Users/lukatenbosch/Downloads/heiwahouse/wavecampdashboard/tests/auth.spec.ts:557:38

    attachment #1: screenshot (image/png) ──────────────────────────────────────────────────────────
    results/auth-Authentication-and-Se-a82c6-ssion-expiration-gracefully-chromium-admin-retry1/test-failed-1.png
    ────────────────────────────────────────────────────────────────────────────────────────────────

    attachment #2: video (video/webm) ──────────────────────────────────────────────────────────────
    results/auth-Authentication-and-Se-a82c6-ssion-expiration-gracefully-chromium-admin-retry1/video.webm
    ────────────────────────────────────────────────────────────────────────────────────────────────

    Error Context: results/auth-Authentication-and-Se-a82c6-ssion-expiration-gracefully-chromium-admin-retry1/error-context.md

    attachment #4: trace (application/zip) ─────────────────────────────────────────────────────────
    results/auth-Authentication-and-Se-a82c6-ssion-expiration-gracefully-chromium-admin-retry1/trace.zip
    Usage:

        npx playwright show-trace results/auth-Authentication-and-Se-a82c6-ssion-expiration-gracefully-chromium-admin-retry1/trace.zip

    ────────────────────────────────────────────────────────────────────────────────────────────────
]]>
</failure>
<system-out>
<![CDATA[
[[ATTACHMENT|../tests/results/auth-Authentication-and-Se-a82c6-ssion-expiration-gracefully-chromium-admin/test-failed-1.png]]

[[ATTACHMENT|../tests/results/auth-Authentication-and-Se-a82c6-ssion-expiration-gracefully-chromium-admin/video.webm]]

[[ATTACHMENT|../tests/results/auth-Authentication-and-Se-a82c6-ssion-expiration-gracefully-chromium-admin/error-context.md]]

[[ATTACHMENT|../tests/results/auth-Authentication-and-Se-a82c6-ssion-expiration-gracefully-chromium-admin-retry1/test-failed-1.png]]

[[ATTACHMENT|../tests/results/auth-Authentication-and-Se-a82c6-ssion-expiration-gracefully-chromium-admin-retry1/video.webm]]

[[ATTACHMENT|../tests/results/auth-Authentication-and-Se-a82c6-ssion-expiration-gracefully-chromium-admin-retry1/error-context.md]]

[[ATTACHMENT|../tests/results/auth-Authentication-and-Se-a82c6-ssion-expiration-gracefully-chromium-admin-retry1/trace.zip]]
]]>
</system-out>
</testcase>
<testcase name="Authentication and Security (AUTH-002, AUTH-004) › should validate JWT tokens properly" classname="auth.spec.ts" time="1.914">
<failure message="auth.spec.ts:560:7 should validate JWT tokens properly" type="FAILURE">
<![CDATA[  [chromium-admin] › auth.spec.ts:560:7 › Authentication and Security (AUTH-002, AUTH-004) › should validate JWT tokens properly 

    Error: page.evaluate: TypeError: window.validateJWT is not a function
        at eval (eval at evaluate (:291:30), <anonymous>:2:21)
        at UtilityScript.evaluate (<anonymous>:293:16)
        at UtilityScript.<anonymous> (<anonymous>:1:44)
        at eval (eval at evaluate (:291:30), <anonymous>:2:21)
        at UtilityScript.evaluate (<anonymous>:293:16)
        at UtilityScript.<anonymous> (<anonymous>:1:44)
        at /Users/lukatenbosch/Downloads/heiwahouse/wavecampdashboard/tests/auth.spec.ts:570:41

    attachment #1: screenshot (image/png) ──────────────────────────────────────────────────────────
    results/auth-Authentication-and-Se-73be3-alidate-JWT-tokens-properly-chromium-admin/test-failed-1.png
    ────────────────────────────────────────────────────────────────────────────────────────────────

    attachment #2: video (video/webm) ──────────────────────────────────────────────────────────────
    results/auth-Authentication-and-Se-73be3-alidate-JWT-tokens-properly-chromium-admin/video.webm
    ────────────────────────────────────────────────────────────────────────────────────────────────

    Retry #1 ───────────────────────────────────────────────────────────────────────────────────────

    Error: page.evaluate: TypeError: window.validateJWT is not a function
        at eval (eval at evaluate (:291:30), <anonymous>:2:21)
        at UtilityScript.evaluate (<anonymous>:293:16)
        at UtilityScript.<anonymous> (<anonymous>:1:44)
        at eval (eval at evaluate (:291:30), <anonymous>:2:21)
        at UtilityScript.evaluate (<anonymous>:293:16)
        at UtilityScript.<anonymous> (<anonymous>:1:44)
        at /Users/lukatenbosch/Downloads/heiwahouse/wavecampdashboard/tests/auth.spec.ts:570:41

    attachment #1: screenshot (image/png) ──────────────────────────────────────────────────────────
    results/auth-Authentication-and-Se-73be3-alidate-JWT-tokens-properly-chromium-admin-retry1/test-failed-1.png
    ────────────────────────────────────────────────────────────────────────────────────────────────

    attachment #2: video (video/webm) ──────────────────────────────────────────────────────────────
    results/auth-Authentication-and-Se-73be3-alidate-JWT-tokens-properly-chromium-admin-retry1/video.webm
    ────────────────────────────────────────────────────────────────────────────────────────────────

    attachment #3: trace (application/zip) ─────────────────────────────────────────────────────────
    results/auth-Authentication-and-Se-73be3-alidate-JWT-tokens-properly-chromium-admin-retry1/trace.zip
    Usage:

        npx playwright show-trace results/auth-Authentication-and-Se-73be3-alidate-JWT-tokens-properly-chromium-admin-retry1/trace.zip

    ────────────────────────────────────────────────────────────────────────────────────────────────
]]>
</failure>
<system-out>
<![CDATA[
[[ATTACHMENT|../tests/results/auth-Authentication-and-Se-73be3-alidate-JWT-tokens-properly-chromium-admin/test-failed-1.png]]

[[ATTACHMENT|../tests/results/auth-Authentication-and-Se-73be3-alidate-JWT-tokens-properly-chromium-admin/video.webm]]

[[ATTACHMENT|../tests/results/auth-Authentication-and-Se-73be3-alidate-JWT-tokens-properly-chromium-admin-retry1/test-failed-1.png]]

[[ATTACHMENT|../tests/results/auth-Authentication-and-Se-73be3-alidate-JWT-tokens-properly-chromium-admin-retry1/video.webm]]

[[ATTACHMENT|../tests/results/auth-Authentication-and-Se-73be3-alidate-JWT-tokens-properly-chromium-admin-retry1/trace.zip]]
]]>
</system-out>
</testcase>
<testcase name="Authentication and Security (AUTH-002, AUTH-004) › should take snapshots for visual regression" classname="auth.spec.ts" time="17.782">
<failure message="auth.spec.ts:582:7 should take snapshots for visual regression" type="FAILURE">
<![CDATA[  [chromium-admin] › auth.spec.ts:582:7 › Authentication and Security (AUTH-002, AUTH-004) › should take snapshots for visual regression 

    Error: A snapshot doesn't exist at /Users/lukatenbosch/Downloads/heiwahouse/wavecampdashboard/tests/auth.spec.ts-snapshots/auth-admin-view-chromium-admin-darwin.png, writing actual.

      591 |
      592 |     // Take screenshot of authenticated admin view
    > 593 |     await expect(page.locator('body')).toHaveScreenshot('auth-admin-view.png');
          |     ^
      594 |
      595 |     // Test login page snapshot
      596 |     await page.addInitScript(() => {
        at /Users/lukatenbosch/Downloads/heiwahouse/wavecampdashboard/tests/auth.spec.ts:593:5

    Error: A snapshot doesn't exist at /Users/lukatenbosch/Downloads/heiwahouse/wavecampdashboard/tests/auth.spec.ts-snapshots/auth-login-page-chromium-admin-darwin.png, writing actual.

      602 |     await page.waitForTimeout(500);
      603 |
    > 604 |     await expect(page.locator('body')).toHaveScreenshot('auth-login-page.png');
          |     ^
      605 |
      606 |     // Test unauthorized access snapshot
      607 |     await page.goto('/admin/compliance');
        at /Users/lukatenbosch/Downloads/heiwahouse/wavecampdashboard/tests/auth.spec.ts:604:5

    Error: A snapshot doesn't exist at /Users/lukatenbosch/Downloads/heiwahouse/wavecampdashboard/tests/auth.spec.ts-snapshots/auth-unauthorized-access-chromium-admin-darwin.png, writing actual.

      609 |     await page.waitForTimeout(500);
      610 |
    > 611 |     await expect(page.locator('body')).toHaveScreenshot('auth-unauthorized-access.png');
          |     ^
      612 |   });
      613 | });
      614 |
        at /Users/lukatenbosch/Downloads/heiwahouse/wavecampdashboard/tests/auth.spec.ts:611:5

    attachment #1: auth-admin-view (image/png) ─────────────────────────────────────────────────────
    Expected: auth.spec.ts-snapshots/auth-admin-view-chromium-admin-darwin.png
    Received: results/auth-Authentication-and-Se-73236-shots-for-visual-regression-chromium-admin/auth-admin-view-actual.png
    ────────────────────────────────────────────────────────────────────────────────────────────────

    attachment #2: auth-login-page (image/png) ─────────────────────────────────────────────────────
    Expected: auth.spec.ts-snapshots/auth-login-page-chromium-admin-darwin.png
    Received: results/auth-Authentication-and-Se-73236-shots-for-visual-regression-chromium-admin/auth-login-page-actual.png
    ────────────────────────────────────────────────────────────────────────────────────────────────

    attachment #3: auth-unauthorized-access (image/png) ────────────────────────────────────────────
    Expected: auth.spec.ts-snapshots/auth-unauthorized-access-chromium-admin-darwin.png
    Received: results/auth-Authentication-and-Se-73236-shots-for-visual-regression-chromium-admin/auth-unauthorized-access-actual.png
    ────────────────────────────────────────────────────────────────────────────────────────────────

    attachment #4: screenshot (image/png) ──────────────────────────────────────────────────────────
    results/auth-Authentication-and-Se-73236-shots-for-visual-regression-chromium-admin/test-failed-1.png
    ────────────────────────────────────────────────────────────────────────────────────────────────

    attachment #5: video (video/webm) ──────────────────────────────────────────────────────────────
    results/auth-Authentication-and-Se-73236-shots-for-visual-regression-chromium-admin/video.webm
    ────────────────────────────────────────────────────────────────────────────────────────────────

    Error Context: results/auth-Authentication-and-Se-73236-shots-for-visual-regression-chromium-admin/error-context.md
]]>
</failure>
<system-out>
<![CDATA[
[[ATTACHMENT|../tests/auth.spec.ts-snapshots/auth-admin-view-chromium-admin-darwin.png]]

[[ATTACHMENT|../tests/results/auth-Authentication-and-Se-73236-shots-for-visual-regression-chromium-admin/auth-admin-view-actual.png]]

[[ATTACHMENT|../tests/auth.spec.ts-snapshots/auth-login-page-chromium-admin-darwin.png]]

[[ATTACHMENT|../tests/results/auth-Authentication-and-Se-73236-shots-for-visual-regression-chromium-admin/auth-login-page-actual.png]]

[[ATTACHMENT|../tests/auth.spec.ts-snapshots/auth-unauthorized-access-chromium-admin-darwin.png]]

[[ATTACHMENT|../tests/results/auth-Authentication-and-Se-73236-shots-for-visual-regression-chromium-admin/auth-unauthorized-access-actual.png]]

[[ATTACHMENT|../tests/results/auth-Authentication-and-Se-73236-shots-for-visual-regression-chromium-admin/test-failed-1.png]]

[[ATTACHMENT|../tests/results/auth-Authentication-and-Se-73236-shots-for-visual-regression-chromium-admin/video.webm]]

[[ATTACHMENT|../tests/results/auth-Authentication-and-Se-73236-shots-for-visual-regression-chromium-admin/error-context.md]]
]]>
</system-out>
</testcase>
</testsuite>
<testsuite name="dashboard.spec.ts" timestamp="2025-09-17T23:26:21.514Z" hostname="chromium-admin" tests="16" failures="15" skipped="0" time="337.867" errors="0">
<testcase name="Dashboard Metrics Loading (DASH-001) › should load and display key metrics" classname="dashboard.spec.ts" time="21.212">
<failure message="dashboard.spec.ts:61:7 should load and display key metrics" type="FAILURE">
<![CDATA[  [chromium-admin] › dashboard.spec.ts:61:7 › Dashboard Metrics Loading (DASH-001) › should load and display key metrics 

    Error: expect(locator).toBeVisible() failed

    Locator:  locator('[data-testid="admin-dashboard-title"]')
    Expected: visible
    Received: <element(s) not found>
    Timeout:  5000ms

    Call log:
      - Expect "toBeVisible" with timeout 5000ms
      - waiting for locator('[data-testid="admin-dashboard-title"]')


      64 |
      65 |     // Verify dashboard title
    > 66 |     await expect(page.locator('[data-testid="admin-dashboard-title"]')).toBeVisible();
         |                                                                         ^
      67 |
      68 |     // Verify all dashboard cards are loaded
      69 |     await expect(page.locator('[data-testid="dashboard-card-bookings"]')).toBeVisible();
        at /Users/lukatenbosch/Downloads/heiwahouse/wavecampdashboard/tests/dashboard.spec.ts:66:73

    attachment #1: screenshot (image/png) ──────────────────────────────────────────────────────────
    results/dashboard-Dashboard-Metric-acc58-oad-and-display-key-metrics-chromium-admin/test-failed-1.png
    ────────────────────────────────────────────────────────────────────────────────────────────────

    attachment #2: video (video/webm) ──────────────────────────────────────────────────────────────
    results/dashboard-Dashboard-Metric-acc58-oad-and-display-key-metrics-chromium-admin/video.webm
    ────────────────────────────────────────────────────────────────────────────────────────────────

    Error Context: results/dashboard-Dashboard-Metric-acc58-oad-and-display-key-metrics-chromium-admin/error-context.md

    Retry #1 ───────────────────────────────────────────────────────────────────────────────────────

    Error: expect(locator).toBeVisible() failed

    Locator:  locator('[data-testid="admin-dashboard-title"]')
    Expected: visible
    Received: <element(s) not found>
    Timeout:  5000ms

    Call log:
      - Expect "toBeVisible" with timeout 5000ms
      - waiting for locator('[data-testid="admin-dashboard-title"]')


      64 |
      65 |     // Verify dashboard title
    > 66 |     await expect(page.locator('[data-testid="admin-dashboard-title"]')).toBeVisible();
         |                                                                         ^
      67 |
      68 |     // Verify all dashboard cards are loaded
      69 |     await expect(page.locator('[data-testid="dashboard-card-bookings"]')).toBeVisible();
        at /Users/lukatenbosch/Downloads/heiwahouse/wavecampdashboard/tests/dashboard.spec.ts:66:73

    attachment #1: screenshot (image/png) ──────────────────────────────────────────────────────────
    results/dashboard-Dashboard-Metric-acc58-oad-and-display-key-metrics-chromium-admin-retry1/test-failed-1.png
    ────────────────────────────────────────────────────────────────────────────────────────────────

    attachment #2: video (video/webm) ──────────────────────────────────────────────────────────────
    results/dashboard-Dashboard-Metric-acc58-oad-and-display-key-metrics-chromium-admin-retry1/video.webm
    ────────────────────────────────────────────────────────────────────────────────────────────────

    Error Context: results/dashboard-Dashboard-Metric-acc58-oad-and-display-key-metrics-chromium-admin-retry1/error-context.md

    attachment #4: trace (application/zip) ─────────────────────────────────────────────────────────
    results/dashboard-Dashboard-Metric-acc58-oad-and-display-key-metrics-chromium-admin-retry1/trace.zip
    Usage:

        npx playwright show-trace results/dashboard-Dashboard-Metric-acc58-oad-and-display-key-metrics-chromium-admin-retry1/trace.zip

    ────────────────────────────────────────────────────────────────────────────────────────────────
]]>
</failure>
<system-out>
<![CDATA[
[[ATTACHMENT|../tests/results/dashboard-Dashboard-Metric-acc58-oad-and-display-key-metrics-chromium-admin/test-failed-1.png]]

[[ATTACHMENT|../tests/results/dashboard-Dashboard-Metric-acc58-oad-and-display-key-metrics-chromium-admin/video.webm]]

[[ATTACHMENT|../tests/results/dashboard-Dashboard-Metric-acc58-oad-and-display-key-metrics-chromium-admin/error-context.md]]

[[ATTACHMENT|../tests/results/dashboard-Dashboard-Metric-acc58-oad-and-display-key-metrics-chromium-admin-retry1/test-failed-1.png]]

[[ATTACHMENT|../tests/results/dashboard-Dashboard-Metric-acc58-oad-and-display-key-metrics-chromium-admin-retry1/video.webm]]

[[ATTACHMENT|../tests/results/dashboard-Dashboard-Metric-acc58-oad-and-display-key-metrics-chromium-admin-retry1/error-context.md]]

[[ATTACHMENT|../tests/results/dashboard-Dashboard-Metric-acc58-oad-and-display-key-metrics-chromium-admin-retry1/trace.zip]]
]]>
</system-out>
</testcase>
<testcase name="Dashboard Metrics Loading (DASH-001) › should display analytics charts properly" classname="dashboard.spec.ts" time="15.96">
<failure message="dashboard.spec.ts:80:7 should display analytics charts properly" type="FAILURE">
<![CDATA[  [chromium-admin] › dashboard.spec.ts:80:7 › Dashboard Metrics Loading (DASH-001) › should display analytics charts properly 

    Error: expect.toBeVisible: Error: strict mode violation: locator('.chart-container, [data-testid*="chart"], canvas, svg') resolved to 4 elements:
        1) <svg width="24" height="24" fill="none" stroke-width="2" aria-hidden="true" viewBox="0 0 24 24" stroke="currentColor" stroke-linecap="round" stroke-linejoin="round" xmlns="http://www.w3.org/2000/svg" class="lucide lucide-waves w-8 h-8 text-white">…</svg> aka locator('div').filter({ hasText: /^Heiwa HouseAdmin Dashboard Login$/ }).locator('svg')
        2) <svg width="24" height="24" fill="none" stroke-width="2" aria-hidden="true" viewBox="0 0 24 24" stroke="currentColor" stroke-linecap="round" stroke-linejoin="round" xmlns="http://www.w3.org/2000/svg" class="lucide lucide-mail absolute left-3 top-1/2 transform -translate-y-1/2 text-gray-400 w-5 h-5">…</svg> aka locator('div').filter({ hasText: /^Email Address$/ }).locator('svg')
        3) <svg width="24" height="24" fill="none" stroke-width="2" aria-hidden="true" viewBox="0 0 24 24" stroke="currentColor" stroke-linecap="round" stroke-linejoin="round" xmlns="http://www.w3.org/2000/svg" class="lucide lucide-lock absolute left-3 top-1/2 transform -translate-y-1/2 text-gray-400 w-5 h-5">…</svg> aka locator('svg').nth(2)
        4) <svg width="24" height="24" fill="none" stroke-width="2" aria-hidden="true" viewBox="0 0 24 24" stroke="currentColor" stroke-linecap="round" stroke-linejoin="round" class="lucide lucide-eye w-5 h-5" xmlns="http://www.w3.org/2000/svg">…</svg> aka getByRole('button').filter({ hasText: /^$/ })

    Call log:
      - Expect "toBeVisible" with timeout 5000ms
      - waiting for locator('.chart-container, [data-testid*="chart"], canvas, svg')


      84 |
      85 |     // Verify charts container exists
    > 86 |     await expect(page.locator('.chart-container, [data-testid*="chart"], canvas, svg')).toBeVisible();
         |                                                                                         ^
      87 |
      88 |     // Verify chart data loads
      89 |     const chartElements = await page.locator('.chart-container, [data-testid*="chart"], canvas, svg').count();
        at /Users/lukatenbosch/Downloads/heiwahouse/wavecampdashboard/tests/dashboard.spec.ts:86:89

    attachment #1: screenshot (image/png) ──────────────────────────────────────────────────────────
    results/dashboard-Dashboard-Metric-5dc6a-y-analytics-charts-properly-chromium-admin/test-failed-1.png
    ────────────────────────────────────────────────────────────────────────────────────────────────

    attachment #2: video (video/webm) ──────────────────────────────────────────────────────────────
    results/dashboard-Dashboard-Metric-5dc6a-y-analytics-charts-properly-chromium-admin/video.webm
    ────────────────────────────────────────────────────────────────────────────────────────────────

    Error Context: results/dashboard-Dashboard-Metric-5dc6a-y-analytics-charts-properly-chromium-admin/error-context.md

    Retry #1 ───────────────────────────────────────────────────────────────────────────────────────

    Error: expect.toBeVisible: Error: strict mode violation: locator('.chart-container, [data-testid*="chart"], canvas, svg') resolved to 4 elements:
        1) <svg width="24" height="24" fill="none" stroke-width="2" aria-hidden="true" viewBox="0 0 24 24" stroke="currentColor" stroke-linecap="round" stroke-linejoin="round" xmlns="http://www.w3.org/2000/svg" class="lucide lucide-waves w-8 h-8 text-white">…</svg> aka locator('div').filter({ hasText: /^Heiwa HouseAdmin Dashboard Login$/ }).locator('svg')
        2) <svg width="24" height="24" fill="none" stroke-width="2" aria-hidden="true" viewBox="0 0 24 24" stroke="currentColor" stroke-linecap="round" stroke-linejoin="round" xmlns="http://www.w3.org/2000/svg" class="lucide lucide-mail absolute left-3 top-1/2 transform -translate-y-1/2 text-gray-400 w-5 h-5">…</svg> aka locator('div').filter({ hasText: /^Email Address$/ }).locator('svg')
        3) <svg width="24" height="24" fill="none" stroke-width="2" aria-hidden="true" viewBox="0 0 24 24" stroke="currentColor" stroke-linecap="round" stroke-linejoin="round" xmlns="http://www.w3.org/2000/svg" class="lucide lucide-lock absolute left-3 top-1/2 transform -translate-y-1/2 text-gray-400 w-5 h-5">…</svg> aka locator('svg').nth(2)
        4) <svg width="24" height="24" fill="none" stroke-width="2" aria-hidden="true" viewBox="0 0 24 24" stroke="currentColor" stroke-linecap="round" stroke-linejoin="round" class="lucide lucide-eye w-5 h-5" xmlns="http://www.w3.org/2000/svg">…</svg> aka getByRole('button').filter({ hasText: /^$/ })

    Call log:
      - Expect "toBeVisible" with timeout 5000ms
      - waiting for locator('.chart-container, [data-testid*="chart"], canvas, svg')


      84 |
      85 |     // Verify charts container exists
    > 86 |     await expect(page.locator('.chart-container, [data-testid*="chart"], canvas, svg')).toBeVisible();
         |                                                                                         ^
      87 |
      88 |     // Verify chart data loads
      89 |     const chartElements = await page.locator('.chart-container, [data-testid*="chart"], canvas, svg').count();
        at /Users/lukatenbosch/Downloads/heiwahouse/wavecampdashboard/tests/dashboard.spec.ts:86:89

    attachment #1: screenshot (image/png) ──────────────────────────────────────────────────────────
    results/dashboard-Dashboard-Metric-5dc6a-y-analytics-charts-properly-chromium-admin-retry1/test-failed-1.png
    ────────────────────────────────────────────────────────────────────────────────────────────────

    attachment #2: video (video/webm) ──────────────────────────────────────────────────────────────
    results/dashboard-Dashboard-Metric-5dc6a-y-analytics-charts-properly-chromium-admin-retry1/video.webm
    ────────────────────────────────────────────────────────────────────────────────────────────────

    Error Context: results/dashboard-Dashboard-Metric-5dc6a-y-analytics-charts-properly-chromium-admin-retry1/error-context.md

    attachment #4: trace (application/zip) ─────────────────────────────────────────────────────────
    results/dashboard-Dashboard-Metric-5dc6a-y-analytics-charts-properly-chromium-admin-retry1/trace.zip
    Usage:

        npx playwright show-trace results/dashboard-Dashboard-Metric-5dc6a-y-analytics-charts-properly-chromium-admin-retry1/trace.zip

    ────────────────────────────────────────────────────────────────────────────────────────────────
]]>
</failure>
<system-out>
<![CDATA[
[[ATTACHMENT|../tests/results/dashboard-Dashboard-Metric-5dc6a-y-analytics-charts-properly-chromium-admin/test-failed-1.png]]

[[ATTACHMENT|../tests/results/dashboard-Dashboard-Metric-5dc6a-y-analytics-charts-properly-chromium-admin/video.webm]]

[[ATTACHMENT|../tests/results/dashboard-Dashboard-Metric-5dc6a-y-analytics-charts-properly-chromium-admin/error-context.md]]

[[ATTACHMENT|../tests/results/dashboard-Dashboard-Metric-5dc6a-y-analytics-charts-properly-chromium-admin-retry1/test-failed-1.png]]

[[ATTACHMENT|../tests/results/dashboard-Dashboard-Metric-5dc6a-y-analytics-charts-properly-chromium-admin-retry1/video.webm]]

[[ATTACHMENT|../tests/results/dashboard-Dashboard-Metric-5dc6a-y-analytics-charts-properly-chromium-admin-retry1/error-context.md]]

[[ATTACHMENT|../tests/results/dashboard-Dashboard-Metric-5dc6a-y-analytics-charts-properly-chromium-admin-retry1/trace.zip]]
]]>
</system-out>
</testcase>
<testcase name="Dashboard Metrics Loading (DASH-001) › should handle real-time metric updates" classname="dashboard.spec.ts" time="30.062">
<failure message="dashboard.spec.ts:93:7 should handle real-time metric updates" type="FAILURE">
<![CDATA[  [chromium-admin] › dashboard.spec.ts:93:7 › Dashboard Metrics Loading (DASH-001) › should handle real-time metric updates 

    Error: expect(locator).toBeVisible() failed

    Locator:  locator('[data-testid="dashboard-card-bookings"]')
    Expected: visible
    Received: <element(s) not found>
    Timeout:  5000ms

    Call log:
      - Expect "toBeVisible" with timeout 5000ms
      - waiting for locator('[data-testid="dashboard-card-bookings"]')


      114 |
      115 |     // Verify metrics are updating (this is a basic test)
    > 116 |     await expect(page.locator('[data-testid="dashboard-card-bookings"]')).toBeVisible();
          |                                                                           ^
      117 |   });
      118 |
      119 |   test('should show loading states during data fetch', async ({ page }) => {
        at /Users/lukatenbosch/Downloads/heiwahouse/wavecampdashboard/tests/dashboard.spec.ts:116:75

    attachment #1: screenshot (image/png) ──────────────────────────────────────────────────────────
    results/dashboard-Dashboard-Metric-9d736-le-real-time-metric-updates-chromium-admin/test-failed-1.png
    ────────────────────────────────────────────────────────────────────────────────────────────────

    attachment #2: video (video/webm) ──────────────────────────────────────────────────────────────
    results/dashboard-Dashboard-Metric-9d736-le-real-time-metric-updates-chromium-admin/video.webm
    ────────────────────────────────────────────────────────────────────────────────────────────────

    Error Context: results/dashboard-Dashboard-Metric-9d736-le-real-time-metric-updates-chromium-admin/error-context.md

    Retry #1 ───────────────────────────────────────────────────────────────────────────────────────

    Error: expect(locator).toBeVisible() failed

    Locator:  locator('[data-testid="dashboard-card-bookings"]')
    Expected: visible
    Received: <element(s) not found>
    Timeout:  5000ms

    Call log:
      - Expect "toBeVisible" with timeout 5000ms
      - waiting for locator('[data-testid="dashboard-card-bookings"]')


      114 |
      115 |     // Verify metrics are updating (this is a basic test)
    > 116 |     await expect(page.locator('[data-testid="dashboard-card-bookings"]')).toBeVisible();
          |                                                                           ^
      117 |   });
      118 |
      119 |   test('should show loading states during data fetch', async ({ page }) => {
        at /Users/lukatenbosch/Downloads/heiwahouse/wavecampdashboard/tests/dashboard.spec.ts:116:75

    attachment #1: screenshot (image/png) ──────────────────────────────────────────────────────────
    results/dashboard-Dashboard-Metric-9d736-le-real-time-metric-updates-chromium-admin-retry1/test-failed-1.png
    ────────────────────────────────────────────────────────────────────────────────────────────────

    attachment #2: video (video/webm) ──────────────────────────────────────────────────────────────
    results/dashboard-Dashboard-Metric-9d736-le-real-time-metric-updates-chromium-admin-retry1/video.webm
    ────────────────────────────────────────────────────────────────────────────────────────────────

    Error Context: results/dashboard-Dashboard-Metric-9d736-le-real-time-metric-updates-chromium-admin-retry1/error-context.md

    attachment #4: trace (application/zip) ─────────────────────────────────────────────────────────
    results/dashboard-Dashboard-Metric-9d736-le-real-time-metric-updates-chromium-admin-retry1/trace.zip
    Usage:

        npx playwright show-trace results/dashboard-Dashboard-Metric-9d736-le-real-time-metric-updates-chromium-admin-retry1/trace.zip

    ────────────────────────────────────────────────────────────────────────────────────────────────
]]>
</failure>
<system-out>
<![CDATA[
[[ATTACHMENT|../tests/results/dashboard-Dashboard-Metric-9d736-le-real-time-metric-updates-chromium-admin/test-failed-1.png]]

[[ATTACHMENT|../tests/results/dashboard-Dashboard-Metric-9d736-le-real-time-metric-updates-chromium-admin/video.webm]]

[[ATTACHMENT|../tests/results/dashboard-Dashboard-Metric-9d736-le-real-time-metric-updates-chromium-admin/error-context.md]]

[[ATTACHMENT|../tests/results/dashboard-Dashboard-Metric-9d736-le-real-time-metric-updates-chromium-admin-retry1/test-failed-1.png]]

[[ATTACHMENT|../tests/results/dashboard-Dashboard-Metric-9d736-le-real-time-metric-updates-chromium-admin-retry1/video.webm]]

[[ATTACHMENT|../tests/results/dashboard-Dashboard-Metric-9d736-le-real-time-metric-updates-chromium-admin-retry1/error-context.md]]

[[ATTACHMENT|../tests/results/dashboard-Dashboard-Metric-9d736-le-real-time-metric-updates-chromium-admin-retry1/trace.zip]]
]]>
</system-out>
</testcase>
<testcase name="Dashboard Metrics Loading (DASH-001) › should show loading states during data fetch" classname="dashboard.spec.ts" time="14.531">
<failure message="dashboard.spec.ts:119:7 should show loading states during data fetch" type="FAILURE">
<![CDATA[  [chromium-admin] › dashboard.spec.ts:119:7 › Dashboard Metrics Loading (DASH-001) › should show loading states during data fetch 

    Error: expect(locator).toBeVisible() failed

    Locator:  locator('.loading, .spinner, [data-testid*="loading"]')
    Expected: visible
    Received: <element(s) not found>
    Timeout:  5000ms

    Call log:
      - Expect "toBeVisible" with timeout 5000ms
      - waiting for locator('.loading, .spinner, [data-testid*="loading"]')
        - waiting for" http://localhost:3005/login" navigation to finish...
        - navigated to "http://localhost:3005/login"


      135 |
      136 |     // Should show loading indicators
    > 137 |     await expect(page.locator('.loading, .spinner, [data-testid*="loading"]')).toBeVisible();
          |                                                                                ^
      138 |
      139 |     await page.waitForLoadState('networkidle');
      140 |
        at /Users/lukatenbosch/Downloads/heiwahouse/wavecampdashboard/tests/dashboard.spec.ts:137:80

    attachment #1: screenshot (image/png) ──────────────────────────────────────────────────────────
    results/dashboard-Dashboard-Metric-eb54e-ng-states-during-data-fetch-chromium-admin/test-failed-1.png
    ────────────────────────────────────────────────────────────────────────────────────────────────

    attachment #2: video (video/webm) ──────────────────────────────────────────────────────────────
    results/dashboard-Dashboard-Metric-eb54e-ng-states-during-data-fetch-chromium-admin/video.webm
    ────────────────────────────────────────────────────────────────────────────────────────────────

    Error Context: results/dashboard-Dashboard-Metric-eb54e-ng-states-during-data-fetch-chromium-admin/error-context.md

    Retry #1 ───────────────────────────────────────────────────────────────────────────────────────

    Error: expect(locator).toBeVisible() failed

    Locator:  locator('.loading, .spinner, [data-testid*="loading"]')
    Expected: visible
    Received: <element(s) not found>
    Timeout:  5000ms

    Call log:
      - Expect "toBeVisible" with timeout 5000ms
      - waiting for locator('.loading, .spinner, [data-testid*="loading"]')
        - waiting for" http://localhost:3005/login" navigation to finish...
        - navigated to "http://localhost:3005/login"


      135 |
      136 |     // Should show loading indicators
    > 137 |     await expect(page.locator('.loading, .spinner, [data-testid*="loading"]')).toBeVisible();
          |                                                                                ^
      138 |
      139 |     await page.waitForLoadState('networkidle');
      140 |
        at /Users/lukatenbosch/Downloads/heiwahouse/wavecampdashboard/tests/dashboard.spec.ts:137:80

    attachment #1: screenshot (image/png) ──────────────────────────────────────────────────────────
    results/dashboard-Dashboard-Metric-eb54e-ng-states-during-data-fetch-chromium-admin-retry1/test-failed-1.png
    ────────────────────────────────────────────────────────────────────────────────────────────────

    attachment #2: video (video/webm) ──────────────────────────────────────────────────────────────
    results/dashboard-Dashboard-Metric-eb54e-ng-states-during-data-fetch-chromium-admin-retry1/video.webm
    ────────────────────────────────────────────────────────────────────────────────────────────────

    Error Context: results/dashboard-Dashboard-Metric-eb54e-ng-states-during-data-fetch-chromium-admin-retry1/error-context.md

    attachment #4: trace (application/zip) ─────────────────────────────────────────────────────────
    results/dashboard-Dashboard-Metric-eb54e-ng-states-during-data-fetch-chromium-admin-retry1/trace.zip
    Usage:

        npx playwright show-trace results/dashboard-Dashboard-Metric-eb54e-ng-states-during-data-fetch-chromium-admin-retry1/trace.zip

    ────────────────────────────────────────────────────────────────────────────────────────────────
]]>
</failure>
<system-out>
<![CDATA[
[[ATTACHMENT|../tests/results/dashboard-Dashboard-Metric-eb54e-ng-states-during-data-fetch-chromium-admin/test-failed-1.png]]

[[ATTACHMENT|../tests/results/dashboard-Dashboard-Metric-eb54e-ng-states-during-data-fetch-chromium-admin/video.webm]]

[[ATTACHMENT|../tests/results/dashboard-Dashboard-Metric-eb54e-ng-states-during-data-fetch-chromium-admin/error-context.md]]

[[ATTACHMENT|../tests/results/dashboard-Dashboard-Metric-eb54e-ng-states-during-data-fetch-chromium-admin-retry1/test-failed-1.png]]

[[ATTACHMENT|../tests/results/dashboard-Dashboard-Metric-eb54e-ng-states-during-data-fetch-chromium-admin-retry1/video.webm]]

[[ATTACHMENT|../tests/results/dashboard-Dashboard-Metric-eb54e-ng-states-during-data-fetch-chromium-admin-retry1/error-context.md]]

[[ATTACHMENT|../tests/results/dashboard-Dashboard-Metric-eb54e-ng-states-during-data-fetch-chromium-admin-retry1/trace.zip]]
]]>
</system-out>
</testcase>
<testcase name="Dashboard Sidebar Navigation (DASH-002) › should render sidebar with navigation items" classname="dashboard.spec.ts" time="20.33">
<failure message="dashboard.spec.ts:147:7 should render sidebar with navigation items" type="FAILURE">
<![CDATA[  [chromium-admin] › dashboard.spec.ts:147:7 › Dashboard Sidebar Navigation (DASH-002) › should render sidebar with navigation items 

    Error: expect(locator).toBeVisible() failed

    Locator:  locator('[data-testid="sidebar-nav"]')
    Expected: visible
    Received: <element(s) not found>
    Timeout:  5000ms

    Call log:
      - Expect "toBeVisible" with timeout 5000ms
      - waiting for locator('[data-testid="sidebar-nav"]')


      150 |
      151 |     // Verify sidebar container exists
    > 152 |     await expect(page.locator('[data-testid="sidebar-nav"]')).toBeVisible();
          |                                                               ^
      153 |
      154 |     // Verify main navigation items using data-testid
      155 |     const navItems = [
        at /Users/lukatenbosch/Downloads/heiwahouse/wavecampdashboard/tests/dashboard.spec.ts:152:63

    attachment #1: screenshot (image/png) ──────────────────────────────────────────────────────────
    results/dashboard-Dashboard-Sideba-64c53-debar-with-navigation-items-chromium-admin/test-failed-1.png
    ────────────────────────────────────────────────────────────────────────────────────────────────

    attachment #2: video (video/webm) ──────────────────────────────────────────────────────────────
    results/dashboard-Dashboard-Sideba-64c53-debar-with-navigation-items-chromium-admin/video.webm
    ────────────────────────────────────────────────────────────────────────────────────────────────

    Error Context: results/dashboard-Dashboard-Sideba-64c53-debar-with-navigation-items-chromium-admin/error-context.md

    Retry #1 ───────────────────────────────────────────────────────────────────────────────────────

    Error: expect(locator).toBeVisible() failed

    Locator:  locator('[data-testid="sidebar-nav"]')
    Expected: visible
    Received: <element(s) not found>
    Timeout:  5000ms

    Call log:
      - Expect "toBeVisible" with timeout 5000ms
      - waiting for locator('[data-testid="sidebar-nav"]')
        - waiting for" http://localhost:3005/login" navigation to finish...
        - navigated to "http://localhost:3005/login"


      150 |
      151 |     // Verify sidebar container exists
    > 152 |     await expect(page.locator('[data-testid="sidebar-nav"]')).toBeVisible();
          |                                                               ^
      153 |
      154 |     // Verify main navigation items using data-testid
      155 |     const navItems = [
        at /Users/lukatenbosch/Downloads/heiwahouse/wavecampdashboard/tests/dashboard.spec.ts:152:63

    attachment #1: screenshot (image/png) ──────────────────────────────────────────────────────────
    results/dashboard-Dashboard-Sideba-64c53-debar-with-navigation-items-chromium-admin-retry1/test-failed-1.png
    ────────────────────────────────────────────────────────────────────────────────────────────────

    attachment #2: video (video/webm) ──────────────────────────────────────────────────────────────
    results/dashboard-Dashboard-Sideba-64c53-debar-with-navigation-items-chromium-admin-retry1/video.webm
    ────────────────────────────────────────────────────────────────────────────────────────────────

    Error Context: results/dashboard-Dashboard-Sideba-64c53-debar-with-navigation-items-chromium-admin-retry1/error-context.md

    attachment #4: trace (application/zip) ─────────────────────────────────────────────────────────
    results/dashboard-Dashboard-Sideba-64c53-debar-with-navigation-items-chromium-admin-retry1/trace.zip
    Usage:

        npx playwright show-trace results/dashboard-Dashboard-Sideba-64c53-debar-with-navigation-items-chromium-admin-retry1/trace.zip

    ────────────────────────────────────────────────────────────────────────────────────────────────
]]>
</failure>
<system-out>
<![CDATA[
[[ATTACHMENT|../tests/results/dashboard-Dashboard-Sideba-64c53-debar-with-navigation-items-chromium-admin/test-failed-1.png]]

[[ATTACHMENT|../tests/results/dashboard-Dashboard-Sideba-64c53-debar-with-navigation-items-chromium-admin/video.webm]]

[[ATTACHMENT|../tests/results/dashboard-Dashboard-Sideba-64c53-debar-with-navigation-items-chromium-admin/error-context.md]]

[[ATTACHMENT|../tests/results/dashboard-Dashboard-Sideba-64c53-debar-with-navigation-items-chromium-admin-retry1/test-failed-1.png]]

[[ATTACHMENT|../tests/results/dashboard-Dashboard-Sideba-64c53-debar-with-navigation-items-chromium-admin-retry1/video.webm]]

[[ATTACHMENT|../tests/results/dashboard-Dashboard-Sideba-64c53-debar-with-navigation-items-chromium-admin-retry1/error-context.md]]

[[ATTACHMENT|../tests/results/dashboard-Dashboard-Sideba-64c53-debar-with-navigation-items-chromium-admin-retry1/trace.zip]]
]]>
</system-out>
</testcase>
<testcase name="Dashboard Sidebar Navigation (DASH-002) › should toggle sidebar expand/collapse functionality" classname="dashboard.spec.ts" time="18.804">
<failure message="dashboard.spec.ts:172:7 should toggle sidebar expand/collapse functionality" type="FAILURE">
<![CDATA[  [chromium-admin] › dashboard.spec.ts:172:7 › Dashboard Sidebar Navigation (DASH-002) › should toggle sidebar expand/collapse functionality 

    Error: expect(locator).toBeVisible() failed

    Locator:  locator('[data-testid="sidebar-toggle"]')
    Expected: visible
    Received: <element(s) not found>
    Timeout:  5000ms

    Call log:
      - Expect "toBeVisible" with timeout 5000ms
      - waiting for locator('[data-testid="sidebar-toggle"]')


      176 |     // Verify sidebar toggle button exists
      177 |     const toggleButton = page.locator('[data-testid="sidebar-toggle"]');
    > 178 |     await expect(toggleButton).toBeVisible();
          |                                ^
      179 |
      180 |     // Get initial sidebar state (should be expanded by default)
      181 |     const initialSidebar = page.locator('[data-testid="sidebar-nav"]');
        at /Users/lukatenbosch/Downloads/heiwahouse/wavecampdashboard/tests/dashboard.spec.ts:178:32

    attachment #1: screenshot (image/png) ──────────────────────────────────────────────────────────
    results/dashboard-Dashboard-Sideba-95c0a-pand-collapse-functionality-chromium-admin/test-failed-1.png
    ────────────────────────────────────────────────────────────────────────────────────────────────

    attachment #2: video (video/webm) ──────────────────────────────────────────────────────────────
    results/dashboard-Dashboard-Sideba-95c0a-pand-collapse-functionality-chromium-admin/video.webm
    ────────────────────────────────────────────────────────────────────────────────────────────────

    Error Context: results/dashboard-Dashboard-Sideba-95c0a-pand-collapse-functionality-chromium-admin/error-context.md

    Retry #1 ───────────────────────────────────────────────────────────────────────────────────────

    Error: expect(locator).toBeVisible() failed

    Locator:  locator('[data-testid="sidebar-toggle"]')
    Expected: visible
    Received: <element(s) not found>
    Timeout:  5000ms

    Call log:
      - Expect "toBeVisible" with timeout 5000ms
      - waiting for locator('[data-testid="sidebar-toggle"]')


      176 |     // Verify sidebar toggle button exists
      177 |     const toggleButton = page.locator('[data-testid="sidebar-toggle"]');
    > 178 |     await expect(toggleButton).toBeVisible();
          |                                ^
      179 |
      180 |     // Get initial sidebar state (should be expanded by default)
      181 |     const initialSidebar = page.locator('[data-testid="sidebar-nav"]');
        at /Users/lukatenbosch/Downloads/heiwahouse/wavecampdashboard/tests/dashboard.spec.ts:178:32

    attachment #1: screenshot (image/png) ──────────────────────────────────────────────────────────
    results/dashboard-Dashboard-Sideba-95c0a-pand-collapse-functionality-chromium-admin-retry1/test-failed-1.png
    ────────────────────────────────────────────────────────────────────────────────────────────────

    attachment #2: video (video/webm) ──────────────────────────────────────────────────────────────
    results/dashboard-Dashboard-Sideba-95c0a-pand-collapse-functionality-chromium-admin-retry1/video.webm
    ────────────────────────────────────────────────────────────────────────────────────────────────

    Error Context: results/dashboard-Dashboard-Sideba-95c0a-pand-collapse-functionality-chromium-admin-retry1/error-context.md

    attachment #4: trace (application/zip) ─────────────────────────────────────────────────────────
    results/dashboard-Dashboard-Sideba-95c0a-pand-collapse-functionality-chromium-admin-retry1/trace.zip
    Usage:

        npx playwright show-trace results/dashboard-Dashboard-Sideba-95c0a-pand-collapse-functionality-chromium-admin-retry1/trace.zip

    ────────────────────────────────────────────────────────────────────────────────────────────────
]]>
</failure>
<system-out>
<![CDATA[
[[ATTACHMENT|../tests/results/dashboard-Dashboard-Sideba-95c0a-pand-collapse-functionality-chromium-admin/test-failed-1.png]]

[[ATTACHMENT|../tests/results/dashboard-Dashboard-Sideba-95c0a-pand-collapse-functionality-chromium-admin/video.webm]]

[[ATTACHMENT|../tests/results/dashboard-Dashboard-Sideba-95c0a-pand-collapse-functionality-chromium-admin/error-context.md]]

[[ATTACHMENT|../tests/results/dashboard-Dashboard-Sideba-95c0a-pand-collapse-functionality-chromium-admin-retry1/test-failed-1.png]]

[[ATTACHMENT|../tests/results/dashboard-Dashboard-Sideba-95c0a-pand-collapse-functionality-chromium-admin-retry1/video.webm]]

[[ATTACHMENT|../tests/results/dashboard-Dashboard-Sideba-95c0a-pand-collapse-functionality-chromium-admin-retry1/error-context.md]]

[[ATTACHMENT|../tests/results/dashboard-Dashboard-Sideba-95c0a-pand-collapse-functionality-chromium-admin-retry1/trace.zip]]
]]>
</system-out>
</testcase>
<testcase name="Dashboard Sidebar Navigation (DASH-002) › should navigate to different admin routes via sidebar" classname="dashboard.spec.ts" time="33.062">
<failure message="dashboard.spec.ts:201:7 should navigate to different admin routes via sidebar" type="FAILURE">
<![CDATA[  [chromium-admin] › dashboard.spec.ts:201:7 › Dashboard Sidebar Navigation (DASH-002) › should navigate to different admin routes via sidebar 

    TimeoutError: locator.click: Timeout 10000ms exceeded.
    Call log:
      - waiting for locator('[data-testid="sidebar-nav-bookings"]')


      213 |       // Click on navigation item using data-testid
      214 |       const navItemId = route.name.toLowerCase().replace(/\s+/g, '-');
    > 215 |       await page.locator(`[data-testid="sidebar-nav-${navItemId}"]`).click();
          |                                                                      ^
      216 |       await page.waitForLoadState('networkidle');
      217 |
      218 |       // Verify we're on the correct page
        at /Users/lukatenbosch/Downloads/heiwahouse/wavecampdashboard/tests/dashboard.spec.ts:215:70

    attachment #1: screenshot (image/png) ──────────────────────────────────────────────────────────
    results/dashboard-Dashboard-Sideba-00de1-nt-admin-routes-via-sidebar-chromium-admin/test-failed-1.png
    ────────────────────────────────────────────────────────────────────────────────────────────────

    attachment #2: video (video/webm) ──────────────────────────────────────────────────────────────
    results/dashboard-Dashboard-Sideba-00de1-nt-admin-routes-via-sidebar-chromium-admin/video.webm
    ────────────────────────────────────────────────────────────────────────────────────────────────

    Error Context: results/dashboard-Dashboard-Sideba-00de1-nt-admin-routes-via-sidebar-chromium-admin/error-context.md

    Retry #1 ───────────────────────────────────────────────────────────────────────────────────────

    TimeoutError: locator.click: Timeout 10000ms exceeded.
    Call log:
      - waiting for locator('[data-testid="sidebar-nav-bookings"]')


      213 |       // Click on navigation item using data-testid
      214 |       const navItemId = route.name.toLowerCase().replace(/\s+/g, '-');
    > 215 |       await page.locator(`[data-testid="sidebar-nav-${navItemId}"]`).click();
          |                                                                      ^
      216 |       await page.waitForLoadState('networkidle');
      217 |
      218 |       // Verify we're on the correct page
        at /Users/lukatenbosch/Downloads/heiwahouse/wavecampdashboard/tests/dashboard.spec.ts:215:70

    attachment #1: screenshot (image/png) ──────────────────────────────────────────────────────────
    results/dashboard-Dashboard-Sideba-00de1-nt-admin-routes-via-sidebar-chromium-admin-retry1/test-failed-1.png
    ────────────────────────────────────────────────────────────────────────────────────────────────

    attachment #2: video (video/webm) ──────────────────────────────────────────────────────────────
    results/dashboard-Dashboard-Sideba-00de1-nt-admin-routes-via-sidebar-chromium-admin-retry1/video.webm
    ────────────────────────────────────────────────────────────────────────────────────────────────

    Error Context: results/dashboard-Dashboard-Sideba-00de1-nt-admin-routes-via-sidebar-chromium-admin-retry1/error-context.md

    attachment #4: trace (application/zip) ─────────────────────────────────────────────────────────
    results/dashboard-Dashboard-Sideba-00de1-nt-admin-routes-via-sidebar-chromium-admin-retry1/trace.zip
    Usage:

        npx playwright show-trace results/dashboard-Dashboard-Sideba-00de1-nt-admin-routes-via-sidebar-chromium-admin-retry1/trace.zip

    ────────────────────────────────────────────────────────────────────────────────────────────────
]]>
</failure>
<system-out>
<![CDATA[
[[ATTACHMENT|../tests/results/dashboard-Dashboard-Sideba-00de1-nt-admin-routes-via-sidebar-chromium-admin/test-failed-1.png]]

[[ATTACHMENT|../tests/results/dashboard-Dashboard-Sideba-00de1-nt-admin-routes-via-sidebar-chromium-admin/video.webm]]

[[ATTACHMENT|../tests/results/dashboard-Dashboard-Sideba-00de1-nt-admin-routes-via-sidebar-chromium-admin/error-context.md]]

[[ATTACHMENT|../tests/results/dashboard-Dashboard-Sideba-00de1-nt-admin-routes-via-sidebar-chromium-admin-retry1/test-failed-1.png]]

[[ATTACHMENT|../tests/results/dashboard-Dashboard-Sideba-00de1-nt-admin-routes-via-sidebar-chromium-admin-retry1/video.webm]]

[[ATTACHMENT|../tests/results/dashboard-Dashboard-Sideba-00de1-nt-admin-routes-via-sidebar-chromium-admin-retry1/error-context.md]]

[[ATTACHMENT|../tests/results/dashboard-Dashboard-Sideba-00de1-nt-admin-routes-via-sidebar-chromium-admin-retry1/trace.zip]]
]]>
</system-out>
</testcase>
<testcase name="Dashboard Sidebar Navigation (DASH-002) › should highlight active navigation item" classname="dashboard.spec.ts" time="32.805">
<failure message="dashboard.spec.ts:225:7 should highlight active navigation item" type="FAILURE">
<![CDATA[  [chromium-admin] › dashboard.spec.ts:225:7 › Dashboard Sidebar Navigation (DASH-002) › should highlight active navigation item 

    TimeoutError: locator.evaluate: Timeout 10000ms exceeded.
    Call log:
      - waiting for locator('[data-testid="sidebar-nav-bookings"]')


      231 |     
      232 |     // Check if the nav item has active styling (this depends on your CSS implementation)
    > 233 |     const isActive = await bookingsNavItem.evaluate(el => {
          |                                            ^
      234 |       const styles = window.getComputedStyle(el);
      235 |       const parent = el.closest('a, button, [role="button"]');
      236 |       const parentStyles = parent ? window.getComputedStyle(parent) : styles;
        at /Users/lukatenbosch/Downloads/heiwahouse/wavecampdashboard/tests/dashboard.spec.ts:233:44

    attachment #1: screenshot (image/png) ──────────────────────────────────────────────────────────
    results/dashboard-Dashboard-Sideba-d1286-ight-active-navigation-item-chromium-admin/test-failed-1.png
    ────────────────────────────────────────────────────────────────────────────────────────────────

    attachment #2: video (video/webm) ──────────────────────────────────────────────────────────────
    results/dashboard-Dashboard-Sideba-d1286-ight-active-navigation-item-chromium-admin/video.webm
    ────────────────────────────────────────────────────────────────────────────────────────────────

    Error Context: results/dashboard-Dashboard-Sideba-d1286-ight-active-navigation-item-chromium-admin/error-context.md

    Retry #1 ───────────────────────────────────────────────────────────────────────────────────────

    TimeoutError: locator.evaluate: Timeout 10000ms exceeded.
    Call log:
      - waiting for locator('[data-testid="sidebar-nav-bookings"]')


      231 |     
      232 |     // Check if the nav item has active styling (this depends on your CSS implementation)
    > 233 |     const isActive = await bookingsNavItem.evaluate(el => {
          |                                            ^
      234 |       const styles = window.getComputedStyle(el);
      235 |       const parent = el.closest('a, button, [role="button"]');
      236 |       const parentStyles = parent ? window.getComputedStyle(parent) : styles;
        at /Users/lukatenbosch/Downloads/heiwahouse/wavecampdashboard/tests/dashboard.spec.ts:233:44

    attachment #1: screenshot (image/png) ──────────────────────────────────────────────────────────
    results/dashboard-Dashboard-Sideba-d1286-ight-active-navigation-item-chromium-admin-retry1/test-failed-1.png
    ────────────────────────────────────────────────────────────────────────────────────────────────

    attachment #2: video (video/webm) ──────────────────────────────────────────────────────────────
    results/dashboard-Dashboard-Sideba-d1286-ight-active-navigation-item-chromium-admin-retry1/video.webm
    ────────────────────────────────────────────────────────────────────────────────────────────────

    Error Context: results/dashboard-Dashboard-Sideba-d1286-ight-active-navigation-item-chromium-admin-retry1/error-context.md

    attachment #4: trace (application/zip) ─────────────────────────────────────────────────────────
    results/dashboard-Dashboard-Sideba-d1286-ight-active-navigation-item-chromium-admin-retry1/trace.zip
    Usage:

        npx playwright show-trace results/dashboard-Dashboard-Sideba-d1286-ight-active-navigation-item-chromium-admin-retry1/trace.zip

    ────────────────────────────────────────────────────────────────────────────────────────────────
]]>
</failure>
<system-out>
<![CDATA[
[[ATTACHMENT|../tests/results/dashboard-Dashboard-Sideba-d1286-ight-active-navigation-item-chromium-admin/test-failed-1.png]]

[[ATTACHMENT|../tests/results/dashboard-Dashboard-Sideba-d1286-ight-active-navigation-item-chromium-admin/video.webm]]

[[ATTACHMENT|../tests/results/dashboard-Dashboard-Sideba-d1286-ight-active-navigation-item-chromium-admin/error-context.md]]

[[ATTACHMENT|../tests/results/dashboard-Dashboard-Sideba-d1286-ight-active-navigation-item-chromium-admin-retry1/test-failed-1.png]]

[[ATTACHMENT|../tests/results/dashboard-Dashboard-Sideba-d1286-ight-active-navigation-item-chromium-admin-retry1/video.webm]]

[[ATTACHMENT|../tests/results/dashboard-Dashboard-Sideba-d1286-ight-active-navigation-item-chromium-admin-retry1/error-context.md]]

[[ATTACHMENT|../tests/results/dashboard-Dashboard-Sideba-d1286-ight-active-navigation-item-chromium-admin-retry1/trace.zip]]
]]>
</system-out>
</testcase>
<testcase name="Dashboard Sidebar Navigation (DASH-002) › should maintain sidebar state across page navigation" classname="dashboard.spec.ts" time="29.202">
<failure message="dashboard.spec.ts:251:7 should maintain sidebar state across page navigation" type="FAILURE">
<![CDATA[  [chromium-admin] › dashboard.spec.ts:251:7 › Dashboard Sidebar Navigation (DASH-002) › should maintain sidebar state across page navigation 

    TimeoutError: locator.click: Timeout 10000ms exceeded.
    Call log:
      - waiting for locator('[data-testid="sidebar-toggle"]')


      254 |
      255 |     // Collapse sidebar
    > 256 |     await page.locator('[data-testid="sidebar-toggle"]').click();
          |                                                          ^
      257 |     await page.waitForTimeout(500);
      258 |
      259 |     // Navigate to another page
        at /Users/lukatenbosch/Downloads/heiwahouse/wavecampdashboard/tests/dashboard.spec.ts:256:58

    attachment #1: screenshot (image/png) ──────────────────────────────────────────────────────────
    results/dashboard-Dashboard-Sideba-f7a8f-tate-across-page-navigation-chromium-admin/test-failed-1.png
    ────────────────────────────────────────────────────────────────────────────────────────────────

    attachment #2: video (video/webm) ──────────────────────────────────────────────────────────────
    results/dashboard-Dashboard-Sideba-f7a8f-tate-across-page-navigation-chromium-admin/video.webm
    ────────────────────────────────────────────────────────────────────────────────────────────────

    Error Context: results/dashboard-Dashboard-Sideba-f7a8f-tate-across-page-navigation-chromium-admin/error-context.md

    Retry #1 ───────────────────────────────────────────────────────────────────────────────────────

    TimeoutError: locator.click: Timeout 10000ms exceeded.
    Call log:
      - waiting for locator('[data-testid="sidebar-toggle"]')


      254 |
      255 |     // Collapse sidebar
    > 256 |     await page.locator('[data-testid="sidebar-toggle"]').click();
          |                                                          ^
      257 |     await page.waitForTimeout(500);
      258 |
      259 |     // Navigate to another page
        at /Users/lukatenbosch/Downloads/heiwahouse/wavecampdashboard/tests/dashboard.spec.ts:256:58

    attachment #1: screenshot (image/png) ──────────────────────────────────────────────────────────
    results/dashboard-Dashboard-Sideba-f7a8f-tate-across-page-navigation-chromium-admin-retry1/test-failed-1.png
    ────────────────────────────────────────────────────────────────────────────────────────────────

    attachment #2: video (video/webm) ──────────────────────────────────────────────────────────────
    results/dashboard-Dashboard-Sideba-f7a8f-tate-across-page-navigation-chromium-admin-retry1/video.webm
    ────────────────────────────────────────────────────────────────────────────────────────────────

    Error Context: results/dashboard-Dashboard-Sideba-f7a8f-tate-across-page-navigation-chromium-admin-retry1/error-context.md

    attachment #4: trace (application/zip) ─────────────────────────────────────────────────────────
    results/dashboard-Dashboard-Sideba-f7a8f-tate-across-page-navigation-chromium-admin-retry1/trace.zip
    Usage:

        npx playwright show-trace results/dashboard-Dashboard-Sideba-f7a8f-tate-across-page-navigation-chromium-admin-retry1/trace.zip

    ────────────────────────────────────────────────────────────────────────────────────────────────
]]>
</failure>
<system-out>
<![CDATA[
[[ATTACHMENT|../tests/results/dashboard-Dashboard-Sideba-f7a8f-tate-across-page-navigation-chromium-admin/test-failed-1.png]]

[[ATTACHMENT|../tests/results/dashboard-Dashboard-Sideba-f7a8f-tate-across-page-navigation-chromium-admin/video.webm]]

[[ATTACHMENT|../tests/results/dashboard-Dashboard-Sideba-f7a8f-tate-across-page-navigation-chromium-admin/error-context.md]]

[[ATTACHMENT|../tests/results/dashboard-Dashboard-Sideba-f7a8f-tate-across-page-navigation-chromium-admin-retry1/test-failed-1.png]]

[[ATTACHMENT|../tests/results/dashboard-Dashboard-Sideba-f7a8f-tate-across-page-navigation-chromium-admin-retry1/video.webm]]

[[ATTACHMENT|../tests/results/dashboard-Dashboard-Sideba-f7a8f-tate-across-page-navigation-chromium-admin-retry1/error-context.md]]

[[ATTACHMENT|../tests/results/dashboard-Dashboard-Sideba-f7a8f-tate-across-page-navigation-chromium-admin-retry1/trace.zip]]
]]>
</system-out>
</testcase>
<testcase name="Dashboard Sidebar Navigation (DASH-002) › should handle responsive behavior on mobile" classname="dashboard.spec.ts" time="28.152">
<failure message="dashboard.spec.ts:271:7 should handle responsive behavior on mobile" type="FAILURE">
<![CDATA[  [chromium-admin] › dashboard.spec.ts:271:7 › Dashboard Sidebar Navigation (DASH-002) › should handle responsive behavior on mobile 

    TimeoutError: locator.evaluate: Timeout 10000ms exceeded.
    Call log:
      - waiting for locator('[data-testid="sidebar-nav"]')


      280 |     
      281 |     // Check if sidebar is hidden or has mobile-specific styling
    > 282 |     const isHidden = await sidebar.evaluate(el => {
          |                                    ^
      283 |       const styles = window.getComputedStyle(el);
      284 |       return styles.display === 'none' || 
      285 |              styles.transform.includes('translate') ||
        at /Users/lukatenbosch/Downloads/heiwahouse/wavecampdashboard/tests/dashboard.spec.ts:282:36

    attachment #1: screenshot (image/png) ──────────────────────────────────────────────────────────
    results/dashboard-Dashboard-Sideba-ef241-sponsive-behavior-on-mobile-chromium-admin/test-failed-1.png
    ────────────────────────────────────────────────────────────────────────────────────────────────

    attachment #2: video (video/webm) ──────────────────────────────────────────────────────────────
    results/dashboard-Dashboard-Sideba-ef241-sponsive-behavior-on-mobile-chromium-admin/video.webm
    ────────────────────────────────────────────────────────────────────────────────────────────────

    Error Context: results/dashboard-Dashboard-Sideba-ef241-sponsive-behavior-on-mobile-chromium-admin/error-context.md

    Retry #1 ───────────────────────────────────────────────────────────────────────────────────────

    TimeoutError: locator.evaluate: Timeout 10000ms exceeded.
    Call log:
      - waiting for locator('[data-testid="sidebar-nav"]')


      280 |     
      281 |     // Check if sidebar is hidden or has mobile-specific styling
    > 282 |     const isHidden = await sidebar.evaluate(el => {
          |                                    ^
      283 |       const styles = window.getComputedStyle(el);
      284 |       return styles.display === 'none' || 
      285 |              styles.transform.includes('translate') ||
        at /Users/lukatenbosch/Downloads/heiwahouse/wavecampdashboard/tests/dashboard.spec.ts:282:36

    attachment #1: screenshot (image/png) ──────────────────────────────────────────────────────────
    results/dashboard-Dashboard-Sideba-ef241-sponsive-behavior-on-mobile-chromium-admin-retry1/test-failed-1.png
    ────────────────────────────────────────────────────────────────────────────────────────────────

    attachment #2: video (video/webm) ──────────────────────────────────────────────────────────────
    results/dashboard-Dashboard-Sideba-ef241-sponsive-behavior-on-mobile-chromium-admin-retry1/video.webm
    ────────────────────────────────────────────────────────────────────────────────────────────────

    Error Context: results/dashboard-Dashboard-Sideba-ef241-sponsive-behavior-on-mobile-chromium-admin-retry1/error-context.md

    attachment #4: trace (application/zip) ─────────────────────────────────────────────────────────
    results/dashboard-Dashboard-Sideba-ef241-sponsive-behavior-on-mobile-chromium-admin-retry1/trace.zip
    Usage:

        npx playwright show-trace results/dashboard-Dashboard-Sideba-ef241-sponsive-behavior-on-mobile-chromium-admin-retry1/trace.zip

    ────────────────────────────────────────────────────────────────────────────────────────────────
]]>
</failure>
<system-out>
<![CDATA[
[[ATTACHMENT|../tests/results/dashboard-Dashboard-Sideba-ef241-sponsive-behavior-on-mobile-chromium-admin/test-failed-1.png]]

[[ATTACHMENT|../tests/results/dashboard-Dashboard-Sideba-ef241-sponsive-behavior-on-mobile-chromium-admin/video.webm]]

[[ATTACHMENT|../tests/results/dashboard-Dashboard-Sideba-ef241-sponsive-behavior-on-mobile-chromium-admin/error-context.md]]

[[ATTACHMENT|../tests/results/dashboard-Dashboard-Sideba-ef241-sponsive-behavior-on-mobile-chromium-admin-retry1/test-failed-1.png]]

[[ATTACHMENT|../tests/results/dashboard-Dashboard-Sideba-ef241-sponsive-behavior-on-mobile-chromium-admin-retry1/video.webm]]

[[ATTACHMENT|../tests/results/dashboard-Dashboard-Sideba-ef241-sponsive-behavior-on-mobile-chromium-admin-retry1/error-context.md]]

[[ATTACHMENT|../tests/results/dashboard-Dashboard-Sideba-ef241-sponsive-behavior-on-mobile-chromium-admin-retry1/trace.zip]]
]]>
</system-out>
</testcase>
<testcase name="Dashboard Sidebar Navigation (DASH-002) › should display user information in sidebar" classname="dashboard.spec.ts" time="17.897">
<failure message="dashboard.spec.ts:303:7 should display user information in sidebar" type="FAILURE">
<![CDATA[  [chromium-admin] › dashboard.spec.ts:303:7 › Dashboard Sidebar Navigation (DASH-002) › should display user information in sidebar 

    Error: expect(locator).toBeVisible() failed

    Locator:  locator('[data-testid="user-info"], .user-info, .sidebar-user')
    Expected: visible
    Received: <element(s) not found>
    Timeout:  5000ms

    Call log:
      - Expect "toBeVisible" with timeout 5000ms
      - waiting for locator('[data-testid="user-info"], .user-info, .sidebar-user')


      306 |
      307 |     // Verify user information is displayed (using more specific selectors)
    > 308 |     await expect(page.locator('[data-testid="user-info"], .user-info, .sidebar-user')).toBeVisible();
          |                                                                                        ^
      309 |     // Note: These selectors may need to be updated based on actual component structure
      310 |   });
      311 |
        at /Users/lukatenbosch/Downloads/heiwahouse/wavecampdashboard/tests/dashboard.spec.ts:308:88

    attachment #1: screenshot (image/png) ──────────────────────────────────────────────────────────
    results/dashboard-Dashboard-Sideba-fc12d-user-information-in-sidebar-chromium-admin/test-failed-1.png
    ────────────────────────────────────────────────────────────────────────────────────────────────

    attachment #2: video (video/webm) ──────────────────────────────────────────────────────────────
    results/dashboard-Dashboard-Sideba-fc12d-user-information-in-sidebar-chromium-admin/video.webm
    ────────────────────────────────────────────────────────────────────────────────────────────────

    Error Context: results/dashboard-Dashboard-Sideba-fc12d-user-information-in-sidebar-chromium-admin/error-context.md

    Retry #1 ───────────────────────────────────────────────────────────────────────────────────────

    Error: expect(locator).toBeVisible() failed

    Locator:  locator('[data-testid="user-info"], .user-info, .sidebar-user')
    Expected: visible
    Received: <element(s) not found>
    Timeout:  5000ms

    Call log:
      - Expect "toBeVisible" with timeout 5000ms
      - waiting for locator('[data-testid="user-info"], .user-info, .sidebar-user')


      306 |
      307 |     // Verify user information is displayed (using more specific selectors)
    > 308 |     await expect(page.locator('[data-testid="user-info"], .user-info, .sidebar-user')).toBeVisible();
          |                                                                                        ^
      309 |     // Note: These selectors may need to be updated based on actual component structure
      310 |   });
      311 |
        at /Users/lukatenbosch/Downloads/heiwahouse/wavecampdashboard/tests/dashboard.spec.ts:308:88

    attachment #1: screenshot (image/png) ──────────────────────────────────────────────────────────
    results/dashboard-Dashboard-Sideba-fc12d-user-information-in-sidebar-chromium-admin-retry1/test-failed-1.png
    ────────────────────────────────────────────────────────────────────────────────────────────────

    attachment #2: video (video/webm) ──────────────────────────────────────────────────────────────
    results/dashboard-Dashboard-Sideba-fc12d-user-information-in-sidebar-chromium-admin-retry1/video.webm
    ────────────────────────────────────────────────────────────────────────────────────────────────

    Error Context: results/dashboard-Dashboard-Sideba-fc12d-user-information-in-sidebar-chromium-admin-retry1/error-context.md

    attachment #4: trace (application/zip) ─────────────────────────────────────────────────────────
    results/dashboard-Dashboard-Sideba-fc12d-user-information-in-sidebar-chromium-admin-retry1/trace.zip
    Usage:

        npx playwright show-trace results/dashboard-Dashboard-Sideba-fc12d-user-information-in-sidebar-chromium-admin-retry1/trace.zip

    ────────────────────────────────────────────────────────────────────────────────────────────────
]]>
</failure>
<system-out>
<![CDATA[
[[ATTACHMENT|../tests/results/dashboard-Dashboard-Sideba-fc12d-user-information-in-sidebar-chromium-admin/test-failed-1.png]]

[[ATTACHMENT|../tests/results/dashboard-Dashboard-Sideba-fc12d-user-information-in-sidebar-chromium-admin/video.webm]]

[[ATTACHMENT|../tests/results/dashboard-Dashboard-Sideba-fc12d-user-information-in-sidebar-chromium-admin/error-context.md]]

[[ATTACHMENT|../tests/results/dashboard-Dashboard-Sideba-fc12d-user-information-in-sidebar-chromium-admin-retry1/test-failed-1.png]]

[[ATTACHMENT|../tests/results/dashboard-Dashboard-Sideba-fc12d-user-information-in-sidebar-chromium-admin-retry1/video.webm]]

[[ATTACHMENT|../tests/results/dashboard-Dashboard-Sideba-fc12d-user-information-in-sidebar-chromium-admin-retry1/error-context.md]]

[[ATTACHMENT|../tests/results/dashboard-Dashboard-Sideba-fc12d-user-information-in-sidebar-chromium-admin-retry1/trace.zip]]
]]>
</system-out>
</testcase>
<testcase name="Dashboard Sidebar Navigation (DASH-002) › should handle sidebar icons and tooltips" classname="dashboard.spec.ts" time="28.033">
<failure message="dashboard.spec.ts:312:7 should handle sidebar icons and tooltips" type="FAILURE">
<![CDATA[  [chromium-admin] › dashboard.spec.ts:312:7 › Dashboard Sidebar Navigation (DASH-002) › should handle sidebar icons and tooltips 

    TimeoutError: locator.click: Timeout 10000ms exceeded.
    Call log:
      - waiting for locator('[data-testid="sidebar-toggle"]')


      315 |
      316 |     // Collapse sidebar to test icon-only mode
    > 317 |     await page.locator('[data-testid="sidebar-toggle"]').click();
          |                                                          ^
      318 |     await page.waitForTimeout(500);
      319 |
      320 |     // Verify icons are visible when collapsed
        at /Users/lukatenbosch/Downloads/heiwahouse/wavecampdashboard/tests/dashboard.spec.ts:317:58

    attachment #1: screenshot (image/png) ──────────────────────────────────────────────────────────
    results/dashboard-Dashboard-Sideba-c1d40--sidebar-icons-and-tooltips-chromium-admin/test-failed-1.png
    ────────────────────────────────────────────────────────────────────────────────────────────────

    attachment #2: video (video/webm) ──────────────────────────────────────────────────────────────
    results/dashboard-Dashboard-Sideba-c1d40--sidebar-icons-and-tooltips-chromium-admin/video.webm
    ────────────────────────────────────────────────────────────────────────────────────────────────

    Error Context: results/dashboard-Dashboard-Sideba-c1d40--sidebar-icons-and-tooltips-chromium-admin/error-context.md

    Retry #1 ───────────────────────────────────────────────────────────────────────────────────────

    TimeoutError: locator.click: Timeout 10000ms exceeded.
    Call log:
      - waiting for locator('[data-testid="sidebar-toggle"]')


      315 |
      316 |     // Collapse sidebar to test icon-only mode
    > 317 |     await page.locator('[data-testid="sidebar-toggle"]').click();
          |                                                          ^
      318 |     await page.waitForTimeout(500);
      319 |
      320 |     // Verify icons are visible when collapsed
        at /Users/lukatenbosch/Downloads/heiwahouse/wavecampdashboard/tests/dashboard.spec.ts:317:58

    attachment #1: screenshot (image/png) ──────────────────────────────────────────────────────────
    results/dashboard-Dashboard-Sideba-c1d40--sidebar-icons-and-tooltips-chromium-admin-retry1/test-failed-1.png
    ────────────────────────────────────────────────────────────────────────────────────────────────

    attachment #2: video (video/webm) ──────────────────────────────────────────────────────────────
    results/dashboard-Dashboard-Sideba-c1d40--sidebar-icons-and-tooltips-chromium-admin-retry1/video.webm
    ────────────────────────────────────────────────────────────────────────────────────────────────

    Error Context: results/dashboard-Dashboard-Sideba-c1d40--sidebar-icons-and-tooltips-chromium-admin-retry1/error-context.md

    attachment #4: trace (application/zip) ─────────────────────────────────────────────────────────
    results/dashboard-Dashboard-Sideba-c1d40--sidebar-icons-and-tooltips-chromium-admin-retry1/trace.zip
    Usage:

        npx playwright show-trace results/dashboard-Dashboard-Sideba-c1d40--sidebar-icons-and-tooltips-chromium-admin-retry1/trace.zip

    ────────────────────────────────────────────────────────────────────────────────────────────────
]]>
</failure>
<system-out>
<![CDATA[
[[ATTACHMENT|../tests/results/dashboard-Dashboard-Sideba-c1d40--sidebar-icons-and-tooltips-chromium-admin/test-failed-1.png]]

[[ATTACHMENT|../tests/results/dashboard-Dashboard-Sideba-c1d40--sidebar-icons-and-tooltips-chromium-admin/video.webm]]

[[ATTACHMENT|../tests/results/dashboard-Dashboard-Sideba-c1d40--sidebar-icons-and-tooltips-chromium-admin/error-context.md]]

[[ATTACHMENT|../tests/results/dashboard-Dashboard-Sideba-c1d40--sidebar-icons-and-tooltips-chromium-admin-retry1/test-failed-1.png]]

[[ATTACHMENT|../tests/results/dashboard-Dashboard-Sideba-c1d40--sidebar-icons-and-tooltips-chromium-admin-retry1/video.webm]]

[[ATTACHMENT|../tests/results/dashboard-Dashboard-Sideba-c1d40--sidebar-icons-and-tooltips-chromium-admin-retry1/error-context.md]]

[[ATTACHMENT|../tests/results/dashboard-Dashboard-Sideba-c1d40--sidebar-icons-and-tooltips-chromium-admin-retry1/trace.zip]]
]]>
</system-out>
</testcase>
<testcase name="Dashboard Sidebar Navigation (DASH-002) › should handle keyboard navigation" classname="dashboard.spec.ts" time="9.265">
<failure message="dashboard.spec.ts:337:7 should handle keyboard navigation" type="FAILURE">
<![CDATA[  [chromium-admin] › dashboard.spec.ts:337:7 › Dashboard Sidebar Navigation (DASH-002) › should handle keyboard navigation 

    Error: expect(received).toContain(expected) // indexOf

    Expected substring: "/admin/"
    Received string:    "http://localhost:3005/login"

      352 |     // Verify navigation occurred (URL should have changed)
      353 |     const currentUrl = page.url();
    > 354 |     expect(currentUrl).toContain('/admin/');
          |                        ^
      355 |   });
      356 |
      357 |   test('should prevent content overlap when sidebar is expanded', async ({ page }) => {
        at /Users/lukatenbosch/Downloads/heiwahouse/wavecampdashboard/tests/dashboard.spec.ts:354:24

    attachment #1: screenshot (image/png) ──────────────────────────────────────────────────────────
    results/dashboard-Dashboard-Sideba-7339a--handle-keyboard-navigation-chromium-admin/test-failed-1.png
    ────────────────────────────────────────────────────────────────────────────────────────────────

    attachment #2: video (video/webm) ──────────────────────────────────────────────────────────────
    results/dashboard-Dashboard-Sideba-7339a--handle-keyboard-navigation-chromium-admin/video.webm
    ────────────────────────────────────────────────────────────────────────────────────────────────

    Error Context: results/dashboard-Dashboard-Sideba-7339a--handle-keyboard-navigation-chromium-admin/error-context.md

    Retry #1 ───────────────────────────────────────────────────────────────────────────────────────

    Error: expect(received).toContain(expected) // indexOf

    Expected substring: "/admin/"
    Received string:    "http://localhost:3005/login"

      352 |     // Verify navigation occurred (URL should have changed)
      353 |     const currentUrl = page.url();
    > 354 |     expect(currentUrl).toContain('/admin/');
          |                        ^
      355 |   });
      356 |
      357 |   test('should prevent content overlap when sidebar is expanded', async ({ page }) => {
        at /Users/lukatenbosch/Downloads/heiwahouse/wavecampdashboard/tests/dashboard.spec.ts:354:24

    attachment #1: screenshot (image/png) ──────────────────────────────────────────────────────────
    results/dashboard-Dashboard-Sideba-7339a--handle-keyboard-navigation-chromium-admin-retry1/test-failed-1.png
    ────────────────────────────────────────────────────────────────────────────────────────────────

    attachment #2: video (video/webm) ──────────────────────────────────────────────────────────────
    results/dashboard-Dashboard-Sideba-7339a--handle-keyboard-navigation-chromium-admin-retry1/video.webm
    ────────────────────────────────────────────────────────────────────────────────────────────────

    Error Context: results/dashboard-Dashboard-Sideba-7339a--handle-keyboard-navigation-chromium-admin-retry1/error-context.md

    attachment #4: trace (application/zip) ─────────────────────────────────────────────────────────
    results/dashboard-Dashboard-Sideba-7339a--handle-keyboard-navigation-chromium-admin-retry1/trace.zip
    Usage:

        npx playwright show-trace results/dashboard-Dashboard-Sideba-7339a--handle-keyboard-navigation-chromium-admin-retry1/trace.zip

    ────────────────────────────────────────────────────────────────────────────────────────────────
]]>
</failure>
<system-out>
<![CDATA[
[[ATTACHMENT|../tests/results/dashboard-Dashboard-Sideba-7339a--handle-keyboard-navigation-chromium-admin/test-failed-1.png]]

[[ATTACHMENT|../tests/results/dashboard-Dashboard-Sideba-7339a--handle-keyboard-navigation-chromium-admin/video.webm]]

[[ATTACHMENT|../tests/results/dashboard-Dashboard-Sideba-7339a--handle-keyboard-navigation-chromium-admin/error-context.md]]

[[ATTACHMENT|../tests/results/dashboard-Dashboard-Sideba-7339a--handle-keyboard-navigation-chromium-admin-retry1/test-failed-1.png]]

[[ATTACHMENT|../tests/results/dashboard-Dashboard-Sideba-7339a--handle-keyboard-navigation-chromium-admin-retry1/video.webm]]

[[ATTACHMENT|../tests/results/dashboard-Dashboard-Sideba-7339a--handle-keyboard-navigation-chromium-admin-retry1/error-context.md]]

[[ATTACHMENT|../tests/results/dashboard-Dashboard-Sideba-7339a--handle-keyboard-navigation-chromium-admin-retry1/trace.zip]]
]]>
</system-out>
</testcase>
<testcase name="Dashboard Sidebar Navigation (DASH-002) › should prevent content overlap when sidebar is expanded" classname="dashboard.spec.ts" time="27.001">
<failure message="dashboard.spec.ts:357:7 should prevent content overlap when sidebar is expanded" type="FAILURE">
<![CDATA[  [chromium-admin] › dashboard.spec.ts:357:7 › Dashboard Sidebar Navigation (DASH-002) › should prevent content overlap when sidebar is expanded 

    TimeoutError: locator.boundingBox: Timeout 10000ms exceeded.
    Call log:
      - waiting for locator('[data-testid="sidebar-nav"]')


      364 |
      365 |     // Verify sidebar and main content don't overlap
    > 366 |     const sidebarBox = await sidebar.boundingBox();
          |                                      ^
      367 |     const contentBox = await mainContent.boundingBox();
      368 |
      369 |     if (sidebarBox && contentBox) {
        at /Users/lukatenbosch/Downloads/heiwahouse/wavecampdashboard/tests/dashboard.spec.ts:366:38

    attachment #1: screenshot (image/png) ──────────────────────────────────────────────────────────
    results/dashboard-Dashboard-Sideba-54beb-ap-when-sidebar-is-expanded-chromium-admin/test-failed-1.png
    ────────────────────────────────────────────────────────────────────────────────────────────────

    attachment #2: video (video/webm) ──────────────────────────────────────────────────────────────
    results/dashboard-Dashboard-Sideba-54beb-ap-when-sidebar-is-expanded-chromium-admin/video.webm
    ────────────────────────────────────────────────────────────────────────────────────────────────

    Error Context: results/dashboard-Dashboard-Sideba-54beb-ap-when-sidebar-is-expanded-chromium-admin/error-context.md

    Retry #1 ───────────────────────────────────────────────────────────────────────────────────────

    TimeoutError: locator.boundingBox: Timeout 10000ms exceeded.
    Call log:
      - waiting for locator('[data-testid="sidebar-nav"]')


      364 |
      365 |     // Verify sidebar and main content don't overlap
    > 366 |     const sidebarBox = await sidebar.boundingBox();
          |                                      ^
      367 |     const contentBox = await mainContent.boundingBox();
      368 |
      369 |     if (sidebarBox && contentBox) {
        at /Users/lukatenbosch/Downloads/heiwahouse/wavecampdashboard/tests/dashboard.spec.ts:366:38

    attachment #1: screenshot (image/png) ──────────────────────────────────────────────────────────
    results/dashboard-Dashboard-Sideba-54beb-ap-when-sidebar-is-expanded-chromium-admin-retry1/test-failed-1.png
    ────────────────────────────────────────────────────────────────────────────────────────────────

    attachment #2: video (video/webm) ──────────────────────────────────────────────────────────────
    results/dashboard-Dashboard-Sideba-54beb-ap-when-sidebar-is-expanded-chromium-admin-retry1/video.webm
    ────────────────────────────────────────────────────────────────────────────────────────────────

    Error Context: results/dashboard-Dashboard-Sideba-54beb-ap-when-sidebar-is-expanded-chromium-admin-retry1/error-context.md

    attachment #4: trace (application/zip) ─────────────────────────────────────────────────────────
    results/dashboard-Dashboard-Sideba-54beb-ap-when-sidebar-is-expanded-chromium-admin-retry1/trace.zip
    Usage:

        npx playwright show-trace results/dashboard-Dashboard-Sideba-54beb-ap-when-sidebar-is-expanded-chromium-admin-retry1/trace.zip

    ────────────────────────────────────────────────────────────────────────────────────────────────
]]>
</failure>
<system-out>
<![CDATA[
[[ATTACHMENT|../tests/results/dashboard-Dashboard-Sideba-54beb-ap-when-sidebar-is-expanded-chromium-admin/test-failed-1.png]]

[[ATTACHMENT|../tests/results/dashboard-Dashboard-Sideba-54beb-ap-when-sidebar-is-expanded-chromium-admin/video.webm]]

[[ATTACHMENT|../tests/results/dashboard-Dashboard-Sideba-54beb-ap-when-sidebar-is-expanded-chromium-admin/error-context.md]]

[[ATTACHMENT|../tests/results/dashboard-Dashboard-Sideba-54beb-ap-when-sidebar-is-expanded-chromium-admin-retry1/test-failed-1.png]]

[[ATTACHMENT|../tests/results/dashboard-Dashboard-Sideba-54beb-ap-when-sidebar-is-expanded-chromium-admin-retry1/video.webm]]

[[ATTACHMENT|../tests/results/dashboard-Dashboard-Sideba-54beb-ap-when-sidebar-is-expanded-chromium-admin-retry1/error-context.md]]

[[ATTACHMENT|../tests/results/dashboard-Dashboard-Sideba-54beb-ap-when-sidebar-is-expanded-chromium-admin-retry1/trace.zip]]
]]>
</system-out>
</testcase>
<testcase name="Dashboard Sidebar Navigation (DASH-002) › should handle logout functionality from sidebar" classname="dashboard.spec.ts" time="2.603">
</testcase>
<testcase name="Dashboard Sidebar Navigation (DASH-002) › should take snapshots for visual regression" classname="dashboard.spec.ts" time="8.948">
<failure message="dashboard.spec.ts:417:7 should take snapshots for visual regression" type="FAILURE">
<![CDATA[  [chromium-admin] › dashboard.spec.ts:417:7 › Dashboard Sidebar Navigation (DASH-002) › should take snapshots for visual regression 

    Error: A snapshot doesn't exist at /Users/lukatenbosch/Downloads/heiwahouse/wavecampdashboard/tests/dashboard.spec.ts-snapshots/dashboard-full-expanded-chromium-admin-darwin.png, writing actual.

      421 |
      422 |     // Take screenshot of full dashboard with expanded sidebar
    > 423 |     await expect(page.locator('body')).toHaveScreenshot('dashboard-full-expanded.png');
          |     ^
      424 |
      425 |     // Take screenshot of sidebar component only
      426 |     await expect(page.locator('[data-testid="sidebar-nav"]')).toHaveScreenshot('sidebar-expanded.png');
        at /Users/lukatenbosch/Downloads/heiwahouse/wavecampdashboard/tests/dashboard.spec.ts:423:5

    Error: expect(locator).toHaveScreenshot(expected) failed

    Locator:  locator('[data-testid="sidebar-nav"]')
    Timeout:  5000ms
      Timeout 5000ms exceeded.

      Snapshot: sidebar-expanded.png

    Call log:
      - Expect "toHaveScreenshot(sidebar-expanded.png)" with timeout 5000ms
        - generating new stable screenshot expectation
      - waiting for locator('[data-testid="sidebar-nav"]')
      - Timeout 5000ms exceeded.


      424 |
      425 |     // Take screenshot of sidebar component only
    > 426 |     await expect(page.locator('[data-testid="sidebar-nav"]')).toHaveScreenshot('sidebar-expanded.png');
          |                                                               ^
      427 |
      428 |     // Collapse sidebar and take screenshots
      429 |     await page.locator('[data-testid="sidebar-toggle"]').click();
        at /Users/lukatenbosch/Downloads/heiwahouse/wavecampdashboard/tests/dashboard.spec.ts:426:63

    attachment #1: dashboard-full-expanded (image/png) ─────────────────────────────────────────────
    Expected: dashboard.spec.ts-snapshots/dashboard-full-expanded-chromium-admin-darwin.png
    Received: results/dashboard-Dashboard-Sideba-49b1d-shots-for-visual-regression-chromium-admin/dashboard-full-expanded-actual.png
    ────────────────────────────────────────────────────────────────────────────────────────────────

    attachment #2: screenshot (image/png) ──────────────────────────────────────────────────────────
    results/dashboard-Dashboard-Sideba-49b1d-shots-for-visual-regression-chromium-admin/test-failed-1.png
    ────────────────────────────────────────────────────────────────────────────────────────────────

    attachment #3: video (video/webm) ──────────────────────────────────────────────────────────────
    results/dashboard-Dashboard-Sideba-49b1d-shots-for-visual-regression-chromium-admin/video.webm
    ────────────────────────────────────────────────────────────────────────────────────────────────

    Error Context: results/dashboard-Dashboard-Sideba-49b1d-shots-for-visual-regression-chromium-admin/error-context.md
]]>
</failure>
<system-out>
<![CDATA[
[[ATTACHMENT|../tests/dashboard.spec.ts-snapshots/dashboard-full-expanded-chromium-admin-darwin.png]]

[[ATTACHMENT|../tests/results/dashboard-Dashboard-Sideba-49b1d-shots-for-visual-regression-chromium-admin/dashboard-full-expanded-actual.png]]

[[ATTACHMENT|../tests/results/dashboard-Dashboard-Sideba-49b1d-shots-for-visual-regression-chromium-admin/test-failed-1.png]]

[[ATTACHMENT|../tests/results/dashboard-Dashboard-Sideba-49b1d-shots-for-visual-regression-chromium-admin/video.webm]]

[[ATTACHMENT|../tests/results/dashboard-Dashboard-Sideba-49b1d-shots-for-visual-regression-chromium-admin/error-context.md]]
]]>
</system-out>
</testcase>
</testsuite>
<testsuite name="admin/assignment-board-comprehensive.spec.ts" timestamp="2025-09-17T23:26:21.514Z" hostname="firefox-admin" tests="13" failures="13" skipped="0" time="143.868" errors="0">
<testcase name="Assignment Board - Comprehensive Testing › Drag and Drop Functionality › should successfully drag participant to room" classname="admin/assignment-board-comprehensive.spec.ts" time="20.87">
<failure message="assignment-board-comprehensive.spec.ts:23:9 should successfully drag participant to room" type="FAILURE">
<![CDATA[  [firefox-admin] › admin/assignment-board-comprehensive.spec.ts:23:9 › Assignment Board - Comprehensive Testing › Drag and Drop Functionality › should successfully drag participant to room 

    TimeoutError: page.fill: Timeout 10000ms exceeded.
    Call log:
      - waiting for locator('[data-testid="email-input"]')


      10 |     // Login as admin
      11 |     await page.goto('/login');
    > 12 |     await page.fill('[data-testid="email-input"]', 'admin@heiwa.house');
         |                ^
      13 |     await page.fill('[data-testid="password-input"]', 'admin123456');
      14 |     await page.click('[data-testid="login-button"]');
      15 |     await page.waitForURL('**/admin');
        at /Users/lukatenbosch/Downloads/heiwahouse/wavecampdashboard/tests/admin/assignment-board-comprehensive.spec.ts:12:16

    attachment #1: screenshot (image/png) ──────────────────────────────────────────────────────────
    results/admin-assignment-board-com-82cc8-ly-drag-participant-to-room-firefox-admin/test-failed-1.png
    ────────────────────────────────────────────────────────────────────────────────────────────────

    attachment #2: video (video/webm) ──────────────────────────────────────────────────────────────
    results/admin-assignment-board-com-82cc8-ly-drag-participant-to-room-firefox-admin/video.webm
    ────────────────────────────────────────────────────────────────────────────────────────────────

    Error Context: results/admin-assignment-board-com-82cc8-ly-drag-participant-to-room-firefox-admin/error-context.md

    Retry #1 ───────────────────────────────────────────────────────────────────────────────────────

    Error: page.goto: NS_ERROR_CONNECTION_REFUSED
    Call log:
      - navigating to "http://localhost:3005/login", waiting until "load"


       9 |   test.beforeEach(async ({ page }) => {
      10 |     // Login as admin
    > 11 |     await page.goto('/login');
         |                ^
      12 |     await page.fill('[data-testid="email-input"]', 'admin@heiwa.house');
      13 |     await page.fill('[data-testid="password-input"]', 'admin123456');
      14 |     await page.click('[data-testid="login-button"]');
        at /Users/lukatenbosch/Downloads/heiwahouse/wavecampdashboard/tests/admin/assignment-board-comprehensive.spec.ts:11:16

    attachment #1: screenshot (image/png) ──────────────────────────────────────────────────────────
    results/admin-assignment-board-com-82cc8-ly-drag-participant-to-room-firefox-admin-retry1/test-failed-1.png
    ────────────────────────────────────────────────────────────────────────────────────────────────

    attachment #2: video (video/webm) ──────────────────────────────────────────────────────────────
    results/admin-assignment-board-com-82cc8-ly-drag-participant-to-room-firefox-admin-retry1/video.webm
    ────────────────────────────────────────────────────────────────────────────────────────────────

    Error Context: results/admin-assignment-board-com-82cc8-ly-drag-participant-to-room-firefox-admin-retry1/error-context.md

    attachment #4: trace (application/zip) ─────────────────────────────────────────────────────────
    results/admin-assignment-board-com-82cc8-ly-drag-participant-to-room-firefox-admin-retry1/trace.zip
    Usage:

        npx playwright show-trace results/admin-assignment-board-com-82cc8-ly-drag-participant-to-room-firefox-admin-retry1/trace.zip

    ────────────────────────────────────────────────────────────────────────────────────────────────
]]>
</failure>
<system-out>
<![CDATA[
[[ATTACHMENT|../tests/results/admin-assignment-board-com-82cc8-ly-drag-participant-to-room-firefox-admin/test-failed-1.png]]

[[ATTACHMENT|../tests/results/admin-assignment-board-com-82cc8-ly-drag-participant-to-room-firefox-admin/video.webm]]

[[ATTACHMENT|../tests/results/admin-assignment-board-com-82cc8-ly-drag-participant-to-room-firefox-admin/error-context.md]]

[[ATTACHMENT|../tests/results/admin-assignment-board-com-82cc8-ly-drag-participant-to-room-firefox-admin-retry1/test-failed-1.png]]

[[ATTACHMENT|../tests/results/admin-assignment-board-com-82cc8-ly-drag-participant-to-room-firefox-admin-retry1/video.webm]]

[[ATTACHMENT|../tests/results/admin-assignment-board-com-82cc8-ly-drag-participant-to-room-firefox-admin-retry1/error-context.md]]

[[ATTACHMENT|../tests/results/admin-assignment-board-com-82cc8-ly-drag-participant-to-room-firefox-admin-retry1/trace.zip]]
]]>
</system-out>
</testcase>
<testcase name="Assignment Board - Comprehensive Testing › Drag and Drop Functionality › should allow dragging participant back to unassigned" classname="admin/assignment-board-comprehensive.spec.ts" time="18.061">
<failure message="assignment-board-comprehensive.spec.ts:54:9 should allow dragging participant back to unassigned" type="FAILURE">
<![CDATA[  [firefox-admin] › admin/assignment-board-comprehensive.spec.ts:54:9 › Assignment Board - Comprehensive Testing › Drag and Drop Functionality › should allow dragging participant back to unassigned 

    TimeoutError: page.fill: Timeout 10000ms exceeded.
    Call log:
      - waiting for locator('[data-testid="email-input"]')


      10 |     // Login as admin
      11 |     await page.goto('/login');
    > 12 |     await page.fill('[data-testid="email-input"]', 'admin@heiwa.house');
         |                ^
      13 |     await page.fill('[data-testid="password-input"]', 'admin123456');
      14 |     await page.click('[data-testid="login-button"]');
      15 |     await page.waitForURL('**/admin');
        at /Users/lukatenbosch/Downloads/heiwahouse/wavecampdashboard/tests/admin/assignment-board-comprehensive.spec.ts:12:16

    attachment #1: screenshot (image/png) ──────────────────────────────────────────────────────────
    results/admin-assignment-board-com-83fdd-ticipant-back-to-unassigned-firefox-admin/test-failed-1.png
    ────────────────────────────────────────────────────────────────────────────────────────────────

    attachment #2: video (video/webm) ──────────────────────────────────────────────────────────────
    results/admin-assignment-board-com-83fdd-ticipant-back-to-unassigned-firefox-admin/video.webm
    ────────────────────────────────────────────────────────────────────────────────────────────────

    Error Context: results/admin-assignment-board-com-83fdd-ticipant-back-to-unassigned-firefox-admin/error-context.md

    Retry #1 ───────────────────────────────────────────────────────────────────────────────────────

    Error: page.goto: NS_ERROR_CONNECTION_REFUSED
    Call log:
      - navigating to "http://localhost:3005/login", waiting until "load"


       9 |   test.beforeEach(async ({ page }) => {
      10 |     // Login as admin
    > 11 |     await page.goto('/login');
         |                ^
      12 |     await page.fill('[data-testid="email-input"]', 'admin@heiwa.house');
      13 |     await page.fill('[data-testid="password-input"]', 'admin123456');
      14 |     await page.click('[data-testid="login-button"]');
        at /Users/lukatenbosch/Downloads/heiwahouse/wavecampdashboard/tests/admin/assignment-board-comprehensive.spec.ts:11:16

    attachment #1: screenshot (image/png) ──────────────────────────────────────────────────────────
    results/admin-assignment-board-com-83fdd-ticipant-back-to-unassigned-firefox-admin-retry1/test-failed-1.png
    ────────────────────────────────────────────────────────────────────────────────────────────────

    attachment #2: video (video/webm) ──────────────────────────────────────────────────────────────
    results/admin-assignment-board-com-83fdd-ticipant-back-to-unassigned-firefox-admin-retry1/video.webm
    ────────────────────────────────────────────────────────────────────────────────────────────────

    Error Context: results/admin-assignment-board-com-83fdd-ticipant-back-to-unassigned-firefox-admin-retry1/error-context.md

    attachment #4: trace (application/zip) ─────────────────────────────────────────────────────────
    results/admin-assignment-board-com-83fdd-ticipant-back-to-unassigned-firefox-admin-retry1/trace.zip
    Usage:

        npx playwright show-trace results/admin-assignment-board-com-83fdd-ticipant-back-to-unassigned-firefox-admin-retry1/trace.zip

    ────────────────────────────────────────────────────────────────────────────────────────────────
]]>
</failure>
<system-out>
<![CDATA[
[[ATTACHMENT|../tests/results/admin-assignment-board-com-83fdd-ticipant-back-to-unassigned-firefox-admin/test-failed-1.png]]

[[ATTACHMENT|../tests/results/admin-assignment-board-com-83fdd-ticipant-back-to-unassigned-firefox-admin/video.webm]]

[[ATTACHMENT|../tests/results/admin-assignment-board-com-83fdd-ticipant-back-to-unassigned-firefox-admin/error-context.md]]

[[ATTACHMENT|../tests/results/admin-assignment-board-com-83fdd-ticipant-back-to-unassigned-firefox-admin-retry1/test-failed-1.png]]

[[ATTACHMENT|../tests/results/admin-assignment-board-com-83fdd-ticipant-back-to-unassigned-firefox-admin-retry1/video.webm]]

[[ATTACHMENT|../tests/results/admin-assignment-board-com-83fdd-ticipant-back-to-unassigned-firefox-admin-retry1/error-context.md]]

[[ATTACHMENT|../tests/results/admin-assignment-board-com-83fdd-ticipant-back-to-unassigned-firefox-admin-retry1/trace.zip]]
]]>
</system-out>
</testcase>
<testcase name="Assignment Board - Comprehensive Testing › Drag and Drop Functionality › should allow moving participant between rooms" classname="admin/assignment-board-comprehensive.spec.ts" time="17.363">
<failure message="assignment-board-comprehensive.spec.ts:80:9 should allow moving participant between rooms" type="FAILURE">
<![CDATA[  [firefox-admin] › admin/assignment-board-comprehensive.spec.ts:80:9 › Assignment Board - Comprehensive Testing › Drag and Drop Functionality › should allow moving participant between rooms 

    TimeoutError: page.fill: Timeout 10000ms exceeded.
    Call log:
      - waiting for locator('[data-testid="email-input"]')


      10 |     // Login as admin
      11 |     await page.goto('/login');
    > 12 |     await page.fill('[data-testid="email-input"]', 'admin@heiwa.house');
         |                ^
      13 |     await page.fill('[data-testid="password-input"]', 'admin123456');
      14 |     await page.click('[data-testid="login-button"]');
      15 |     await page.waitForURL('**/admin');
        at /Users/lukatenbosch/Downloads/heiwahouse/wavecampdashboard/tests/admin/assignment-board-comprehensive.spec.ts:12:16

    attachment #1: screenshot (image/png) ──────────────────────────────────────────────────────────
    results/admin-assignment-board-com-b1e0a-g-participant-between-rooms-firefox-admin/test-failed-1.png
    ────────────────────────────────────────────────────────────────────────────────────────────────

    attachment #2: video (video/webm) ──────────────────────────────────────────────────────────────
    results/admin-assignment-board-com-b1e0a-g-participant-between-rooms-firefox-admin/video.webm
    ────────────────────────────────────────────────────────────────────────────────────────────────

    Error Context: results/admin-assignment-board-com-b1e0a-g-participant-between-rooms-firefox-admin/error-context.md

    Retry #1 ───────────────────────────────────────────────────────────────────────────────────────

    Error: page.goto: NS_ERROR_CONNECTION_REFUSED
    Call log:
      - navigating to "http://localhost:3005/login", waiting until "load"


       9 |   test.beforeEach(async ({ page }) => {
      10 |     // Login as admin
    > 11 |     await page.goto('/login');
         |                ^
      12 |     await page.fill('[data-testid="email-input"]', 'admin@heiwa.house');
      13 |     await page.fill('[data-testid="password-input"]', 'admin123456');
      14 |     await page.click('[data-testid="login-button"]');
        at /Users/lukatenbosch/Downloads/heiwahouse/wavecampdashboard/tests/admin/assignment-board-comprehensive.spec.ts:11:16

    attachment #1: screenshot (image/png) ──────────────────────────────────────────────────────────
    results/admin-assignment-board-com-b1e0a-g-participant-between-rooms-firefox-admin-retry1/test-failed-1.png
    ────────────────────────────────────────────────────────────────────────────────────────────────

    attachment #2: video (video/webm) ──────────────────────────────────────────────────────────────
    results/admin-assignment-board-com-b1e0a-g-participant-between-rooms-firefox-admin-retry1/video.webm
    ────────────────────────────────────────────────────────────────────────────────────────────────

    Error Context: results/admin-assignment-board-com-b1e0a-g-participant-between-rooms-firefox-admin-retry1/error-context.md

    attachment #4: trace (application/zip) ─────────────────────────────────────────────────────────
    results/admin-assignment-board-com-b1e0a-g-participant-between-rooms-firefox-admin-retry1/trace.zip
    Usage:

        npx playwright show-trace results/admin-assignment-board-com-b1e0a-g-participant-between-rooms-firefox-admin-retry1/trace.zip

    ────────────────────────────────────────────────────────────────────────────────────────────────
]]>
</failure>
<system-out>
<![CDATA[
[[ATTACHMENT|../tests/results/admin-assignment-board-com-b1e0a-g-participant-between-rooms-firefox-admin/test-failed-1.png]]

[[ATTACHMENT|../tests/results/admin-assignment-board-com-b1e0a-g-participant-between-rooms-firefox-admin/video.webm]]

[[ATTACHMENT|../tests/results/admin-assignment-board-com-b1e0a-g-participant-between-rooms-firefox-admin/error-context.md]]

[[ATTACHMENT|../tests/results/admin-assignment-board-com-b1e0a-g-participant-between-rooms-firefox-admin-retry1/test-failed-1.png]]

[[ATTACHMENT|../tests/results/admin-assignment-board-com-b1e0a-g-participant-between-rooms-firefox-admin-retry1/video.webm]]

[[ATTACHMENT|../tests/results/admin-assignment-board-com-b1e0a-g-participant-between-rooms-firefox-admin-retry1/error-context.md]]

[[ATTACHMENT|../tests/results/admin-assignment-board-com-b1e0a-g-participant-between-rooms-firefox-admin-retry1/trace.zip]]
]]>
</system-out>
</testcase>
<testcase name="Assignment Board - Comprehensive Testing › Drag and Drop Functionality › should prevent exceeding room capacity" classname="admin/assignment-board-comprehensive.spec.ts" time="30.522">
<failure message="assignment-board-comprehensive.spec.ts:107:9 should prevent exceeding room capacity" type="FAILURE">
<![CDATA[  [firefox-admin] › admin/assignment-board-comprehensive.spec.ts:107:9 › Assignment Board - Comprehensive Testing › Drag and Drop Functionality › should prevent exceeding room capacity 

    TimeoutError: page.fill: Timeout 10000ms exceeded.
    Call log:
      - waiting for locator('[data-testid="email-input"]')


      10 |     // Login as admin
      11 |     await page.goto('/login');
    > 12 |     await page.fill('[data-testid="email-input"]', 'admin@heiwa.house');
         |                ^
      13 |     await page.fill('[data-testid="password-input"]', 'admin123456');
      14 |     await page.click('[data-testid="login-button"]');
      15 |     await page.waitForURL('**/admin');
        at /Users/lukatenbosch/Downloads/heiwahouse/wavecampdashboard/tests/admin/assignment-board-comprehensive.spec.ts:12:16

    attachment #1: screenshot (image/png) ──────────────────────────────────────────────────────────
    results/admin-assignment-board-com-734b1-ent-exceeding-room-capacity-firefox-admin/test-failed-1.png
    ────────────────────────────────────────────────────────────────────────────────────────────────

    attachment #2: video (video/webm) ──────────────────────────────────────────────────────────────
    results/admin-assignment-board-com-734b1-ent-exceeding-room-capacity-firefox-admin/video.webm
    ────────────────────────────────────────────────────────────────────────────────────────────────

    Error Context: results/admin-assignment-board-com-734b1-ent-exceeding-room-capacity-firefox-admin/error-context.md

    Retry #1 ───────────────────────────────────────────────────────────────────────────────────────

    TimeoutError: page.fill: Timeout 10000ms exceeded.
    Call log:
      - waiting for locator('[data-testid="email-input"]')


      10 |     // Login as admin
      11 |     await page.goto('/login');
    > 12 |     await page.fill('[data-testid="email-input"]', 'admin@heiwa.house');
         |                ^
      13 |     await page.fill('[data-testid="password-input"]', 'admin123456');
      14 |     await page.click('[data-testid="login-button"]');
      15 |     await page.waitForURL('**/admin');
        at /Users/lukatenbosch/Downloads/heiwahouse/wavecampdashboard/tests/admin/assignment-board-comprehensive.spec.ts:12:16

    attachment #1: screenshot (image/png) ──────────────────────────────────────────────────────────
    results/admin-assignment-board-com-734b1-ent-exceeding-room-capacity-firefox-admin-retry1/test-failed-1.png
    ────────────────────────────────────────────────────────────────────────────────────────────────

    attachment #2: video (video/webm) ──────────────────────────────────────────────────────────────
    results/admin-assignment-board-com-734b1-ent-exceeding-room-capacity-firefox-admin-retry1/video.webm
    ────────────────────────────────────────────────────────────────────────────────────────────────

    Error Context: results/admin-assignment-board-com-734b1-ent-exceeding-room-capacity-firefox-admin-retry1/error-context.md

    attachment #4: trace (application/zip) ─────────────────────────────────────────────────────────
    results/admin-assignment-board-com-734b1-ent-exceeding-room-capacity-firefox-admin-retry1/trace.zip
    Usage:

        npx playwright show-trace results/admin-assignment-board-com-734b1-ent-exceeding-room-capacity-firefox-admin-retry1/trace.zip

    ────────────────────────────────────────────────────────────────────────────────────────────────
]]>
</failure>
<system-out>
<![CDATA[
[[ATTACHMENT|../tests/results/admin-assignment-board-com-734b1-ent-exceeding-room-capacity-firefox-admin/test-failed-1.png]]

[[ATTACHMENT|../tests/results/admin-assignment-board-com-734b1-ent-exceeding-room-capacity-firefox-admin/video.webm]]

[[ATTACHMENT|../tests/results/admin-assignment-board-com-734b1-ent-exceeding-room-capacity-firefox-admin/error-context.md]]

[[ATTACHMENT|../tests/results/admin-assignment-board-com-734b1-ent-exceeding-room-capacity-firefox-admin-retry1/test-failed-1.png]]

[[ATTACHMENT|../tests/results/admin-assignment-board-com-734b1-ent-exceeding-room-capacity-firefox-admin-retry1/video.webm]]

[[ATTACHMENT|../tests/results/admin-assignment-board-com-734b1-ent-exceeding-room-capacity-firefox-admin-retry1/error-context.md]]

[[ATTACHMENT|../tests/results/admin-assignment-board-com-734b1-ent-exceeding-room-capacity-firefox-admin-retry1/trace.zip]]
]]>
</system-out>
</testcase>
<testcase name="Assignment Board - Comprehensive Testing › Visual Feedback and UX › should show visual feedback during drag operations" classname="admin/assignment-board-comprehensive.spec.ts" time="16.553">
<failure message="assignment-board-comprehensive.spec.ts:139:9 should show visual feedback during drag operations" type="FAILURE">
<![CDATA[  [firefox-admin] › admin/assignment-board-comprehensive.spec.ts:139:9 › Assignment Board - Comprehensive Testing › Visual Feedback and UX › should show visual feedback during drag operations 

    TimeoutError: page.fill: Timeout 10000ms exceeded.
    Call log:
      - waiting for locator('[data-testid="email-input"]')


      10 |     // Login as admin
      11 |     await page.goto('/login');
    > 12 |     await page.fill('[data-testid="email-input"]', 'admin@heiwa.house');
         |                ^
      13 |     await page.fill('[data-testid="password-input"]', 'admin123456');
      14 |     await page.click('[data-testid="login-button"]');
      15 |     await page.waitForURL('**/admin');
        at /Users/lukatenbosch/Downloads/heiwahouse/wavecampdashboard/tests/admin/assignment-board-comprehensive.spec.ts:12:16

    attachment #1: screenshot (image/png) ──────────────────────────────────────────────────────────
    results/admin-assignment-board-com-e612a-back-during-drag-operations-firefox-admin/test-failed-1.png
    ────────────────────────────────────────────────────────────────────────────────────────────────

    attachment #2: video (video/webm) ──────────────────────────────────────────────────────────────
    results/admin-assignment-board-com-e612a-back-during-drag-operations-firefox-admin/video.webm
    ────────────────────────────────────────────────────────────────────────────────────────────────

    Error Context: results/admin-assignment-board-com-e612a-back-during-drag-operations-firefox-admin/error-context.md

    Retry #1 ───────────────────────────────────────────────────────────────────────────────────────

    Error: page.goto: NS_ERROR_CONNECTION_REFUSED
    Call log:
      - navigating to "http://localhost:3005/login", waiting until "load"


       9 |   test.beforeEach(async ({ page }) => {
      10 |     // Login as admin
    > 11 |     await page.goto('/login');
         |                ^
      12 |     await page.fill('[data-testid="email-input"]', 'admin@heiwa.house');
      13 |     await page.fill('[data-testid="password-input"]', 'admin123456');
      14 |     await page.click('[data-testid="login-button"]');
        at /Users/lukatenbosch/Downloads/heiwahouse/wavecampdashboard/tests/admin/assignment-board-comprehensive.spec.ts:11:16

    attachment #1: screenshot (image/png) ──────────────────────────────────────────────────────────
    results/admin-assignment-board-com-e612a-back-during-drag-operations-firefox-admin-retry1/test-failed-1.png
    ────────────────────────────────────────────────────────────────────────────────────────────────

    attachment #2: video (video/webm) ──────────────────────────────────────────────────────────────
    results/admin-assignment-board-com-e612a-back-during-drag-operations-firefox-admin-retry1/video.webm
    ────────────────────────────────────────────────────────────────────────────────────────────────

    Error Context: results/admin-assignment-board-com-e612a-back-during-drag-operations-firefox-admin-retry1/error-context.md

    attachment #4: trace (application/zip) ─────────────────────────────────────────────────────────
    results/admin-assignment-board-com-e612a-back-during-drag-operations-firefox-admin-retry1/trace.zip
    Usage:

        npx playwright show-trace results/admin-assignment-board-com-e612a-back-during-drag-operations-firefox-admin-retry1/trace.zip

    ────────────────────────────────────────────────────────────────────────────────────────────────
]]>
</failure>
<system-out>
<![CDATA[
[[ATTACHMENT|../tests/results/admin-assignment-board-com-e612a-back-during-drag-operations-firefox-admin/test-failed-1.png]]

[[ATTACHMENT|../tests/results/admin-assignment-board-com-e612a-back-during-drag-operations-firefox-admin/video.webm]]

[[ATTACHMENT|../tests/results/admin-assignment-board-com-e612a-back-during-drag-operations-firefox-admin/error-context.md]]

[[ATTACHMENT|../tests/results/admin-assignment-board-com-e612a-back-during-drag-operations-firefox-admin-retry1/test-failed-1.png]]

[[ATTACHMENT|../tests/results/admin-assignment-board-com-e612a-back-during-drag-operations-firefox-admin-retry1/video.webm]]

[[ATTACHMENT|../tests/results/admin-assignment-board-com-e612a-back-during-drag-operations-firefox-admin-retry1/error-context.md]]

[[ATTACHMENT|../tests/results/admin-assignment-board-com-e612a-back-during-drag-operations-firefox-admin-retry1/trace.zip]]
]]>
</system-out>
</testcase>
<testcase name="Assignment Board - Comprehensive Testing › Visual Feedback and UX › should update occupancy statistics in real-time" classname="admin/assignment-board-comprehensive.spec.ts" time="15.054">
<failure message="assignment-board-comprehensive.spec.ts:164:9 should update occupancy statistics in real-time" type="FAILURE">
<![CDATA[  [firefox-admin] › admin/assignment-board-comprehensive.spec.ts:164:9 › Assignment Board - Comprehensive Testing › Visual Feedback and UX › should update occupancy statistics in real-time 

    TimeoutError: page.fill: Timeout 10000ms exceeded.
    Call log:
      - waiting for locator('[data-testid="email-input"]')


      10 |     // Login as admin
      11 |     await page.goto('/login');
    > 12 |     await page.fill('[data-testid="email-input"]', 'admin@heiwa.house');
         |                ^
      13 |     await page.fill('[data-testid="password-input"]', 'admin123456');
      14 |     await page.click('[data-testid="login-button"]');
      15 |     await page.waitForURL('**/admin');
        at /Users/lukatenbosch/Downloads/heiwahouse/wavecampdashboard/tests/admin/assignment-board-comprehensive.spec.ts:12:16

    attachment #1: screenshot (image/png) ──────────────────────────────────────────────────────────
    results/admin-assignment-board-com-dfe40-ncy-statistics-in-real-time-firefox-admin/test-failed-1.png
    ────────────────────────────────────────────────────────────────────────────────────────────────

    attachment #2: video (video/webm) ──────────────────────────────────────────────────────────────
    results/admin-assignment-board-com-dfe40-ncy-statistics-in-real-time-firefox-admin/video.webm
    ────────────────────────────────────────────────────────────────────────────────────────────────

    Error Context: results/admin-assignment-board-com-dfe40-ncy-statistics-in-real-time-firefox-admin/error-context.md

    Retry #1 ───────────────────────────────────────────────────────────────────────────────────────

    Error: page.goto: NS_ERROR_CONNECTION_REFUSED
    Call log:
      - navigating to "http://localhost:3005/login", waiting until "load"


       9 |   test.beforeEach(async ({ page }) => {
      10 |     // Login as admin
    > 11 |     await page.goto('/login');
         |                ^
      12 |     await page.fill('[data-testid="email-input"]', 'admin@heiwa.house');
      13 |     await page.fill('[data-testid="password-input"]', 'admin123456');
      14 |     await page.click('[data-testid="login-button"]');
        at /Users/lukatenbosch/Downloads/heiwahouse/wavecampdashboard/tests/admin/assignment-board-comprehensive.spec.ts:11:16

    attachment #1: screenshot (image/png) ──────────────────────────────────────────────────────────
    results/admin-assignment-board-com-dfe40-ncy-statistics-in-real-time-firefox-admin-retry1/test-failed-1.png
    ────────────────────────────────────────────────────────────────────────────────────────────────

    attachment #2: video (video/webm) ──────────────────────────────────────────────────────────────
    results/admin-assignment-board-com-dfe40-ncy-statistics-in-real-time-firefox-admin-retry1/video.webm
    ────────────────────────────────────────────────────────────────────────────────────────────────

    Error Context: results/admin-assignment-board-com-dfe40-ncy-statistics-in-real-time-firefox-admin-retry1/error-context.md

    attachment #4: trace (application/zip) ─────────────────────────────────────────────────────────
    results/admin-assignment-board-com-dfe40-ncy-statistics-in-real-time-firefox-admin-retry1/trace.zip
    Usage:

        npx playwright show-trace results/admin-assignment-board-com-dfe40-ncy-statistics-in-real-time-firefox-admin-retry1/trace.zip

    ────────────────────────────────────────────────────────────────────────────────────────────────
]]>
</failure>
<system-out>
<![CDATA[
[[ATTACHMENT|../tests/results/admin-assignment-board-com-dfe40-ncy-statistics-in-real-time-firefox-admin/test-failed-1.png]]

[[ATTACHMENT|../tests/results/admin-assignment-board-com-dfe40-ncy-statistics-in-real-time-firefox-admin/video.webm]]

[[ATTACHMENT|../tests/results/admin-assignment-board-com-dfe40-ncy-statistics-in-real-time-firefox-admin/error-context.md]]

[[ATTACHMENT|../tests/results/admin-assignment-board-com-dfe40-ncy-statistics-in-real-time-firefox-admin-retry1/test-failed-1.png]]

[[ATTACHMENT|../tests/results/admin-assignment-board-com-dfe40-ncy-statistics-in-real-time-firefox-admin-retry1/video.webm]]

[[ATTACHMENT|../tests/results/admin-assignment-board-com-dfe40-ncy-statistics-in-real-time-firefox-admin-retry1/error-context.md]]

[[ATTACHMENT|../tests/results/admin-assignment-board-com-dfe40-ncy-statistics-in-real-time-firefox-admin-retry1/trace.zip]]
]]>
</system-out>
</testcase>
<testcase name="Assignment Board - Comprehensive Testing › Visual Feedback and UX › should show correct room assignment statistics" classname="admin/assignment-board-comprehensive.spec.ts" time="2.997">
<failure message="assignment-board-comprehensive.spec.ts:183:9 should show correct room assignment statistics" type="FAILURE">
<![CDATA[  [firefox-admin] › admin/assignment-board-comprehensive.spec.ts:183:9 › Assignment Board - Comprehensive Testing › Visual Feedback and UX › should show correct room assignment statistics 

    Error: page.goto: NS_ERROR_CONNECTION_REFUSED
    Call log:
      - navigating to "http://localhost:3005/login", waiting until "load"


       9 |   test.beforeEach(async ({ page }) => {
      10 |     // Login as admin
    > 11 |     await page.goto('/login');
         |                ^
      12 |     await page.fill('[data-testid="email-input"]', 'admin@heiwa.house');
      13 |     await page.fill('[data-testid="password-input"]', 'admin123456');
      14 |     await page.click('[data-testid="login-button"]');
        at /Users/lukatenbosch/Downloads/heiwahouse/wavecampdashboard/tests/admin/assignment-board-comprehensive.spec.ts:11:16

    attachment #1: screenshot (image/png) ──────────────────────────────────────────────────────────
    results/admin-assignment-board-com-8a7e6--room-assignment-statistics-firefox-admin/test-failed-1.png
    ────────────────────────────────────────────────────────────────────────────────────────────────

    attachment #2: video (video/webm) ──────────────────────────────────────────────────────────────
    results/admin-assignment-board-com-8a7e6--room-assignment-statistics-firefox-admin/video.webm
    ────────────────────────────────────────────────────────────────────────────────────────────────

    Error Context: results/admin-assignment-board-com-8a7e6--room-assignment-statistics-firefox-admin/error-context.md

    Retry #1 ───────────────────────────────────────────────────────────────────────────────────────

    Error: page.goto: NS_ERROR_CONNECTION_REFUSED
    Call log:
      - navigating to "http://localhost:3005/login", waiting until "load"


       9 |   test.beforeEach(async ({ page }) => {
      10 |     // Login as admin
    > 11 |     await page.goto('/login');
         |                ^
      12 |     await page.fill('[data-testid="email-input"]', 'admin@heiwa.house');
      13 |     await page.fill('[data-testid="password-input"]', 'admin123456');
      14 |     await page.click('[data-testid="login-button"]');
        at /Users/lukatenbosch/Downloads/heiwahouse/wavecampdashboard/tests/admin/assignment-board-comprehensive.spec.ts:11:16

    attachment #1: screenshot (image/png) ──────────────────────────────────────────────────────────
    results/admin-assignment-board-com-8a7e6--room-assignment-statistics-firefox-admin-retry1/test-failed-1.png
    ────────────────────────────────────────────────────────────────────────────────────────────────

    attachment #2: video (video/webm) ──────────────────────────────────────────────────────────────
    results/admin-assignment-board-com-8a7e6--room-assignment-statistics-firefox-admin-retry1/video.webm
    ────────────────────────────────────────────────────────────────────────────────────────────────

    Error Context: results/admin-assignment-board-com-8a7e6--room-assignment-statistics-firefox-admin-retry1/error-context.md

    attachment #4: trace (application/zip) ─────────────────────────────────────────────────────────
    results/admin-assignment-board-com-8a7e6--room-assignment-statistics-firefox-admin-retry1/trace.zip
    Usage:

        npx playwright show-trace results/admin-assignment-board-com-8a7e6--room-assignment-statistics-firefox-admin-retry1/trace.zip

    ────────────────────────────────────────────────────────────────────────────────────────────────
]]>
</failure>
<system-out>
<![CDATA[
[[ATTACHMENT|../tests/results/admin-assignment-board-com-8a7e6--room-assignment-statistics-firefox-admin/test-failed-1.png]]

[[ATTACHMENT|../tests/results/admin-assignment-board-com-8a7e6--room-assignment-statistics-firefox-admin/video.webm]]

[[ATTACHMENT|../tests/results/admin-assignment-board-com-8a7e6--room-assignment-statistics-firefox-admin/error-context.md]]

[[ATTACHMENT|../tests/results/admin-assignment-board-com-8a7e6--room-assignment-statistics-firefox-admin-retry1/test-failed-1.png]]

[[ATTACHMENT|../tests/results/admin-assignment-board-com-8a7e6--room-assignment-statistics-firefox-admin-retry1/video.webm]]

[[ATTACHMENT|../tests/results/admin-assignment-board-com-8a7e6--room-assignment-statistics-firefox-admin-retry1/error-context.md]]

[[ATTACHMENT|../tests/results/admin-assignment-board-com-8a7e6--room-assignment-statistics-firefox-admin-retry1/trace.zip]]
]]>
</system-out>
</testcase>
<testcase name="Assignment Board - Comprehensive Testing › Save and Persistence › should save assignments and persist after refresh" classname="admin/assignment-board-comprehensive.spec.ts" time="3.905">
<failure message="assignment-board-comprehensive.spec.ts:208:9 should save assignments and persist after refresh" type="FAILURE">
<![CDATA[  [firefox-admin] › admin/assignment-board-comprehensive.spec.ts:208:9 › Assignment Board - Comprehensive Testing › Save and Persistence › should save assignments and persist after refresh 

    Error: page.goto: NS_ERROR_CONNECTION_REFUSED
    Call log:
      - navigating to "http://localhost:3005/login", waiting until "load"


       9 |   test.beforeEach(async ({ page }) => {
      10 |     // Login as admin
    > 11 |     await page.goto('/login');
         |                ^
      12 |     await page.fill('[data-testid="email-input"]', 'admin@heiwa.house');
      13 |     await page.fill('[data-testid="password-input"]', 'admin123456');
      14 |     await page.click('[data-testid="login-button"]');
        at /Users/lukatenbosch/Downloads/heiwahouse/wavecampdashboard/tests/admin/assignment-board-comprehensive.spec.ts:11:16

    attachment #1: screenshot (image/png) ──────────────────────────────────────────────────────────
    results/admin-assignment-board-com-1a2c2-s-and-persist-after-refresh-firefox-admin/test-failed-1.png
    ────────────────────────────────────────────────────────────────────────────────────────────────

    attachment #2: video (video/webm) ──────────────────────────────────────────────────────────────
    results/admin-assignment-board-com-1a2c2-s-and-persist-after-refresh-firefox-admin/video.webm
    ────────────────────────────────────────────────────────────────────────────────────────────────

    Error Context: results/admin-assignment-board-com-1a2c2-s-and-persist-after-refresh-firefox-admin/error-context.md

    Retry #1 ───────────────────────────────────────────────────────────────────────────────────────

    Error: page.goto: NS_ERROR_CONNECTION_REFUSED
    Call log:
      - navigating to "http://localhost:3005/login", waiting until "load"


       9 |   test.beforeEach(async ({ page }) => {
      10 |     // Login as admin
    > 11 |     await page.goto('/login');
         |                ^
      12 |     await page.fill('[data-testid="email-input"]', 'admin@heiwa.house');
      13 |     await page.fill('[data-testid="password-input"]', 'admin123456');
      14 |     await page.click('[data-testid="login-button"]');
        at /Users/lukatenbosch/Downloads/heiwahouse/wavecampdashboard/tests/admin/assignment-board-comprehensive.spec.ts:11:16

    attachment #1: screenshot (image/png) ──────────────────────────────────────────────────────────
    results/admin-assignment-board-com-1a2c2-s-and-persist-after-refresh-firefox-admin-retry1/test-failed-1.png
    ────────────────────────────────────────────────────────────────────────────────────────────────

    attachment #2: video (video/webm) ──────────────────────────────────────────────────────────────
    results/admin-assignment-board-com-1a2c2-s-and-persist-after-refresh-firefox-admin-retry1/video.webm
    ────────────────────────────────────────────────────────────────────────────────────────────────

    Error Context: results/admin-assignment-board-com-1a2c2-s-and-persist-after-refresh-firefox-admin-retry1/error-context.md

    attachment #4: trace (application/zip) ─────────────────────────────────────────────────────────
    results/admin-assignment-board-com-1a2c2-s-and-persist-after-refresh-firefox-admin-retry1/trace.zip
    Usage:

        npx playwright show-trace results/admin-assignment-board-com-1a2c2-s-and-persist-after-refresh-firefox-admin-retry1/trace.zip

    ────────────────────────────────────────────────────────────────────────────────────────────────
]]>
</failure>
<system-out>
<![CDATA[
[[ATTACHMENT|../tests/results/admin-assignment-board-com-1a2c2-s-and-persist-after-refresh-firefox-admin/test-failed-1.png]]

[[ATTACHMENT|../tests/results/admin-assignment-board-com-1a2c2-s-and-persist-after-refresh-firefox-admin/video.webm]]

[[ATTACHMENT|../tests/results/admin-assignment-board-com-1a2c2-s-and-persist-after-refresh-firefox-admin/error-context.md]]

[[ATTACHMENT|../tests/results/admin-assignment-board-com-1a2c2-s-and-persist-after-refresh-firefox-admin-retry1/test-failed-1.png]]

[[ATTACHMENT|../tests/results/admin-assignment-board-com-1a2c2-s-and-persist-after-refresh-firefox-admin-retry1/video.webm]]

[[ATTACHMENT|../tests/results/admin-assignment-board-com-1a2c2-s-and-persist-after-refresh-firefox-admin-retry1/error-context.md]]

[[ATTACHMENT|../tests/results/admin-assignment-board-com-1a2c2-s-and-persist-after-refresh-firefox-admin-retry1/trace.zip]]
]]>
</system-out>
</testcase>
<testcase name="Assignment Board - Comprehensive Testing › Save and Persistence › should handle save errors gracefully" classname="admin/assignment-board-comprehensive.spec.ts" time="3.588">
<failure message="assignment-board-comprehensive.spec.ts:237:9 should handle save errors gracefully" type="FAILURE">
<![CDATA[  [firefox-admin] › admin/assignment-board-comprehensive.spec.ts:237:9 › Assignment Board - Comprehensive Testing › Save and Persistence › should handle save errors gracefully 

    Error: page.goto: NS_ERROR_CONNECTION_REFUSED
    Call log:
      - navigating to "http://localhost:3005/login", waiting until "load"


       9 |   test.beforeEach(async ({ page }) => {
      10 |     // Login as admin
    > 11 |     await page.goto('/login');
         |                ^
      12 |     await page.fill('[data-testid="email-input"]', 'admin@heiwa.house');
      13 |     await page.fill('[data-testid="password-input"]', 'admin123456');
      14 |     await page.click('[data-testid="login-button"]');
        at /Users/lukatenbosch/Downloads/heiwahouse/wavecampdashboard/tests/admin/assignment-board-comprehensive.spec.ts:11:16

    attachment #1: screenshot (image/png) ──────────────────────────────────────────────────────────
    results/admin-assignment-board-com-1ae57-ndle-save-errors-gracefully-firefox-admin/test-failed-1.png
    ────────────────────────────────────────────────────────────────────────────────────────────────

    attachment #2: video (video/webm) ──────────────────────────────────────────────────────────────
    results/admin-assignment-board-com-1ae57-ndle-save-errors-gracefully-firefox-admin/video.webm
    ────────────────────────────────────────────────────────────────────────────────────────────────

    Error Context: results/admin-assignment-board-com-1ae57-ndle-save-errors-gracefully-firefox-admin/error-context.md

    Retry #1 ───────────────────────────────────────────────────────────────────────────────────────

    Error: page.goto: NS_ERROR_CONNECTION_REFUSED
    Call log:
      - navigating to "http://localhost:3005/login", waiting until "load"


       9 |   test.beforeEach(async ({ page }) => {
      10 |     // Login as admin
    > 11 |     await page.goto('/login');
         |                ^
      12 |     await page.fill('[data-testid="email-input"]', 'admin@heiwa.house');
      13 |     await page.fill('[data-testid="password-input"]', 'admin123456');
      14 |     await page.click('[data-testid="login-button"]');
        at /Users/lukatenbosch/Downloads/heiwahouse/wavecampdashboard/tests/admin/assignment-board-comprehensive.spec.ts:11:16

    attachment #1: screenshot (image/png) ──────────────────────────────────────────────────────────
    results/admin-assignment-board-com-1ae57-ndle-save-errors-gracefully-firefox-admin-retry1/test-failed-1.png
    ────────────────────────────────────────────────────────────────────────────────────────────────

    attachment #2: video (video/webm) ──────────────────────────────────────────────────────────────
    results/admin-assignment-board-com-1ae57-ndle-save-errors-gracefully-firefox-admin-retry1/video.webm
    ────────────────────────────────────────────────────────────────────────────────────────────────

    Error Context: results/admin-assignment-board-com-1ae57-ndle-save-errors-gracefully-firefox-admin-retry1/error-context.md

    attachment #4: trace (application/zip) ─────────────────────────────────────────────────────────
    results/admin-assignment-board-com-1ae57-ndle-save-errors-gracefully-firefox-admin-retry1/trace.zip
    Usage:

        npx playwright show-trace results/admin-assignment-board-com-1ae57-ndle-save-errors-gracefully-firefox-admin-retry1/trace.zip

    ────────────────────────────────────────────────────────────────────────────────────────────────
]]>
</failure>
<system-out>
<![CDATA[
[[ATTACHMENT|../tests/results/admin-assignment-board-com-1ae57-ndle-save-errors-gracefully-firefox-admin/test-failed-1.png]]

[[ATTACHMENT|../tests/results/admin-assignment-board-com-1ae57-ndle-save-errors-gracefully-firefox-admin/video.webm]]

[[ATTACHMENT|../tests/results/admin-assignment-board-com-1ae57-ndle-save-errors-gracefully-firefox-admin/error-context.md]]

[[ATTACHMENT|../tests/results/admin-assignment-board-com-1ae57-ndle-save-errors-gracefully-firefox-admin-retry1/test-failed-1.png]]

[[ATTACHMENT|../tests/results/admin-assignment-board-com-1ae57-ndle-save-errors-gracefully-firefox-admin-retry1/video.webm]]

[[ATTACHMENT|../tests/results/admin-assignment-board-com-1ae57-ndle-save-errors-gracefully-firefox-admin-retry1/error-context.md]]

[[ATTACHMENT|../tests/results/admin-assignment-board-com-1ae57-ndle-save-errors-gracefully-firefox-admin-retry1/trace.zip]]
]]>
</system-out>
</testcase>
<testcase name="Assignment Board - Comprehensive Testing › Week Selection and Data Loading › should load different week data when selection changes" classname="admin/assignment-board-comprehensive.spec.ts" time="3.68">
<failure message="assignment-board-comprehensive.spec.ts:258:9 should load different week data when selection changes" type="FAILURE">
<![CDATA[  [firefox-admin] › admin/assignment-board-comprehensive.spec.ts:258:9 › Assignment Board - Comprehensive Testing › Week Selection and Data Loading › should load different week data when selection changes 

    Error: page.goto: NS_ERROR_CONNECTION_REFUSED
    Call log:
      - navigating to "http://localhost:3005/login", waiting until "load"


       9 |   test.beforeEach(async ({ page }) => {
      10 |     // Login as admin
    > 11 |     await page.goto('/login');
         |                ^
      12 |     await page.fill('[data-testid="email-input"]', 'admin@heiwa.house');
      13 |     await page.fill('[data-testid="password-input"]', 'admin123456');
      14 |     await page.click('[data-testid="login-button"]');
        at /Users/lukatenbosch/Downloads/heiwahouse/wavecampdashboard/tests/admin/assignment-board-comprehensive.spec.ts:11:16

    attachment #1: screenshot (image/png) ──────────────────────────────────────────────────────────
    results/admin-assignment-board-com-a8d99-data-when-selection-changes-firefox-admin/test-failed-1.png
    ────────────────────────────────────────────────────────────────────────────────────────────────

    attachment #2: video (video/webm) ──────────────────────────────────────────────────────────────
    results/admin-assignment-board-com-a8d99-data-when-selection-changes-firefox-admin/video.webm
    ────────────────────────────────────────────────────────────────────────────────────────────────

    Error Context: results/admin-assignment-board-com-a8d99-data-when-selection-changes-firefox-admin/error-context.md

    Retry #1 ───────────────────────────────────────────────────────────────────────────────────────

    Error: page.goto: NS_ERROR_CONNECTION_REFUSED
    Call log:
      - navigating to "http://localhost:3005/login", waiting until "load"


       9 |   test.beforeEach(async ({ page }) => {
      10 |     // Login as admin
    > 11 |     await page.goto('/login');
         |                ^
      12 |     await page.fill('[data-testid="email-input"]', 'admin@heiwa.house');
      13 |     await page.fill('[data-testid="password-input"]', 'admin123456');
      14 |     await page.click('[data-testid="login-button"]');
        at /Users/lukatenbosch/Downloads/heiwahouse/wavecampdashboard/tests/admin/assignment-board-comprehensive.spec.ts:11:16

    attachment #1: screenshot (image/png) ──────────────────────────────────────────────────────────
    results/admin-assignment-board-com-a8d99-data-when-selection-changes-firefox-admin-retry1/test-failed-1.png
    ────────────────────────────────────────────────────────────────────────────────────────────────

    attachment #2: video (video/webm) ──────────────────────────────────────────────────────────────
    results/admin-assignment-board-com-a8d99-data-when-selection-changes-firefox-admin-retry1/video.webm
    ────────────────────────────────────────────────────────────────────────────────────────────────

    Error Context: results/admin-assignment-board-com-a8d99-data-when-selection-changes-firefox-admin-retry1/error-context.md

    attachment #4: trace (application/zip) ─────────────────────────────────────────────────────────
    results/admin-assignment-board-com-a8d99-data-when-selection-changes-firefox-admin-retry1/trace.zip
    Usage:

        npx playwright show-trace results/admin-assignment-board-com-a8d99-data-when-selection-changes-firefox-admin-retry1/trace.zip

    ────────────────────────────────────────────────────────────────────────────────────────────────
]]>
</failure>
<system-out>
<![CDATA[
[[ATTACHMENT|../tests/results/admin-assignment-board-com-a8d99-data-when-selection-changes-firefox-admin/test-failed-1.png]]

[[ATTACHMENT|../tests/results/admin-assignment-board-com-a8d99-data-when-selection-changes-firefox-admin/video.webm]]

[[ATTACHMENT|../tests/results/admin-assignment-board-com-a8d99-data-when-selection-changes-firefox-admin/error-context.md]]

[[ATTACHMENT|../tests/results/admin-assignment-board-com-a8d99-data-when-selection-changes-firefox-admin-retry1/test-failed-1.png]]

[[ATTACHMENT|../tests/results/admin-assignment-board-com-a8d99-data-when-selection-changes-firefox-admin-retry1/video.webm]]

[[ATTACHMENT|../tests/results/admin-assignment-board-com-a8d99-data-when-selection-changes-firefox-admin-retry1/error-context.md]]

[[ATTACHMENT|../tests/results/admin-assignment-board-com-a8d99-data-when-selection-changes-firefox-admin-retry1/trace.zip]]
]]>
</system-out>
</testcase>
<testcase name="Assignment Board - Comprehensive Testing › Week Selection and Data Loading › should handle weeks with no participants" classname="admin/assignment-board-comprehensive.spec.ts" time="3.701">
<failure message="assignment-board-comprehensive.spec.ts:279:9 should handle weeks with no participants" type="FAILURE">
<![CDATA[  [firefox-admin] › admin/assignment-board-comprehensive.spec.ts:279:9 › Assignment Board - Comprehensive Testing › Week Selection and Data Loading › should handle weeks with no participants 

    Error: page.goto: NS_ERROR_CONNECTION_REFUSED
    Call log:
      - navigating to "http://localhost:3005/login", waiting until "load"


       9 |   test.beforeEach(async ({ page }) => {
      10 |     // Login as admin
    > 11 |     await page.goto('/login');
         |                ^
      12 |     await page.fill('[data-testid="email-input"]', 'admin@heiwa.house');
      13 |     await page.fill('[data-testid="password-input"]', 'admin123456');
      14 |     await page.click('[data-testid="login-button"]');
        at /Users/lukatenbosch/Downloads/heiwahouse/wavecampdashboard/tests/admin/assignment-board-comprehensive.spec.ts:11:16

    attachment #1: screenshot (image/png) ──────────────────────────────────────────────────────────
    results/admin-assignment-board-com-e8737--weeks-with-no-participants-firefox-admin/test-failed-1.png
    ────────────────────────────────────────────────────────────────────────────────────────────────

    attachment #2: video (video/webm) ──────────────────────────────────────────────────────────────
    results/admin-assignment-board-com-e8737--weeks-with-no-participants-firefox-admin/video.webm
    ────────────────────────────────────────────────────────────────────────────────────────────────

    Error Context: results/admin-assignment-board-com-e8737--weeks-with-no-participants-firefox-admin/error-context.md

    Retry #1 ───────────────────────────────────────────────────────────────────────────────────────

    Error: page.goto: NS_ERROR_CONNECTION_REFUSED
    Call log:
      - navigating to "http://localhost:3005/login", waiting until "load"


       9 |   test.beforeEach(async ({ page }) => {
      10 |     // Login as admin
    > 11 |     await page.goto('/login');
         |                ^
      12 |     await page.fill('[data-testid="email-input"]', 'admin@heiwa.house');
      13 |     await page.fill('[data-testid="password-input"]', 'admin123456');
      14 |     await page.click('[data-testid="login-button"]');
        at /Users/lukatenbosch/Downloads/heiwahouse/wavecampdashboard/tests/admin/assignment-board-comprehensive.spec.ts:11:16

    attachment #1: screenshot (image/png) ──────────────────────────────────────────────────────────
    results/admin-assignment-board-com-e8737--weeks-with-no-participants-firefox-admin-retry1/test-failed-1.png
    ────────────────────────────────────────────────────────────────────────────────────────────────

    attachment #2: video (video/webm) ──────────────────────────────────────────────────────────────
    results/admin-assignment-board-com-e8737--weeks-with-no-participants-firefox-admin-retry1/video.webm
    ────────────────────────────────────────────────────────────────────────────────────────────────

    Error Context: results/admin-assignment-board-com-e8737--weeks-with-no-participants-firefox-admin-retry1/error-context.md

    attachment #4: trace (application/zip) ─────────────────────────────────────────────────────────
    results/admin-assignment-board-com-e8737--weeks-with-no-participants-firefox-admin-retry1/trace.zip
    Usage:

        npx playwright show-trace results/admin-assignment-board-com-e8737--weeks-with-no-participants-firefox-admin-retry1/trace.zip

    ────────────────────────────────────────────────────────────────────────────────────────────────
]]>
</failure>
<system-out>
<![CDATA[
[[ATTACHMENT|../tests/results/admin-assignment-board-com-e8737--weeks-with-no-participants-firefox-admin/test-failed-1.png]]

[[ATTACHMENT|../tests/results/admin-assignment-board-com-e8737--weeks-with-no-participants-firefox-admin/video.webm]]

[[ATTACHMENT|../tests/results/admin-assignment-board-com-e8737--weeks-with-no-participants-firefox-admin/error-context.md]]

[[ATTACHMENT|../tests/results/admin-assignment-board-com-e8737--weeks-with-no-participants-firefox-admin-retry1/test-failed-1.png]]

[[ATTACHMENT|../tests/results/admin-assignment-board-com-e8737--weeks-with-no-participants-firefox-admin-retry1/video.webm]]

[[ATTACHMENT|../tests/results/admin-assignment-board-com-e8737--weeks-with-no-participants-firefox-admin-retry1/error-context.md]]

[[ATTACHMENT|../tests/results/admin-assignment-board-com-e8737--weeks-with-no-participants-firefox-admin-retry1/trace.zip]]
]]>
</system-out>
</testcase>
<testcase name="Assignment Board - Comprehensive Testing › Accessibility and Keyboard Navigation › should support keyboard navigation" classname="admin/assignment-board-comprehensive.spec.ts" time="3.612">
<failure message="assignment-board-comprehensive.spec.ts:296:9 should support keyboard navigation" type="FAILURE">
<![CDATA[  [firefox-admin] › admin/assignment-board-comprehensive.spec.ts:296:9 › Assignment Board - Comprehensive Testing › Accessibility and Keyboard Navigation › should support keyboard navigation 

    Error: page.goto: NS_ERROR_CONNECTION_REFUSED
    Call log:
      - navigating to "http://localhost:3005/login", waiting until "load"


       9 |   test.beforeEach(async ({ page }) => {
      10 |     // Login as admin
    > 11 |     await page.goto('/login');
         |                ^
      12 |     await page.fill('[data-testid="email-input"]', 'admin@heiwa.house');
      13 |     await page.fill('[data-testid="password-input"]', 'admin123456');
      14 |     await page.click('[data-testid="login-button"]');
        at /Users/lukatenbosch/Downloads/heiwahouse/wavecampdashboard/tests/admin/assignment-board-comprehensive.spec.ts:11:16

    attachment #1: screenshot (image/png) ──────────────────────────────────────────────────────────
    results/admin-assignment-board-com-2545e-support-keyboard-navigation-firefox-admin/test-failed-1.png
    ────────────────────────────────────────────────────────────────────────────────────────────────

    attachment #2: video (video/webm) ──────────────────────────────────────────────────────────────
    results/admin-assignment-board-com-2545e-support-keyboard-navigation-firefox-admin/video.webm
    ────────────────────────────────────────────────────────────────────────────────────────────────

    Error Context: results/admin-assignment-board-com-2545e-support-keyboard-navigation-firefox-admin/error-context.md

    Retry #1 ───────────────────────────────────────────────────────────────────────────────────────

    Error: page.goto: NS_ERROR_CONNECTION_REFUSED
    Call log:
      - navigating to "http://localhost:3005/login", waiting until "load"


       9 |   test.beforeEach(async ({ page }) => {
      10 |     // Login as admin
    > 11 |     await page.goto('/login');
         |                ^
      12 |     await page.fill('[data-testid="email-input"]', 'admin@heiwa.house');
      13 |     await page.fill('[data-testid="password-input"]', 'admin123456');
      14 |     await page.click('[data-testid="login-button"]');
        at /Users/lukatenbosch/Downloads/heiwahouse/wavecampdashboard/tests/admin/assignment-board-comprehensive.spec.ts:11:16

    attachment #1: screenshot (image/png) ──────────────────────────────────────────────────────────
    results/admin-assignment-board-com-2545e-support-keyboard-navigation-firefox-admin-retry1/test-failed-1.png
    ────────────────────────────────────────────────────────────────────────────────────────────────

    attachment #2: video (video/webm) ──────────────────────────────────────────────────────────────
    results/admin-assignment-board-com-2545e-support-keyboard-navigation-firefox-admin-retry1/video.webm
    ────────────────────────────────────────────────────────────────────────────────────────────────

    Error Context: results/admin-assignment-board-com-2545e-support-keyboard-navigation-firefox-admin-retry1/error-context.md

    attachment #4: trace (application/zip) ─────────────────────────────────────────────────────────
    results/admin-assignment-board-com-2545e-support-keyboard-navigation-firefox-admin-retry1/trace.zip
    Usage:

        npx playwright show-trace results/admin-assignment-board-com-2545e-support-keyboard-navigation-firefox-admin-retry1/trace.zip

    ────────────────────────────────────────────────────────────────────────────────────────────────
]]>
</failure>
<system-out>
<![CDATA[
[[ATTACHMENT|../tests/results/admin-assignment-board-com-2545e-support-keyboard-navigation-firefox-admin/test-failed-1.png]]

[[ATTACHMENT|../tests/results/admin-assignment-board-com-2545e-support-keyboard-navigation-firefox-admin/video.webm]]

[[ATTACHMENT|../tests/results/admin-assignment-board-com-2545e-support-keyboard-navigation-firefox-admin/error-context.md]]

[[ATTACHMENT|../tests/results/admin-assignment-board-com-2545e-support-keyboard-navigation-firefox-admin-retry1/test-failed-1.png]]

[[ATTACHMENT|../tests/results/admin-assignment-board-com-2545e-support-keyboard-navigation-firefox-admin-retry1/video.webm]]

[[ATTACHMENT|../tests/results/admin-assignment-board-com-2545e-support-keyboard-navigation-firefox-admin-retry1/error-context.md]]

[[ATTACHMENT|../tests/results/admin-assignment-board-com-2545e-support-keyboard-navigation-firefox-admin-retry1/trace.zip]]
]]>
</system-out>
</testcase>
<testcase name="Assignment Board - Comprehensive Testing › Accessibility and Keyboard Navigation › should have proper ARIA labels" classname="admin/assignment-board-comprehensive.spec.ts" time="3.962">
<failure message="assignment-board-comprehensive.spec.ts:314:9 should have proper ARIA labels" type="FAILURE">
<![CDATA[  [firefox-admin] › admin/assignment-board-comprehensive.spec.ts:314:9 › Assignment Board - Comprehensive Testing › Accessibility and Keyboard Navigation › should have proper ARIA labels 

    Error: page.goto: NS_ERROR_CONNECTION_REFUSED
    Call log:
      - navigating to "http://localhost:3005/login", waiting until "load"


       9 |   test.beforeEach(async ({ page }) => {
      10 |     // Login as admin
    > 11 |     await page.goto('/login');
         |                ^
      12 |     await page.fill('[data-testid="email-input"]', 'admin@heiwa.house');
      13 |     await page.fill('[data-testid="password-input"]', 'admin123456');
      14 |     await page.click('[data-testid="login-button"]');
        at /Users/lukatenbosch/Downloads/heiwahouse/wavecampdashboard/tests/admin/assignment-board-comprehensive.spec.ts:11:16

    attachment #1: screenshot (image/png) ──────────────────────────────────────────────────────────
    results/admin-assignment-board-com-53187-uld-have-proper-ARIA-labels-firefox-admin/test-failed-1.png
    ────────────────────────────────────────────────────────────────────────────────────────────────

    attachment #2: video (video/webm) ──────────────────────────────────────────────────────────────
    results/admin-assignment-board-com-53187-uld-have-proper-ARIA-labels-firefox-admin/video.webm
    ────────────────────────────────────────────────────────────────────────────────────────────────

    Error Context: results/admin-assignment-board-com-53187-uld-have-proper-ARIA-labels-firefox-admin/error-context.md

    Retry #1 ───────────────────────────────────────────────────────────────────────────────────────

    Error: page.goto: NS_ERROR_CONNECTION_REFUSED
    Call log:
      - navigating to "http://localhost:3005/login", waiting until "load"


       9 |   test.beforeEach(async ({ page }) => {
      10 |     // Login as admin
    > 11 |     await page.goto('/login');
         |                ^
      12 |     await page.fill('[data-testid="email-input"]', 'admin@heiwa.house');
      13 |     await page.fill('[data-testid="password-input"]', 'admin123456');
      14 |     await page.click('[data-testid="login-button"]');
        at /Users/lukatenbosch/Downloads/heiwahouse/wavecampdashboard/tests/admin/assignment-board-comprehensive.spec.ts:11:16

    attachment #1: screenshot (image/png) ──────────────────────────────────────────────────────────
    results/admin-assignment-board-com-53187-uld-have-proper-ARIA-labels-firefox-admin-retry1/test-failed-1.png
    ────────────────────────────────────────────────────────────────────────────────────────────────

    attachment #2: video (video/webm) ──────────────────────────────────────────────────────────────
    results/admin-assignment-board-com-53187-uld-have-proper-ARIA-labels-firefox-admin-retry1/video.webm
    ────────────────────────────────────────────────────────────────────────────────────────────────

    Error Context: results/admin-assignment-board-com-53187-uld-have-proper-ARIA-labels-firefox-admin-retry1/error-context.md

    attachment #4: trace (application/zip) ─────────────────────────────────────────────────────────
    results/admin-assignment-board-com-53187-uld-have-proper-ARIA-labels-firefox-admin-retry1/trace.zip
    Usage:

        npx playwright show-trace results/admin-assignment-board-com-53187-uld-have-proper-ARIA-labels-firefox-admin-retry1/trace.zip

    ────────────────────────────────────────────────────────────────────────────────────────────────
]]>
</failure>
<system-out>
<![CDATA[
[[ATTACHMENT|../tests/results/admin-assignment-board-com-53187-uld-have-proper-ARIA-labels-firefox-admin/test-failed-1.png]]

[[ATTACHMENT|../tests/results/admin-assignment-board-com-53187-uld-have-proper-ARIA-labels-firefox-admin/video.webm]]

[[ATTACHMENT|../tests/results/admin-assignment-board-com-53187-uld-have-proper-ARIA-labels-firefox-admin/error-context.md]]

[[ATTACHMENT|../tests/results/admin-assignment-board-com-53187-uld-have-proper-ARIA-labels-firefox-admin-retry1/test-failed-1.png]]

[[ATTACHMENT|../tests/results/admin-assignment-board-com-53187-uld-have-proper-ARIA-labels-firefox-admin-retry1/video.webm]]

[[ATTACHMENT|../tests/results/admin-assignment-board-com-53187-uld-have-proper-ARIA-labels-firefox-admin-retry1/error-context.md]]

[[ATTACHMENT|../tests/results/admin-assignment-board-com-53187-uld-have-proper-ARIA-labels-firefox-admin-retry1/trace.zip]]
]]>
</system-out>
</testcase>
</testsuite>
<testsuite name="admin/assignment-board.spec.ts" timestamp="2025-09-17T23:26:21.514Z" hostname="firefox-admin" tests="10" failures="10" skipped="0" time="43.197" errors="0">
<testcase name="Admin Assignment Board (ASSIGN-001) › should load assignment board with participants and rooms" classname="admin/assignment-board.spec.ts" time="4.288">
<failure message="assignment-board.spec.ts:25:7 should load assignment board with participants and rooms" type="FAILURE">
<![CDATA[  [firefox-admin] › admin/assignment-board.spec.ts:25:7 › Admin Assignment Board (ASSIGN-001) › should load assignment board with participants and rooms 

    Error: page.goto: NS_ERROR_CONNECTION_REFUSED
    Call log:
      - navigating to "http://localhost:3005/admin/assignments", waiting until "load"


      28 |
      29 |     // Navigate directly to assignments page
    > 30 |     await page.goto('/admin/assignments')
         |                ^
      31 |     await page.waitForLoadState('networkidle')
      32 |     await page.waitForTimeout(1500)
      33 |
        at /Users/lukatenbosch/Downloads/heiwahouse/wavecampdashboard/tests/admin/assignment-board.spec.ts:30:16

    attachment #1: screenshot (image/png) ──────────────────────────────────────────────────────────
    results/admin-assignment-board-Adm-c28b5-with-participants-and-rooms-firefox-admin/test-failed-1.png
    ────────────────────────────────────────────────────────────────────────────────────────────────

    attachment #2: video (video/webm) ──────────────────────────────────────────────────────────────
    results/admin-assignment-board-Adm-c28b5-with-participants-and-rooms-firefox-admin/video.webm
    ────────────────────────────────────────────────────────────────────────────────────────────────

    Error Context: results/admin-assignment-board-Adm-c28b5-with-participants-and-rooms-firefox-admin/error-context.md

    Retry #1 ───────────────────────────────────────────────────────────────────────────────────────

    Error: page.goto: NS_ERROR_CONNECTION_REFUSED
    Call log:
      - navigating to "http://localhost:3005/admin/assignments", waiting until "load"


      28 |
      29 |     // Navigate directly to assignments page
    > 30 |     await page.goto('/admin/assignments')
         |                ^
      31 |     await page.waitForLoadState('networkidle')
      32 |     await page.waitForTimeout(1500)
      33 |
        at /Users/lukatenbosch/Downloads/heiwahouse/wavecampdashboard/tests/admin/assignment-board.spec.ts:30:16

    attachment #1: screenshot (image/png) ──────────────────────────────────────────────────────────
    results/admin-assignment-board-Adm-c28b5-with-participants-and-rooms-firefox-admin-retry1/test-failed-1.png
    ────────────────────────────────────────────────────────────────────────────────────────────────

    attachment #2: video (video/webm) ──────────────────────────────────────────────────────────────
    results/admin-assignment-board-Adm-c28b5-with-participants-and-rooms-firefox-admin-retry1/video.webm
    ────────────────────────────────────────────────────────────────────────────────────────────────

    Error Context: results/admin-assignment-board-Adm-c28b5-with-participants-and-rooms-firefox-admin-retry1/error-context.md

    attachment #4: trace (application/zip) ─────────────────────────────────────────────────────────
    results/admin-assignment-board-Adm-c28b5-with-participants-and-rooms-firefox-admin-retry1/trace.zip
    Usage:

        npx playwright show-trace results/admin-assignment-board-Adm-c28b5-with-participants-and-rooms-firefox-admin-retry1/trace.zip

    ────────────────────────────────────────────────────────────────────────────────────────────────
]]>
</failure>
<system-out>
<![CDATA[
[[ATTACHMENT|../tests/results/admin-assignment-board-Adm-c28b5-with-participants-and-rooms-firefox-admin/test-failed-1.png]]

[[ATTACHMENT|../tests/results/admin-assignment-board-Adm-c28b5-with-participants-and-rooms-firefox-admin/video.webm]]

[[ATTACHMENT|../tests/results/admin-assignment-board-Adm-c28b5-with-participants-and-rooms-firefox-admin/error-context.md]]

[[ATTACHMENT|../tests/results/admin-assignment-board-Adm-c28b5-with-participants-and-rooms-firefox-admin-retry1/test-failed-1.png]]

[[ATTACHMENT|../tests/results/admin-assignment-board-Adm-c28b5-with-participants-and-rooms-firefox-admin-retry1/video.webm]]

[[ATTACHMENT|../tests/results/admin-assignment-board-Adm-c28b5-with-participants-and-rooms-firefox-admin-retry1/error-context.md]]

[[ATTACHMENT|../tests/results/admin-assignment-board-Adm-c28b5-with-participants-and-rooms-firefox-admin-retry1/trace.zip]]
]]>
</system-out>
</testcase>
<testcase name="Admin Assignment Board (ASSIGN-001) › should allow week selection and update data accordingly" classname="admin/assignment-board.spec.ts" time="4.577">
<failure message="assignment-board.spec.ts:53:7 should allow week selection and update data accordingly" type="FAILURE">
<![CDATA[  [firefox-admin] › admin/assignment-board.spec.ts:53:7 › Admin Assignment Board (ASSIGN-001) › should allow week selection and update data accordingly 

    Error: page.goto: NS_ERROR_CONNECTION_REFUSED
    Call log:
      - navigating to "http://localhost:3005/admin/assignments", waiting until "load"


      55 |     await authenticateAsAdmin(page);
      56 |
    > 57 |     await page.goto('/admin/assignments')
         |                ^
      58 |     await page.waitForLoadState('networkidle')
      59 |     await page.waitForTimeout(1500)
      60 |
        at /Users/lukatenbosch/Downloads/heiwahouse/wavecampdashboard/tests/admin/assignment-board.spec.ts:57:16

    attachment #1: screenshot (image/png) ──────────────────────────────────────────────────────────
    results/admin-assignment-board-Adm-c477e-and-update-data-accordingly-firefox-admin/test-failed-1.png
    ────────────────────────────────────────────────────────────────────────────────────────────────

    attachment #2: video (video/webm) ──────────────────────────────────────────────────────────────
    results/admin-assignment-board-Adm-c477e-and-update-data-accordingly-firefox-admin/video.webm
    ────────────────────────────────────────────────────────────────────────────────────────────────

    Error Context: results/admin-assignment-board-Adm-c477e-and-update-data-accordingly-firefox-admin/error-context.md

    Retry #1 ───────────────────────────────────────────────────────────────────────────────────────

    Error: page.goto: NS_ERROR_CONNECTION_REFUSED
    Call log:
      - navigating to "http://localhost:3005/admin/assignments", waiting until "load"


      55 |     await authenticateAsAdmin(page);
      56 |
    > 57 |     await page.goto('/admin/assignments')
         |                ^
      58 |     await page.waitForLoadState('networkidle')
      59 |     await page.waitForTimeout(1500)
      60 |
        at /Users/lukatenbosch/Downloads/heiwahouse/wavecampdashboard/tests/admin/assignment-board.spec.ts:57:16

    attachment #1: screenshot (image/png) ──────────────────────────────────────────────────────────
    results/admin-assignment-board-Adm-c477e-and-update-data-accordingly-firefox-admin-retry1/test-failed-1.png
    ────────────────────────────────────────────────────────────────────────────────────────────────

    attachment #2: video (video/webm) ──────────────────────────────────────────────────────────────
    results/admin-assignment-board-Adm-c477e-and-update-data-accordingly-firefox-admin-retry1/video.webm
    ────────────────────────────────────────────────────────────────────────────────────────────────

    Error Context: results/admin-assignment-board-Adm-c477e-and-update-data-accordingly-firefox-admin-retry1/error-context.md

    attachment #4: trace (application/zip) ─────────────────────────────────────────────────────────
    results/admin-assignment-board-Adm-c477e-and-update-data-accordingly-firefox-admin-retry1/trace.zip
    Usage:

        npx playwright show-trace results/admin-assignment-board-Adm-c477e-and-update-data-accordingly-firefox-admin-retry1/trace.zip

    ────────────────────────────────────────────────────────────────────────────────────────────────
]]>
</failure>
<system-out>
<![CDATA[
[[ATTACHMENT|../tests/results/admin-assignment-board-Adm-c477e-and-update-data-accordingly-firefox-admin/test-failed-1.png]]

[[ATTACHMENT|../tests/results/admin-assignment-board-Adm-c477e-and-update-data-accordingly-firefox-admin/video.webm]]

[[ATTACHMENT|../tests/results/admin-assignment-board-Adm-c477e-and-update-data-accordingly-firefox-admin/error-context.md]]

[[ATTACHMENT|../tests/results/admin-assignment-board-Adm-c477e-and-update-data-accordingly-firefox-admin-retry1/test-failed-1.png]]

[[ATTACHMENT|../tests/results/admin-assignment-board-Adm-c477e-and-update-data-accordingly-firefox-admin-retry1/video.webm]]

[[ATTACHMENT|../tests/results/admin-assignment-board-Adm-c477e-and-update-data-accordingly-firefox-admin-retry1/error-context.md]]

[[ATTACHMENT|../tests/results/admin-assignment-board-Adm-c477e-and-update-data-accordingly-firefox-admin-retry1/trace.zip]]
]]>
</system-out>
</testcase>
<testcase name="Admin Assignment Board (ASSIGN-001) › should display participant information correctly" classname="admin/assignment-board.spec.ts" time="3.972">
<failure message="assignment-board.spec.ts:73:7 should display participant information correctly" type="FAILURE">
<![CDATA[  [firefox-admin] › admin/assignment-board.spec.ts:73:7 › Admin Assignment Board (ASSIGN-001) › should display participant information correctly 

    Error: page.goto: NS_ERROR_CONNECTION_REFUSED
    Call log:
      - navigating to "http://localhost:3005/admin/assignments", waiting until "load"


      75 |     await authenticateAsAdmin(page);
      76 |
    > 77 |     await page.goto('/admin/assignments')
         |                ^
      78 |     await page.waitForLoadState('networkidle')
      79 |     await page.waitForTimeout(1500)
      80 |
        at /Users/lukatenbosch/Downloads/heiwahouse/wavecampdashboard/tests/admin/assignment-board.spec.ts:77:16

    attachment #1: screenshot (image/png) ──────────────────────────────────────────────────────────
    results/admin-assignment-board-Adm-4982b-ipant-information-correctly-firefox-admin/test-failed-1.png
    ────────────────────────────────────────────────────────────────────────────────────────────────

    attachment #2: video (video/webm) ──────────────────────────────────────────────────────────────
    results/admin-assignment-board-Adm-4982b-ipant-information-correctly-firefox-admin/video.webm
    ────────────────────────────────────────────────────────────────────────────────────────────────

    Error Context: results/admin-assignment-board-Adm-4982b-ipant-information-correctly-firefox-admin/error-context.md

    Retry #1 ───────────────────────────────────────────────────────────────────────────────────────

    Error: page.goto: NS_ERROR_CONNECTION_REFUSED
    Call log:
      - navigating to "http://localhost:3005/admin/assignments", waiting until "load"


      75 |     await authenticateAsAdmin(page);
      76 |
    > 77 |     await page.goto('/admin/assignments')
         |                ^
      78 |     await page.waitForLoadState('networkidle')
      79 |     await page.waitForTimeout(1500)
      80 |
        at /Users/lukatenbosch/Downloads/heiwahouse/wavecampdashboard/tests/admin/assignment-board.spec.ts:77:16

    attachment #1: screenshot (image/png) ──────────────────────────────────────────────────────────
    results/admin-assignment-board-Adm-4982b-ipant-information-correctly-firefox-admin-retry1/test-failed-1.png
    ────────────────────────────────────────────────────────────────────────────────────────────────

    attachment #2: video (video/webm) ──────────────────────────────────────────────────────────────
    results/admin-assignment-board-Adm-4982b-ipant-information-correctly-firefox-admin-retry1/video.webm
    ────────────────────────────────────────────────────────────────────────────────────────────────

    Error Context: results/admin-assignment-board-Adm-4982b-ipant-information-correctly-firefox-admin-retry1/error-context.md

    attachment #4: trace (application/zip) ─────────────────────────────────────────────────────────
    results/admin-assignment-board-Adm-4982b-ipant-information-correctly-firefox-admin-retry1/trace.zip
    Usage:

        npx playwright show-trace results/admin-assignment-board-Adm-4982b-ipant-information-correctly-firefox-admin-retry1/trace.zip

    ────────────────────────────────────────────────────────────────────────────────────────────────
]]>
</failure>
<system-out>
<![CDATA[
[[ATTACHMENT|../tests/results/admin-assignment-board-Adm-4982b-ipant-information-correctly-firefox-admin/test-failed-1.png]]

[[ATTACHMENT|../tests/results/admin-assignment-board-Adm-4982b-ipant-information-correctly-firefox-admin/video.webm]]

[[ATTACHMENT|../tests/results/admin-assignment-board-Adm-4982b-ipant-information-correctly-firefox-admin/error-context.md]]

[[ATTACHMENT|../tests/results/admin-assignment-board-Adm-4982b-ipant-information-correctly-firefox-admin-retry1/test-failed-1.png]]

[[ATTACHMENT|../tests/results/admin-assignment-board-Adm-4982b-ipant-information-correctly-firefox-admin-retry1/video.webm]]

[[ATTACHMENT|../tests/results/admin-assignment-board-Adm-4982b-ipant-information-correctly-firefox-admin-retry1/error-context.md]]

[[ATTACHMENT|../tests/results/admin-assignment-board-Adm-4982b-ipant-information-correctly-firefox-admin-retry1/trace.zip]]
]]>
</system-out>
</testcase>
<testcase name="Admin Assignment Board (ASSIGN-001) › should display room information and capacity" classname="admin/assignment-board.spec.ts" time="4.084">
<failure message="assignment-board.spec.ts:88:7 should display room information and capacity" type="FAILURE">
<![CDATA[  [firefox-admin] › admin/assignment-board.spec.ts:88:7 › Admin Assignment Board (ASSIGN-001) › should display room information and capacity 

    Error: page.goto: NS_ERROR_CONNECTION_REFUSED
    Call log:
      - navigating to "http://localhost:3005/admin/assignments", waiting until "load"


      90 |     await authenticateAsAdmin(page);
      91 |
    > 92 |     await page.goto('/admin/assignments')
         |                ^
      93 |     await page.waitForLoadState('networkidle')
      94 |     await page.waitForTimeout(1500)
      95 |
        at /Users/lukatenbosch/Downloads/heiwahouse/wavecampdashboard/tests/admin/assignment-board.spec.ts:92:16

    attachment #1: screenshot (image/png) ──────────────────────────────────────────────────────────
    results/admin-assignment-board-Adm-f88bc-om-information-and-capacity-firefox-admin/test-failed-1.png
    ────────────────────────────────────────────────────────────────────────────────────────────────

    attachment #2: video (video/webm) ──────────────────────────────────────────────────────────────
    results/admin-assignment-board-Adm-f88bc-om-information-and-capacity-firefox-admin/video.webm
    ────────────────────────────────────────────────────────────────────────────────────────────────

    Error Context: results/admin-assignment-board-Adm-f88bc-om-information-and-capacity-firefox-admin/error-context.md

    Retry #1 ───────────────────────────────────────────────────────────────────────────────────────

    Error: page.goto: NS_ERROR_CONNECTION_REFUSED
    Call log:
      - navigating to "http://localhost:3005/admin/assignments", waiting until "load"


      90 |     await authenticateAsAdmin(page);
      91 |
    > 92 |     await page.goto('/admin/assignments')
         |                ^
      93 |     await page.waitForLoadState('networkidle')
      94 |     await page.waitForTimeout(1500)
      95 |
        at /Users/lukatenbosch/Downloads/heiwahouse/wavecampdashboard/tests/admin/assignment-board.spec.ts:92:16

    attachment #1: screenshot (image/png) ──────────────────────────────────────────────────────────
    results/admin-assignment-board-Adm-f88bc-om-information-and-capacity-firefox-admin-retry1/test-failed-1.png
    ────────────────────────────────────────────────────────────────────────────────────────────────

    attachment #2: video (video/webm) ──────────────────────────────────────────────────────────────
    results/admin-assignment-board-Adm-f88bc-om-information-and-capacity-firefox-admin-retry1/video.webm
    ────────────────────────────────────────────────────────────────────────────────────────────────

    Error Context: results/admin-assignment-board-Adm-f88bc-om-information-and-capacity-firefox-admin-retry1/error-context.md

    attachment #4: trace (application/zip) ─────────────────────────────────────────────────────────
    results/admin-assignment-board-Adm-f88bc-om-information-and-capacity-firefox-admin-retry1/trace.zip
    Usage:

        npx playwright show-trace results/admin-assignment-board-Adm-f88bc-om-information-and-capacity-firefox-admin-retry1/trace.zip

    ────────────────────────────────────────────────────────────────────────────────────────────────
]]>
</failure>
<system-out>
<![CDATA[
[[ATTACHMENT|../tests/results/admin-assignment-board-Adm-f88bc-om-information-and-capacity-firefox-admin/test-failed-1.png]]

[[ATTACHMENT|../tests/results/admin-assignment-board-Adm-f88bc-om-information-and-capacity-firefox-admin/video.webm]]

[[ATTACHMENT|../tests/results/admin-assignment-board-Adm-f88bc-om-information-and-capacity-firefox-admin/error-context.md]]

[[ATTACHMENT|../tests/results/admin-assignment-board-Adm-f88bc-om-information-and-capacity-firefox-admin-retry1/test-failed-1.png]]

[[ATTACHMENT|../tests/results/admin-assignment-board-Adm-f88bc-om-information-and-capacity-firefox-admin-retry1/video.webm]]

[[ATTACHMENT|../tests/results/admin-assignment-board-Adm-f88bc-om-information-and-capacity-firefox-admin-retry1/error-context.md]]

[[ATTACHMENT|../tests/results/admin-assignment-board-Adm-f88bc-om-information-and-capacity-firefox-admin-retry1/trace.zip]]
]]>
</system-out>
</testcase>
<testcase name="Admin Assignment Board (ASSIGN-001) › should show occupancy statistics" classname="admin/assignment-board.spec.ts" time="4.507">
<failure message="assignment-board.spec.ts:104:7 should show occupancy statistics" type="FAILURE">
<![CDATA[  [firefox-admin] › admin/assignment-board.spec.ts:104:7 › Admin Assignment Board (ASSIGN-001) › should show occupancy statistics 

    Error: page.goto: NS_ERROR_CONNECTION_REFUSED
    Call log:
      - navigating to "http://localhost:3005/admin/assignments", waiting until "load"


      106 |     await authenticateAsAdmin(page);
      107 |
    > 108 |     await page.goto('/admin/assignments')
          |                ^
      109 |     await page.waitForLoadState('networkidle')
      110 |     await page.waitForTimeout(1500)
      111 |
        at /Users/lukatenbosch/Downloads/heiwahouse/wavecampdashboard/tests/admin/assignment-board.spec.ts:108:16

    attachment #1: screenshot (image/png) ──────────────────────────────────────────────────────────
    results/admin-assignment-board-Adm-35c29-d-show-occupancy-statistics-firefox-admin/test-failed-1.png
    ────────────────────────────────────────────────────────────────────────────────────────────────

    attachment #2: video (video/webm) ──────────────────────────────────────────────────────────────
    results/admin-assignment-board-Adm-35c29-d-show-occupancy-statistics-firefox-admin/video.webm
    ────────────────────────────────────────────────────────────────────────────────────────────────

    Error Context: results/admin-assignment-board-Adm-35c29-d-show-occupancy-statistics-firefox-admin/error-context.md

    Retry #1 ───────────────────────────────────────────────────────────────────────────────────────

    Error: page.goto: NS_ERROR_CONNECTION_REFUSED
    Call log:
      - navigating to "http://localhost:3005/admin/assignments", waiting until "load"


      106 |     await authenticateAsAdmin(page);
      107 |
    > 108 |     await page.goto('/admin/assignments')
          |                ^
      109 |     await page.waitForLoadState('networkidle')
      110 |     await page.waitForTimeout(1500)
      111 |
        at /Users/lukatenbosch/Downloads/heiwahouse/wavecampdashboard/tests/admin/assignment-board.spec.ts:108:16

    attachment #1: screenshot (image/png) ──────────────────────────────────────────────────────────
    results/admin-assignment-board-Adm-35c29-d-show-occupancy-statistics-firefox-admin-retry1/test-failed-1.png
    ────────────────────────────────────────────────────────────────────────────────────────────────

    attachment #2: video (video/webm) ──────────────────────────────────────────────────────────────
    results/admin-assignment-board-Adm-35c29-d-show-occupancy-statistics-firefox-admin-retry1/video.webm
    ────────────────────────────────────────────────────────────────────────────────────────────────

    Error Context: results/admin-assignment-board-Adm-35c29-d-show-occupancy-statistics-firefox-admin-retry1/error-context.md

    attachment #4: trace (application/zip) ─────────────────────────────────────────────────────────
    results/admin-assignment-board-Adm-35c29-d-show-occupancy-statistics-firefox-admin-retry1/trace.zip
    Usage:

        npx playwright show-trace results/admin-assignment-board-Adm-35c29-d-show-occupancy-statistics-firefox-admin-retry1/trace.zip

    ────────────────────────────────────────────────────────────────────────────────────────────────
]]>
</failure>
<system-out>
<![CDATA[
[[ATTACHMENT|../tests/results/admin-assignment-board-Adm-35c29-d-show-occupancy-statistics-firefox-admin/test-failed-1.png]]

[[ATTACHMENT|../tests/results/admin-assignment-board-Adm-35c29-d-show-occupancy-statistics-firefox-admin/video.webm]]

[[ATTACHMENT|../tests/results/admin-assignment-board-Adm-35c29-d-show-occupancy-statistics-firefox-admin/error-context.md]]

[[ATTACHMENT|../tests/results/admin-assignment-board-Adm-35c29-d-show-occupancy-statistics-firefox-admin-retry1/test-failed-1.png]]

[[ATTACHMENT|../tests/results/admin-assignment-board-Adm-35c29-d-show-occupancy-statistics-firefox-admin-retry1/video.webm]]

[[ATTACHMENT|../tests/results/admin-assignment-board-Adm-35c29-d-show-occupancy-statistics-firefox-admin-retry1/error-context.md]]

[[ATTACHMENT|../tests/results/admin-assignment-board-Adm-35c29-d-show-occupancy-statistics-firefox-admin-retry1/trace.zip]]
]]>
</system-out>
</testcase>
<testcase name="Admin Assignment Board (ASSIGN-001) › should allow saving assignments" classname="admin/assignment-board.spec.ts" time="3.827">
<failure message="assignment-board.spec.ts:119:7 should allow saving assignments" type="FAILURE">
<![CDATA[  [firefox-admin] › admin/assignment-board.spec.ts:119:7 › Admin Assignment Board (ASSIGN-001) › should allow saving assignments 

    Error: page.goto: NS_ERROR_CONNECTION_REFUSED
    Call log:
      - navigating to "http://localhost:3005/admin/assignments", waiting until "load"


      121 |     await authenticateAsAdmin(page);
      122 |
    > 123 |     await page.goto('/admin/assignments')
          |                ^
      124 |     await page.waitForLoadState('networkidle')
      125 |     await page.waitForTimeout(1500)
      126 |
        at /Users/lukatenbosch/Downloads/heiwahouse/wavecampdashboard/tests/admin/assignment-board.spec.ts:123:16

    attachment #1: screenshot (image/png) ──────────────────────────────────────────────────────────
    results/admin-assignment-board-Adm-4704b-ld-allow-saving-assignments-firefox-admin/test-failed-1.png
    ────────────────────────────────────────────────────────────────────────────────────────────────

    attachment #2: video (video/webm) ──────────────────────────────────────────────────────────────
    results/admin-assignment-board-Adm-4704b-ld-allow-saving-assignments-firefox-admin/video.webm
    ────────────────────────────────────────────────────────────────────────────────────────────────

    Error Context: results/admin-assignment-board-Adm-4704b-ld-allow-saving-assignments-firefox-admin/error-context.md

    Retry #1 ───────────────────────────────────────────────────────────────────────────────────────

    Error: page.goto: NS_ERROR_CONNECTION_REFUSED
    Call log:
      - navigating to "http://localhost:3005/admin/assignments", waiting until "load"


      121 |     await authenticateAsAdmin(page);
      122 |
    > 123 |     await page.goto('/admin/assignments')
          |                ^
      124 |     await page.waitForLoadState('networkidle')
      125 |     await page.waitForTimeout(1500)
      126 |
        at /Users/lukatenbosch/Downloads/heiwahouse/wavecampdashboard/tests/admin/assignment-board.spec.ts:123:16

    attachment #1: screenshot (image/png) ──────────────────────────────────────────────────────────
    results/admin-assignment-board-Adm-4704b-ld-allow-saving-assignments-firefox-admin-retry1/test-failed-1.png
    ────────────────────────────────────────────────────────────────────────────────────────────────

    attachment #2: video (video/webm) ──────────────────────────────────────────────────────────────
    results/admin-assignment-board-Adm-4704b-ld-allow-saving-assignments-firefox-admin-retry1/video.webm
    ────────────────────────────────────────────────────────────────────────────────────────────────

    Error Context: results/admin-assignment-board-Adm-4704b-ld-allow-saving-assignments-firefox-admin-retry1/error-context.md

    attachment #4: trace (application/zip) ─────────────────────────────────────────────────────────
    results/admin-assignment-board-Adm-4704b-ld-allow-saving-assignments-firefox-admin-retry1/trace.zip
    Usage:

        npx playwright show-trace results/admin-assignment-board-Adm-4704b-ld-allow-saving-assignments-firefox-admin-retry1/trace.zip

    ────────────────────────────────────────────────────────────────────────────────────────────────
]]>
</failure>
<system-out>
<![CDATA[
[[ATTACHMENT|../tests/results/admin-assignment-board-Adm-4704b-ld-allow-saving-assignments-firefox-admin/test-failed-1.png]]

[[ATTACHMENT|../tests/results/admin-assignment-board-Adm-4704b-ld-allow-saving-assignments-firefox-admin/video.webm]]

[[ATTACHMENT|../tests/results/admin-assignment-board-Adm-4704b-ld-allow-saving-assignments-firefox-admin/error-context.md]]

[[ATTACHMENT|../tests/results/admin-assignment-board-Adm-4704b-ld-allow-saving-assignments-firefox-admin-retry1/test-failed-1.png]]

[[ATTACHMENT|../tests/results/admin-assignment-board-Adm-4704b-ld-allow-saving-assignments-firefox-admin-retry1/video.webm]]

[[ATTACHMENT|../tests/results/admin-assignment-board-Adm-4704b-ld-allow-saving-assignments-firefox-admin-retry1/error-context.md]]

[[ATTACHMENT|../tests/results/admin-assignment-board-Adm-4704b-ld-allow-saving-assignments-firefox-admin-retry1/trace.zip]]
]]>
</system-out>
</testcase>
<testcase name="Admin Assignment Board (ASSIGN-001) › should handle drag and drop functionality" classname="admin/assignment-board.spec.ts" time="3.593">
<failure message="assignment-board.spec.ts:145:7 should handle drag and drop functionality" type="FAILURE">
<![CDATA[  [firefox-admin] › admin/assignment-board.spec.ts:145:7 › Admin Assignment Board (ASSIGN-001) › should handle drag and drop functionality 

    Error: page.goto: NS_ERROR_CONNECTION_REFUSED
    Call log:
      - navigating to "http://localhost:3005/admin/assignments", waiting until "load"


      147 |     await authenticateAsAdmin(page);
      148 |
    > 149 |     await page.goto('/admin/assignments')
          |                ^
      150 |     await page.waitForLoadState('networkidle')
      151 |     await page.waitForTimeout(1500)
      152 |
        at /Users/lukatenbosch/Downloads/heiwahouse/wavecampdashboard/tests/admin/assignment-board.spec.ts:149:16

    attachment #1: screenshot (image/png) ──────────────────────────────────────────────────────────
    results/admin-assignment-board-Adm-cde97-drag-and-drop-functionality-firefox-admin/test-failed-1.png
    ────────────────────────────────────────────────────────────────────────────────────────────────

    attachment #2: video (video/webm) ──────────────────────────────────────────────────────────────
    results/admin-assignment-board-Adm-cde97-drag-and-drop-functionality-firefox-admin/video.webm
    ────────────────────────────────────────────────────────────────────────────────────────────────

    Error Context: results/admin-assignment-board-Adm-cde97-drag-and-drop-functionality-firefox-admin/error-context.md

    Retry #1 ───────────────────────────────────────────────────────────────────────────────────────

    Error: page.goto: NS_ERROR_CONNECTION_REFUSED
    Call log:
      - navigating to "http://localhost:3005/admin/assignments", waiting until "load"


      147 |     await authenticateAsAdmin(page);
      148 |
    > 149 |     await page.goto('/admin/assignments')
          |                ^
      150 |     await page.waitForLoadState('networkidle')
      151 |     await page.waitForTimeout(1500)
      152 |
        at /Users/lukatenbosch/Downloads/heiwahouse/wavecampdashboard/tests/admin/assignment-board.spec.ts:149:16

    attachment #1: screenshot (image/png) ──────────────────────────────────────────────────────────
    results/admin-assignment-board-Adm-cde97-drag-and-drop-functionality-firefox-admin-retry1/test-failed-1.png
    ────────────────────────────────────────────────────────────────────────────────────────────────

    attachment #2: video (video/webm) ──────────────────────────────────────────────────────────────
    results/admin-assignment-board-Adm-cde97-drag-and-drop-functionality-firefox-admin-retry1/video.webm
    ────────────────────────────────────────────────────────────────────────────────────────────────

    Error Context: results/admin-assignment-board-Adm-cde97-drag-and-drop-functionality-firefox-admin-retry1/error-context.md

    attachment #4: trace (application/zip) ─────────────────────────────────────────────────────────
    results/admin-assignment-board-Adm-cde97-drag-and-drop-functionality-firefox-admin-retry1/trace.zip
    Usage:

        npx playwright show-trace results/admin-assignment-board-Adm-cde97-drag-and-drop-functionality-firefox-admin-retry1/trace.zip

    ────────────────────────────────────────────────────────────────────────────────────────────────
]]>
</failure>
<system-out>
<![CDATA[
[[ATTACHMENT|../tests/results/admin-assignment-board-Adm-cde97-drag-and-drop-functionality-firefox-admin/test-failed-1.png]]

[[ATTACHMENT|../tests/results/admin-assignment-board-Adm-cde97-drag-and-drop-functionality-firefox-admin/video.webm]]

[[ATTACHMENT|../tests/results/admin-assignment-board-Adm-cde97-drag-and-drop-functionality-firefox-admin/error-context.md]]

[[ATTACHMENT|../tests/results/admin-assignment-board-Adm-cde97-drag-and-drop-functionality-firefox-admin-retry1/test-failed-1.png]]

[[ATTACHMENT|../tests/results/admin-assignment-board-Adm-cde97-drag-and-drop-functionality-firefox-admin-retry1/video.webm]]

[[ATTACHMENT|../tests/results/admin-assignment-board-Adm-cde97-drag-and-drop-functionality-firefox-admin-retry1/error-context.md]]

[[ATTACHMENT|../tests/results/admin-assignment-board-Adm-cde97-drag-and-drop-functionality-firefox-admin-retry1/trace.zip]]
]]>
</system-out>
</testcase>
<testcase name="Admin Assignment Board (ASSIGN-001) › should validate room capacity constraints" classname="admin/assignment-board.spec.ts" time="4.854">
<failure message="assignment-board.spec.ts:168:7 should validate room capacity constraints" type="FAILURE">
<![CDATA[  [firefox-admin] › admin/assignment-board.spec.ts:168:7 › Admin Assignment Board (ASSIGN-001) › should validate room capacity constraints 

    Error: page.goto: NS_ERROR_CONNECTION_REFUSED
    Call log:
      - navigating to "http://localhost:3005/admin/assignments", waiting until "load"


      170 |     await authenticateAsAdmin(page);
      171 |
    > 172 |     await page.goto('/admin/assignments')
          |                ^
      173 |     await page.waitForLoadState('networkidle')
      174 |     await page.waitForTimeout(1500)
      175 |
        at /Users/lukatenbosch/Downloads/heiwahouse/wavecampdashboard/tests/admin/assignment-board.spec.ts:172:16

    attachment #1: screenshot (image/png) ──────────────────────────────────────────────────────────
    results/admin-assignment-board-Adm-60eed-e-room-capacity-constraints-firefox-admin/test-failed-1.png
    ────────────────────────────────────────────────────────────────────────────────────────────────

    attachment #2: video (video/webm) ──────────────────────────────────────────────────────────────
    results/admin-assignment-board-Adm-60eed-e-room-capacity-constraints-firefox-admin/video.webm
    ────────────────────────────────────────────────────────────────────────────────────────────────

    Error Context: results/admin-assignment-board-Adm-60eed-e-room-capacity-constraints-firefox-admin/error-context.md

    Retry #1 ───────────────────────────────────────────────────────────────────────────────────────

    Error: page.goto: NS_ERROR_CONNECTION_REFUSED
    Call log:
      - navigating to "http://localhost:3005/admin/assignments", waiting until "load"


      170 |     await authenticateAsAdmin(page);
      171 |
    > 172 |     await page.goto('/admin/assignments')
          |                ^
      173 |     await page.waitForLoadState('networkidle')
      174 |     await page.waitForTimeout(1500)
      175 |
        at /Users/lukatenbosch/Downloads/heiwahouse/wavecampdashboard/tests/admin/assignment-board.spec.ts:172:16

    attachment #1: screenshot (image/png) ──────────────────────────────────────────────────────────
    results/admin-assignment-board-Adm-60eed-e-room-capacity-constraints-firefox-admin-retry1/test-failed-1.png
    ────────────────────────────────────────────────────────────────────────────────────────────────

    attachment #2: video (video/webm) ──────────────────────────────────────────────────────────────
    results/admin-assignment-board-Adm-60eed-e-room-capacity-constraints-firefox-admin-retry1/video.webm
    ────────────────────────────────────────────────────────────────────────────────────────────────

    Error Context: results/admin-assignment-board-Adm-60eed-e-room-capacity-constraints-firefox-admin-retry1/error-context.md

    attachment #4: trace (application/zip) ─────────────────────────────────────────────────────────
    results/admin-assignment-board-Adm-60eed-e-room-capacity-constraints-firefox-admin-retry1/trace.zip
    Usage:

        npx playwright show-trace results/admin-assignment-board-Adm-60eed-e-room-capacity-constraints-firefox-admin-retry1/trace.zip

    ────────────────────────────────────────────────────────────────────────────────────────────────
]]>
</failure>
<system-out>
<![CDATA[
[[ATTACHMENT|../tests/results/admin-assignment-board-Adm-60eed-e-room-capacity-constraints-firefox-admin/test-failed-1.png]]

[[ATTACHMENT|../tests/results/admin-assignment-board-Adm-60eed-e-room-capacity-constraints-firefox-admin/video.webm]]

[[ATTACHMENT|../tests/results/admin-assignment-board-Adm-60eed-e-room-capacity-constraints-firefox-admin/error-context.md]]

[[ATTACHMENT|../tests/results/admin-assignment-board-Adm-60eed-e-room-capacity-constraints-firefox-admin-retry1/test-failed-1.png]]

[[ATTACHMENT|../tests/results/admin-assignment-board-Adm-60eed-e-room-capacity-constraints-firefox-admin-retry1/video.webm]]

[[ATTACHMENT|../tests/results/admin-assignment-board-Adm-60eed-e-room-capacity-constraints-firefox-admin-retry1/error-context.md]]

[[ATTACHMENT|../tests/results/admin-assignment-board-Adm-60eed-e-room-capacity-constraints-firefox-admin-retry1/trace.zip]]
]]>
</system-out>
</testcase>
<testcase name="Admin Assignment Board (ASSIGN-001) › should show assignment progress and completion status" classname="admin/assignment-board.spec.ts" time="5.469">
<failure message="assignment-board.spec.ts:185:7 should show assignment progress and completion status" type="FAILURE">
<![CDATA[  [firefox-admin] › admin/assignment-board.spec.ts:185:7 › Admin Assignment Board (ASSIGN-001) › should show assignment progress and completion status 

    Error: page.goto: NS_ERROR_CONNECTION_REFUSED
    Call log:
      - navigating to "http://localhost:3005/admin/assignments", waiting until "load"


      187 |     await authenticateAsAdmin(page);
      188 |
    > 189 |     await page.goto('/admin/assignments')
          |                ^
      190 |     await page.waitForLoadState('networkidle')
      191 |     await page.waitForTimeout(1500)
      192 |
        at /Users/lukatenbosch/Downloads/heiwahouse/wavecampdashboard/tests/admin/assignment-board.spec.ts:189:16

    attachment #1: screenshot (image/png) ──────────────────────────────────────────────────────────
    results/admin-assignment-board-Adm-efdeb-gress-and-completion-status-firefox-admin/test-failed-1.png
    ────────────────────────────────────────────────────────────────────────────────────────────────

    attachment #2: video (video/webm) ──────────────────────────────────────────────────────────────
    results/admin-assignment-board-Adm-efdeb-gress-and-completion-status-firefox-admin/video.webm
    ────────────────────────────────────────────────────────────────────────────────────────────────

    Error Context: results/admin-assignment-board-Adm-efdeb-gress-and-completion-status-firefox-admin/error-context.md

    Retry #1 ───────────────────────────────────────────────────────────────────────────────────────

    Error: page.goto: NS_ERROR_CONNECTION_REFUSED
    Call log:
      - navigating to "http://localhost:3005/admin/assignments", waiting until "load"


      187 |     await authenticateAsAdmin(page);
      188 |
    > 189 |     await page.goto('/admin/assignments')
          |                ^
      190 |     await page.waitForLoadState('networkidle')
      191 |     await page.waitForTimeout(1500)
      192 |
        at /Users/lukatenbosch/Downloads/heiwahouse/wavecampdashboard/tests/admin/assignment-board.spec.ts:189:16

    attachment #1: screenshot (image/png) ──────────────────────────────────────────────────────────
    results/admin-assignment-board-Adm-efdeb-gress-and-completion-status-firefox-admin-retry1/test-failed-1.png
    ────────────────────────────────────────────────────────────────────────────────────────────────

    attachment #2: video (video/webm) ──────────────────────────────────────────────────────────────
    results/admin-assignment-board-Adm-efdeb-gress-and-completion-status-firefox-admin-retry1/video.webm
    ────────────────────────────────────────────────────────────────────────────────────────────────

    Error Context: results/admin-assignment-board-Adm-efdeb-gress-and-completion-status-firefox-admin-retry1/error-context.md

    attachment #4: trace (application/zip) ─────────────────────────────────────────────────────────
    results/admin-assignment-board-Adm-efdeb-gress-and-completion-status-firefox-admin-retry1/trace.zip
    Usage:

        npx playwright show-trace results/admin-assignment-board-Adm-efdeb-gress-and-completion-status-firefox-admin-retry1/trace.zip

    ────────────────────────────────────────────────────────────────────────────────────────────────
]]>
</failure>
<system-out>
<![CDATA[
[[ATTACHMENT|../tests/results/admin-assignment-board-Adm-efdeb-gress-and-completion-status-firefox-admin/test-failed-1.png]]

[[ATTACHMENT|../tests/results/admin-assignment-board-Adm-efdeb-gress-and-completion-status-firefox-admin/video.webm]]

[[ATTACHMENT|../tests/results/admin-assignment-board-Adm-efdeb-gress-and-completion-status-firefox-admin/error-context.md]]

[[ATTACHMENT|../tests/results/admin-assignment-board-Adm-efdeb-gress-and-completion-status-firefox-admin-retry1/test-failed-1.png]]

[[ATTACHMENT|../tests/results/admin-assignment-board-Adm-efdeb-gress-and-completion-status-firefox-admin-retry1/video.webm]]

[[ATTACHMENT|../tests/results/admin-assignment-board-Adm-efdeb-gress-and-completion-status-firefox-admin-retry1/error-context.md]]

[[ATTACHMENT|../tests/results/admin-assignment-board-Adm-efdeb-gress-and-completion-status-firefox-admin-retry1/trace.zip]]
]]>
</system-out>
</testcase>
<testcase name="Admin Assignment Board (ASSIGN-001) › should handle refresh functionality" classname="admin/assignment-board.spec.ts" time="4.026">
<failure message="assignment-board.spec.ts:205:7 should handle refresh functionality" type="FAILURE">
<![CDATA[  [firefox-admin] › admin/assignment-board.spec.ts:205:7 › Admin Assignment Board (ASSIGN-001) › should handle refresh functionality 

    Error: page.goto: NS_ERROR_CONNECTION_REFUSED
    Call log:
      - navigating to "http://localhost:3005/admin/assignments", waiting until "load"


      207 |     await authenticateAsAdmin(page);
      208 |
    > 209 |     await page.goto('/admin/assignments')
          |                ^
      210 |     await page.waitForLoadState('networkidle')
      211 |     await page.waitForTimeout(1500)
      212 |
        at /Users/lukatenbosch/Downloads/heiwahouse/wavecampdashboard/tests/admin/assignment-board.spec.ts:209:16

    attachment #1: screenshot (image/png) ──────────────────────────────────────────────────────────
    results/admin-assignment-board-Adm-1af28-andle-refresh-functionality-firefox-admin/test-failed-1.png
    ────────────────────────────────────────────────────────────────────────────────────────────────

    attachment #2: video (video/webm) ──────────────────────────────────────────────────────────────
    results/admin-assignment-board-Adm-1af28-andle-refresh-functionality-firefox-admin/video.webm
    ────────────────────────────────────────────────────────────────────────────────────────────────

    Error Context: results/admin-assignment-board-Adm-1af28-andle-refresh-functionality-firefox-admin/error-context.md

    Retry #1 ───────────────────────────────────────────────────────────────────────────────────────

    Error: page.goto: NS_ERROR_CONNECTION_REFUSED
    Call log:
      - navigating to "http://localhost:3005/admin/assignments", waiting until "load"


      207 |     await authenticateAsAdmin(page);
      208 |
    > 209 |     await page.goto('/admin/assignments')
          |                ^
      210 |     await page.waitForLoadState('networkidle')
      211 |     await page.waitForTimeout(1500)
      212 |
        at /Users/lukatenbosch/Downloads/heiwahouse/wavecampdashboard/tests/admin/assignment-board.spec.ts:209:16

    attachment #1: screenshot (image/png) ──────────────────────────────────────────────────────────
    results/admin-assignment-board-Adm-1af28-andle-refresh-functionality-firefox-admin-retry1/test-failed-1.png
    ────────────────────────────────────────────────────────────────────────────────────────────────

    attachment #2: video (video/webm) ──────────────────────────────────────────────────────────────
    results/admin-assignment-board-Adm-1af28-andle-refresh-functionality-firefox-admin-retry1/video.webm
    ────────────────────────────────────────────────────────────────────────────────────────────────

    Error Context: results/admin-assignment-board-Adm-1af28-andle-refresh-functionality-firefox-admin-retry1/error-context.md

    attachment #4: trace (application/zip) ─────────────────────────────────────────────────────────
    results/admin-assignment-board-Adm-1af28-andle-refresh-functionality-firefox-admin-retry1/trace.zip
    Usage:

        npx playwright show-trace results/admin-assignment-board-Adm-1af28-andle-refresh-functionality-firefox-admin-retry1/trace.zip

    ────────────────────────────────────────────────────────────────────────────────────────────────
]]>
</failure>
<system-out>
<![CDATA[
[[ATTACHMENT|../tests/results/admin-assignment-board-Adm-1af28-andle-refresh-functionality-firefox-admin/test-failed-1.png]]

[[ATTACHMENT|../tests/results/admin-assignment-board-Adm-1af28-andle-refresh-functionality-firefox-admin/video.webm]]

[[ATTACHMENT|../tests/results/admin-assignment-board-Adm-1af28-andle-refresh-functionality-firefox-admin/error-context.md]]

[[ATTACHMENT|../tests/results/admin-assignment-board-Adm-1af28-andle-refresh-functionality-firefox-admin-retry1/test-failed-1.png]]

[[ATTACHMENT|../tests/results/admin-assignment-board-Adm-1af28-andle-refresh-functionality-firefox-admin-retry1/video.webm]]

[[ATTACHMENT|../tests/results/admin-assignment-board-Adm-1af28-andle-refresh-functionality-firefox-admin-retry1/error-context.md]]

[[ATTACHMENT|../tests/results/admin-assignment-board-Adm-1af28-andle-refresh-functionality-firefox-admin-retry1/trace.zip]]
]]>
</system-out>
</testcase>
</testsuite>
<testsuite name="admin/dashboard.spec.ts" timestamp="2025-09-17T23:26:21.514Z" hostname="firefox-admin" tests="7" failures="7" skipped="0" time="24.391" errors="0">
<testcase name="Admin Dashboard › should load dashboard with key metrics" classname="admin/dashboard.spec.ts" time="3.207">
<failure message="dashboard.spec.ts:5:7 should load dashboard with key metrics" type="FAILURE">
<![CDATA[  [firefox-admin] › admin/dashboard.spec.ts:5:7 › Admin Dashboard › should load dashboard with key metrics 

    Error: page.goto: NS_ERROR_CONNECTION_REFUSED
    Call log:
      - navigating to "http://localhost:3005/admin", waiting until "load"


       8 |
       9 |     // Navigate to admin dashboard
    > 10 |     await page.goto('/admin')
         |                ^
      11 |
      12 |     // Wait for page to load completely
      13 |     await page.waitForLoadState('networkidle')
        at /Users/lukatenbosch/Downloads/heiwahouse/wavecampdashboard/tests/admin/dashboard.spec.ts:10:16

    attachment #1: screenshot (image/png) ──────────────────────────────────────────────────────────
    results/admin-dashboard-Admin-Dash-29280--dashboard-with-key-metrics-firefox-admin/test-failed-1.png
    ────────────────────────────────────────────────────────────────────────────────────────────────

    attachment #2: video (video/webm) ──────────────────────────────────────────────────────────────
    results/admin-dashboard-Admin-Dash-29280--dashboard-with-key-metrics-firefox-admin/video.webm
    ────────────────────────────────────────────────────────────────────────────────────────────────

    Error Context: results/admin-dashboard-Admin-Dash-29280--dashboard-with-key-metrics-firefox-admin/error-context.md

    Retry #1 ───────────────────────────────────────────────────────────────────────────────────────

    Error: page.goto: NS_ERROR_CONNECTION_REFUSED
    Call log:
      - navigating to "http://localhost:3005/admin", waiting until "load"


       8 |
       9 |     // Navigate to admin dashboard
    > 10 |     await page.goto('/admin')
         |                ^
      11 |
      12 |     // Wait for page to load completely
      13 |     await page.waitForLoadState('networkidle')
        at /Users/lukatenbosch/Downloads/heiwahouse/wavecampdashboard/tests/admin/dashboard.spec.ts:10:16

    attachment #1: screenshot (image/png) ──────────────────────────────────────────────────────────
    results/admin-dashboard-Admin-Dash-29280--dashboard-with-key-metrics-firefox-admin-retry1/test-failed-1.png
    ────────────────────────────────────────────────────────────────────────────────────────────────

    attachment #2: video (video/webm) ──────────────────────────────────────────────────────────────
    results/admin-dashboard-Admin-Dash-29280--dashboard-with-key-metrics-firefox-admin-retry1/video.webm
    ────────────────────────────────────────────────────────────────────────────────────────────────

    Error Context: results/admin-dashboard-Admin-Dash-29280--dashboard-with-key-metrics-firefox-admin-retry1/error-context.md

    attachment #4: trace (application/zip) ─────────────────────────────────────────────────────────
    results/admin-dashboard-Admin-Dash-29280--dashboard-with-key-metrics-firefox-admin-retry1/trace.zip
    Usage:

        npx playwright show-trace results/admin-dashboard-Admin-Dash-29280--dashboard-with-key-metrics-firefox-admin-retry1/trace.zip

    ────────────────────────────────────────────────────────────────────────────────────────────────
]]>
</failure>
<system-out>
<![CDATA[
[[ATTACHMENT|../tests/results/admin-dashboard-Admin-Dash-29280--dashboard-with-key-metrics-firefox-admin/test-failed-1.png]]

[[ATTACHMENT|../tests/results/admin-dashboard-Admin-Dash-29280--dashboard-with-key-metrics-firefox-admin/video.webm]]

[[ATTACHMENT|../tests/results/admin-dashboard-Admin-Dash-29280--dashboard-with-key-metrics-firefox-admin/error-context.md]]

[[ATTACHMENT|../tests/results/admin-dashboard-Admin-Dash-29280--dashboard-with-key-metrics-firefox-admin-retry1/test-failed-1.png]]

[[ATTACHMENT|../tests/results/admin-dashboard-Admin-Dash-29280--dashboard-with-key-metrics-firefox-admin-retry1/video.webm]]

[[ATTACHMENT|../tests/results/admin-dashboard-Admin-Dash-29280--dashboard-with-key-metrics-firefox-admin-retry1/error-context.md]]

[[ATTACHMENT|../tests/results/admin-dashboard-Admin-Dash-29280--dashboard-with-key-metrics-firefox-admin-retry1/trace.zip]]
]]>
</system-out>
</testcase>
<testcase name="Admin Dashboard › should navigate to analytics dashboard" classname="admin/dashboard.spec.ts" time="3.965">
<failure message="dashboard.spec.ts:45:7 should navigate to analytics dashboard" type="FAILURE">
<![CDATA[  [firefox-admin] › admin/dashboard.spec.ts:45:7 › Admin Dashboard › should navigate to analytics dashboard 

    Error: page.goto: NS_ERROR_CONNECTION_REFUSED
    Call log:
      - navigating to "http://localhost:3005/admin", waiting until "load"


      47 |     await authenticateAsAdmin(page);
      48 |
    > 49 |     await page.goto('/admin')
         |                ^
      50 |     await page.waitForLoadState('networkidle')
      51 |     await page.waitForTimeout(1000)
      52 |
        at /Users/lukatenbosch/Downloads/heiwahouse/wavecampdashboard/tests/admin/dashboard.spec.ts:49:16

    attachment #1: screenshot (image/png) ──────────────────────────────────────────────────────────
    results/admin-dashboard-Admin-Dash-914d3-gate-to-analytics-dashboard-firefox-admin/test-failed-1.png
    ────────────────────────────────────────────────────────────────────────────────────────────────

    attachment #2: video (video/webm) ──────────────────────────────────────────────────────────────
    results/admin-dashboard-Admin-Dash-914d3-gate-to-analytics-dashboard-firefox-admin/video.webm
    ────────────────────────────────────────────────────────────────────────────────────────────────

    Error Context: results/admin-dashboard-Admin-Dash-914d3-gate-to-analytics-dashboard-firefox-admin/error-context.md

    Retry #1 ───────────────────────────────────────────────────────────────────────────────────────

    Error: page.goto: NS_ERROR_CONNECTION_REFUSED
    Call log:
      - navigating to "http://localhost:3005/admin", waiting until "load"


      47 |     await authenticateAsAdmin(page);
      48 |
    > 49 |     await page.goto('/admin')
         |                ^
      50 |     await page.waitForLoadState('networkidle')
      51 |     await page.waitForTimeout(1000)
      52 |
        at /Users/lukatenbosch/Downloads/heiwahouse/wavecampdashboard/tests/admin/dashboard.spec.ts:49:16

    attachment #1: screenshot (image/png) ──────────────────────────────────────────────────────────
    results/admin-dashboard-Admin-Dash-914d3-gate-to-analytics-dashboard-firefox-admin-retry1/test-failed-1.png
    ────────────────────────────────────────────────────────────────────────────────────────────────

    attachment #2: video (video/webm) ──────────────────────────────────────────────────────────────
    results/admin-dashboard-Admin-Dash-914d3-gate-to-analytics-dashboard-firefox-admin-retry1/video.webm
    ────────────────────────────────────────────────────────────────────────────────────────────────

    Error Context: results/admin-dashboard-Admin-Dash-914d3-gate-to-analytics-dashboard-firefox-admin-retry1/error-context.md

    attachment #4: trace (application/zip) ─────────────────────────────────────────────────────────
    results/admin-dashboard-Admin-Dash-914d3-gate-to-analytics-dashboard-firefox-admin-retry1/trace.zip
    Usage:

        npx playwright show-trace results/admin-dashboard-Admin-Dash-914d3-gate-to-analytics-dashboard-firefox-admin-retry1/trace.zip

    ────────────────────────────────────────────────────────────────────────────────────────────────
]]>
</failure>
<system-out>
<![CDATA[
[[ATTACHMENT|../tests/results/admin-dashboard-Admin-Dash-914d3-gate-to-analytics-dashboard-firefox-admin/test-failed-1.png]]

[[ATTACHMENT|../tests/results/admin-dashboard-Admin-Dash-914d3-gate-to-analytics-dashboard-firefox-admin/video.webm]]

[[ATTACHMENT|../tests/results/admin-dashboard-Admin-Dash-914d3-gate-to-analytics-dashboard-firefox-admin/error-context.md]]

[[ATTACHMENT|../tests/results/admin-dashboard-Admin-Dash-914d3-gate-to-analytics-dashboard-firefox-admin-retry1/test-failed-1.png]]

[[ATTACHMENT|../tests/results/admin-dashboard-Admin-Dash-914d3-gate-to-analytics-dashboard-firefox-admin-retry1/video.webm]]

[[ATTACHMENT|../tests/results/admin-dashboard-Admin-Dash-914d3-gate-to-analytics-dashboard-firefox-admin-retry1/error-context.md]]

[[ATTACHMENT|../tests/results/admin-dashboard-Admin-Dash-914d3-gate-to-analytics-dashboard-firefox-admin-retry1/trace.zip]]
]]>
</system-out>
</testcase>
<testcase name="Admin Dashboard › should display system health metrics" classname="admin/dashboard.spec.ts" time="3.54">
<failure message="dashboard.spec.ts:67:7 should display system health metrics" type="FAILURE">
<![CDATA[  [firefox-admin] › admin/dashboard.spec.ts:67:7 › Admin Dashboard › should display system health metrics 

    Error: page.goto: NS_ERROR_CONNECTION_REFUSED
    Call log:
      - navigating to "http://localhost:3005/admin/system", waiting until "load"


      69 |     await authenticateAsAdmin(page);
      70 |
    > 71 |     await page.goto('/admin/system')
         |                ^
      72 |     await page.waitForLoadState('networkidle')
      73 |     await expect(page.locator('h1')).toBeVisible()
      74 |
        at /Users/lukatenbosch/Downloads/heiwahouse/wavecampdashboard/tests/admin/dashboard.spec.ts:71:16

    attachment #1: screenshot (image/png) ──────────────────────────────────────────────────────────
    results/admin-dashboard-Admin-Dash-2c16e-splay-system-health-metrics-firefox-admin/test-failed-1.png
    ────────────────────────────────────────────────────────────────────────────────────────────────

    attachment #2: video (video/webm) ──────────────────────────────────────────────────────────────
    results/admin-dashboard-Admin-Dash-2c16e-splay-system-health-metrics-firefox-admin/video.webm
    ────────────────────────────────────────────────────────────────────────────────────────────────

    Error Context: results/admin-dashboard-Admin-Dash-2c16e-splay-system-health-metrics-firefox-admin/error-context.md

    Retry #1 ───────────────────────────────────────────────────────────────────────────────────────

    Error: page.goto: NS_ERROR_CONNECTION_REFUSED
    Call log:
      - navigating to "http://localhost:3005/admin/system", waiting until "load"


      69 |     await authenticateAsAdmin(page);
      70 |
    > 71 |     await page.goto('/admin/system')
         |                ^
      72 |     await page.waitForLoadState('networkidle')
      73 |     await expect(page.locator('h1')).toBeVisible()
      74 |
        at /Users/lukatenbosch/Downloads/heiwahouse/wavecampdashboard/tests/admin/dashboard.spec.ts:71:16

    attachment #1: screenshot (image/png) ──────────────────────────────────────────────────────────
    results/admin-dashboard-Admin-Dash-2c16e-splay-system-health-metrics-firefox-admin-retry1/test-failed-1.png
    ────────────────────────────────────────────────────────────────────────────────────────────────

    attachment #2: video (video/webm) ──────────────────────────────────────────────────────────────
    results/admin-dashboard-Admin-Dash-2c16e-splay-system-health-metrics-firefox-admin-retry1/video.webm
    ────────────────────────────────────────────────────────────────────────────────────────────────

    Error Context: results/admin-dashboard-Admin-Dash-2c16e-splay-system-health-metrics-firefox-admin-retry1/error-context.md

    attachment #4: trace (application/zip) ─────────────────────────────────────────────────────────
    results/admin-dashboard-Admin-Dash-2c16e-splay-system-health-metrics-firefox-admin-retry1/trace.zip
    Usage:

        npx playwright show-trace results/admin-dashboard-Admin-Dash-2c16e-splay-system-health-metrics-firefox-admin-retry1/trace.zip

    ────────────────────────────────────────────────────────────────────────────────────────────────
]]>
</failure>
<system-out>
<![CDATA[
[[ATTACHMENT|../tests/results/admin-dashboard-Admin-Dash-2c16e-splay-system-health-metrics-firefox-admin/test-failed-1.png]]

[[ATTACHMENT|../tests/results/admin-dashboard-Admin-Dash-2c16e-splay-system-health-metrics-firefox-admin/video.webm]]

[[ATTACHMENT|../tests/results/admin-dashboard-Admin-Dash-2c16e-splay-system-health-metrics-firefox-admin/error-context.md]]

[[ATTACHMENT|../tests/results/admin-dashboard-Admin-Dash-2c16e-splay-system-health-metrics-firefox-admin-retry1/test-failed-1.png]]

[[ATTACHMENT|../tests/results/admin-dashboard-Admin-Dash-2c16e-splay-system-health-metrics-firefox-admin-retry1/video.webm]]

[[ATTACHMENT|../tests/results/admin-dashboard-Admin-Dash-2c16e-splay-system-health-metrics-firefox-admin-retry1/error-context.md]]

[[ATTACHMENT|../tests/results/admin-dashboard-Admin-Dash-2c16e-splay-system-health-metrics-firefox-admin-retry1/trace.zip]]
]]>
</system-out>
</testcase>
<testcase name="Admin Dashboard › should navigate to bookings management" classname="admin/dashboard.spec.ts" time="3.329">
<failure message="dashboard.spec.ts:82:7 should navigate to bookings management" type="FAILURE">
<![CDATA[  [firefox-admin] › admin/dashboard.spec.ts:82:7 › Admin Dashboard › should navigate to bookings management 

    Error: page.goto: NS_ERROR_CONNECTION_REFUSED
    Call log:
      - navigating to "http://localhost:3005/admin", waiting until "load"


      84 |     await authenticateAsAdmin(page);
      85 |
    > 86 |     await page.goto('/admin')
         |                ^
      87 |     await page.waitForLoadState('networkidle')
      88 |     await expect(page.locator('[data-testid="admin-dashboard-title"]')).toBeVisible()
      89 |
        at /Users/lukatenbosch/Downloads/heiwahouse/wavecampdashboard/tests/admin/dashboard.spec.ts:86:16

    attachment #1: screenshot (image/png) ──────────────────────────────────────────────────────────
    results/admin-dashboard-Admin-Dash-83a80-gate-to-bookings-management-firefox-admin/test-failed-1.png
    ────────────────────────────────────────────────────────────────────────────────────────────────

    attachment #2: video (video/webm) ──────────────────────────────────────────────────────────────
    results/admin-dashboard-Admin-Dash-83a80-gate-to-bookings-management-firefox-admin/video.webm
    ────────────────────────────────────────────────────────────────────────────────────────────────

    Error Context: results/admin-dashboard-Admin-Dash-83a80-gate-to-bookings-management-firefox-admin/error-context.md

    Retry #1 ───────────────────────────────────────────────────────────────────────────────────────

    Error: page.goto: NS_ERROR_CONNECTION_REFUSED
    Call log:
      - navigating to "http://localhost:3005/admin", waiting until "load"


      84 |     await authenticateAsAdmin(page);
      85 |
    > 86 |     await page.goto('/admin')
         |                ^
      87 |     await page.waitForLoadState('networkidle')
      88 |     await expect(page.locator('[data-testid="admin-dashboard-title"]')).toBeVisible()
      89 |
        at /Users/lukatenbosch/Downloads/heiwahouse/wavecampdashboard/tests/admin/dashboard.spec.ts:86:16

    attachment #1: screenshot (image/png) ──────────────────────────────────────────────────────────
    results/admin-dashboard-Admin-Dash-83a80-gate-to-bookings-management-firefox-admin-retry1/test-failed-1.png
    ────────────────────────────────────────────────────────────────────────────────────────────────

    attachment #2: video (video/webm) ──────────────────────────────────────────────────────────────
    results/admin-dashboard-Admin-Dash-83a80-gate-to-bookings-management-firefox-admin-retry1/video.webm
    ────────────────────────────────────────────────────────────────────────────────────────────────

    Error Context: results/admin-dashboard-Admin-Dash-83a80-gate-to-bookings-management-firefox-admin-retry1/error-context.md

    attachment #4: trace (application/zip) ─────────────────────────────────────────────────────────
    results/admin-dashboard-Admin-Dash-83a80-gate-to-bookings-management-firefox-admin-retry1/trace.zip
    Usage:

        npx playwright show-trace results/admin-dashboard-Admin-Dash-83a80-gate-to-bookings-management-firefox-admin-retry1/trace.zip

    ────────────────────────────────────────────────────────────────────────────────────────────────
]]>
</failure>
<system-out>
<![CDATA[
[[ATTACHMENT|../tests/results/admin-dashboard-Admin-Dash-83a80-gate-to-bookings-management-firefox-admin/test-failed-1.png]]

[[ATTACHMENT|../tests/results/admin-dashboard-Admin-Dash-83a80-gate-to-bookings-management-firefox-admin/video.webm]]

[[ATTACHMENT|../tests/results/admin-dashboard-Admin-Dash-83a80-gate-to-bookings-management-firefox-admin/error-context.md]]

[[ATTACHMENT|../tests/results/admin-dashboard-Admin-Dash-83a80-gate-to-bookings-management-firefox-admin-retry1/test-failed-1.png]]

[[ATTACHMENT|../tests/results/admin-dashboard-Admin-Dash-83a80-gate-to-bookings-management-firefox-admin-retry1/video.webm]]

[[ATTACHMENT|../tests/results/admin-dashboard-Admin-Dash-83a80-gate-to-bookings-management-firefox-admin-retry1/error-context.md]]

[[ATTACHMENT|../tests/results/admin-dashboard-Admin-Dash-83a80-gate-to-bookings-management-firefox-admin-retry1/trace.zip]]
]]>
</system-out>
</testcase>
<testcase name="Admin Dashboard › should navigate to clients management" classname="admin/dashboard.spec.ts" time="3.448">
<failure message="dashboard.spec.ts:99:7 should navigate to clients management" type="FAILURE">
<![CDATA[  [firefox-admin] › admin/dashboard.spec.ts:99:7 › Admin Dashboard › should navigate to clients management 

    Error: page.goto: NS_ERROR_CONNECTION_REFUSED
    Call log:
      - navigating to "http://localhost:3005/admin", waiting until "load"


      101 |     await authenticateAsAdmin(page);
      102 |
    > 103 |     await page.goto('/admin')
          |                ^
      104 |     await page.waitForLoadState('networkidle')
      105 |     await expect(page.locator('[data-testid="admin-dashboard-title"]')).toBeVisible()
      106 |
        at /Users/lukatenbosch/Downloads/heiwahouse/wavecampdashboard/tests/admin/dashboard.spec.ts:103:16

    attachment #1: screenshot (image/png) ──────────────────────────────────────────────────────────
    results/admin-dashboard-Admin-Dash-1e3e7-igate-to-clients-management-firefox-admin/test-failed-1.png
    ────────────────────────────────────────────────────────────────────────────────────────────────

    attachment #2: video (video/webm) ──────────────────────────────────────────────────────────────
    results/admin-dashboard-Admin-Dash-1e3e7-igate-to-clients-management-firefox-admin/video.webm
    ────────────────────────────────────────────────────────────────────────────────────────────────

    Error Context: results/admin-dashboard-Admin-Dash-1e3e7-igate-to-clients-management-firefox-admin/error-context.md

    Retry #1 ───────────────────────────────────────────────────────────────────────────────────────

    Error: page.goto: NS_ERROR_CONNECTION_REFUSED
    Call log:
      - navigating to "http://localhost:3005/admin", waiting until "load"


      101 |     await authenticateAsAdmin(page);
      102 |
    > 103 |     await page.goto('/admin')
          |                ^
      104 |     await page.waitForLoadState('networkidle')
      105 |     await expect(page.locator('[data-testid="admin-dashboard-title"]')).toBeVisible()
      106 |
        at /Users/lukatenbosch/Downloads/heiwahouse/wavecampdashboard/tests/admin/dashboard.spec.ts:103:16

    attachment #1: screenshot (image/png) ──────────────────────────────────────────────────────────
    results/admin-dashboard-Admin-Dash-1e3e7-igate-to-clients-management-firefox-admin-retry1/test-failed-1.png
    ────────────────────────────────────────────────────────────────────────────────────────────────

    attachment #2: video (video/webm) ──────────────────────────────────────────────────────────────
    results/admin-dashboard-Admin-Dash-1e3e7-igate-to-clients-management-firefox-admin-retry1/video.webm
    ────────────────────────────────────────────────────────────────────────────────────────────────

    Error Context: results/admin-dashboard-Admin-Dash-1e3e7-igate-to-clients-management-firefox-admin-retry1/error-context.md

    attachment #4: trace (application/zip) ─────────────────────────────────────────────────────────
    results/admin-dashboard-Admin-Dash-1e3e7-igate-to-clients-management-firefox-admin-retry1/trace.zip
    Usage:

        npx playwright show-trace results/admin-dashboard-Admin-Dash-1e3e7-igate-to-clients-management-firefox-admin-retry1/trace.zip

    ────────────────────────────────────────────────────────────────────────────────────────────────
]]>
</failure>
<system-out>
<![CDATA[
[[ATTACHMENT|../tests/results/admin-dashboard-Admin-Dash-1e3e7-igate-to-clients-management-firefox-admin/test-failed-1.png]]

[[ATTACHMENT|../tests/results/admin-dashboard-Admin-Dash-1e3e7-igate-to-clients-management-firefox-admin/video.webm]]

[[ATTACHMENT|../tests/results/admin-dashboard-Admin-Dash-1e3e7-igate-to-clients-management-firefox-admin/error-context.md]]

[[ATTACHMENT|../tests/results/admin-dashboard-Admin-Dash-1e3e7-igate-to-clients-management-firefox-admin-retry1/test-failed-1.png]]

[[ATTACHMENT|../tests/results/admin-dashboard-Admin-Dash-1e3e7-igate-to-clients-management-firefox-admin-retry1/video.webm]]

[[ATTACHMENT|../tests/results/admin-dashboard-Admin-Dash-1e3e7-igate-to-clients-management-firefox-admin-retry1/error-context.md]]

[[ATTACHMENT|../tests/results/admin-dashboard-Admin-Dash-1e3e7-igate-to-clients-management-firefox-admin-retry1/trace.zip]]
]]>
</system-out>
</testcase>
<testcase name="Admin Dashboard › should navigate to rooms management" classname="admin/dashboard.spec.ts" time="3.651">
<failure message="dashboard.spec.ts:116:7 should navigate to rooms management" type="FAILURE">
<![CDATA[  [firefox-admin] › admin/dashboard.spec.ts:116:7 › Admin Dashboard › should navigate to rooms management 

    Error: page.goto: NS_ERROR_CONNECTION_REFUSED
    Call log:
      - navigating to "http://localhost:3005/admin", waiting until "load"


      118 |     await authenticateAsAdmin(page);
      119 |
    > 120 |     await page.goto('/admin')
          |                ^
      121 |     await page.waitForLoadState('networkidle')
      122 |     await expect(page.locator('[data-testid="admin-dashboard-title"]')).toBeVisible()
      123 |
        at /Users/lukatenbosch/Downloads/heiwahouse/wavecampdashboard/tests/admin/dashboard.spec.ts:120:16

    attachment #1: screenshot (image/png) ──────────────────────────────────────────────────────────
    results/admin-dashboard-Admin-Dash-441c6-avigate-to-rooms-management-firefox-admin/test-failed-1.png
    ────────────────────────────────────────────────────────────────────────────────────────────────

    attachment #2: video (video/webm) ──────────────────────────────────────────────────────────────
    results/admin-dashboard-Admin-Dash-441c6-avigate-to-rooms-management-firefox-admin/video.webm
    ────────────────────────────────────────────────────────────────────────────────────────────────

    Error Context: results/admin-dashboard-Admin-Dash-441c6-avigate-to-rooms-management-firefox-admin/error-context.md

    Retry #1 ───────────────────────────────────────────────────────────────────────────────────────

    Error: page.goto: NS_ERROR_CONNECTION_REFUSED
    Call log:
      - navigating to "http://localhost:3005/admin", waiting until "load"


      118 |     await authenticateAsAdmin(page);
      119 |
    > 120 |     await page.goto('/admin')
          |                ^
      121 |     await page.waitForLoadState('networkidle')
      122 |     await expect(page.locator('[data-testid="admin-dashboard-title"]')).toBeVisible()
      123 |
        at /Users/lukatenbosch/Downloads/heiwahouse/wavecampdashboard/tests/admin/dashboard.spec.ts:120:16

    attachment #1: screenshot (image/png) ──────────────────────────────────────────────────────────
    results/admin-dashboard-Admin-Dash-441c6-avigate-to-rooms-management-firefox-admin-retry1/test-failed-1.png
    ────────────────────────────────────────────────────────────────────────────────────────────────

    attachment #2: video (video/webm) ──────────────────────────────────────────────────────────────
    results/admin-dashboard-Admin-Dash-441c6-avigate-to-rooms-management-firefox-admin-retry1/video.webm
    ────────────────────────────────────────────────────────────────────────────────────────────────

    Error Context: results/admin-dashboard-Admin-Dash-441c6-avigate-to-rooms-management-firefox-admin-retry1/error-context.md

    attachment #4: trace (application/zip) ─────────────────────────────────────────────────────────
    results/admin-dashboard-Admin-Dash-441c6-avigate-to-rooms-management-firefox-admin-retry1/trace.zip
    Usage:

        npx playwright show-trace results/admin-dashboard-Admin-Dash-441c6-avigate-to-rooms-management-firefox-admin-retry1/trace.zip

    ────────────────────────────────────────────────────────────────────────────────────────────────
]]>
</failure>
<system-out>
<![CDATA[
[[ATTACHMENT|../tests/results/admin-dashboard-Admin-Dash-441c6-avigate-to-rooms-management-firefox-admin/test-failed-1.png]]

[[ATTACHMENT|../tests/results/admin-dashboard-Admin-Dash-441c6-avigate-to-rooms-management-firefox-admin/video.webm]]

[[ATTACHMENT|../tests/results/admin-dashboard-Admin-Dash-441c6-avigate-to-rooms-management-firefox-admin/error-context.md]]

[[ATTACHMENT|../tests/results/admin-dashboard-Admin-Dash-441c6-avigate-to-rooms-management-firefox-admin-retry1/test-failed-1.png]]

[[ATTACHMENT|../tests/results/admin-dashboard-Admin-Dash-441c6-avigate-to-rooms-management-firefox-admin-retry1/video.webm]]

[[ATTACHMENT|../tests/results/admin-dashboard-Admin-Dash-441c6-avigate-to-rooms-management-firefox-admin-retry1/error-context.md]]

[[ATTACHMENT|../tests/results/admin-dashboard-Admin-Dash-441c6-avigate-to-rooms-management-firefox-admin-retry1/trace.zip]]
]]>
</system-out>
</testcase>
<testcase name="Admin Dashboard › should navigate to surf camps management" classname="admin/dashboard.spec.ts" time="3.251">
<failure message="dashboard.spec.ts:133:7 should navigate to surf camps management" type="FAILURE">
<![CDATA[  [firefox-admin] › admin/dashboard.spec.ts:133:7 › Admin Dashboard › should navigate to surf camps management 

    Error: page.goto: NS_ERROR_CONNECTION_REFUSED
    Call log:
      - navigating to "http://localhost:3005/admin", waiting until "load"


      135 |     await authenticateAsAdmin(page);
      136 |
    > 137 |     await page.goto('/admin')
          |                ^
      138 |     await page.waitForLoadState('networkidle')
      139 |     await expect(page.locator('[data-testid="admin-dashboard-title"]')).toBeVisible()
      140 |
        at /Users/lukatenbosch/Downloads/heiwahouse/wavecampdashboard/tests/admin/dashboard.spec.ts:137:16

    attachment #1: screenshot (image/png) ──────────────────────────────────────────────────────────
    results/admin-dashboard-Admin-Dash-15537-te-to-surf-camps-management-firefox-admin/test-failed-1.png
    ────────────────────────────────────────────────────────────────────────────────────────────────

    attachment #2: video (video/webm) ──────────────────────────────────────────────────────────────
    results/admin-dashboard-Admin-Dash-15537-te-to-surf-camps-management-firefox-admin/video.webm
    ────────────────────────────────────────────────────────────────────────────────────────────────

    Error Context: results/admin-dashboard-Admin-Dash-15537-te-to-surf-camps-management-firefox-admin/error-context.md

    Retry #1 ───────────────────────────────────────────────────────────────────────────────────────

    Error: page.goto: NS_ERROR_CONNECTION_REFUSED
    Call log:
      - navigating to "http://localhost:3005/admin", waiting until "load"


      135 |     await authenticateAsAdmin(page);
      136 |
    > 137 |     await page.goto('/admin')
          |                ^
      138 |     await page.waitForLoadState('networkidle')
      139 |     await expect(page.locator('[data-testid="admin-dashboard-title"]')).toBeVisible()
      140 |
        at /Users/lukatenbosch/Downloads/heiwahouse/wavecampdashboard/tests/admin/dashboard.spec.ts:137:16

    attachment #1: screenshot (image/png) ──────────────────────────────────────────────────────────
    results/admin-dashboard-Admin-Dash-15537-te-to-surf-camps-management-firefox-admin-retry1/test-failed-1.png
    ────────────────────────────────────────────────────────────────────────────────────────────────

    attachment #2: video (video/webm) ──────────────────────────────────────────────────────────────
    results/admin-dashboard-Admin-Dash-15537-te-to-surf-camps-management-firefox-admin-retry1/video.webm
    ────────────────────────────────────────────────────────────────────────────────────────────────

    Error Context: results/admin-dashboard-Admin-Dash-15537-te-to-surf-camps-management-firefox-admin-retry1/error-context.md

    attachment #4: trace (application/zip) ─────────────────────────────────────────────────────────
    results/admin-dashboard-Admin-Dash-15537-te-to-surf-camps-management-firefox-admin-retry1/trace.zip
    Usage:

        npx playwright show-trace results/admin-dashboard-Admin-Dash-15537-te-to-surf-camps-management-firefox-admin-retry1/trace.zip

    ────────────────────────────────────────────────────────────────────────────────────────────────
]]>
</failure>
<system-out>
<![CDATA[
[[ATTACHMENT|../tests/results/admin-dashboard-Admin-Dash-15537-te-to-surf-camps-management-firefox-admin/test-failed-1.png]]

[[ATTACHMENT|../tests/results/admin-dashboard-Admin-Dash-15537-te-to-surf-camps-management-firefox-admin/video.webm]]

[[ATTACHMENT|../tests/results/admin-dashboard-Admin-Dash-15537-te-to-surf-camps-management-firefox-admin/error-context.md]]

[[ATTACHMENT|../tests/results/admin-dashboard-Admin-Dash-15537-te-to-surf-camps-management-firefox-admin-retry1/test-failed-1.png]]

[[ATTACHMENT|../tests/results/admin-dashboard-Admin-Dash-15537-te-to-surf-camps-management-firefox-admin-retry1/video.webm]]

[[ATTACHMENT|../tests/results/admin-dashboard-Admin-Dash-15537-te-to-surf-camps-management-firefox-admin-retry1/error-context.md]]

[[ATTACHMENT|../tests/results/admin-dashboard-Admin-Dash-15537-te-to-surf-camps-management-firefox-admin-retry1/trace.zip]]
]]>
</system-out>
</testcase>
</testsuite>
<testsuite name="dashboard.spec.ts" timestamp="2025-09-17T23:26:21.514Z" hostname="firefox-admin" tests="16" failures="16" skipped="0" time="41.943" errors="0">
<testcase name="Dashboard Metrics Loading (DASH-001) › should load and display key metrics" classname="dashboard.spec.ts" time="2.927">
<failure message="dashboard.spec.ts:61:7 should load and display key metrics" type="FAILURE">
<![CDATA[  [firefox-admin] › dashboard.spec.ts:61:7 › Dashboard Metrics Loading (DASH-001) › should load and display key metrics 

    Error: page.goto: NS_ERROR_CONNECTION_REFUSED
    Call log:
      - navigating to "http://localhost:3005/admin", waiting until "load"


      60 | test.describe('Dashboard Metrics Loading (DASH-001)', () => {
      61 |   test('should load and display key metrics', async ({ page }) => {
    > 62 |     await page.goto('/admin');
         |                ^
      63 |     await page.waitForLoadState('networkidle');
      64 |
      65 |     // Verify dashboard title
        at /Users/lukatenbosch/Downloads/heiwahouse/wavecampdashboard/tests/dashboard.spec.ts:62:16

    attachment #1: screenshot (image/png) ──────────────────────────────────────────────────────────
    results/dashboard-Dashboard-Metric-acc58-oad-and-display-key-metrics-firefox-admin/test-failed-1.png
    ────────────────────────────────────────────────────────────────────────────────────────────────

    attachment #2: video (video/webm) ──────────────────────────────────────────────────────────────
    results/dashboard-Dashboard-Metric-acc58-oad-and-display-key-metrics-firefox-admin/video.webm
    ────────────────────────────────────────────────────────────────────────────────────────────────

    Error Context: results/dashboard-Dashboard-Metric-acc58-oad-and-display-key-metrics-firefox-admin/error-context.md

    Retry #1 ───────────────────────────────────────────────────────────────────────────────────────

    Error: page.goto: NS_ERROR_CONNECTION_REFUSED
    Call log:
      - navigating to "http://localhost:3005/admin", waiting until "load"


      60 | test.describe('Dashboard Metrics Loading (DASH-001)', () => {
      61 |   test('should load and display key metrics', async ({ page }) => {
    > 62 |     await page.goto('/admin');
         |                ^
      63 |     await page.waitForLoadState('networkidle');
      64 |
      65 |     // Verify dashboard title
        at /Users/lukatenbosch/Downloads/heiwahouse/wavecampdashboard/tests/dashboard.spec.ts:62:16

    attachment #1: screenshot (image/png) ──────────────────────────────────────────────────────────
    results/dashboard-Dashboard-Metric-acc58-oad-and-display-key-metrics-firefox-admin-retry1/test-failed-1.png
    ────────────────────────────────────────────────────────────────────────────────────────────────

    attachment #2: video (video/webm) ──────────────────────────────────────────────────────────────
    results/dashboard-Dashboard-Metric-acc58-oad-and-display-key-metrics-firefox-admin-retry1/video.webm
    ────────────────────────────────────────────────────────────────────────────────────────────────

    Error Context: results/dashboard-Dashboard-Metric-acc58-oad-and-display-key-metrics-firefox-admin-retry1/error-context.md

    attachment #4: trace (application/zip) ─────────────────────────────────────────────────────────
    results/dashboard-Dashboard-Metric-acc58-oad-and-display-key-metrics-firefox-admin-retry1/trace.zip
    Usage:

        npx playwright show-trace results/dashboard-Dashboard-Metric-acc58-oad-and-display-key-metrics-firefox-admin-retry1/trace.zip

    ────────────────────────────────────────────────────────────────────────────────────────────────
]]>
</failure>
<system-out>
<![CDATA[
[[ATTACHMENT|../tests/results/dashboard-Dashboard-Metric-acc58-oad-and-display-key-metrics-firefox-admin/test-failed-1.png]]

[[ATTACHMENT|../tests/results/dashboard-Dashboard-Metric-acc58-oad-and-display-key-metrics-firefox-admin/video.webm]]

[[ATTACHMENT|../tests/results/dashboard-Dashboard-Metric-acc58-oad-and-display-key-metrics-firefox-admin/error-context.md]]

[[ATTACHMENT|../tests/results/dashboard-Dashboard-Metric-acc58-oad-and-display-key-metrics-firefox-admin-retry1/test-failed-1.png]]

[[ATTACHMENT|../tests/results/dashboard-Dashboard-Metric-acc58-oad-and-display-key-metrics-firefox-admin-retry1/video.webm]]

[[ATTACHMENT|../tests/results/dashboard-Dashboard-Metric-acc58-oad-and-display-key-metrics-firefox-admin-retry1/error-context.md]]

[[ATTACHMENT|../tests/results/dashboard-Dashboard-Metric-acc58-oad-and-display-key-metrics-firefox-admin-retry1/trace.zip]]
]]>
</system-out>
</testcase>
<testcase name="Dashboard Metrics Loading (DASH-001) › should display analytics charts properly" classname="dashboard.spec.ts" time="2.331">
<failure message="dashboard.spec.ts:80:7 should display analytics charts properly" type="FAILURE">
<![CDATA[  [firefox-admin] › dashboard.spec.ts:80:7 › Dashboard Metrics Loading (DASH-001) › should display analytics charts properly 

    Error: page.goto: NS_ERROR_CONNECTION_REFUSED
    Call log:
      - navigating to "http://localhost:3005/admin/analytics", waiting until "load"


      79 |
      80 |   test('should display analytics charts properly', async ({ page }) => {
    > 81 |     await page.goto('/admin/analytics');
         |                ^
      82 |     await page.waitForLoadState('networkidle');
      83 |     await page.waitForTimeout(1000);
      84 |
        at /Users/lukatenbosch/Downloads/heiwahouse/wavecampdashboard/tests/dashboard.spec.ts:81:16

    attachment #1: screenshot (image/png) ──────────────────────────────────────────────────────────
    results/dashboard-Dashboard-Metric-5dc6a-y-analytics-charts-properly-firefox-admin/test-failed-1.png
    ────────────────────────────────────────────────────────────────────────────────────────────────

    attachment #2: video (video/webm) ──────────────────────────────────────────────────────────────
    results/dashboard-Dashboard-Metric-5dc6a-y-analytics-charts-properly-firefox-admin/video.webm
    ────────────────────────────────────────────────────────────────────────────────────────────────

    Error Context: results/dashboard-Dashboard-Metric-5dc6a-y-analytics-charts-properly-firefox-admin/error-context.md

    Retry #1 ───────────────────────────────────────────────────────────────────────────────────────

    Error: page.goto: NS_ERROR_CONNECTION_REFUSED
    Call log:
      - navigating to "http://localhost:3005/admin/analytics", waiting until "load"


      79 |
      80 |   test('should display analytics charts properly', async ({ page }) => {
    > 81 |     await page.goto('/admin/analytics');
         |                ^
      82 |     await page.waitForLoadState('networkidle');
      83 |     await page.waitForTimeout(1000);
      84 |
        at /Users/lukatenbosch/Downloads/heiwahouse/wavecampdashboard/tests/dashboard.spec.ts:81:16

    attachment #1: screenshot (image/png) ──────────────────────────────────────────────────────────
    results/dashboard-Dashboard-Metric-5dc6a-y-analytics-charts-properly-firefox-admin-retry1/test-failed-1.png
    ────────────────────────────────────────────────────────────────────────────────────────────────

    attachment #2: video (video/webm) ──────────────────────────────────────────────────────────────
    results/dashboard-Dashboard-Metric-5dc6a-y-analytics-charts-properly-firefox-admin-retry1/video.webm
    ────────────────────────────────────────────────────────────────────────────────────────────────

    Error Context: results/dashboard-Dashboard-Metric-5dc6a-y-analytics-charts-properly-firefox-admin-retry1/error-context.md

    attachment #4: trace (application/zip) ─────────────────────────────────────────────────────────
    results/dashboard-Dashboard-Metric-5dc6a-y-analytics-charts-properly-firefox-admin-retry1/trace.zip
    Usage:

        npx playwright show-trace results/dashboard-Dashboard-Metric-5dc6a-y-analytics-charts-properly-firefox-admin-retry1/trace.zip

    ────────────────────────────────────────────────────────────────────────────────────────────────
]]>
</failure>
<system-out>
<![CDATA[
[[ATTACHMENT|../tests/results/dashboard-Dashboard-Metric-5dc6a-y-analytics-charts-properly-firefox-admin/test-failed-1.png]]

[[ATTACHMENT|../tests/results/dashboard-Dashboard-Metric-5dc6a-y-analytics-charts-properly-firefox-admin/video.webm]]

[[ATTACHMENT|../tests/results/dashboard-Dashboard-Metric-5dc6a-y-analytics-charts-properly-firefox-admin/error-context.md]]

[[ATTACHMENT|../tests/results/dashboard-Dashboard-Metric-5dc6a-y-analytics-charts-properly-firefox-admin-retry1/test-failed-1.png]]

[[ATTACHMENT|../tests/results/dashboard-Dashboard-Metric-5dc6a-y-analytics-charts-properly-firefox-admin-retry1/video.webm]]

[[ATTACHMENT|../tests/results/dashboard-Dashboard-Metric-5dc6a-y-analytics-charts-properly-firefox-admin-retry1/error-context.md]]

[[ATTACHMENT|../tests/results/dashboard-Dashboard-Metric-5dc6a-y-analytics-charts-properly-firefox-admin-retry1/trace.zip]]
]]>
</system-out>
</testcase>
<testcase name="Dashboard Metrics Loading (DASH-001) › should handle real-time metric updates" classname="dashboard.spec.ts" time="2.513">
<failure message="dashboard.spec.ts:93:7 should handle real-time metric updates" type="FAILURE">
<![CDATA[  [firefox-admin] › dashboard.spec.ts:93:7 › Dashboard Metrics Loading (DASH-001) › should handle real-time metric updates 

    Error: page.goto: NS_ERROR_CONNECTION_REFUSED
    Call log:
      - navigating to "http://localhost:3005/admin", waiting until "load"


      92 |
      93 |   test('should handle real-time metric updates', async ({ page }) => {
    > 94 |     await page.goto('/admin');
         |                ^
      95 |     await page.waitForLoadState('networkidle');
      96 |
      97 |     // Mock real-time updates
        at /Users/lukatenbosch/Downloads/heiwahouse/wavecampdashboard/tests/dashboard.spec.ts:94:16

    attachment #1: screenshot (image/png) ──────────────────────────────────────────────────────────
    results/dashboard-Dashboard-Metric-9d736-le-real-time-metric-updates-firefox-admin/test-failed-1.png
    ────────────────────────────────────────────────────────────────────────────────────────────────

    attachment #2: video (video/webm) ──────────────────────────────────────────────────────────────
    results/dashboard-Dashboard-Metric-9d736-le-real-time-metric-updates-firefox-admin/video.webm
    ────────────────────────────────────────────────────────────────────────────────────────────────

    Error Context: results/dashboard-Dashboard-Metric-9d736-le-real-time-metric-updates-firefox-admin/error-context.md

    Retry #1 ───────────────────────────────────────────────────────────────────────────────────────

    Error: page.goto: NS_ERROR_CONNECTION_REFUSED
    Call log:
      - navigating to "http://localhost:3005/admin", waiting until "load"


      92 |
      93 |   test('should handle real-time metric updates', async ({ page }) => {
    > 94 |     await page.goto('/admin');
         |                ^
      95 |     await page.waitForLoadState('networkidle');
      96 |
      97 |     // Mock real-time updates
        at /Users/lukatenbosch/Downloads/heiwahouse/wavecampdashboard/tests/dashboard.spec.ts:94:16

    attachment #1: screenshot (image/png) ──────────────────────────────────────────────────────────
    results/dashboard-Dashboard-Metric-9d736-le-real-time-metric-updates-firefox-admin-retry1/test-failed-1.png
    ────────────────────────────────────────────────────────────────────────────────────────────────

    attachment #2: video (video/webm) ──────────────────────────────────────────────────────────────
    results/dashboard-Dashboard-Metric-9d736-le-real-time-metric-updates-firefox-admin-retry1/video.webm
    ────────────────────────────────────────────────────────────────────────────────────────────────

    Error Context: results/dashboard-Dashboard-Metric-9d736-le-real-time-metric-updates-firefox-admin-retry1/error-context.md

    attachment #4: trace (application/zip) ─────────────────────────────────────────────────────────
    results/dashboard-Dashboard-Metric-9d736-le-real-time-metric-updates-firefox-admin-retry1/trace.zip
    Usage:

        npx playwright show-trace results/dashboard-Dashboard-Metric-9d736-le-real-time-metric-updates-firefox-admin-retry1/trace.zip

    ────────────────────────────────────────────────────────────────────────────────────────────────
]]>
</failure>
<system-out>
<![CDATA[
[[ATTACHMENT|../tests/results/dashboard-Dashboard-Metric-9d736-le-real-time-metric-updates-firefox-admin/test-failed-1.png]]

[[ATTACHMENT|../tests/results/dashboard-Dashboard-Metric-9d736-le-real-time-metric-updates-firefox-admin/video.webm]]

[[ATTACHMENT|../tests/results/dashboard-Dashboard-Metric-9d736-le-real-time-metric-updates-firefox-admin/error-context.md]]

[[ATTACHMENT|../tests/results/dashboard-Dashboard-Metric-9d736-le-real-time-metric-updates-firefox-admin-retry1/test-failed-1.png]]

[[ATTACHMENT|../tests/results/dashboard-Dashboard-Metric-9d736-le-real-time-metric-updates-firefox-admin-retry1/video.webm]]

[[ATTACHMENT|../tests/results/dashboard-Dashboard-Metric-9d736-le-real-time-metric-updates-firefox-admin-retry1/error-context.md]]

[[ATTACHMENT|../tests/results/dashboard-Dashboard-Metric-9d736-le-real-time-metric-updates-firefox-admin-retry1/trace.zip]]
]]>
</system-out>
</testcase>
<testcase name="Dashboard Metrics Loading (DASH-001) › should show loading states during data fetch" classname="dashboard.spec.ts" time="2.158">
<failure message="dashboard.spec.ts:119:7 should show loading states during data fetch" type="FAILURE">
<![CDATA[  [firefox-admin] › dashboard.spec.ts:119:7 › Dashboard Metrics Loading (DASH-001) › should show loading states during data fetch 

    Error: page.goto: NS_ERROR_CONNECTION_REFUSED
    Call log:
      - navigating to "http://localhost:3005/admin", waiting until "load"


      132 |     });
      133 |
    > 134 |     await page.goto('/admin');
          |                ^
      135 |
      136 |     // Should show loading indicators
      137 |     await expect(page.locator('.loading, .spinner, [data-testid*="loading"]')).toBeVisible();
        at /Users/lukatenbosch/Downloads/heiwahouse/wavecampdashboard/tests/dashboard.spec.ts:134:16

    attachment #1: screenshot (image/png) ──────────────────────────────────────────────────────────
    results/dashboard-Dashboard-Metric-eb54e-ng-states-during-data-fetch-firefox-admin/test-failed-1.png
    ────────────────────────────────────────────────────────────────────────────────────────────────

    attachment #2: video (video/webm) ──────────────────────────────────────────────────────────────
    results/dashboard-Dashboard-Metric-eb54e-ng-states-during-data-fetch-firefox-admin/video.webm
    ────────────────────────────────────────────────────────────────────────────────────────────────

    Error Context: results/dashboard-Dashboard-Metric-eb54e-ng-states-during-data-fetch-firefox-admin/error-context.md

    Retry #1 ───────────────────────────────────────────────────────────────────────────────────────

    Error: page.goto: NS_ERROR_CONNECTION_REFUSED
    Call log:
      - navigating to "http://localhost:3005/admin", waiting until "load"


      132 |     });
      133 |
    > 134 |     await page.goto('/admin');
          |                ^
      135 |
      136 |     // Should show loading indicators
      137 |     await expect(page.locator('.loading, .spinner, [data-testid*="loading"]')).toBeVisible();
        at /Users/lukatenbosch/Downloads/heiwahouse/wavecampdashboard/tests/dashboard.spec.ts:134:16

    attachment #1: screenshot (image/png) ──────────────────────────────────────────────────────────
    results/dashboard-Dashboard-Metric-eb54e-ng-states-during-data-fetch-firefox-admin-retry1/test-failed-1.png
    ────────────────────────────────────────────────────────────────────────────────────────────────

    attachment #2: video (video/webm) ──────────────────────────────────────────────────────────────
    results/dashboard-Dashboard-Metric-eb54e-ng-states-during-data-fetch-firefox-admin-retry1/video.webm
    ────────────────────────────────────────────────────────────────────────────────────────────────

    Error Context: results/dashboard-Dashboard-Metric-eb54e-ng-states-during-data-fetch-firefox-admin-retry1/error-context.md

    attachment #4: trace (application/zip) ─────────────────────────────────────────────────────────
    results/dashboard-Dashboard-Metric-eb54e-ng-states-during-data-fetch-firefox-admin-retry1/trace.zip
    Usage:

        npx playwright show-trace results/dashboard-Dashboard-Metric-eb54e-ng-states-during-data-fetch-firefox-admin-retry1/trace.zip

    ────────────────────────────────────────────────────────────────────────────────────────────────
]]>
</failure>
<system-out>
<![CDATA[
[[ATTACHMENT|../tests/results/dashboard-Dashboard-Metric-eb54e-ng-states-during-data-fetch-firefox-admin/test-failed-1.png]]

[[ATTACHMENT|../tests/results/dashboard-Dashboard-Metric-eb54e-ng-states-during-data-fetch-firefox-admin/video.webm]]

[[ATTACHMENT|../tests/results/dashboard-Dashboard-Metric-eb54e-ng-states-during-data-fetch-firefox-admin/error-context.md]]

[[ATTACHMENT|../tests/results/dashboard-Dashboard-Metric-eb54e-ng-states-during-data-fetch-firefox-admin-retry1/test-failed-1.png]]

[[ATTACHMENT|../tests/results/dashboard-Dashboard-Metric-eb54e-ng-states-during-data-fetch-firefox-admin-retry1/video.webm]]

[[ATTACHMENT|../tests/results/dashboard-Dashboard-Metric-eb54e-ng-states-during-data-fetch-firefox-admin-retry1/error-context.md]]

[[ATTACHMENT|../tests/results/dashboard-Dashboard-Metric-eb54e-ng-states-during-data-fetch-firefox-admin-retry1/trace.zip]]
]]>
</system-out>
</testcase>
<testcase name="Dashboard Sidebar Navigation (DASH-002) › should render sidebar with navigation items" classname="dashboard.spec.ts" time="2.535">
<failure message="dashboard.spec.ts:147:7 should render sidebar with navigation items" type="FAILURE">
<![CDATA[  [firefox-admin] › dashboard.spec.ts:147:7 › Dashboard Sidebar Navigation (DASH-002) › should render sidebar with navigation items 

    Error: page.goto: NS_ERROR_CONNECTION_REFUSED
    Call log:
      - navigating to "http://localhost:3005/admin", waiting until "load"


      146 | test.describe('Dashboard Sidebar Navigation (DASH-002)', () => {
      147 |   test('should render sidebar with navigation items', async ({ page }) => {
    > 148 |     await page.goto('/admin');
          |                ^
      149 |     await page.waitForLoadState('networkidle');
      150 |
      151 |     // Verify sidebar container exists
        at /Users/lukatenbosch/Downloads/heiwahouse/wavecampdashboard/tests/dashboard.spec.ts:148:16

    attachment #1: screenshot (image/png) ──────────────────────────────────────────────────────────
    results/dashboard-Dashboard-Sideba-64c53-debar-with-navigation-items-firefox-admin/test-failed-1.png
    ────────────────────────────────────────────────────────────────────────────────────────────────

    attachment #2: video (video/webm) ──────────────────────────────────────────────────────────────
    results/dashboard-Dashboard-Sideba-64c53-debar-with-navigation-items-firefox-admin/video.webm
    ────────────────────────────────────────────────────────────────────────────────────────────────

    Error Context: results/dashboard-Dashboard-Sideba-64c53-debar-with-navigation-items-firefox-admin/error-context.md

    Retry #1 ───────────────────────────────────────────────────────────────────────────────────────

    Error: page.goto: NS_ERROR_CONNECTION_REFUSED
    Call log:
      - navigating to "http://localhost:3005/admin", waiting until "load"


      146 | test.describe('Dashboard Sidebar Navigation (DASH-002)', () => {
      147 |   test('should render sidebar with navigation items', async ({ page }) => {
    > 148 |     await page.goto('/admin');
          |                ^
      149 |     await page.waitForLoadState('networkidle');
      150 |
      151 |     // Verify sidebar container exists
        at /Users/lukatenbosch/Downloads/heiwahouse/wavecampdashboard/tests/dashboard.spec.ts:148:16

    attachment #1: screenshot (image/png) ──────────────────────────────────────────────────────────
    results/dashboard-Dashboard-Sideba-64c53-debar-with-navigation-items-firefox-admin-retry1/test-failed-1.png
    ────────────────────────────────────────────────────────────────────────────────────────────────

    attachment #2: video (video/webm) ──────────────────────────────────────────────────────────────
    results/dashboard-Dashboard-Sideba-64c53-debar-with-navigation-items-firefox-admin-retry1/video.webm
    ────────────────────────────────────────────────────────────────────────────────────────────────

    Error Context: results/dashboard-Dashboard-Sideba-64c53-debar-with-navigation-items-firefox-admin-retry1/error-context.md

    attachment #4: trace (application/zip) ─────────────────────────────────────────────────────────
    results/dashboard-Dashboard-Sideba-64c53-debar-with-navigation-items-firefox-admin-retry1/trace.zip
    Usage:

        npx playwright show-trace results/dashboard-Dashboard-Sideba-64c53-debar-with-navigation-items-firefox-admin-retry1/trace.zip

    ────────────────────────────────────────────────────────────────────────────────────────────────
]]>
</failure>
<system-out>
<![CDATA[
[[ATTACHMENT|../tests/results/dashboard-Dashboard-Sideba-64c53-debar-with-navigation-items-firefox-admin/test-failed-1.png]]

[[ATTACHMENT|../tests/results/dashboard-Dashboard-Sideba-64c53-debar-with-navigation-items-firefox-admin/video.webm]]

[[ATTACHMENT|../tests/results/dashboard-Dashboard-Sideba-64c53-debar-with-navigation-items-firefox-admin/error-context.md]]

[[ATTACHMENT|../tests/results/dashboard-Dashboard-Sideba-64c53-debar-with-navigation-items-firefox-admin-retry1/test-failed-1.png]]

[[ATTACHMENT|../tests/results/dashboard-Dashboard-Sideba-64c53-debar-with-navigation-items-firefox-admin-retry1/video.webm]]

[[ATTACHMENT|../tests/results/dashboard-Dashboard-Sideba-64c53-debar-with-navigation-items-firefox-admin-retry1/error-context.md]]

[[ATTACHMENT|../tests/results/dashboard-Dashboard-Sideba-64c53-debar-with-navigation-items-firefox-admin-retry1/trace.zip]]
]]>
</system-out>
</testcase>
<testcase name="Dashboard Sidebar Navigation (DASH-002) › should toggle sidebar expand/collapse functionality" classname="dashboard.spec.ts" time="2.328">
<failure message="dashboard.spec.ts:172:7 should toggle sidebar expand/collapse functionality" type="FAILURE">
<![CDATA[  [firefox-admin] › dashboard.spec.ts:172:7 › Dashboard Sidebar Navigation (DASH-002) › should toggle sidebar expand/collapse functionality 

    Error: page.goto: NS_ERROR_CONNECTION_REFUSED
    Call log:
      - navigating to "http://localhost:3005/admin", waiting until "load"


      171 |
      172 |   test('should toggle sidebar expand/collapse functionality', async ({ page }) => {
    > 173 |     await page.goto('/admin');
          |                ^
      174 |     await page.waitForLoadState('networkidle');
      175 |
      176 |     // Verify sidebar toggle button exists
        at /Users/lukatenbosch/Downloads/heiwahouse/wavecampdashboard/tests/dashboard.spec.ts:173:16

    attachment #1: screenshot (image/png) ──────────────────────────────────────────────────────────
    results/dashboard-Dashboard-Sideba-95c0a-pand-collapse-functionality-firefox-admin/test-failed-1.png
    ────────────────────────────────────────────────────────────────────────────────────────────────

    attachment #2: video (video/webm) ──────────────────────────────────────────────────────────────
    results/dashboard-Dashboard-Sideba-95c0a-pand-collapse-functionality-firefox-admin/video.webm
    ────────────────────────────────────────────────────────────────────────────────────────────────

    Error Context: results/dashboard-Dashboard-Sideba-95c0a-pand-collapse-functionality-firefox-admin/error-context.md

    Retry #1 ───────────────────────────────────────────────────────────────────────────────────────

    Error: page.goto: NS_ERROR_CONNECTION_REFUSED
    Call log:
      - navigating to "http://localhost:3005/admin", waiting until "load"


      171 |
      172 |   test('should toggle sidebar expand/collapse functionality', async ({ page }) => {
    > 173 |     await page.goto('/admin');
          |                ^
      174 |     await page.waitForLoadState('networkidle');
      175 |
      176 |     // Verify sidebar toggle button exists
        at /Users/lukatenbosch/Downloads/heiwahouse/wavecampdashboard/tests/dashboard.spec.ts:173:16

    attachment #1: screenshot (image/png) ──────────────────────────────────────────────────────────
    results/dashboard-Dashboard-Sideba-95c0a-pand-collapse-functionality-firefox-admin-retry1/test-failed-1.png
    ────────────────────────────────────────────────────────────────────────────────────────────────

    attachment #2: video (video/webm) ──────────────────────────────────────────────────────────────
    results/dashboard-Dashboard-Sideba-95c0a-pand-collapse-functionality-firefox-admin-retry1/video.webm
    ────────────────────────────────────────────────────────────────────────────────────────────────

    Error Context: results/dashboard-Dashboard-Sideba-95c0a-pand-collapse-functionality-firefox-admin-retry1/error-context.md

    attachment #4: trace (application/zip) ─────────────────────────────────────────────────────────
    results/dashboard-Dashboard-Sideba-95c0a-pand-collapse-functionality-firefox-admin-retry1/trace.zip
    Usage:

        npx playwright show-trace results/dashboard-Dashboard-Sideba-95c0a-pand-collapse-functionality-firefox-admin-retry1/trace.zip

    ────────────────────────────────────────────────────────────────────────────────────────────────
]]>
</failure>
<system-out>
<![CDATA[
[[ATTACHMENT|../tests/results/dashboard-Dashboard-Sideba-95c0a-pand-collapse-functionality-firefox-admin/test-failed-1.png]]

[[ATTACHMENT|../tests/results/dashboard-Dashboard-Sideba-95c0a-pand-collapse-functionality-firefox-admin/video.webm]]

[[ATTACHMENT|../tests/results/dashboard-Dashboard-Sideba-95c0a-pand-collapse-functionality-firefox-admin/error-context.md]]

[[ATTACHMENT|../tests/results/dashboard-Dashboard-Sideba-95c0a-pand-collapse-functionality-firefox-admin-retry1/test-failed-1.png]]

[[ATTACHMENT|../tests/results/dashboard-Dashboard-Sideba-95c0a-pand-collapse-functionality-firefox-admin-retry1/video.webm]]

[[ATTACHMENT|../tests/results/dashboard-Dashboard-Sideba-95c0a-pand-collapse-functionality-firefox-admin-retry1/error-context.md]]

[[ATTACHMENT|../tests/results/dashboard-Dashboard-Sideba-95c0a-pand-collapse-functionality-firefox-admin-retry1/trace.zip]]
]]>
</system-out>
</testcase>
<testcase name="Dashboard Sidebar Navigation (DASH-002) › should navigate to different admin routes via sidebar" classname="dashboard.spec.ts" time="2.267">
<failure message="dashboard.spec.ts:201:7 should navigate to different admin routes via sidebar" type="FAILURE">
<![CDATA[  [firefox-admin] › dashboard.spec.ts:201:7 › Dashboard Sidebar Navigation (DASH-002) › should navigate to different admin routes via sidebar 

    Error: page.goto: NS_ERROR_CONNECTION_REFUSED
    Call log:
      - navigating to "http://localhost:3005/admin", waiting until "load"


      200 |
      201 |   test('should navigate to different admin routes via sidebar', async ({ page }) => {
    > 202 |     await page.goto('/admin');
          |                ^
      203 |     await page.waitForLoadState('networkidle');
      204 |
      205 |     // Test navigation to different routes
        at /Users/lukatenbosch/Downloads/heiwahouse/wavecampdashboard/tests/dashboard.spec.ts:202:16

    attachment #1: screenshot (image/png) ──────────────────────────────────────────────────────────
    results/dashboard-Dashboard-Sideba-00de1-nt-admin-routes-via-sidebar-firefox-admin/test-failed-1.png
    ────────────────────────────────────────────────────────────────────────────────────────────────

    attachment #2: video (video/webm) ──────────────────────────────────────────────────────────────
    results/dashboard-Dashboard-Sideba-00de1-nt-admin-routes-via-sidebar-firefox-admin/video.webm
    ────────────────────────────────────────────────────────────────────────────────────────────────

    Error Context: results/dashboard-Dashboard-Sideba-00de1-nt-admin-routes-via-sidebar-firefox-admin/error-context.md

    Retry #1 ───────────────────────────────────────────────────────────────────────────────────────

    Error: page.goto: NS_ERROR_CONNECTION_REFUSED
    Call log:
      - navigating to "http://localhost:3005/admin", waiting until "load"


      200 |
      201 |   test('should navigate to different admin routes via sidebar', async ({ page }) => {
    > 202 |     await page.goto('/admin');
          |                ^
      203 |     await page.waitForLoadState('networkidle');
      204 |
      205 |     // Test navigation to different routes
        at /Users/lukatenbosch/Downloads/heiwahouse/wavecampdashboard/tests/dashboard.spec.ts:202:16

    attachment #1: screenshot (image/png) ──────────────────────────────────────────────────────────
    results/dashboard-Dashboard-Sideba-00de1-nt-admin-routes-via-sidebar-firefox-admin-retry1/test-failed-1.png
    ────────────────────────────────────────────────────────────────────────────────────────────────

    attachment #2: video (video/webm) ──────────────────────────────────────────────────────────────
    results/dashboard-Dashboard-Sideba-00de1-nt-admin-routes-via-sidebar-firefox-admin-retry1/video.webm
    ────────────────────────────────────────────────────────────────────────────────────────────────

    Error Context: results/dashboard-Dashboard-Sideba-00de1-nt-admin-routes-via-sidebar-firefox-admin-retry1/error-context.md

    attachment #4: trace (application/zip) ─────────────────────────────────────────────────────────
    results/dashboard-Dashboard-Sideba-00de1-nt-admin-routes-via-sidebar-firefox-admin-retry1/trace.zip
    Usage:

        npx playwright show-trace results/dashboard-Dashboard-Sideba-00de1-nt-admin-routes-via-sidebar-firefox-admin-retry1/trace.zip

    ────────────────────────────────────────────────────────────────────────────────────────────────
]]>
</failure>
<system-out>
<![CDATA[
[[ATTACHMENT|../tests/results/dashboard-Dashboard-Sideba-00de1-nt-admin-routes-via-sidebar-firefox-admin/test-failed-1.png]]

[[ATTACHMENT|../tests/results/dashboard-Dashboard-Sideba-00de1-nt-admin-routes-via-sidebar-firefox-admin/video.webm]]

[[ATTACHMENT|../tests/results/dashboard-Dashboard-Sideba-00de1-nt-admin-routes-via-sidebar-firefox-admin/error-context.md]]

[[ATTACHMENT|../tests/results/dashboard-Dashboard-Sideba-00de1-nt-admin-routes-via-sidebar-firefox-admin-retry1/test-failed-1.png]]

[[ATTACHMENT|../tests/results/dashboard-Dashboard-Sideba-00de1-nt-admin-routes-via-sidebar-firefox-admin-retry1/video.webm]]

[[ATTACHMENT|../tests/results/dashboard-Dashboard-Sideba-00de1-nt-admin-routes-via-sidebar-firefox-admin-retry1/error-context.md]]

[[ATTACHMENT|../tests/results/dashboard-Dashboard-Sideba-00de1-nt-admin-routes-via-sidebar-firefox-admin-retry1/trace.zip]]
]]>
</system-out>
</testcase>
<testcase name="Dashboard Sidebar Navigation (DASH-002) › should highlight active navigation item" classname="dashboard.spec.ts" time="2.405">
<failure message="dashboard.spec.ts:225:7 should highlight active navigation item" type="FAILURE">
<![CDATA[  [firefox-admin] › dashboard.spec.ts:225:7 › Dashboard Sidebar Navigation (DASH-002) › should highlight active navigation item 

    Error: page.goto: NS_ERROR_CONNECTION_REFUSED
    Call log:
      - navigating to "http://localhost:3005/admin/bookings", waiting until "load"


      224 |
      225 |   test('should highlight active navigation item', async ({ page }) => {
    > 226 |     await page.goto('/admin/bookings');
          |                ^
      227 |     await page.waitForLoadState('networkidle');
      228 |
      229 |     // Verify bookings nav item is highlighted/active
        at /Users/lukatenbosch/Downloads/heiwahouse/wavecampdashboard/tests/dashboard.spec.ts:226:16

    attachment #1: screenshot (image/png) ──────────────────────────────────────────────────────────
    results/dashboard-Dashboard-Sideba-d1286-ight-active-navigation-item-firefox-admin/test-failed-1.png
    ────────────────────────────────────────────────────────────────────────────────────────────────

    attachment #2: video (video/webm) ──────────────────────────────────────────────────────────────
    results/dashboard-Dashboard-Sideba-d1286-ight-active-navigation-item-firefox-admin/video.webm
    ────────────────────────────────────────────────────────────────────────────────────────────────

    Error Context: results/dashboard-Dashboard-Sideba-d1286-ight-active-navigation-item-firefox-admin/error-context.md

    Retry #1 ───────────────────────────────────────────────────────────────────────────────────────

    Error: page.goto: NS_ERROR_CONNECTION_REFUSED
    Call log:
      - navigating to "http://localhost:3005/admin/bookings", waiting until "load"


      224 |
      225 |   test('should highlight active navigation item', async ({ page }) => {
    > 226 |     await page.goto('/admin/bookings');
          |                ^
      227 |     await page.waitForLoadState('networkidle');
      228 |
      229 |     // Verify bookings nav item is highlighted/active
        at /Users/lukatenbosch/Downloads/heiwahouse/wavecampdashboard/tests/dashboard.spec.ts:226:16

    attachment #1: screenshot (image/png) ──────────────────────────────────────────────────────────
    results/dashboard-Dashboard-Sideba-d1286-ight-active-navigation-item-firefox-admin-retry1/test-failed-1.png
    ────────────────────────────────────────────────────────────────────────────────────────────────

    attachment #2: video (video/webm) ──────────────────────────────────────────────────────────────
    results/dashboard-Dashboard-Sideba-d1286-ight-active-navigation-item-firefox-admin-retry1/video.webm
    ────────────────────────────────────────────────────────────────────────────────────────────────

    Error Context: results/dashboard-Dashboard-Sideba-d1286-ight-active-navigation-item-firefox-admin-retry1/error-context.md

    attachment #4: trace (application/zip) ─────────────────────────────────────────────────────────
    results/dashboard-Dashboard-Sideba-d1286-ight-active-navigation-item-firefox-admin-retry1/trace.zip
    Usage:

        npx playwright show-trace results/dashboard-Dashboard-Sideba-d1286-ight-active-navigation-item-firefox-admin-retry1/trace.zip

    ────────────────────────────────────────────────────────────────────────────────────────────────
]]>
</failure>
<system-out>
<![CDATA[
[[ATTACHMENT|../tests/results/dashboard-Dashboard-Sideba-d1286-ight-active-navigation-item-firefox-admin/test-failed-1.png]]

[[ATTACHMENT|../tests/results/dashboard-Dashboard-Sideba-d1286-ight-active-navigation-item-firefox-admin/video.webm]]

[[ATTACHMENT|../tests/results/dashboard-Dashboard-Sideba-d1286-ight-active-navigation-item-firefox-admin/error-context.md]]

[[ATTACHMENT|../tests/results/dashboard-Dashboard-Sideba-d1286-ight-active-navigation-item-firefox-admin-retry1/test-failed-1.png]]

[[ATTACHMENT|../tests/results/dashboard-Dashboard-Sideba-d1286-ight-active-navigation-item-firefox-admin-retry1/video.webm]]

[[ATTACHMENT|../tests/results/dashboard-Dashboard-Sideba-d1286-ight-active-navigation-item-firefox-admin-retry1/error-context.md]]

[[ATTACHMENT|../tests/results/dashboard-Dashboard-Sideba-d1286-ight-active-navigation-item-firefox-admin-retry1/trace.zip]]
]]>
</system-out>
</testcase>
<testcase name="Dashboard Sidebar Navigation (DASH-002) › should maintain sidebar state across page navigation" classname="dashboard.spec.ts" time="2.397">
<failure message="dashboard.spec.ts:251:7 should maintain sidebar state across page navigation" type="FAILURE">
<![CDATA[  [firefox-admin] › dashboard.spec.ts:251:7 › Dashboard Sidebar Navigation (DASH-002) › should maintain sidebar state across page navigation 

    Error: page.goto: NS_ERROR_CONNECTION_REFUSED
    Call log:
      - navigating to "http://localhost:3005/admin", waiting until "load"


      250 |
      251 |   test('should maintain sidebar state across page navigation', async ({ page }) => {
    > 252 |     await page.goto('/admin');
          |                ^
      253 |     await page.waitForLoadState('networkidle');
      254 |
      255 |     // Collapse sidebar
        at /Users/lukatenbosch/Downloads/heiwahouse/wavecampdashboard/tests/dashboard.spec.ts:252:16

    attachment #1: screenshot (image/png) ──────────────────────────────────────────────────────────
    results/dashboard-Dashboard-Sideba-f7a8f-tate-across-page-navigation-firefox-admin/test-failed-1.png
    ────────────────────────────────────────────────────────────────────────────────────────────────

    attachment #2: video (video/webm) ──────────────────────────────────────────────────────────────
    results/dashboard-Dashboard-Sideba-f7a8f-tate-across-page-navigation-firefox-admin/video.webm
    ────────────────────────────────────────────────────────────────────────────────────────────────

    Error Context: results/dashboard-Dashboard-Sideba-f7a8f-tate-across-page-navigation-firefox-admin/error-context.md

    Retry #1 ───────────────────────────────────────────────────────────────────────────────────────

    Error: page.goto: NS_ERROR_CONNECTION_REFUSED
    Call log:
      - navigating to "http://localhost:3005/admin", waiting until "load"


      250 |
      251 |   test('should maintain sidebar state across page navigation', async ({ page }) => {
    > 252 |     await page.goto('/admin');
          |                ^
      253 |     await page.waitForLoadState('networkidle');
      254 |
      255 |     // Collapse sidebar
        at /Users/lukatenbosch/Downloads/heiwahouse/wavecampdashboard/tests/dashboard.spec.ts:252:16

    attachment #1: screenshot (image/png) ──────────────────────────────────────────────────────────
    results/dashboard-Dashboard-Sideba-f7a8f-tate-across-page-navigation-firefox-admin-retry1/test-failed-1.png
    ────────────────────────────────────────────────────────────────────────────────────────────────

    attachment #2: video (video/webm) ──────────────────────────────────────────────────────────────
    results/dashboard-Dashboard-Sideba-f7a8f-tate-across-page-navigation-firefox-admin-retry1/video.webm
    ────────────────────────────────────────────────────────────────────────────────────────────────

    Error Context: results/dashboard-Dashboard-Sideba-f7a8f-tate-across-page-navigation-firefox-admin-retry1/error-context.md

    attachment #4: trace (application/zip) ─────────────────────────────────────────────────────────
    results/dashboard-Dashboard-Sideba-f7a8f-tate-across-page-navigation-firefox-admin-retry1/trace.zip
    Usage:

        npx playwright show-trace results/dashboard-Dashboard-Sideba-f7a8f-tate-across-page-navigation-firefox-admin-retry1/trace.zip

    ────────────────────────────────────────────────────────────────────────────────────────────────
]]>
</failure>
<system-out>
<![CDATA[
[[ATTACHMENT|../tests/results/dashboard-Dashboard-Sideba-f7a8f-tate-across-page-navigation-firefox-admin/test-failed-1.png]]

[[ATTACHMENT|../tests/results/dashboard-Dashboard-Sideba-f7a8f-tate-across-page-navigation-firefox-admin/video.webm]]

[[ATTACHMENT|../tests/results/dashboard-Dashboard-Sideba-f7a8f-tate-across-page-navigation-firefox-admin/error-context.md]]

[[ATTACHMENT|../tests/results/dashboard-Dashboard-Sideba-f7a8f-tate-across-page-navigation-firefox-admin-retry1/test-failed-1.png]]

[[ATTACHMENT|../tests/results/dashboard-Dashboard-Sideba-f7a8f-tate-across-page-navigation-firefox-admin-retry1/video.webm]]

[[ATTACHMENT|../tests/results/dashboard-Dashboard-Sideba-f7a8f-tate-across-page-navigation-firefox-admin-retry1/error-context.md]]

[[ATTACHMENT|../tests/results/dashboard-Dashboard-Sideba-f7a8f-tate-across-page-navigation-firefox-admin-retry1/trace.zip]]
]]>
</system-out>
</testcase>
<testcase name="Dashboard Sidebar Navigation (DASH-002) › should handle responsive behavior on mobile" classname="dashboard.spec.ts" time="2.547">
<failure message="dashboard.spec.ts:271:7 should handle responsive behavior on mobile" type="FAILURE">
<![CDATA[  [firefox-admin] › dashboard.spec.ts:271:7 › Dashboard Sidebar Navigation (DASH-002) › should handle responsive behavior on mobile 

    Error: page.goto: NS_ERROR_CONNECTION_REFUSED
    Call log:
      - navigating to "http://localhost:3005/admin", waiting until "load"


      273 |     await page.setViewportSize({ width: 375, height: 667 });
      274 |     
    > 275 |     await page.goto('/admin');
          |                ^
      276 |     await page.waitForLoadState('networkidle');
      277 |
      278 |     // On mobile, sidebar might be hidden by default or overlay
        at /Users/lukatenbosch/Downloads/heiwahouse/wavecampdashboard/tests/dashboard.spec.ts:275:16

    attachment #1: screenshot (image/png) ──────────────────────────────────────────────────────────
    results/dashboard-Dashboard-Sideba-ef241-sponsive-behavior-on-mobile-firefox-admin/test-failed-1.png
    ────────────────────────────────────────────────────────────────────────────────────────────────

    attachment #2: video (video/webm) ──────────────────────────────────────────────────────────────
    results/dashboard-Dashboard-Sideba-ef241-sponsive-behavior-on-mobile-firefox-admin/video.webm
    ────────────────────────────────────────────────────────────────────────────────────────────────

    Error Context: results/dashboard-Dashboard-Sideba-ef241-sponsive-behavior-on-mobile-firefox-admin/error-context.md

    Retry #1 ───────────────────────────────────────────────────────────────────────────────────────

    Error: page.goto: NS_ERROR_CONNECTION_REFUSED
    Call log:
      - navigating to "http://localhost:3005/admin", waiting until "load"


      273 |     await page.setViewportSize({ width: 375, height: 667 });
      274 |     
    > 275 |     await page.goto('/admin');
          |                ^
      276 |     await page.waitForLoadState('networkidle');
      277 |
      278 |     // On mobile, sidebar might be hidden by default or overlay
        at /Users/lukatenbosch/Downloads/heiwahouse/wavecampdashboard/tests/dashboard.spec.ts:275:16

    attachment #1: screenshot (image/png) ──────────────────────────────────────────────────────────
    results/dashboard-Dashboard-Sideba-ef241-sponsive-behavior-on-mobile-firefox-admin-retry1/test-failed-1.png
    ────────────────────────────────────────────────────────────────────────────────────────────────

    attachment #2: video (video/webm) ──────────────────────────────────────────────────────────────
    results/dashboard-Dashboard-Sideba-ef241-sponsive-behavior-on-mobile-firefox-admin-retry1/video.webm
    ────────────────────────────────────────────────────────────────────────────────────────────────

    Error Context: results/dashboard-Dashboard-Sideba-ef241-sponsive-behavior-on-mobile-firefox-admin-retry1/error-context.md

    attachment #4: trace (application/zip) ─────────────────────────────────────────────────────────
    results/dashboard-Dashboard-Sideba-ef241-sponsive-behavior-on-mobile-firefox-admin-retry1/trace.zip
    Usage:

        npx playwright show-trace results/dashboard-Dashboard-Sideba-ef241-sponsive-behavior-on-mobile-firefox-admin-retry1/trace.zip

    ────────────────────────────────────────────────────────────────────────────────────────────────
]]>
</failure>
<system-out>
<![CDATA[
[[ATTACHMENT|../tests/results/dashboard-Dashboard-Sideba-ef241-sponsive-behavior-on-mobile-firefox-admin/test-failed-1.png]]

[[ATTACHMENT|../tests/results/dashboard-Dashboard-Sideba-ef241-sponsive-behavior-on-mobile-firefox-admin/video.webm]]

[[ATTACHMENT|../tests/results/dashboard-Dashboard-Sideba-ef241-sponsive-behavior-on-mobile-firefox-admin/error-context.md]]

[[ATTACHMENT|../tests/results/dashboard-Dashboard-Sideba-ef241-sponsive-behavior-on-mobile-firefox-admin-retry1/test-failed-1.png]]

[[ATTACHMENT|../tests/results/dashboard-Dashboard-Sideba-ef241-sponsive-behavior-on-mobile-firefox-admin-retry1/video.webm]]

[[ATTACHMENT|../tests/results/dashboard-Dashboard-Sideba-ef241-sponsive-behavior-on-mobile-firefox-admin-retry1/error-context.md]]

[[ATTACHMENT|../tests/results/dashboard-Dashboard-Sideba-ef241-sponsive-behavior-on-mobile-firefox-admin-retry1/trace.zip]]
]]>
</system-out>
</testcase>
<testcase name="Dashboard Sidebar Navigation (DASH-002) › should display user information in sidebar" classname="dashboard.spec.ts" time="2.4">
<failure message="dashboard.spec.ts:303:7 should display user information in sidebar" type="FAILURE">
<![CDATA[  [firefox-admin] › dashboard.spec.ts:303:7 › Dashboard Sidebar Navigation (DASH-002) › should display user information in sidebar 

    Error: page.goto: NS_ERROR_CONNECTION_REFUSED
    Call log:
      - navigating to "http://localhost:3005/admin", waiting until "load"


      302 |
      303 |   test('should display user information in sidebar', async ({ page }) => {
    > 304 |     await page.goto('/admin');
          |                ^
      305 |     await page.waitForLoadState('networkidle');
      306 |
      307 |     // Verify user information is displayed (using more specific selectors)
        at /Users/lukatenbosch/Downloads/heiwahouse/wavecampdashboard/tests/dashboard.spec.ts:304:16

    attachment #1: screenshot (image/png) ──────────────────────────────────────────────────────────
    results/dashboard-Dashboard-Sideba-fc12d-user-information-in-sidebar-firefox-admin/test-failed-1.png
    ────────────────────────────────────────────────────────────────────────────────────────────────

    attachment #2: video (video/webm) ──────────────────────────────────────────────────────────────
    results/dashboard-Dashboard-Sideba-fc12d-user-information-in-sidebar-firefox-admin/video.webm
    ────────────────────────────────────────────────────────────────────────────────────────────────

    Error Context: results/dashboard-Dashboard-Sideba-fc12d-user-information-in-sidebar-firefox-admin/error-context.md

    Retry #1 ───────────────────────────────────────────────────────────────────────────────────────

    Error: page.goto: NS_ERROR_CONNECTION_REFUSED
    Call log:
      - navigating to "http://localhost:3005/admin", waiting until "load"


      302 |
      303 |   test('should display user information in sidebar', async ({ page }) => {
    > 304 |     await page.goto('/admin');
          |                ^
      305 |     await page.waitForLoadState('networkidle');
      306 |
      307 |     // Verify user information is displayed (using more specific selectors)
        at /Users/lukatenbosch/Downloads/heiwahouse/wavecampdashboard/tests/dashboard.spec.ts:304:16

    attachment #1: screenshot (image/png) ──────────────────────────────────────────────────────────
    results/dashboard-Dashboard-Sideba-fc12d-user-information-in-sidebar-firefox-admin-retry1/test-failed-1.png
    ────────────────────────────────────────────────────────────────────────────────────────────────

    attachment #2: video (video/webm) ──────────────────────────────────────────────────────────────
    results/dashboard-Dashboard-Sideba-fc12d-user-information-in-sidebar-firefox-admin-retry1/video.webm
    ────────────────────────────────────────────────────────────────────────────────────────────────

    Error Context: results/dashboard-Dashboard-Sideba-fc12d-user-information-in-sidebar-firefox-admin-retry1/error-context.md

    attachment #4: trace (application/zip) ─────────────────────────────────────────────────────────
    results/dashboard-Dashboard-Sideba-fc12d-user-information-in-sidebar-firefox-admin-retry1/trace.zip
    Usage:

        npx playwright show-trace results/dashboard-Dashboard-Sideba-fc12d-user-information-in-sidebar-firefox-admin-retry1/trace.zip

    ────────────────────────────────────────────────────────────────────────────────────────────────
]]>
</failure>
<system-out>
<![CDATA[
[[ATTACHMENT|../tests/results/dashboard-Dashboard-Sideba-fc12d-user-information-in-sidebar-firefox-admin/test-failed-1.png]]

[[ATTACHMENT|../tests/results/dashboard-Dashboard-Sideba-fc12d-user-information-in-sidebar-firefox-admin/video.webm]]

[[ATTACHMENT|../tests/results/dashboard-Dashboard-Sideba-fc12d-user-information-in-sidebar-firefox-admin/error-context.md]]

[[ATTACHMENT|../tests/results/dashboard-Dashboard-Sideba-fc12d-user-information-in-sidebar-firefox-admin-retry1/test-failed-1.png]]

[[ATTACHMENT|../tests/results/dashboard-Dashboard-Sideba-fc12d-user-information-in-sidebar-firefox-admin-retry1/video.webm]]

[[ATTACHMENT|../tests/results/dashboard-Dashboard-Sideba-fc12d-user-information-in-sidebar-firefox-admin-retry1/error-context.md]]

[[ATTACHMENT|../tests/results/dashboard-Dashboard-Sideba-fc12d-user-information-in-sidebar-firefox-admin-retry1/trace.zip]]
]]>
</system-out>
</testcase>
<testcase name="Dashboard Sidebar Navigation (DASH-002) › should handle sidebar icons and tooltips" classname="dashboard.spec.ts" time="2.649">
<failure message="dashboard.spec.ts:312:7 should handle sidebar icons and tooltips" type="FAILURE">
<![CDATA[  [firefox-admin] › dashboard.spec.ts:312:7 › Dashboard Sidebar Navigation (DASH-002) › should handle sidebar icons and tooltips 

    Error: page.goto: NS_ERROR_CONNECTION_REFUSED
    Call log:
      - navigating to "http://localhost:3005/admin", waiting until "load"


      311 |
      312 |   test('should handle sidebar icons and tooltips', async ({ page }) => {
    > 313 |     await page.goto('/admin');
          |                ^
      314 |     await page.waitForLoadState('networkidle');
      315 |
      316 |     // Collapse sidebar to test icon-only mode
        at /Users/lukatenbosch/Downloads/heiwahouse/wavecampdashboard/tests/dashboard.spec.ts:313:16

    attachment #1: screenshot (image/png) ──────────────────────────────────────────────────────────
    results/dashboard-Dashboard-Sideba-c1d40--sidebar-icons-and-tooltips-firefox-admin/test-failed-1.png
    ────────────────────────────────────────────────────────────────────────────────────────────────

    attachment #2: video (video/webm) ──────────────────────────────────────────────────────────────
    results/dashboard-Dashboard-Sideba-c1d40--sidebar-icons-and-tooltips-firefox-admin/video.webm
    ────────────────────────────────────────────────────────────────────────────────────────────────

    Error Context: results/dashboard-Dashboard-Sideba-c1d40--sidebar-icons-and-tooltips-firefox-admin/error-context.md

    Retry #1 ───────────────────────────────────────────────────────────────────────────────────────

    Error: page.goto: NS_ERROR_CONNECTION_REFUSED
    Call log:
      - navigating to "http://localhost:3005/admin", waiting until "load"


      311 |
      312 |   test('should handle sidebar icons and tooltips', async ({ page }) => {
    > 313 |     await page.goto('/admin');
          |                ^
      314 |     await page.waitForLoadState('networkidle');
      315 |
      316 |     // Collapse sidebar to test icon-only mode
        at /Users/lukatenbosch/Downloads/heiwahouse/wavecampdashboard/tests/dashboard.spec.ts:313:16

    attachment #1: screenshot (image/png) ──────────────────────────────────────────────────────────
    results/dashboard-Dashboard-Sideba-c1d40--sidebar-icons-and-tooltips-firefox-admin-retry1/test-failed-1.png
    ────────────────────────────────────────────────────────────────────────────────────────────────

    attachment #2: video (video/webm) ──────────────────────────────────────────────────────────────
    results/dashboard-Dashboard-Sideba-c1d40--sidebar-icons-and-tooltips-firefox-admin-retry1/video.webm
    ────────────────────────────────────────────────────────────────────────────────────────────────

    Error Context: results/dashboard-Dashboard-Sideba-c1d40--sidebar-icons-and-tooltips-firefox-admin-retry1/error-context.md

    attachment #4: trace (application/zip) ─────────────────────────────────────────────────────────
    results/dashboard-Dashboard-Sideba-c1d40--sidebar-icons-and-tooltips-firefox-admin-retry1/trace.zip
    Usage:

        npx playwright show-trace results/dashboard-Dashboard-Sideba-c1d40--sidebar-icons-and-tooltips-firefox-admin-retry1/trace.zip

    ────────────────────────────────────────────────────────────────────────────────────────────────
]]>
</failure>
<system-out>
<![CDATA[
[[ATTACHMENT|../tests/results/dashboard-Dashboard-Sideba-c1d40--sidebar-icons-and-tooltips-firefox-admin/test-failed-1.png]]

[[ATTACHMENT|../tests/results/dashboard-Dashboard-Sideba-c1d40--sidebar-icons-and-tooltips-firefox-admin/video.webm]]

[[ATTACHMENT|../tests/results/dashboard-Dashboard-Sideba-c1d40--sidebar-icons-and-tooltips-firefox-admin/error-context.md]]

[[ATTACHMENT|../tests/results/dashboard-Dashboard-Sideba-c1d40--sidebar-icons-and-tooltips-firefox-admin-retry1/test-failed-1.png]]

[[ATTACHMENT|../tests/results/dashboard-Dashboard-Sideba-c1d40--sidebar-icons-and-tooltips-firefox-admin-retry1/video.webm]]

[[ATTACHMENT|../tests/results/dashboard-Dashboard-Sideba-c1d40--sidebar-icons-and-tooltips-firefox-admin-retry1/error-context.md]]

[[ATTACHMENT|../tests/results/dashboard-Dashboard-Sideba-c1d40--sidebar-icons-and-tooltips-firefox-admin-retry1/trace.zip]]
]]>
</system-out>
</testcase>
<testcase name="Dashboard Sidebar Navigation (DASH-002) › should handle keyboard navigation" classname="dashboard.spec.ts" time="2.489">
<failure message="dashboard.spec.ts:337:7 should handle keyboard navigation" type="FAILURE">
<![CDATA[  [firefox-admin] › dashboard.spec.ts:337:7 › Dashboard Sidebar Navigation (DASH-002) › should handle keyboard navigation 

    Error: page.goto: NS_ERROR_CONNECTION_REFUSED
    Call log:
      - navigating to "http://localhost:3005/admin", waiting until "load"


      336 |
      337 |   test('should handle keyboard navigation', async ({ page }) => {
    > 338 |     await page.goto('/admin');
          |                ^
      339 |     await page.waitForLoadState('networkidle');
      340 |
      341 |     // Focus on first navigation item
        at /Users/lukatenbosch/Downloads/heiwahouse/wavecampdashboard/tests/dashboard.spec.ts:338:16

    attachment #1: screenshot (image/png) ──────────────────────────────────────────────────────────
    results/dashboard-Dashboard-Sideba-7339a--handle-keyboard-navigation-firefox-admin/test-failed-1.png
    ────────────────────────────────────────────────────────────────────────────────────────────────

    attachment #2: video (video/webm) ──────────────────────────────────────────────────────────────
    results/dashboard-Dashboard-Sideba-7339a--handle-keyboard-navigation-firefox-admin/video.webm
    ────────────────────────────────────────────────────────────────────────────────────────────────

    Error Context: results/dashboard-Dashboard-Sideba-7339a--handle-keyboard-navigation-firefox-admin/error-context.md

    Retry #1 ───────────────────────────────────────────────────────────────────────────────────────

    Error: page.goto: NS_ERROR_CONNECTION_REFUSED
    Call log:
      - navigating to "http://localhost:3005/admin", waiting until "load"


      336 |
      337 |   test('should handle keyboard navigation', async ({ page }) => {
    > 338 |     await page.goto('/admin');
          |                ^
      339 |     await page.waitForLoadState('networkidle');
      340 |
      341 |     // Focus on first navigation item
        at /Users/lukatenbosch/Downloads/heiwahouse/wavecampdashboard/tests/dashboard.spec.ts:338:16

    attachment #1: screenshot (image/png) ──────────────────────────────────────────────────────────
    results/dashboard-Dashboard-Sideba-7339a--handle-keyboard-navigation-firefox-admin-retry1/test-failed-1.png
    ────────────────────────────────────────────────────────────────────────────────────────────────

    attachment #2: video (video/webm) ──────────────────────────────────────────────────────────────
    results/dashboard-Dashboard-Sideba-7339a--handle-keyboard-navigation-firefox-admin-retry1/video.webm
    ────────────────────────────────────────────────────────────────────────────────────────────────

    Error Context: results/dashboard-Dashboard-Sideba-7339a--handle-keyboard-navigation-firefox-admin-retry1/error-context.md

    attachment #4: trace (application/zip) ─────────────────────────────────────────────────────────
    results/dashboard-Dashboard-Sideba-7339a--handle-keyboard-navigation-firefox-admin-retry1/trace.zip
    Usage:

        npx playwright show-trace results/dashboard-Dashboard-Sideba-7339a--handle-keyboard-navigation-firefox-admin-retry1/trace.zip

    ────────────────────────────────────────────────────────────────────────────────────────────────
]]>
</failure>
<system-out>
<![CDATA[
[[ATTACHMENT|../tests/results/dashboard-Dashboard-Sideba-7339a--handle-keyboard-navigation-firefox-admin/test-failed-1.png]]

[[ATTACHMENT|../tests/results/dashboard-Dashboard-Sideba-7339a--handle-keyboard-navigation-firefox-admin/video.webm]]

[[ATTACHMENT|../tests/results/dashboard-Dashboard-Sideba-7339a--handle-keyboard-navigation-firefox-admin/error-context.md]]

[[ATTACHMENT|../tests/results/dashboard-Dashboard-Sideba-7339a--handle-keyboard-navigation-firefox-admin-retry1/test-failed-1.png]]

[[ATTACHMENT|../tests/results/dashboard-Dashboard-Sideba-7339a--handle-keyboard-navigation-firefox-admin-retry1/video.webm]]

[[ATTACHMENT|../tests/results/dashboard-Dashboard-Sideba-7339a--handle-keyboard-navigation-firefox-admin-retry1/error-context.md]]

[[ATTACHMENT|../tests/results/dashboard-Dashboard-Sideba-7339a--handle-keyboard-navigation-firefox-admin-retry1/trace.zip]]
]]>
</system-out>
</testcase>
<testcase name="Dashboard Sidebar Navigation (DASH-002) › should prevent content overlap when sidebar is expanded" classname="dashboard.spec.ts" time="2.961">
<failure message="dashboard.spec.ts:357:7 should prevent content overlap when sidebar is expanded" type="FAILURE">
<![CDATA[  [firefox-admin] › dashboard.spec.ts:357:7 › Dashboard Sidebar Navigation (DASH-002) › should prevent content overlap when sidebar is expanded 

    Error: page.goto: NS_ERROR_CONNECTION_REFUSED
    Call log:
      - navigating to "http://localhost:3005/admin", waiting until "load"


      356 |
      357 |   test('should prevent content overlap when sidebar is expanded', async ({ page }) => {
    > 358 |     await page.goto('/admin');
          |                ^
      359 |     await page.waitForLoadState('networkidle');
      360 |
      361 |     // Get main content area
        at /Users/lukatenbosch/Downloads/heiwahouse/wavecampdashboard/tests/dashboard.spec.ts:358:16

    attachment #1: screenshot (image/png) ──────────────────────────────────────────────────────────
    results/dashboard-Dashboard-Sideba-54beb-ap-when-sidebar-is-expanded-firefox-admin/test-failed-1.png
    ────────────────────────────────────────────────────────────────────────────────────────────────

    attachment #2: video (video/webm) ──────────────────────────────────────────────────────────────
    results/dashboard-Dashboard-Sideba-54beb-ap-when-sidebar-is-expanded-firefox-admin/video.webm
    ────────────────────────────────────────────────────────────────────────────────────────────────

    Error Context: results/dashboard-Dashboard-Sideba-54beb-ap-when-sidebar-is-expanded-firefox-admin/error-context.md

    Retry #1 ───────────────────────────────────────────────────────────────────────────────────────

    Error: page.goto: NS_ERROR_CONNECTION_REFUSED
    Call log:
      - navigating to "http://localhost:3005/admin", waiting until "load"


      356 |
      357 |   test('should prevent content overlap when sidebar is expanded', async ({ page }) => {
    > 358 |     await page.goto('/admin');
          |                ^
      359 |     await page.waitForLoadState('networkidle');
      360 |
      361 |     // Get main content area
        at /Users/lukatenbosch/Downloads/heiwahouse/wavecampdashboard/tests/dashboard.spec.ts:358:16

    attachment #1: screenshot (image/png) ──────────────────────────────────────────────────────────
    results/dashboard-Dashboard-Sideba-54beb-ap-when-sidebar-is-expanded-firefox-admin-retry1/test-failed-1.png
    ────────────────────────────────────────────────────────────────────────────────────────────────

    attachment #2: video (video/webm) ──────────────────────────────────────────────────────────────
    results/dashboard-Dashboard-Sideba-54beb-ap-when-sidebar-is-expanded-firefox-admin-retry1/video.webm
    ────────────────────────────────────────────────────────────────────────────────────────────────

    Error Context: results/dashboard-Dashboard-Sideba-54beb-ap-when-sidebar-is-expanded-firefox-admin-retry1/error-context.md

    attachment #4: trace (application/zip) ─────────────────────────────────────────────────────────
    results/dashboard-Dashboard-Sideba-54beb-ap-when-sidebar-is-expanded-firefox-admin-retry1/trace.zip
    Usage:

        npx playwright show-trace results/dashboard-Dashboard-Sideba-54beb-ap-when-sidebar-is-expanded-firefox-admin-retry1/trace.zip

    ────────────────────────────────────────────────────────────────────────────────────────────────
]]>
</failure>
<system-out>
<![CDATA[
[[ATTACHMENT|../tests/results/dashboard-Dashboard-Sideba-54beb-ap-when-sidebar-is-expanded-firefox-admin/test-failed-1.png]]

[[ATTACHMENT|../tests/results/dashboard-Dashboard-Sideba-54beb-ap-when-sidebar-is-expanded-firefox-admin/video.webm]]

[[ATTACHMENT|../tests/results/dashboard-Dashboard-Sideba-54beb-ap-when-sidebar-is-expanded-firefox-admin/error-context.md]]

[[ATTACHMENT|../tests/results/dashboard-Dashboard-Sideba-54beb-ap-when-sidebar-is-expanded-firefox-admin-retry1/test-failed-1.png]]

[[ATTACHMENT|../tests/results/dashboard-Dashboard-Sideba-54beb-ap-when-sidebar-is-expanded-firefox-admin-retry1/video.webm]]

[[ATTACHMENT|../tests/results/dashboard-Dashboard-Sideba-54beb-ap-when-sidebar-is-expanded-firefox-admin-retry1/error-context.md]]

[[ATTACHMENT|../tests/results/dashboard-Dashboard-Sideba-54beb-ap-when-sidebar-is-expanded-firefox-admin-retry1/trace.zip]]
]]>
</system-out>
</testcase>
<testcase name="Dashboard Sidebar Navigation (DASH-002) › should handle logout functionality from sidebar" classname="dashboard.spec.ts" time="3.849">
<failure message="dashboard.spec.ts:387:7 should handle logout functionality from sidebar" type="FAILURE">
<![CDATA[  [firefox-admin] › dashboard.spec.ts:387:7 › Dashboard Sidebar Navigation (DASH-002) › should handle logout functionality from sidebar 

    Error: page.goto: NS_ERROR_CONNECTION_REFUSED
    Call log:
      - navigating to "http://localhost:3005/admin", waiting until "load"


      386 |
      387 |   test('should handle logout functionality from sidebar', async ({ page }) => {
    > 388 |     await page.goto('/admin');
          |                ^
      389 |     await page.waitForLoadState('networkidle');
      390 |
      391 |     // Look for logout button in sidebar using data-testid
        at /Users/lukatenbosch/Downloads/heiwahouse/wavecampdashboard/tests/dashboard.spec.ts:388:16

    attachment #1: screenshot (image/png) ──────────────────────────────────────────────────────────
    results/dashboard-Dashboard-Sideba-b4905--functionality-from-sidebar-firefox-admin/test-failed-1.png
    ────────────────────────────────────────────────────────────────────────────────────────────────

    attachment #2: video (video/webm) ──────────────────────────────────────────────────────────────
    results/dashboard-Dashboard-Sideba-b4905--functionality-from-sidebar-firefox-admin/video.webm
    ────────────────────────────────────────────────────────────────────────────────────────────────

    Error Context: results/dashboard-Dashboard-Sideba-b4905--functionality-from-sidebar-firefox-admin/error-context.md

    Retry #1 ───────────────────────────────────────────────────────────────────────────────────────

    Error: page.goto: NS_ERROR_CONNECTION_REFUSED
    Call log:
      - navigating to "http://localhost:3005/admin", waiting until "load"


      386 |
      387 |   test('should handle logout functionality from sidebar', async ({ page }) => {
    > 388 |     await page.goto('/admin');
          |                ^
      389 |     await page.waitForLoadState('networkidle');
      390 |
      391 |     // Look for logout button in sidebar using data-testid
        at /Users/lukatenbosch/Downloads/heiwahouse/wavecampdashboard/tests/dashboard.spec.ts:388:16

    attachment #1: screenshot (image/png) ──────────────────────────────────────────────────────────
    results/dashboard-Dashboard-Sideba-b4905--functionality-from-sidebar-firefox-admin-retry1/test-failed-1.png
    ────────────────────────────────────────────────────────────────────────────────────────────────

    attachment #2: video (video/webm) ──────────────────────────────────────────────────────────────
    results/dashboard-Dashboard-Sideba-b4905--functionality-from-sidebar-firefox-admin-retry1/video.webm
    ────────────────────────────────────────────────────────────────────────────────────────────────

    Error Context: results/dashboard-Dashboard-Sideba-b4905--functionality-from-sidebar-firefox-admin-retry1/error-context.md

    attachment #4: trace (application/zip) ─────────────────────────────────────────────────────────
    results/dashboard-Dashboard-Sideba-b4905--functionality-from-sidebar-firefox-admin-retry1/trace.zip
    Usage:

        npx playwright show-trace results/dashboard-Dashboard-Sideba-b4905--functionality-from-sidebar-firefox-admin-retry1/trace.zip

    ────────────────────────────────────────────────────────────────────────────────────────────────
]]>
</failure>
<system-out>
<![CDATA[
[[ATTACHMENT|../tests/results/dashboard-Dashboard-Sideba-b4905--functionality-from-sidebar-firefox-admin/test-failed-1.png]]

[[ATTACHMENT|../tests/results/dashboard-Dashboard-Sideba-b4905--functionality-from-sidebar-firefox-admin/video.webm]]

[[ATTACHMENT|../tests/results/dashboard-Dashboard-Sideba-b4905--functionality-from-sidebar-firefox-admin/error-context.md]]

[[ATTACHMENT|../tests/results/dashboard-Dashboard-Sideba-b4905--functionality-from-sidebar-firefox-admin-retry1/test-failed-1.png]]

[[ATTACHMENT|../tests/results/dashboard-Dashboard-Sideba-b4905--functionality-from-sidebar-firefox-admin-retry1/video.webm]]

[[ATTACHMENT|../tests/results/dashboard-Dashboard-Sideba-b4905--functionality-from-sidebar-firefox-admin-retry1/error-context.md]]

[[ATTACHMENT|../tests/results/dashboard-Dashboard-Sideba-b4905--functionality-from-sidebar-firefox-admin-retry1/trace.zip]]
]]>
</system-out>
</testcase>
<testcase name="Dashboard Sidebar Navigation (DASH-002) › should take snapshots for visual regression" classname="dashboard.spec.ts" time="3.187">
<failure message="dashboard.spec.ts:417:7 should take snapshots for visual regression" type="FAILURE">
<![CDATA[  [firefox-admin] › dashboard.spec.ts:417:7 › Dashboard Sidebar Navigation (DASH-002) › should take snapshots for visual regression 

    Error: page.goto: NS_ERROR_CONNECTION_REFUSED
    Call log:
      - navigating to "http://localhost:3005/admin", waiting until "load"


      416 |
      417 |   test('should take snapshots for visual regression', async ({ page }) => {
    > 418 |     await page.goto('/admin');
          |                ^
      419 |     await page.waitForLoadState('networkidle');
      420 |     await page.waitForTimeout(1000);
      421 |
        at /Users/lukatenbosch/Downloads/heiwahouse/wavecampdashboard/tests/dashboard.spec.ts:418:16

    attachment #1: screenshot (image/png) ──────────────────────────────────────────────────────────
    results/dashboard-Dashboard-Sideba-49b1d-shots-for-visual-regression-firefox-admin/test-failed-1.png
    ────────────────────────────────────────────────────────────────────────────────────────────────

    attachment #2: video (video/webm) ──────────────────────────────────────────────────────────────
    results/dashboard-Dashboard-Sideba-49b1d-shots-for-visual-regression-firefox-admin/video.webm
    ────────────────────────────────────────────────────────────────────────────────────────────────

    Error Context: results/dashboard-Dashboard-Sideba-49b1d-shots-for-visual-regression-firefox-admin/error-context.md

    Retry #1 ───────────────────────────────────────────────────────────────────────────────────────

    Error: page.goto: NS_ERROR_CONNECTION_REFUSED
    Call log:
      - navigating to "http://localhost:3005/admin", waiting until "load"


      416 |
      417 |   test('should take snapshots for visual regression', async ({ page }) => {
    > 418 |     await page.goto('/admin');
          |                ^
      419 |     await page.waitForLoadState('networkidle');
      420 |     await page.waitForTimeout(1000);
      421 |
        at /Users/lukatenbosch/Downloads/heiwahouse/wavecampdashboard/tests/dashboard.spec.ts:418:16

    attachment #1: screenshot (image/png) ──────────────────────────────────────────────────────────
    results/dashboard-Dashboard-Sideba-49b1d-shots-for-visual-regression-firefox-admin-retry1/test-failed-1.png
    ────────────────────────────────────────────────────────────────────────────────────────────────

    attachment #2: video (video/webm) ──────────────────────────────────────────────────────────────
    results/dashboard-Dashboard-Sideba-49b1d-shots-for-visual-regression-firefox-admin-retry1/video.webm
    ────────────────────────────────────────────────────────────────────────────────────────────────

    Error Context: results/dashboard-Dashboard-Sideba-49b1d-shots-for-visual-regression-firefox-admin-retry1/error-context.md

    attachment #4: trace (application/zip) ─────────────────────────────────────────────────────────
    results/dashboard-Dashboard-Sideba-49b1d-shots-for-visual-regression-firefox-admin-retry1/trace.zip
    Usage:

        npx playwright show-trace results/dashboard-Dashboard-Sideba-49b1d-shots-for-visual-regression-firefox-admin-retry1/trace.zip

    ────────────────────────────────────────────────────────────────────────────────────────────────
]]>
</failure>
<system-out>
<![CDATA[
[[ATTACHMENT|../tests/results/dashboard-Dashboard-Sideba-49b1d-shots-for-visual-regression-firefox-admin/test-failed-1.png]]

[[ATTACHMENT|../tests/results/dashboard-Dashboard-Sideba-49b1d-shots-for-visual-regression-firefox-admin/video.webm]]

[[ATTACHMENT|../tests/results/dashboard-Dashboard-Sideba-49b1d-shots-for-visual-regression-firefox-admin/error-context.md]]

[[ATTACHMENT|../tests/results/dashboard-Dashboard-Sideba-49b1d-shots-for-visual-regression-firefox-admin-retry1/test-failed-1.png]]

[[ATTACHMENT|../tests/results/dashboard-Dashboard-Sideba-49b1d-shots-for-visual-regression-firefox-admin-retry1/video.webm]]

[[ATTACHMENT|../tests/results/dashboard-Dashboard-Sideba-49b1d-shots-for-visual-regression-firefox-admin-retry1/error-context.md]]

[[ATTACHMENT|../tests/results/dashboard-Dashboard-Sideba-49b1d-shots-for-visual-regression-firefox-admin-retry1/trace.zip]]
]]>
</system-out>
</testcase>
</testsuite>
<testsuite name="wordpress-integration.spec.ts" timestamp="2025-09-17T23:26:21.514Z" hostname="wordpress-integration" tests="17" failures="0" skipped="17" time="0" errors="0">
<testcase name="WordPress Widget Integration › Plugin Installation and Configuration › should install Heiwa booking widget plugin successfully" classname="wordpress-integration.spec.ts" time="0">
<skipped>
</skipped>
</testcase>
<testcase name="WordPress Widget Integration › Plugin Installation and Configuration › should configure widget settings correctly" classname="wordpress-integration.spec.ts" time="0">
<skipped>
</skipped>
</testcase>
<testcase name="WordPress Widget Integration › Plugin Installation and Configuration › should display widget shortcode documentation" classname="wordpress-integration.spec.ts" time="0">
<skipped>
</skipped>
</testcase>
<testcase name="WordPress Widget Integration › Widget Functionality › should render booking widget on WordPress page" classname="wordpress-integration.spec.ts" time="0">
<skipped>
</skipped>
</testcase>
<testcase name="WordPress Widget Integration › Widget Functionality › should complete surf week booking flow" classname="wordpress-integration.spec.ts" time="0">
<skipped>
</skipped>
</testcase>
<testcase name="WordPress Widget Integration › Widget Functionality › should handle room booking flow" classname="wordpress-integration.spec.ts" time="0">
<skipped>
</skipped>
</testcase>
<testcase name="WordPress Widget Integration › Widget Functionality › should validate form inputs correctly" classname="wordpress-integration.spec.ts" time="0">
<skipped>
</skipped>
</testcase>
<testcase name="WordPress Widget Integration › Widget Functionality › should handle payment errors gracefully" classname="wordpress-integration.spec.ts" time="0">
<skipped>
</skipped>
</testcase>
<testcase name="WordPress Widget Integration › Widget Parity Testing › should match React widget functionality" classname="wordpress-integration.spec.ts" time="0">
<skipped>
</skipped>
</testcase>
<testcase name="WordPress Widget Integration › Widget Parity Testing › should have visual parity with React widget" classname="wordpress-integration.spec.ts" time="0">
<skipped>
</skipped>
</testcase>
<testcase name="WordPress Widget Integration › Widget Parity Testing › should maintain consistent pricing calculations" classname="wordpress-integration.spec.ts" time="0">
<skipped>
</skipped>
</testcase>
<testcase name="WordPress Widget Integration › Performance and Accessibility › should load widget within performance thresholds" classname="wordpress-integration.spec.ts" time="0">
<skipped>
</skipped>
</testcase>
<testcase name="WordPress Widget Integration › Performance and Accessibility › should be accessible to screen readers" classname="wordpress-integration.spec.ts" time="0">
<skipped>
</skipped>
</testcase>
<testcase name="WordPress Widget Integration › Performance and Accessibility › should support keyboard navigation" classname="wordpress-integration.spec.ts" time="0">
<skipped>
</skipped>
</testcase>
<testcase name="WordPress Widget Integration › Error Handling and Edge Cases › should handle network connectivity issues" classname="wordpress-integration.spec.ts" time="0">
<skipped>
</skipped>
</testcase>
<testcase name="WordPress Widget Integration › Error Handling and Edge Cases › should handle invalid date selections" classname="wordpress-integration.spec.ts" time="0">
<skipped>
</skipped>
</testcase>
<testcase name="WordPress Widget Integration › Error Handling and Edge Cases › should handle capacity constraints" classname="wordpress-integration.spec.ts" time="0">
<skipped>
</skipped>
</testcase>
</testsuite>
<testsuite name="booking-flow.spec.ts" timestamp="2025-09-17T23:26:21.514Z" hostname="mobile-chrome" tests="10" failures="10" skipped="0" time="6.533" errors="0">
<testcase name="Public Booking Flow (BOOKING-FLOW-001) › should render booking flow without timeouts" classname="booking-flow.spec.ts" time="0.581">
<failure message="booking-flow.spec.ts:4:7 should render booking flow without timeouts" type="FAILURE">
<![CDATA[  [mobile-chrome] › booking-flow.spec.ts:4:7 › Public Booking Flow (BOOKING-FLOW-001) › should render booking flow without timeouts 

    Error: page.goto: net::ERR_CONNECTION_REFUSED at http://localhost:3005/book
    Call log:
      - navigating to "http://localhost:3005/book", waiting until "load"


      4 |   test('should render booking flow without timeouts', async ({ page }) => {
      5 |     // Navigate to booking page
    > 6 |     await page.goto('/book');
        |                ^
      7 |     await page.waitForLoadState('networkidle');
      8 |
      9 |     // Verify page loads without timeout
        at /Users/lukatenbosch/Downloads/heiwahouse/wavecampdashboard/tests/booking-flow.spec.ts:6:16

    attachment #1: screenshot (image/png) ──────────────────────────────────────────────────────────
    results/booking-flow-Public-Bookin-15b64-oking-flow-without-timeouts-mobile-chrome/test-failed-1.png
    ────────────────────────────────────────────────────────────────────────────────────────────────

    attachment #2: video (video/webm) ──────────────────────────────────────────────────────────────
    results/booking-flow-Public-Bookin-15b64-oking-flow-without-timeouts-mobile-chrome/video.webm
    ────────────────────────────────────────────────────────────────────────────────────────────────

    Retry #1 ───────────────────────────────────────────────────────────────────────────────────────

    Error: page.goto: net::ERR_CONNECTION_REFUSED at http://localhost:3005/book
    Call log:
      - navigating to "http://localhost:3005/book", waiting until "load"


      4 |   test('should render booking flow without timeouts', async ({ page }) => {
      5 |     // Navigate to booking page
    > 6 |     await page.goto('/book');
        |                ^
      7 |     await page.waitForLoadState('networkidle');
      8 |
      9 |     // Verify page loads without timeout
        at /Users/lukatenbosch/Downloads/heiwahouse/wavecampdashboard/tests/booking-flow.spec.ts:6:16

    attachment #1: screenshot (image/png) ──────────────────────────────────────────────────────────
    results/booking-flow-Public-Bookin-15b64-oking-flow-without-timeouts-mobile-chrome-retry1/test-failed-1.png
    ────────────────────────────────────────────────────────────────────────────────────────────────

    attachment #2: video (video/webm) ──────────────────────────────────────────────────────────────
    results/booking-flow-Public-Bookin-15b64-oking-flow-without-timeouts-mobile-chrome-retry1/video.webm
    ────────────────────────────────────────────────────────────────────────────────────────────────

    attachment #3: trace (application/zip) ─────────────────────────────────────────────────────────
    results/booking-flow-Public-Bookin-15b64-oking-flow-without-timeouts-mobile-chrome-retry1/trace.zip
    Usage:

        npx playwright show-trace results/booking-flow-Public-Bookin-15b64-oking-flow-without-timeouts-mobile-chrome-retry1/trace.zip

    ────────────────────────────────────────────────────────────────────────────────────────────────
]]>
</failure>
<system-out>
<![CDATA[
[[ATTACHMENT|../tests/results/booking-flow-Public-Bookin-15b64-oking-flow-without-timeouts-mobile-chrome/test-failed-1.png]]

[[ATTACHMENT|../tests/results/booking-flow-Public-Bookin-15b64-oking-flow-without-timeouts-mobile-chrome/video.webm]]

[[ATTACHMENT|../tests/results/booking-flow-Public-Bookin-15b64-oking-flow-without-timeouts-mobile-chrome-retry1/test-failed-1.png]]

[[ATTACHMENT|../tests/results/booking-flow-Public-Bookin-15b64-oking-flow-without-timeouts-mobile-chrome-retry1/video.webm]]

[[ATTACHMENT|../tests/results/booking-flow-Public-Bookin-15b64-oking-flow-without-timeouts-mobile-chrome-retry1/trace.zip]]
]]>
</system-out>
</testcase>
<testcase name="Public Booking Flow (BOOKING-FLOW-001) › should navigate through all 5 steps correctly" classname="booking-flow.spec.ts" time="0.883">
<failure message="booking-flow.spec.ts:23:7 should navigate through all 5 steps correctly" type="FAILURE">
<![CDATA[  [mobile-chrome] › booking-flow.spec.ts:23:7 › Public Booking Flow (BOOKING-FLOW-001) › should navigate through all 5 steps correctly 

    Error: page.goto: net::ERR_CONNECTION_REFUSED at http://localhost:3005/book
    Call log:
      - navigating to "http://localhost:3005/book", waiting until "load"


      22 |
      23 |   test('should navigate through all 5 steps correctly', async ({ page }) => {
    > 24 |     await page.goto('/book');
         |                ^
      25 |     await page.waitForLoadState('networkidle');
      26 |
      27 |     // Step 1: Select a camp
        at /Users/lukatenbosch/Downloads/heiwahouse/wavecampdashboard/tests/booking-flow.spec.ts:24:16

    attachment #1: screenshot (image/png) ──────────────────────────────────────────────────────────
    results/booking-flow-Public-Bookin-84306-rough-all-5-steps-correctly-mobile-chrome/test-failed-1.png
    ────────────────────────────────────────────────────────────────────────────────────────────────

    attachment #2: video (video/webm) ──────────────────────────────────────────────────────────────
    results/booking-flow-Public-Bookin-84306-rough-all-5-steps-correctly-mobile-chrome/video.webm
    ────────────────────────────────────────────────────────────────────────────────────────────────

    Retry #1 ───────────────────────────────────────────────────────────────────────────────────────

    Error: page.goto: net::ERR_CONNECTION_REFUSED at http://localhost:3005/book
    Call log:
      - navigating to "http://localhost:3005/book", waiting until "load"


      22 |
      23 |   test('should navigate through all 5 steps correctly', async ({ page }) => {
    > 24 |     await page.goto('/book');
         |                ^
      25 |     await page.waitForLoadState('networkidle');
      26 |
      27 |     // Step 1: Select a camp
        at /Users/lukatenbosch/Downloads/heiwahouse/wavecampdashboard/tests/booking-flow.spec.ts:24:16

    attachment #1: screenshot (image/png) ──────────────────────────────────────────────────────────
    results/booking-flow-Public-Bookin-84306-rough-all-5-steps-correctly-mobile-chrome-retry1/test-failed-1.png
    ────────────────────────────────────────────────────────────────────────────────────────────────

    attachment #2: video (video/webm) ──────────────────────────────────────────────────────────────
    results/booking-flow-Public-Bookin-84306-rough-all-5-steps-correctly-mobile-chrome-retry1/video.webm
    ────────────────────────────────────────────────────────────────────────────────────────────────

    attachment #3: trace (application/zip) ─────────────────────────────────────────────────────────
    results/booking-flow-Public-Bookin-84306-rough-all-5-steps-correctly-mobile-chrome-retry1/trace.zip
    Usage:

        npx playwright show-trace results/booking-flow-Public-Bookin-84306-rough-all-5-steps-correctly-mobile-chrome-retry1/trace.zip

    ────────────────────────────────────────────────────────────────────────────────────────────────
]]>
</failure>
<system-out>
<![CDATA[
[[ATTACHMENT|../tests/results/booking-flow-Public-Bookin-84306-rough-all-5-steps-correctly-mobile-chrome/test-failed-1.png]]

[[ATTACHMENT|../tests/results/booking-flow-Public-Bookin-84306-rough-all-5-steps-correctly-mobile-chrome/video.webm]]

[[ATTACHMENT|../tests/results/booking-flow-Public-Bookin-84306-rough-all-5-steps-correctly-mobile-chrome-retry1/test-failed-1.png]]

[[ATTACHMENT|../tests/results/booking-flow-Public-Bookin-84306-rough-all-5-steps-correctly-mobile-chrome-retry1/video.webm]]

[[ATTACHMENT|../tests/results/booking-flow-Public-Bookin-84306-rough-all-5-steps-correctly-mobile-chrome-retry1/trace.zip]]
]]>
</system-out>
</testcase>
<testcase name="Public Booking Flow (BOOKING-FLOW-001) › should validate required form fields" classname="booking-flow.spec.ts" time="0.631">
<failure message="booking-flow.spec.ts:62:7 should validate required form fields" type="FAILURE">
<![CDATA[  [mobile-chrome] › booking-flow.spec.ts:62:7 › Public Booking Flow (BOOKING-FLOW-001) › should validate required form fields 

    Error: page.goto: net::ERR_CONNECTION_REFUSED at http://localhost:3005/book
    Call log:
      - navigating to "http://localhost:3005/book", waiting until "load"


      61 |
      62 |   test('should validate required form fields', async ({ page }) => {
    > 63 |     await page.goto('/book');
         |                ^
      64 |     await page.waitForLoadState('networkidle');
      65 |
      66 |     // Step 1: Try to proceed without selecting a camp
        at /Users/lukatenbosch/Downloads/heiwahouse/wavecampdashboard/tests/booking-flow.spec.ts:63:16

    attachment #1: screenshot (image/png) ──────────────────────────────────────────────────────────
    results/booking-flow-Public-Bookin-b8fdd-lidate-required-form-fields-mobile-chrome/test-failed-1.png
    ────────────────────────────────────────────────────────────────────────────────────────────────

    attachment #2: video (video/webm) ──────────────────────────────────────────────────────────────
    results/booking-flow-Public-Bookin-b8fdd-lidate-required-form-fields-mobile-chrome/video.webm
    ────────────────────────────────────────────────────────────────────────────────────────────────

    Retry #1 ───────────────────────────────────────────────────────────────────────────────────────

    Error: page.goto: net::ERR_CONNECTION_REFUSED at http://localhost:3005/book
    Call log:
      - navigating to "http://localhost:3005/book", waiting until "load"


      61 |
      62 |   test('should validate required form fields', async ({ page }) => {
    > 63 |     await page.goto('/book');
         |                ^
      64 |     await page.waitForLoadState('networkidle');
      65 |
      66 |     // Step 1: Try to proceed without selecting a camp
        at /Users/lukatenbosch/Downloads/heiwahouse/wavecampdashboard/tests/booking-flow.spec.ts:63:16

    attachment #1: screenshot (image/png) ──────────────────────────────────────────────────────────
    results/booking-flow-Public-Bookin-b8fdd-lidate-required-form-fields-mobile-chrome-retry1/test-failed-1.png
    ────────────────────────────────────────────────────────────────────────────────────────────────

    attachment #2: video (video/webm) ──────────────────────────────────────────────────────────────
    results/booking-flow-Public-Bookin-b8fdd-lidate-required-form-fields-mobile-chrome-retry1/video.webm
    ────────────────────────────────────────────────────────────────────────────────────────────────

    attachment #3: trace (application/zip) ─────────────────────────────────────────────────────────
    results/booking-flow-Public-Bookin-b8fdd-lidate-required-form-fields-mobile-chrome-retry1/trace.zip
    Usage:

        npx playwright show-trace results/booking-flow-Public-Bookin-b8fdd-lidate-required-form-fields-mobile-chrome-retry1/trace.zip

    ────────────────────────────────────────────────────────────────────────────────────────────────
]]>
</failure>
<system-out>
<![CDATA[
[[ATTACHMENT|../tests/results/booking-flow-Public-Bookin-b8fdd-lidate-required-form-fields-mobile-chrome/test-failed-1.png]]

[[ATTACHMENT|../tests/results/booking-flow-Public-Bookin-b8fdd-lidate-required-form-fields-mobile-chrome/video.webm]]

[[ATTACHMENT|../tests/results/booking-flow-Public-Bookin-b8fdd-lidate-required-form-fields-mobile-chrome-retry1/test-failed-1.png]]

[[ATTACHMENT|../tests/results/booking-flow-Public-Bookin-b8fdd-lidate-required-form-fields-mobile-chrome-retry1/video.webm]]

[[ATTACHMENT|../tests/results/booking-flow-Public-Bookin-b8fdd-lidate-required-form-fields-mobile-chrome-retry1/trace.zip]]
]]>
</system-out>
</testcase>
<testcase name="Public Booking Flow (BOOKING-FLOW-001) › should handle loading states correctly" classname="booking-flow.spec.ts" time="0.668">
<failure message="booking-flow.spec.ts:92:7 should handle loading states correctly" type="FAILURE">
<![CDATA[  [mobile-chrome] › booking-flow.spec.ts:92:7 › Public Booking Flow (BOOKING-FLOW-001) › should handle loading states correctly 

    Error: page.goto: net::ERR_CONNECTION_REFUSED at http://localhost:3005/book
    Call log:
      - navigating to "http://localhost:3005/book", waiting until "load"


      91 |
      92 |   test('should handle loading states correctly', async ({ page }) => {
    > 93 |     await page.goto('/book');
         |                ^
      94 |     await page.waitForLoadState('networkidle');
      95 |
      96 |     // Select a camp and proceed to step 2
        at /Users/lukatenbosch/Downloads/heiwahouse/wavecampdashboard/tests/booking-flow.spec.ts:93:16

    attachment #1: screenshot (image/png) ──────────────────────────────────────────────────────────
    results/booking-flow-Public-Bookin-03042-le-loading-states-correctly-mobile-chrome/test-failed-1.png
    ────────────────────────────────────────────────────────────────────────────────────────────────

    attachment #2: video (video/webm) ──────────────────────────────────────────────────────────────
    results/booking-flow-Public-Bookin-03042-le-loading-states-correctly-mobile-chrome/video.webm
    ────────────────────────────────────────────────────────────────────────────────────────────────

    Retry #1 ───────────────────────────────────────────────────────────────────────────────────────

    Error: page.goto: net::ERR_CONNECTION_REFUSED at http://localhost:3005/book
    Call log:
      - navigating to "http://localhost:3005/book", waiting until "load"


      91 |
      92 |   test('should handle loading states correctly', async ({ page }) => {
    > 93 |     await page.goto('/book');
         |                ^
      94 |     await page.waitForLoadState('networkidle');
      95 |
      96 |     // Select a camp and proceed to step 2
        at /Users/lukatenbosch/Downloads/heiwahouse/wavecampdashboard/tests/booking-flow.spec.ts:93:16

    attachment #1: screenshot (image/png) ──────────────────────────────────────────────────────────
    results/booking-flow-Public-Bookin-03042-le-loading-states-correctly-mobile-chrome-retry1/test-failed-1.png
    ────────────────────────────────────────────────────────────────────────────────────────────────

    attachment #2: video (video/webm) ──────────────────────────────────────────────────────────────
    results/booking-flow-Public-Bookin-03042-le-loading-states-correctly-mobile-chrome-retry1/video.webm
    ────────────────────────────────────────────────────────────────────────────────────────────────

    attachment #3: trace (application/zip) ─────────────────────────────────────────────────────────
    results/booking-flow-Public-Bookin-03042-le-loading-states-correctly-mobile-chrome-retry1/trace.zip
    Usage:

        npx playwright show-trace results/booking-flow-Public-Bookin-03042-le-loading-states-correctly-mobile-chrome-retry1/trace.zip

    ────────────────────────────────────────────────────────────────────────────────────────────────
]]>
</failure>
<system-out>
<![CDATA[
[[ATTACHMENT|../tests/results/booking-flow-Public-Bookin-03042-le-loading-states-correctly-mobile-chrome/test-failed-1.png]]

[[ATTACHMENT|../tests/results/booking-flow-Public-Bookin-03042-le-loading-states-correctly-mobile-chrome/video.webm]]

[[ATTACHMENT|../tests/results/booking-flow-Public-Bookin-03042-le-loading-states-correctly-mobile-chrome-retry1/test-failed-1.png]]

[[ATTACHMENT|../tests/results/booking-flow-Public-Bookin-03042-le-loading-states-correctly-mobile-chrome-retry1/video.webm]]

[[ATTACHMENT|../tests/results/booking-flow-Public-Bookin-03042-le-loading-states-correctly-mobile-chrome-retry1/trace.zip]]
]]>
</system-out>
</testcase>
<testcase name="Public Booking Flow (BOOKING-FLOW-001) › should display error messages for invalid inputs" classname="booking-flow.spec.ts" time="0.586">
<failure message="booking-flow.spec.ts:117:7 should display error messages for invalid inputs" type="FAILURE">
<![CDATA[  [mobile-chrome] › booking-flow.spec.ts:117:7 › Public Booking Flow (BOOKING-FLOW-001) › should display error messages for invalid inputs 

    Error: page.goto: net::ERR_CONNECTION_REFUSED at http://localhost:3005/book
    Call log:
      - navigating to "http://localhost:3005/book", waiting until "load"


      116 |
      117 |   test('should display error messages for invalid inputs', async ({ page }) => {
    > 118 |     await page.goto('/book');
          |                ^
      119 |     await page.waitForLoadState('networkidle');
      120 |
      121 |     // Select a camp and proceed to step 2
        at /Users/lukatenbosch/Downloads/heiwahouse/wavecampdashboard/tests/booking-flow.spec.ts:118:16

    attachment #1: screenshot (image/png) ──────────────────────────────────────────────────────────
    results/booking-flow-Public-Bookin-a14a4-messages-for-invalid-inputs-mobile-chrome/test-failed-1.png
    ────────────────────────────────────────────────────────────────────────────────────────────────

    attachment #2: video (video/webm) ──────────────────────────────────────────────────────────────
    results/booking-flow-Public-Bookin-a14a4-messages-for-invalid-inputs-mobile-chrome/video.webm
    ────────────────────────────────────────────────────────────────────────────────────────────────

    Retry #1 ───────────────────────────────────────────────────────────────────────────────────────

    Error: page.goto: net::ERR_CONNECTION_REFUSED at http://localhost:3005/book
    Call log:
      - navigating to "http://localhost:3005/book", waiting until "load"


      116 |
      117 |   test('should display error messages for invalid inputs', async ({ page }) => {
    > 118 |     await page.goto('/book');
          |                ^
      119 |     await page.waitForLoadState('networkidle');
      120 |
      121 |     // Select a camp and proceed to step 2
        at /Users/lukatenbosch/Downloads/heiwahouse/wavecampdashboard/tests/booking-flow.spec.ts:118:16

    attachment #1: screenshot (image/png) ──────────────────────────────────────────────────────────
    results/booking-flow-Public-Bookin-a14a4-messages-for-invalid-inputs-mobile-chrome-retry1/test-failed-1.png
    ────────────────────────────────────────────────────────────────────────────────────────────────

    attachment #2: video (video/webm) ──────────────────────────────────────────────────────────────
    results/booking-flow-Public-Bookin-a14a4-messages-for-invalid-inputs-mobile-chrome-retry1/video.webm
    ────────────────────────────────────────────────────────────────────────────────────────────────

    attachment #3: trace (application/zip) ─────────────────────────────────────────────────────────
    results/booking-flow-Public-Bookin-a14a4-messages-for-invalid-inputs-mobile-chrome-retry1/trace.zip
    Usage:

        npx playwright show-trace results/booking-flow-Public-Bookin-a14a4-messages-for-invalid-inputs-mobile-chrome-retry1/trace.zip

    ────────────────────────────────────────────────────────────────────────────────────────────────
]]>
</failure>
<system-out>
<![CDATA[
[[ATTACHMENT|../tests/results/booking-flow-Public-Bookin-a14a4-messages-for-invalid-inputs-mobile-chrome/test-failed-1.png]]

[[ATTACHMENT|../tests/results/booking-flow-Public-Bookin-a14a4-messages-for-invalid-inputs-mobile-chrome/video.webm]]

[[ATTACHMENT|../tests/results/booking-flow-Public-Bookin-a14a4-messages-for-invalid-inputs-mobile-chrome-retry1/test-failed-1.png]]

[[ATTACHMENT|../tests/results/booking-flow-Public-Bookin-a14a4-messages-for-invalid-inputs-mobile-chrome-retry1/video.webm]]

[[ATTACHMENT|../tests/results/booking-flow-Public-Bookin-a14a4-messages-for-invalid-inputs-mobile-chrome-retry1/trace.zip]]
]]>
</system-out>
</testcase>
<testcase name="Public Booking Flow (BOOKING-FLOW-001) › should handle multiple participants" classname="booking-flow.spec.ts" time="0.7">
<failure message="booking-flow.spec.ts:148:7 should handle multiple participants" type="FAILURE">
<![CDATA[  [mobile-chrome] › booking-flow.spec.ts:148:7 › Public Booking Flow (BOOKING-FLOW-001) › should handle multiple participants 

    Error: page.goto: net::ERR_CONNECTION_REFUSED at http://localhost:3005/book
    Call log:
      - navigating to "http://localhost:3005/book", waiting until "load"


      147 |
      148 |   test('should handle multiple participants', async ({ page }) => {
    > 149 |     await page.goto('/book');
          |                ^
      150 |     await page.waitForLoadState('networkidle');
      151 |
      152 |     // Select a camp and proceed to step 2
        at /Users/lukatenbosch/Downloads/heiwahouse/wavecampdashboard/tests/booking-flow.spec.ts:149:16

    attachment #1: screenshot (image/png) ──────────────────────────────────────────────────────────
    results/booking-flow-Public-Bookin-9dd34-andle-multiple-participants-mobile-chrome/test-failed-1.png
    ────────────────────────────────────────────────────────────────────────────────────────────────

    attachment #2: video (video/webm) ──────────────────────────────────────────────────────────────
    results/booking-flow-Public-Bookin-9dd34-andle-multiple-participants-mobile-chrome/video.webm
    ────────────────────────────────────────────────────────────────────────────────────────────────

    Retry #1 ───────────────────────────────────────────────────────────────────────────────────────

    Error: page.goto: net::ERR_CONNECTION_REFUSED at http://localhost:3005/book
    Call log:
      - navigating to "http://localhost:3005/book", waiting until "load"


      147 |
      148 |   test('should handle multiple participants', async ({ page }) => {
    > 149 |     await page.goto('/book');
          |                ^
      150 |     await page.waitForLoadState('networkidle');
      151 |
      152 |     // Select a camp and proceed to step 2
        at /Users/lukatenbosch/Downloads/heiwahouse/wavecampdashboard/tests/booking-flow.spec.ts:149:16

    attachment #1: screenshot (image/png) ──────────────────────────────────────────────────────────
    results/booking-flow-Public-Bookin-9dd34-andle-multiple-participants-mobile-chrome-retry1/test-failed-1.png
    ────────────────────────────────────────────────────────────────────────────────────────────────

    attachment #2: video (video/webm) ──────────────────────────────────────────────────────────────
    results/booking-flow-Public-Bookin-9dd34-andle-multiple-participants-mobile-chrome-retry1/video.webm
    ────────────────────────────────────────────────────────────────────────────────────────────────

    attachment #3: trace (application/zip) ─────────────────────────────────────────────────────────
    results/booking-flow-Public-Bookin-9dd34-andle-multiple-participants-mobile-chrome-retry1/trace.zip
    Usage:

        npx playwright show-trace results/booking-flow-Public-Bookin-9dd34-andle-multiple-participants-mobile-chrome-retry1/trace.zip

    ────────────────────────────────────────────────────────────────────────────────────────────────
]]>
</failure>
<system-out>
<![CDATA[
[[ATTACHMENT|../tests/results/booking-flow-Public-Bookin-9dd34-andle-multiple-participants-mobile-chrome/test-failed-1.png]]

[[ATTACHMENT|../tests/results/booking-flow-Public-Bookin-9dd34-andle-multiple-participants-mobile-chrome/video.webm]]

[[ATTACHMENT|../tests/results/booking-flow-Public-Bookin-9dd34-andle-multiple-participants-mobile-chrome-retry1/test-failed-1.png]]

[[ATTACHMENT|../tests/results/booking-flow-Public-Bookin-9dd34-andle-multiple-participants-mobile-chrome-retry1/video.webm]]

[[ATTACHMENT|../tests/results/booking-flow-Public-Bookin-9dd34-andle-multiple-participants-mobile-chrome-retry1/trace.zip]]
]]>
</system-out>
</testcase>
<testcase name="Public Booking Flow (BOOKING-FLOW-001) › should display correct pricing in summary" classname="booking-flow.spec.ts" time="0.576">
<failure message="booking-flow.spec.ts:184:7 should display correct pricing in summary" type="FAILURE">
<![CDATA[  [mobile-chrome] › booking-flow.spec.ts:184:7 › Public Booking Flow (BOOKING-FLOW-001) › should display correct pricing in summary 

    Error: page.goto: net::ERR_CONNECTION_REFUSED at http://localhost:3005/book
    Call log:
      - navigating to "http://localhost:3005/book", waiting until "load"


      183 |
      184 |   test('should display correct pricing in summary', async ({ page }) => {
    > 185 |     await page.goto('/book');
          |                ^
      186 |     await page.waitForLoadState('networkidle');
      187 |
      188 |     // Select a camp (Beginner's Paradise - $450)
        at /Users/lukatenbosch/Downloads/heiwahouse/wavecampdashboard/tests/booking-flow.spec.ts:185:16

    attachment #1: screenshot (image/png) ──────────────────────────────────────────────────────────
    results/booking-flow-Public-Bookin-1f9cb--correct-pricing-in-summary-mobile-chrome/test-failed-1.png
    ────────────────────────────────────────────────────────────────────────────────────────────────

    attachment #2: video (video/webm) ──────────────────────────────────────────────────────────────
    results/booking-flow-Public-Bookin-1f9cb--correct-pricing-in-summary-mobile-chrome/video.webm
    ────────────────────────────────────────────────────────────────────────────────────────────────

    Retry #1 ───────────────────────────────────────────────────────────────────────────────────────

    Error: page.goto: net::ERR_CONNECTION_REFUSED at http://localhost:3005/book
    Call log:
      - navigating to "http://localhost:3005/book", waiting until "load"


      183 |
      184 |   test('should display correct pricing in summary', async ({ page }) => {
    > 185 |     await page.goto('/book');
          |                ^
      186 |     await page.waitForLoadState('networkidle');
      187 |
      188 |     // Select a camp (Beginner's Paradise - $450)
        at /Users/lukatenbosch/Downloads/heiwahouse/wavecampdashboard/tests/booking-flow.spec.ts:185:16

    attachment #1: screenshot (image/png) ──────────────────────────────────────────────────────────
    results/booking-flow-Public-Bookin-1f9cb--correct-pricing-in-summary-mobile-chrome-retry1/test-failed-1.png
    ────────────────────────────────────────────────────────────────────────────────────────────────

    attachment #2: video (video/webm) ──────────────────────────────────────────────────────────────
    results/booking-flow-Public-Bookin-1f9cb--correct-pricing-in-summary-mobile-chrome-retry1/video.webm
    ────────────────────────────────────────────────────────────────────────────────────────────────

    attachment #3: trace (application/zip) ─────────────────────────────────────────────────────────
    results/booking-flow-Public-Bookin-1f9cb--correct-pricing-in-summary-mobile-chrome-retry1/trace.zip
    Usage:

        npx playwright show-trace results/booking-flow-Public-Bookin-1f9cb--correct-pricing-in-summary-mobile-chrome-retry1/trace.zip

    ────────────────────────────────────────────────────────────────────────────────────────────────
]]>
</failure>
<system-out>
<![CDATA[
[[ATTACHMENT|../tests/results/booking-flow-Public-Bookin-1f9cb--correct-pricing-in-summary-mobile-chrome/test-failed-1.png]]

[[ATTACHMENT|../tests/results/booking-flow-Public-Bookin-1f9cb--correct-pricing-in-summary-mobile-chrome/video.webm]]

[[ATTACHMENT|../tests/results/booking-flow-Public-Bookin-1f9cb--correct-pricing-in-summary-mobile-chrome-retry1/test-failed-1.png]]

[[ATTACHMENT|../tests/results/booking-flow-Public-Bookin-1f9cb--correct-pricing-in-summary-mobile-chrome-retry1/video.webm]]

[[ATTACHMENT|../tests/results/booking-flow-Public-Bookin-1f9cb--correct-pricing-in-summary-mobile-chrome-retry1/trace.zip]]
]]>
</system-out>
</testcase>
<testcase name="Public Booking Flow (BOOKING-FLOW-001) › should handle payment step correctly" classname="booking-flow.spec.ts" time="0.565">
<failure message="booking-flow.spec.ts:208:7 should handle payment step correctly" type="FAILURE">
<![CDATA[  [mobile-chrome] › booking-flow.spec.ts:208:7 › Public Booking Flow (BOOKING-FLOW-001) › should handle payment step correctly 

    Error: page.goto: net::ERR_CONNECTION_REFUSED at http://localhost:3005/book
    Call log:
      - navigating to "http://localhost:3005/book", waiting until "load"


      207 |
      208 |   test('should handle payment step correctly', async ({ page }) => {
    > 209 |     await page.goto('/book');
          |                ^
      210 |     await page.waitForLoadState('networkidle');
      211 |
      212 |     // Navigate through all steps
        at /Users/lukatenbosch/Downloads/heiwahouse/wavecampdashboard/tests/booking-flow.spec.ts:209:16

    attachment #1: screenshot (image/png) ──────────────────────────────────────────────────────────
    results/booking-flow-Public-Bookin-5ade4-ndle-payment-step-correctly-mobile-chrome/test-failed-1.png
    ────────────────────────────────────────────────────────────────────────────────────────────────

    attachment #2: video (video/webm) ──────────────────────────────────────────────────────────────
    results/booking-flow-Public-Bookin-5ade4-ndle-payment-step-correctly-mobile-chrome/video.webm
    ────────────────────────────────────────────────────────────────────────────────────────────────

    Retry #1 ───────────────────────────────────────────────────────────────────────────────────────

    Error: page.goto: net::ERR_CONNECTION_REFUSED at http://localhost:3005/book
    Call log:
      - navigating to "http://localhost:3005/book", waiting until "load"


      207 |
      208 |   test('should handle payment step correctly', async ({ page }) => {
    > 209 |     await page.goto('/book');
          |                ^
      210 |     await page.waitForLoadState('networkidle');
      211 |
      212 |     // Navigate through all steps
        at /Users/lukatenbosch/Downloads/heiwahouse/wavecampdashboard/tests/booking-flow.spec.ts:209:16

    attachment #1: screenshot (image/png) ──────────────────────────────────────────────────────────
    results/booking-flow-Public-Bookin-5ade4-ndle-payment-step-correctly-mobile-chrome-retry1/test-failed-1.png
    ────────────────────────────────────────────────────────────────────────────────────────────────

    attachment #2: video (video/webm) ──────────────────────────────────────────────────────────────
    results/booking-flow-Public-Bookin-5ade4-ndle-payment-step-correctly-mobile-chrome-retry1/video.webm
    ────────────────────────────────────────────────────────────────────────────────────────────────

    attachment #3: trace (application/zip) ─────────────────────────────────────────────────────────
    results/booking-flow-Public-Bookin-5ade4-ndle-payment-step-correctly-mobile-chrome-retry1/trace.zip
    Usage:

        npx playwright show-trace results/booking-flow-Public-Bookin-5ade4-ndle-payment-step-correctly-mobile-chrome-retry1/trace.zip

    ────────────────────────────────────────────────────────────────────────────────────────────────
]]>
</failure>
<system-out>
<![CDATA[
[[ATTACHMENT|../tests/results/booking-flow-Public-Bookin-5ade4-ndle-payment-step-correctly-mobile-chrome/test-failed-1.png]]

[[ATTACHMENT|../tests/results/booking-flow-Public-Bookin-5ade4-ndle-payment-step-correctly-mobile-chrome/video.webm]]

[[ATTACHMENT|../tests/results/booking-flow-Public-Bookin-5ade4-ndle-payment-step-correctly-mobile-chrome-retry1/test-failed-1.png]]

[[ATTACHMENT|../tests/results/booking-flow-Public-Bookin-5ade4-ndle-payment-step-correctly-mobile-chrome-retry1/video.webm]]

[[ATTACHMENT|../tests/results/booking-flow-Public-Bookin-5ade4-ndle-payment-step-correctly-mobile-chrome-retry1/trace.zip]]
]]>
</system-out>
</testcase>
<testcase name="Public Booking Flow (BOOKING-FLOW-001) › should handle navigation between steps" classname="booking-flow.spec.ts" time="0.674">
<failure message="booking-flow.spec.ts:235:7 should handle navigation between steps" type="FAILURE">
<![CDATA[  [mobile-chrome] › booking-flow.spec.ts:235:7 › Public Booking Flow (BOOKING-FLOW-001) › should handle navigation between steps 

    Error: page.goto: net::ERR_CONNECTION_REFUSED at http://localhost:3005/book
    Call log:
      - navigating to "http://localhost:3005/book", waiting until "load"


      234 |
      235 |   test('should handle navigation between steps', async ({ page }) => {
    > 236 |     await page.goto('/book');
          |                ^
      237 |     await page.waitForLoadState('networkidle');
      238 |
      239 |     // Go to step 2
        at /Users/lukatenbosch/Downloads/heiwahouse/wavecampdashboard/tests/booking-flow.spec.ts:236:16

    attachment #1: screenshot (image/png) ──────────────────────────────────────────────────────────
    results/booking-flow-Public-Bookin-822f8-le-navigation-between-steps-mobile-chrome/test-failed-1.png
    ────────────────────────────────────────────────────────────────────────────────────────────────

    attachment #2: video (video/webm) ──────────────────────────────────────────────────────────────
    results/booking-flow-Public-Bookin-822f8-le-navigation-between-steps-mobile-chrome/video.webm
    ────────────────────────────────────────────────────────────────────────────────────────────────

    Retry #1 ───────────────────────────────────────────────────────────────────────────────────────

    Error: page.goto: net::ERR_CONNECTION_REFUSED at http://localhost:3005/book
    Call log:
      - navigating to "http://localhost:3005/book", waiting until "load"


      234 |
      235 |   test('should handle navigation between steps', async ({ page }) => {
    > 236 |     await page.goto('/book');
          |                ^
      237 |     await page.waitForLoadState('networkidle');
      238 |
      239 |     // Go to step 2
        at /Users/lukatenbosch/Downloads/heiwahouse/wavecampdashboard/tests/booking-flow.spec.ts:236:16

    attachment #1: screenshot (image/png) ──────────────────────────────────────────────────────────
    results/booking-flow-Public-Bookin-822f8-le-navigation-between-steps-mobile-chrome-retry1/test-failed-1.png
    ────────────────────────────────────────────────────────────────────────────────────────────────

    attachment #2: video (video/webm) ──────────────────────────────────────────────────────────────
    results/booking-flow-Public-Bookin-822f8-le-navigation-between-steps-mobile-chrome-retry1/video.webm
    ────────────────────────────────────────────────────────────────────────────────────────────────

    attachment #3: trace (application/zip) ─────────────────────────────────────────────────────────
    results/booking-flow-Public-Bookin-822f8-le-navigation-between-steps-mobile-chrome-retry1/trace.zip
    Usage:

        npx playwright show-trace results/booking-flow-Public-Bookin-822f8-le-navigation-between-steps-mobile-chrome-retry1/trace.zip

    ────────────────────────────────────────────────────────────────────────────────────────────────
]]>
</failure>
<system-out>
<![CDATA[
[[ATTACHMENT|../tests/results/booking-flow-Public-Bookin-822f8-le-navigation-between-steps-mobile-chrome/test-failed-1.png]]

[[ATTACHMENT|../tests/results/booking-flow-Public-Bookin-822f8-le-navigation-between-steps-mobile-chrome/video.webm]]

[[ATTACHMENT|../tests/results/booking-flow-Public-Bookin-822f8-le-navigation-between-steps-mobile-chrome-retry1/test-failed-1.png]]

[[ATTACHMENT|../tests/results/booking-flow-Public-Bookin-822f8-le-navigation-between-steps-mobile-chrome-retry1/video.webm]]

[[ATTACHMENT|../tests/results/booking-flow-Public-Bookin-822f8-le-navigation-between-steps-mobile-chrome-retry1/trace.zip]]
]]>
</system-out>
</testcase>
<testcase name="Public Booking Flow (BOOKING-FLOW-001) › should show progress indicator correctly" classname="booking-flow.spec.ts" time="0.669">
<failure message="booking-flow.spec.ts:262:7 should show progress indicator correctly" type="FAILURE">
<![CDATA[  [mobile-chrome] › booking-flow.spec.ts:262:7 › Public Booking Flow (BOOKING-FLOW-001) › should show progress indicator correctly 

    Error: page.goto: net::ERR_CONNECTION_REFUSED at http://localhost:3005/book
    Call log:
      - navigating to "http://localhost:3005/book", waiting until "load"


      261 |
      262 |   test('should show progress indicator correctly', async ({ page }) => {
    > 263 |     await page.goto('/book');
          |                ^
      264 |     await page.waitForLoadState('networkidle');
      265 |
      266 |     // Verify initial progress (step 1 of 5 = 20%)
        at /Users/lukatenbosch/Downloads/heiwahouse/wavecampdashboard/tests/booking-flow.spec.ts:263:16

    attachment #1: screenshot (image/png) ──────────────────────────────────────────────────────────
    results/booking-flow-Public-Bookin-ef7ed-rogress-indicator-correctly-mobile-chrome/test-failed-1.png
    ────────────────────────────────────────────────────────────────────────────────────────────────

    attachment #2: video (video/webm) ──────────────────────────────────────────────────────────────
    results/booking-flow-Public-Bookin-ef7ed-rogress-indicator-correctly-mobile-chrome/video.webm
    ────────────────────────────────────────────────────────────────────────────────────────────────

    Retry #1 ───────────────────────────────────────────────────────────────────────────────────────

    Error: page.goto: net::ERR_CONNECTION_REFUSED at http://localhost:3005/book
    Call log:
      - navigating to "http://localhost:3005/book", waiting until "load"


      261 |
      262 |   test('should show progress indicator correctly', async ({ page }) => {
    > 263 |     await page.goto('/book');
          |                ^
      264 |     await page.waitForLoadState('networkidle');
      265 |
      266 |     // Verify initial progress (step 1 of 5 = 20%)
        at /Users/lukatenbosch/Downloads/heiwahouse/wavecampdashboard/tests/booking-flow.spec.ts:263:16

    attachment #1: screenshot (image/png) ──────────────────────────────────────────────────────────
    results/booking-flow-Public-Bookin-ef7ed-rogress-indicator-correctly-mobile-chrome-retry1/test-failed-1.png
    ────────────────────────────────────────────────────────────────────────────────────────────────

    attachment #2: video (video/webm) ──────────────────────────────────────────────────────────────
    results/booking-flow-Public-Bookin-ef7ed-rogress-indicator-correctly-mobile-chrome-retry1/video.webm
    ────────────────────────────────────────────────────────────────────────────────────────────────

    attachment #3: trace (application/zip) ─────────────────────────────────────────────────────────
    results/booking-flow-Public-Bookin-ef7ed-rogress-indicator-correctly-mobile-chrome-retry1/trace.zip
    Usage:

        npx playwright show-trace results/booking-flow-Public-Bookin-ef7ed-rogress-indicator-correctly-mobile-chrome-retry1/trace.zip

    ────────────────────────────────────────────────────────────────────────────────────────────────
]]>
</failure>
<system-out>
<![CDATA[
[[ATTACHMENT|../tests/results/booking-flow-Public-Bookin-ef7ed-rogress-indicator-correctly-mobile-chrome/test-failed-1.png]]

[[ATTACHMENT|../tests/results/booking-flow-Public-Bookin-ef7ed-rogress-indicator-correctly-mobile-chrome/video.webm]]

[[ATTACHMENT|../tests/results/booking-flow-Public-Bookin-ef7ed-rogress-indicator-correctly-mobile-chrome-retry1/test-failed-1.png]]

[[ATTACHMENT|../tests/results/booking-flow-Public-Bookin-ef7ed-rogress-indicator-correctly-mobile-chrome-retry1/video.webm]]

[[ATTACHMENT|../tests/results/booking-flow-Public-Bookin-ef7ed-rogress-indicator-correctly-mobile-chrome-retry1/trace.zip]]
]]>
</system-out>
</testcase>
</testsuite>
<testsuite name="client/booking-flow.spec.ts" timestamp="2025-09-17T23:26:21.514Z" hostname="mobile-chrome" tests="4" failures="4" skipped="0" time="1.998" errors="0">
<testcase name="Complete Booking Flow › should complete full booking journey from discovery to payment" classname="client/booking-flow.spec.ts" time="0.594">
<failure message="booking-flow.spec.ts:4:7 should complete full booking journey from discovery to payment" type="FAILURE">
<![CDATA[  [mobile-chrome] › client/booking-flow.spec.ts:4:7 › Complete Booking Flow › should complete full booking journey from discovery to payment 

    Error: page.goto: net::ERR_CONNECTION_REFUSED at http://localhost:3005/weeks
    Call log:
      - navigating to "http://localhost:3005/weeks", waiting until "load"


      4 |   test('should complete full booking journey from discovery to payment', async ({ page }) => {
      5 |     // Step 1: Navigate to weeks page and verify loading
    > 6 |     await page.goto('/weeks')
        |                ^
      7 |     await page.waitForLoadState('networkidle')
      8 |
      9 |     // Wait for weeks to load (mock data takes 1 second)
        at /Users/lukatenbosch/Downloads/heiwahouse/wavecampdashboard/tests/client/booking-flow.spec.ts:6:16

    attachment #1: screenshot (image/png) ──────────────────────────────────────────────────────────
    results/client-booking-flow-Comple-29586-y-from-discovery-to-payment-mobile-chrome/test-failed-1.png
    ────────────────────────────────────────────────────────────────────────────────────────────────

    attachment #2: video (video/webm) ──────────────────────────────────────────────────────────────
    results/client-booking-flow-Comple-29586-y-from-discovery-to-payment-mobile-chrome/video.webm
    ────────────────────────────────────────────────────────────────────────────────────────────────

    Retry #1 ───────────────────────────────────────────────────────────────────────────────────────

    Error: page.goto: net::ERR_CONNECTION_REFUSED at http://localhost:3005/weeks
    Call log:
      - navigating to "http://localhost:3005/weeks", waiting until "load"


      4 |   test('should complete full booking journey from discovery to payment', async ({ page }) => {
      5 |     // Step 1: Navigate to weeks page and verify loading
    > 6 |     await page.goto('/weeks')
        |                ^
      7 |     await page.waitForLoadState('networkidle')
      8 |
      9 |     // Wait for weeks to load (mock data takes 1 second)
        at /Users/lukatenbosch/Downloads/heiwahouse/wavecampdashboard/tests/client/booking-flow.spec.ts:6:16

    attachment #1: screenshot (image/png) ──────────────────────────────────────────────────────────
    results/client-booking-flow-Comple-29586-y-from-discovery-to-payment-mobile-chrome-retry1/test-failed-1.png
    ────────────────────────────────────────────────────────────────────────────────────────────────

    attachment #2: video (video/webm) ──────────────────────────────────────────────────────────────
    results/client-booking-flow-Comple-29586-y-from-discovery-to-payment-mobile-chrome-retry1/video.webm
    ────────────────────────────────────────────────────────────────────────────────────────────────

    attachment #3: trace (application/zip) ─────────────────────────────────────────────────────────
    results/client-booking-flow-Comple-29586-y-from-discovery-to-payment-mobile-chrome-retry1/trace.zip
    Usage:

        npx playwright show-trace results/client-booking-flow-Comple-29586-y-from-discovery-to-payment-mobile-chrome-retry1/trace.zip

    ────────────────────────────────────────────────────────────────────────────────────────────────
]]>
</failure>
<system-out>
<![CDATA[
[[ATTACHMENT|../tests/results/client-booking-flow-Comple-29586-y-from-discovery-to-payment-mobile-chrome/test-failed-1.png]]

[[ATTACHMENT|../tests/results/client-booking-flow-Comple-29586-y-from-discovery-to-payment-mobile-chrome/video.webm]]

[[ATTACHMENT|../tests/results/client-booking-flow-Comple-29586-y-from-discovery-to-payment-mobile-chrome-retry1/test-failed-1.png]]

[[ATTACHMENT|../tests/results/client-booking-flow-Comple-29586-y-from-discovery-to-payment-mobile-chrome-retry1/video.webm]]

[[ATTACHMENT|../tests/results/client-booking-flow-Comple-29586-y-from-discovery-to-payment-mobile-chrome-retry1/trace.zip]]
]]>
</system-out>
</testcase>
<testcase name="Complete Booking Flow › should handle booking cancellation gracefully" classname="client/booking-flow.spec.ts" time="0.706">
<failure message="booking-flow.spec.ts:163:7 should handle booking cancellation gracefully" type="FAILURE">
<![CDATA[  [mobile-chrome] › client/booking-flow.spec.ts:163:7 › Complete Booking Flow › should handle booking cancellation gracefully 

    Error: page.goto: net::ERR_CONNECTION_REFUSED at http://localhost:3005/weeks
    Call log:
      - navigating to "http://localhost:3005/weeks", waiting until "load"


      163 |   test('should handle booking cancellation gracefully', async ({ page }) => {
      164 |     // Navigate to checkout
    > 165 |     await page.goto('/weeks')
          |                ^
      166 |     await page.waitForLoadState('networkidle')
      167 |     await page.waitForTimeout(1500)
      168 |
        at /Users/lukatenbosch/Downloads/heiwahouse/wavecampdashboard/tests/client/booking-flow.spec.ts:165:16

    attachment #1: screenshot (image/png) ──────────────────────────────────────────────────────────
    results/client-booking-flow-Comple-0a0f7-ing-cancellation-gracefully-mobile-chrome/test-failed-1.png
    ────────────────────────────────────────────────────────────────────────────────────────────────

    attachment #2: video (video/webm) ──────────────────────────────────────────────────────────────
    results/client-booking-flow-Comple-0a0f7-ing-cancellation-gracefully-mobile-chrome/video.webm
    ────────────────────────────────────────────────────────────────────────────────────────────────

    Retry #1 ───────────────────────────────────────────────────────────────────────────────────────

    Test was interrupted.

    attachment #1: video (video/webm) ──────────────────────────────────────────────────────────────
    results/client-booking-flow-Comple-0a0f7-ing-cancellation-gracefully-mobile-chrome-retry1/video.webm
    ────────────────────────────────────────────────────────────────────────────────────────────────

    attachment #2: screenshot (image/png) ──────────────────────────────────────────────────────────
    results/client-booking-flow-Comple-0a0f7-ing-cancellation-gracefully-mobile-chrome-retry1/test-failed-1.png
    ────────────────────────────────────────────────────────────────────────────────────────────────

    attachment #3: trace (application/zip) ─────────────────────────────────────────────────────────
    results/client-booking-flow-Comple-0a0f7-ing-cancellation-gracefully-mobile-chrome-retry1/trace.zip
    Usage:

        npx playwright show-trace results/client-booking-flow-Comple-0a0f7-ing-cancellation-gracefully-mobile-chrome-retry1/trace.zip

    ────────────────────────────────────────────────────────────────────────────────────────────────
]]>
</failure>
<system-out>
<![CDATA[
[[ATTACHMENT|../tests/results/client-booking-flow-Comple-0a0f7-ing-cancellation-gracefully-mobile-chrome/test-failed-1.png]]

[[ATTACHMENT|../tests/results/client-booking-flow-Comple-0a0f7-ing-cancellation-gracefully-mobile-chrome/video.webm]]

[[ATTACHMENT|../tests/results/client-booking-flow-Comple-0a0f7-ing-cancellation-gracefully-mobile-chrome-retry1/video.webm]]

[[ATTACHMENT|../tests/results/client-booking-flow-Comple-0a0f7-ing-cancellation-gracefully-mobile-chrome-retry1/test-failed-1.png]]

[[ATTACHMENT|../tests/results/client-booking-flow-Comple-0a0f7-ing-cancellation-gracefully-mobile-chrome-retry1/trace.zip]]
]]>
</system-out>
</testcase>
<testcase name="Complete Booking Flow › should validate required participant information" classname="client/booking-flow.spec.ts" time="0.456">
<failure message="booking-flow.spec.ts:191:7 should validate required participant information" type="FAILURE">
<![CDATA[  [mobile-chrome] › client/booking-flow.spec.ts:191:7 › Complete Booking Flow › should validate required participant information 

    Error: page.goto: net::ERR_CONNECTION_REFUSED at http://localhost:3005/weeks
    Call log:
      - navigating to "http://localhost:3005/weeks", waiting until "load"


      191 |   test('should validate required participant information', async ({ page }) => {
      192 |     // Navigate to checkout
    > 193 |     await page.goto('/weeks')
          |                ^
      194 |     await page.waitForLoadState('networkidle')
      195 |     await page.waitForTimeout(1500)
      196 |
        at /Users/lukatenbosch/Downloads/heiwahouse/wavecampdashboard/tests/client/booking-flow.spec.ts:193:16

    attachment #1: screenshot (image/png) ──────────────────────────────────────────────────────────
    results/client-booking-flow-Comple-801cd-red-participant-information-mobile-chrome/test-failed-1.png
    ────────────────────────────────────────────────────────────────────────────────────────────────

    attachment #2: video (video/webm) ──────────────────────────────────────────────────────────────
    results/client-booking-flow-Comple-801cd-red-participant-information-mobile-chrome/video.webm
    ────────────────────────────────────────────────────────────────────────────────────────────────

    Retry #1 ───────────────────────────────────────────────────────────────────────────────────────

    Test was interrupted.

    attachment #1: trace (application/zip) ─────────────────────────────────────────────────────────
    results/client-booking-flow-Comple-801cd-red-participant-information-mobile-chrome-retry1/trace.zip
    Usage:

        npx playwright show-trace results/client-booking-flow-Comple-801cd-red-participant-information-mobile-chrome-retry1/trace.zip

    ────────────────────────────────────────────────────────────────────────────────────────────────
]]>
</failure>
<system-out>
<![CDATA[
[[ATTACHMENT|../tests/results/client-booking-flow-Comple-801cd-red-participant-information-mobile-chrome/test-failed-1.png]]

[[ATTACHMENT|../tests/results/client-booking-flow-Comple-801cd-red-participant-information-mobile-chrome/video.webm]]

[[ATTACHMENT|../tests/results/client-booking-flow-Comple-801cd-red-participant-information-mobile-chrome-retry1/trace.zip]]
]]>
</system-out>
</testcase>
<testcase name="Complete Booking Flow › should handle sold out weeks appropriately" classname="client/booking-flow.spec.ts" time="0.242">
<failure message="booking-flow.spec.ts:230:7 should handle sold out weeks appropriately" type="FAILURE">
<![CDATA[  [mobile-chrome] › client/booking-flow.spec.ts:230:7 › Complete Booking Flow › should handle sold out weeks appropriately 

    Error: page.goto: net::ERR_CONNECTION_REFUSED at http://localhost:3005/weeks
    Call log:
      - navigating to "http://localhost:3005/weeks", waiting until "load"


      231 |     // This test would require mocking a sold out week
      232 |     // For now, we'll just verify the UI handles disabled states
    > 233 |     await page.goto('/weeks')
          |                ^
      234 |     await page.waitForLoadState('networkidle')
      235 |     await page.waitForTimeout(1500)
      236 |
        at /Users/lukatenbosch/Downloads/heiwahouse/wavecampdashboard/tests/client/booking-flow.spec.ts:233:16

    attachment #1: screenshot (image/png) ──────────────────────────────────────────────────────────
    results/client-booking-flow-Comple-ab153-old-out-weeks-appropriately-mobile-chrome/test-failed-1.png
    ────────────────────────────────────────────────────────────────────────────────────────────────

    attachment #2: video (video/webm) ──────────────────────────────────────────────────────────────
    results/client-booking-flow-Comple-ab153-old-out-weeks-appropriately-mobile-chrome/video.webm
    ────────────────────────────────────────────────────────────────────────────────────────────────
]]>
</failure>
<system-out>
<![CDATA[
[[ATTACHMENT|../tests/results/client-booking-flow-Comple-ab153-old-out-weeks-appropriately-mobile-chrome/test-failed-1.png]]

[[ATTACHMENT|../tests/results/client-booking-flow-Comple-ab153-old-out-weeks-appropriately-mobile-chrome/video.webm]]

[[ATTACHMENT|../tests/results/client-booking-flow-Comple-ab153-old-out-weeks-appropriately-mobile-chrome-retry1/trace.zip]]
]]>
</system-out>
</testcase>
</testsuite>
<testsuite name="client/booking-flow.spec.ts" timestamp="2025-09-17T23:26:21.514Z" hostname="mobile-safari" tests="4" failures="0" skipped="4" time="0.014" errors="0">
<testcase name="Complete Booking Flow › should complete full booking journey from discovery to payment" classname="client/booking-flow.spec.ts" time="0.003">
<skipped>
</skipped>
</testcase>
<testcase name="Complete Booking Flow › should handle booking cancellation gracefully" classname="client/booking-flow.spec.ts" time="0.011">
<skipped>
</skipped>
</testcase>
<testcase name="Complete Booking Flow › should validate required participant information" classname="client/booking-flow.spec.ts" time="0">
<skipped>
</skipped>
</testcase>
<testcase name="Complete Booking Flow › should handle sold out weeks appropriately" classname="client/booking-flow.spec.ts" time="0">
<skipped>
</skipped>
</testcase>
</testsuite>
</testsuites>