<testsuites id="" name="" tests="2" failures="2" skipped="0" errors="0" time="32.394452">
<testsuite name="admin/comprehensive-admin.spec.ts" timestamp="2025-09-18T00:20:52.739Z" hostname="chromium-admin" tests="1" failures="1" skipped="0" time="24.617" errors="0">
<testcase name="Admin Dashboard - Comprehensive Test Suite › Authentication &amp; Access Control" classname="admin/comprehensive-admin.spec.ts" time="24.617">
<failure message="comprehensive-admin.spec.ts:41:7 Authentication &amp; Access Control" type="FAILURE">
<![CDATA[  [chromium-admin] › admin/comprehensive-admin.spec.ts:41:7 › Admin Dashboard - Comprehensive Test Suite › Authentication & Access Control 

    TimeoutError: locator.click: Timeout 10000ms exceeded.
    Call log:
      - waiting for getByRole('button', { name: 'Logout' })


      49 |     
      50 |     // Test logout functionality
    > 51 |     await page.getByRole('button', { name: 'Logout' }).click();
         |                                                        ^
      52 |     await page.waitForURL('/login');
      53 |     await expect(page.getByRole('heading', { name: 'Login' })).toBeVisible();
      54 |   });
        at /Users/lukatenbosch/Downloads/heiwahouse/wavecampdashboard/tests/admin/comprehensive-admin.spec.ts:51:56

    attachment #1: screenshot (image/png) ──────────────────────────────────────────────────────────
    results/admin-comprehensive-admin--a8881-thentication-Access-Control-chromium-admin/test-failed-1.png
    ────────────────────────────────────────────────────────────────────────────────────────────────

    attachment #2: video (video/webm) ──────────────────────────────────────────────────────────────
    results/admin-comprehensive-admin--a8881-thentication-Access-Control-chromium-admin/video.webm
    ────────────────────────────────────────────────────────────────────────────────────────────────

    Error Context: results/admin-comprehensive-admin--a8881-thentication-Access-Control-chromium-admin/error-context.md

    Retry #1 ───────────────────────────────────────────────────────────────────────────────────────

    TimeoutError: locator.click: Timeout 10000ms exceeded.
    Call log:
      - waiting for getByRole('button', { name: 'Logout' })


      49 |     
      50 |     // Test logout functionality
    > 51 |     await page.getByRole('button', { name: 'Logout' }).click();
         |                                                        ^
      52 |     await page.waitForURL('/login');
      53 |     await expect(page.getByRole('heading', { name: 'Login' })).toBeVisible();
      54 |   });
        at /Users/lukatenbosch/Downloads/heiwahouse/wavecampdashboard/tests/admin/comprehensive-admin.spec.ts:51:56

    attachment #1: screenshot (image/png) ──────────────────────────────────────────────────────────
    results/admin-comprehensive-admin--a8881-thentication-Access-Control-chromium-admin-retry1/test-failed-1.png
    ────────────────────────────────────────────────────────────────────────────────────────────────

    attachment #2: video (video/webm) ──────────────────────────────────────────────────────────────
    results/admin-comprehensive-admin--a8881-thentication-Access-Control-chromium-admin-retry1/video.webm
    ────────────────────────────────────────────────────────────────────────────────────────────────

    Error Context: results/admin-comprehensive-admin--a8881-thentication-Access-Control-chromium-admin-retry1/error-context.md

    attachment #4: trace (application/zip) ─────────────────────────────────────────────────────────
    results/admin-comprehensive-admin--a8881-thentication-Access-Control-chromium-admin-retry1/trace.zip
    Usage:

        npx playwright show-trace results/admin-comprehensive-admin--a8881-thentication-Access-Control-chromium-admin-retry1/trace.zip

    ────────────────────────────────────────────────────────────────────────────────────────────────
]]>
</failure>
<system-out>
<![CDATA[
[[ATTACHMENT|../tests/results/admin-comprehensive-admin--a8881-thentication-Access-Control-chromium-admin/test-failed-1.png]]

[[ATTACHMENT|../tests/results/admin-comprehensive-admin--a8881-thentication-Access-Control-chromium-admin/video.webm]]

[[ATTACHMENT|../tests/results/admin-comprehensive-admin--a8881-thentication-Access-Control-chromium-admin/error-context.md]]

[[ATTACHMENT|../tests/results/admin-comprehensive-admin--a8881-thentication-Access-Control-chromium-admin-retry1/test-failed-1.png]]

[[ATTACHMENT|../tests/results/admin-comprehensive-admin--a8881-thentication-Access-Control-chromium-admin-retry1/video.webm]]

[[ATTACHMENT|../tests/results/admin-comprehensive-admin--a8881-thentication-Access-Control-chromium-admin-retry1/error-context.md]]

[[ATTACHMENT|../tests/results/admin-comprehensive-admin--a8881-thentication-Access-Control-chromium-admin-retry1/trace.zip]]
]]>
</system-out>
</testcase>
</testsuite>
<testsuite name="admin/comprehensive-admin.spec.ts" timestamp="2025-09-18T00:20:52.739Z" hostname="firefox-admin" tests="1" failures="1" skipped="0" time="25.881" errors="0">
<testcase name="Admin Dashboard - Comprehensive Test Suite › Authentication &amp; Access Control" classname="admin/comprehensive-admin.spec.ts" time="25.881">
<failure message="comprehensive-admin.spec.ts:41:7 Authentication &amp; Access Control" type="FAILURE">
<![CDATA[  [firefox-admin] › admin/comprehensive-admin.spec.ts:41:7 › Admin Dashboard - Comprehensive Test Suite › Authentication & Access Control 

    TimeoutError: locator.click: Timeout 10000ms exceeded.
    Call log:
      - waiting for getByRole('button', { name: 'Logout' })


      49 |     
      50 |     // Test logout functionality
    > 51 |     await page.getByRole('button', { name: 'Logout' }).click();
         |                                                        ^
      52 |     await page.waitForURL('/login');
      53 |     await expect(page.getByRole('heading', { name: 'Login' })).toBeVisible();
      54 |   });
        at /Users/lukatenbosch/Downloads/heiwahouse/wavecampdashboard/tests/admin/comprehensive-admin.spec.ts:51:56

    attachment #1: screenshot (image/png) ──────────────────────────────────────────────────────────
    results/admin-comprehensive-admin--a8881-thentication-Access-Control-firefox-admin/test-failed-1.png
    ────────────────────────────────────────────────────────────────────────────────────────────────

    attachment #2: video (video/webm) ──────────────────────────────────────────────────────────────
    results/admin-comprehensive-admin--a8881-thentication-Access-Control-firefox-admin/video.webm
    ────────────────────────────────────────────────────────────────────────────────────────────────

    Error Context: results/admin-comprehensive-admin--a8881-thentication-Access-Control-firefox-admin/error-context.md

    Retry #1 ───────────────────────────────────────────────────────────────────────────────────────

    TimeoutError: locator.click: Timeout 10000ms exceeded.
    Call log:
      - waiting for getByRole('button', { name: 'Logout' })


      49 |     
      50 |     // Test logout functionality
    > 51 |     await page.getByRole('button', { name: 'Logout' }).click();
         |                                                        ^
      52 |     await page.waitForURL('/login');
      53 |     await expect(page.getByRole('heading', { name: 'Login' })).toBeVisible();
      54 |   });
        at /Users/lukatenbosch/Downloads/heiwahouse/wavecampdashboard/tests/admin/comprehensive-admin.spec.ts:51:56

    attachment #1: screenshot (image/png) ──────────────────────────────────────────────────────────
    results/admin-comprehensive-admin--a8881-thentication-Access-Control-firefox-admin-retry1/test-failed-1.png
    ────────────────────────────────────────────────────────────────────────────────────────────────

    attachment #2: video (video/webm) ──────────────────────────────────────────────────────────────
    results/admin-comprehensive-admin--a8881-thentication-Access-Control-firefox-admin-retry1/video.webm
    ────────────────────────────────────────────────────────────────────────────────────────────────

    Error Context: results/admin-comprehensive-admin--a8881-thentication-Access-Control-firefox-admin-retry1/error-context.md

    attachment #4: trace (application/zip) ─────────────────────────────────────────────────────────
    results/admin-comprehensive-admin--a8881-thentication-Access-Control-firefox-admin-retry1/trace.zip
    Usage:

        npx playwright show-trace results/admin-comprehensive-admin--a8881-thentication-Access-Control-firefox-admin-retry1/trace.zip

    ────────────────────────────────────────────────────────────────────────────────────────────────
]]>
</failure>
<system-out>
<![CDATA[
[[ATTACHMENT|../tests/results/admin-comprehensive-admin--a8881-thentication-Access-Control-firefox-admin/test-failed-1.png]]

[[ATTACHMENT|../tests/results/admin-comprehensive-admin--a8881-thentication-Access-Control-firefox-admin/video.webm]]

[[ATTACHMENT|../tests/results/admin-comprehensive-admin--a8881-thentication-Access-Control-firefox-admin/error-context.md]]

[[ATTACHMENT|../tests/results/admin-comprehensive-admin--a8881-thentication-Access-Control-firefox-admin-retry1/test-failed-1.png]]

[[ATTACHMENT|../tests/results/admin-comprehensive-admin--a8881-thentication-Access-Control-firefox-admin-retry1/video.webm]]

[[ATTACHMENT|../tests/results/admin-comprehensive-admin--a8881-thentication-Access-Control-firefox-admin-retry1/error-context.md]]

[[ATTACHMENT|../tests/results/admin-comprehensive-admin--a8881-thentication-Access-Control-firefox-admin-retry1/trace.zip]]
]]>
</system-out>
</testcase>
</testsuite>
</testsuites>